[ 2016-12-23T10:21:22+08:00 ] 127.0.0.1 /yitong/member.php?m=member&c=exam&a=index
INFO: [ app_init ] --START--
INFO: Run Behavior\BuildLiteBehavior [ RunTime:0.000036s ]
INFO: [ app_init ] --END-- [ RunTime:0.000748s ]
INFO: [ app_begin ] --START--
INFO: Run Behavior\ReadHtmlCacheBehavior [ RunTime:0.001007s ]
INFO: [ app_begin ] --END-- [ RunTime:0.001160s ]
SQL: SHOW COLUMNS FROM `tbl_setting` [ RunTime:0.0238s ]
SQL: SELECT * FROM `tbl_setting` WHERE ( setting_key = "site_status" )  [ RunTime:0.0034s ]
SQL: SHOW COLUMNS FROM `tbl_member` [ RunTime:0.0197s ]
SQL: SELECT * FROM `tbl_member` WHERE ( id = 547 )  [ RunTime:0.0400s ]
SQL: SELECT * FROM `tbl_setting` WHERE ( setting_key = 'all_class_time' )  [ RunTime:0.0158s ]
NOTIC: [8] Undefined index: 0 E:\wamp\www\yitong\Application\Member\Controller\BaseController.class.php 第 93 行.
INFO: [ view_parse ] --START--
INFO: [ template_filter ] --START--
INFO: Run Behavior\ContentReplaceBehavior [ RunTime:0.000107s ]
INFO: [ template_filter ] --END-- [ RunTime:0.000277s ]
INFO: Run Behavior\ParseTemplateBehavior [ RunTime:0.028311s ]
INFO: [ view_parse ] --END-- [ RunTime:0.028481s ]
INFO: [ view_filter ] --START--
INFO: Run Behavior\WriteHtmlCacheBehavior [ RunTime:0.001097s ]
INFO: [ view_filter ] --END-- [ RunTime:0.001245s ]

