[ 2016-12-16T13:12:17+08:00 ] 127.0.0.1 /yitong/member.php?m=Member&c=Specialized&a=log
INFO: [ app_begin ] --START--
INFO: Run Behavior\ReadHtmlCacheBehavior [ RunTime:0.000803s ]
INFO: [ app_begin ] --END-- [ RunTime:0.001708s ]
INFO: [ app_end ] --START--
INFO: Run Behavior\ShowPageTraceBehavior [ RunTime:0.001234s ]
INFO: [ app_end ] --END-- [ RunTime:0.001482s ]

[ 2016-12-16T13:12:18+08:00 ] 127.0.0.1 /yitong/member.php?m=Member&c=Specialized&a=log
INFO: [ app_begin ] --START--
INFO: Run Behavior\ReadHtmlCacheBehavior [ RunTime:0.001026s ]
INFO: [ app_begin ] --END-- [ RunTime:0.001909s ]
INFO: [ app_end ] --START--
INFO: Run Behavior\ShowPageTraceBehavior [ RunTime:0.001146s ]
INFO: [ app_end ] --END-- [ RunTime:0.001336s ]

[ 2016-12-16T13:12:18+08:00 ] 127.0.0.1 /yitong/member.php?m=Member&c=Specialized&a=log
INFO: [ app_begin ] --START--
INFO: Run Behavior\ReadHtmlCacheBehavior [ RunTime:0.000780s ]
INFO: [ app_begin ] --END-- [ RunTime:0.001549s ]
INFO: [ app_end ] --START--
INFO: Run Behavior\ShowPageTraceBehavior [ RunTime:0.000874s ]
INFO: [ app_end ] --END-- [ RunTime:0.001033s ]

[ 2016-12-16T13:12:18+08:00 ] 127.0.0.1 /yitong/member.php?m=Member&c=Specialized&a=log
INFO: [ app_begin ] --START--
INFO: Run Behavior\ReadHtmlCacheBehavior [ RunTime:0.000745s ]
INFO: [ app_begin ] --END-- [ RunTime:0.001800s ]
INFO: [ app_end ] --START--
INFO: Run Behavior\ShowPageTraceBehavior [ RunTime:0.000958s ]
INFO: [ app_end ] --END-- [ RunTime:0.001124s ]

[ 2016-12-16T13:12:19+08:00 ] 127.0.0.1 /yitong/member.php?m=Member&c=Specialized&a=log
INFO: [ app_begin ] --START--
INFO: Run Behavior\ReadHtmlCacheBehavior [ RunTime:0.001276s ]
INFO: [ app_begin ] --END-- [ RunTime:0.002477s ]
INFO: [ app_end ] --START--
INFO: Run Behavior\ShowPageTraceBehavior [ RunTime:0.001370s ]
INFO: [ app_end ] --END-- [ RunTime:0.001634s ]

[ 2016-12-16T13:12:19+08:00 ] 127.0.0.1 /yitong/member.php?m=Member&c=Specialized&a=log
INFO: [ app_begin ] --START--
INFO: Run Behavior\ReadHtmlCacheBehavior [ RunTime:0.000805s ]
INFO: [ app_begin ] --END-- [ RunTime:0.001680s ]
INFO: [ app_end ] --START--
INFO: Run Behavior\ShowPageTraceBehavior [ RunTime:0.002224s ]
INFO: [ app_end ] --END-- [ RunTime:0.002558s ]

[ 2016-12-16T13:12:22+08:00 ] 127.0.0.1 /yitong/member.php?m=Member&c=Specialized&a=log
INFO: [ app_begin ] --START--
INFO: Run Behavior\ReadHtmlCacheBehavior [ RunTime:0.001451s ]
INFO: [ app_begin ] --END-- [ RunTime:0.002768s ]
INFO: [ app_end ] --START--
INFO: Run Behavior\ShowPageTraceBehavior [ RunTime:0.001325s ]
INFO: [ app_end ] --END-- [ RunTime:0.001579s ]

[ 2016-12-16T13:12:23+08:00 ] 127.0.0.1 /yitong/member.php?m=Member&c=Specialized&a=log
INFO: [ app_begin ] --START--
INFO: Run Behavior\ReadHtmlCacheBehavior [ RunTime:0.001135s ]
INFO: [ app_begin ] --END-- [ RunTime:0.002363s ]
INFO: [ app_end ] --START--
INFO: Run Behavior\ShowPageTraceBehavior [ RunTime:0.001639s ]
INFO: [ app_end ] --END-- [ RunTime:0.001899s ]

[ 2016-12-16T13:12:23+08:00 ] 127.0.0.1 /yitong/member.php?m=Member&c=Specialized&a=log
INFO: [ app_begin ] --START--
INFO: Run Behavior\ReadHtmlCacheBehavior [ RunTime:0.000833s ]
INFO: [ app_begin ] --END-- [ RunTime:0.001631s ]
INFO: [ app_end ] --START--
INFO: Run Behavior\ShowPageTraceBehavior [ RunTime:0.001027s ]
INFO: [ app_end ] --END-- [ RunTime:0.001198s ]

[ 2016-12-16T13:12:23+08:00 ] 127.0.0.1 /yitong/member.php?m=Member&c=Specialized&a=log
INFO: [ app_begin ] --START--
INFO: Run Behavior\ReadHtmlCacheBehavior [ RunTime:0.000734s ]
INFO: [ app_begin ] --END-- [ RunTime:0.001515s ]
INFO: [ app_end ] --START--
INFO: Run Behavior\ShowPageTraceBehavior [ RunTime:0.001353s ]
INFO: [ app_end ] --END-- [ RunTime:0.001680s ]

[ 2016-12-16T13:12:24+08:00 ] 127.0.0.1 /yitong/member.php?m=Member&c=Specialized&a=log
INFO: [ app_begin ] --START--
INFO: Run Behavior\ReadHtmlCacheBehavior [ RunTime:0.000888s ]
INFO: [ app_begin ] --END-- [ RunTime:0.002127s ]
INFO: [ app_end ] --START--
INFO: Run Behavior\ShowPageTraceBehavior [ RunTime:0.000869s ]
INFO: [ app_end ] --END-- [ RunTime:0.001022s ]

[ 2016-12-16T13:12:24+08:00 ] 127.0.0.1 /yitong/member.php?m=Member&c=Specialized&a=log
INFO: [ app_begin ] --START--
INFO: Run Behavior\ReadHtmlCacheBehavior [ RunTime:0.000746s ]
INFO: [ app_begin ] --END-- [ RunTime:0.001560s ]
INFO: [ app_end ] --START--
INFO: Run Behavior\ShowPageTraceBehavior [ RunTime:0.001604s ]
INFO: [ app_end ] --END-- [ RunTime:0.001858s ]

[ 2016-12-16T13:12:27+08:00 ] 127.0.0.1 /yitong/member.php?m=Member&c=Specialized&a=log
INFO: [ app_begin ] --START--
INFO: Run Behavior\ReadHtmlCacheBehavior [ RunTime:0.001656s ]
INFO: [ app_begin ] --END-- [ RunTime:0.003084s ]
INFO: [ app_end ] --START--
INFO: Run Behavior\ShowPageTraceBehavior [ RunTime:0.001324s ]
INFO: [ app_end ] --END-- [ RunTime:0.001579s ]

[ 2016-12-16T13:12:28+08:00 ] 127.0.0.1 /yitong/member.php?m=Member&c=Specialized&a=log
INFO: [ app_begin ] --START--
INFO: Run Behavior\ReadHtmlCacheBehavior [ RunTime:0.000840s ]
INFO: [ app_begin ] --END-- [ RunTime:0.001590s ]
INFO: [ app_end ] --START--
INFO: Run Behavior\ShowPageTraceBehavior [ RunTime:0.001157s ]
INFO: [ app_end ] --END-- [ RunTime:0.001332s ]

[ 2016-12-16T13:12:28+08:00 ] 127.0.0.1 /yitong/member.php?m=Member&c=Specialized&a=log
INFO: [ app_begin ] --START--
INFO: Run Behavior\ReadHtmlCacheBehavior [ RunTime:0.001133s ]
INFO: [ app_begin ] --END-- [ RunTime:0.002212s ]
INFO: [ app_end ] --START--
INFO: Run Behavior\ShowPageTraceBehavior [ RunTime:0.001372s ]
INFO: [ app_end ] --END-- [ RunTime:0.001619s ]

[ 2016-12-16T13:12:28+08:00 ] 127.0.0.1 /yitong/member.php?m=Member&c=Specialized&a=log
INFO: [ app_begin ] --START--
INFO: Run Behavior\ReadHtmlCacheBehavior [ RunTime:0.001181s ]
INFO: [ app_begin ] --END-- [ RunTime:0.002425s ]
INFO: [ app_end ] --START--
INFO: Run Behavior\ShowPageTraceBehavior [ RunTime:0.001509s ]
INFO: [ app_end ] --END-- [ RunTime:0.001787s ]

[ 2016-12-16T13:12:29+08:00 ] 127.0.0.1 /yitong/member.php?m=Member&c=Specialized&a=log
INFO: [ app_begin ] --START--
INFO: Run Behavior\ReadHtmlCacheBehavior [ RunTime:0.001279s ]
INFO: [ app_begin ] --END-- [ RunTime:0.002426s ]
INFO: [ app_end ] --START--
INFO: Run Behavior\ShowPageTraceBehavior [ RunTime:0.001230s ]
INFO: [ app_end ] --END-- [ RunTime:0.001493s ]

[ 2016-12-16T13:12:29+08:00 ] 127.0.0.1 /yitong/member.php?m=Member&c=Specialized&a=log
INFO: [ app_begin ] --START--
INFO: Run Behavior\ReadHtmlCacheBehavior [ RunTime:0.001715s ]
INFO: [ app_begin ] --END-- [ RunTime:0.002917s ]
INFO: [ app_end ] --START--
INFO: Run Behavior\ShowPageTraceBehavior [ RunTime:0.001635s ]
INFO: [ app_end ] --END-- [ RunTime:0.001996s ]

[ 2016-12-16T13:13:37+08:00 ] 127.0.0.1 /yitong/member.php?m=Member&c=Specialized&a=log
INFO: [ app_begin ] --START--
INFO: Run Behavior\ReadHtmlCacheBehavior [ RunTime:0.001279s ]
INFO: [ app_begin ] --END-- [ RunTime:0.002269s ]
INFO: [ app_end ] --START--
INFO: Run Behavior\ShowPageTraceBehavior [ RunTime:0.001228s ]
INFO: [ app_end ] --END-- [ RunTime:0.001432s ]

[ 2016-12-16T13:13:42+08:00 ] 127.0.0.1 /yitong/member.php?m=Member&c=Specialized&a=log
INFO: [ app_begin ] --START--
INFO: Run Behavior\ReadHtmlCacheBehavior [ RunTime:0.000784s ]
INFO: [ app_begin ] --END-- [ RunTime:0.001535s ]
INFO: [ app_end ] --START--
INFO: Run Behavior\ShowPageTraceBehavior [ RunTime:0.000771s ]
INFO: [ app_end ] --END-- [ RunTime:0.000917s ]

[ 2016-12-16T13:13:47+08:00 ] 127.0.0.1 /yitong/member.php?m=Member&c=Specialized&a=log
INFO: [ app_begin ] --START--
INFO: Run Behavior\ReadHtmlCacheBehavior [ RunTime:0.001115s ]
INFO: [ app_begin ] --END-- [ RunTime:0.002165s ]
INFO: [ app_end ] --START--
INFO: Run Behavior\ShowPageTraceBehavior [ RunTime:0.001742s ]
INFO: [ app_end ] --END-- [ RunTime:0.001996s ]

[ 2016-12-16T13:16:07+08:00 ] 127.0.0.1 /yitong/member.php?m=Member&c=Specialized&a=log
INFO: [ app_begin ] --START--
INFO: Run Behavior\ReadHtmlCacheBehavior [ RunTime:0.001424s ]
INFO: [ app_begin ] --END-- [ RunTime:0.003382s ]
INFO: [ app_end ] --START--
INFO: Run Behavior\ShowPageTraceBehavior [ RunTime:0.001729s ]
INFO: [ app_end ] --END-- [ RunTime:0.002101s ]

[ 2016-12-16T13:16:12+08:00 ] 127.0.0.1 /yitong/member.php?m=Member&c=Specialized&a=log
INFO: [ app_begin ] --START--
INFO: Run Behavior\ReadHtmlCacheBehavior [ RunTime:0.001202s ]
INFO: [ app_begin ] --END-- [ RunTime:0.002429s ]
INFO: [ app_end ] --START--
INFO: Run Behavior\ShowPageTraceBehavior [ RunTime:0.001898s ]
INFO: [ app_end ] --END-- [ RunTime:0.002210s ]

[ 2016-12-16T13:16:53+08:00 ] 127.0.0.1 /yitong/member.php?m=Member&c=Specialized&a=log
INFO: [ app_begin ] --START--
INFO: Run Behavior\ReadHtmlCacheBehavior [ RunTime:0.000955s ]
INFO: [ app_begin ] --END-- [ RunTime:0.001844s ]
INFO: [ app_end ] --START--
INFO: Run Behavior\ShowPageTraceBehavior [ RunTime:0.000858s ]
INFO: [ app_end ] --END-- [ RunTime:0.001014s ]

[ 2016-12-16T13:16:58+08:00 ] 127.0.0.1 /yitong/member.php?m=Member&c=Specialized&a=log
INFO: [ app_begin ] --START--
INFO: Run Behavior\ReadHtmlCacheBehavior [ RunTime:0.000738s ]
INFO: [ app_begin ] --END-- [ RunTime:0.001532s ]
INFO: [ app_end ] --START--
INFO: Run Behavior\ShowPageTraceBehavior [ RunTime:0.000869s ]
INFO: [ app_end ] --END-- [ RunTime:0.001027s ]

[ 2016-12-16T13:19:07+08:00 ] 127.0.0.1 /yitong/member.php?m=Member&c=Specialized&a=log
INFO: [ app_begin ] --START--
INFO: Run Behavior\ReadHtmlCacheBehavior [ RunTime:0.001061s ]
INFO: [ app_begin ] --END-- [ RunTime:0.002175s ]
SQL: SHOW COLUMNS FROM `tbl_member_log` [ RunTime:0.0180s ]
NOTIC: [4096] Object of class Think\Model could not be converted to string E:\wamp\www\yitong\Application\Member\Controller\SpecializedController.class.php 第 92 行.
INFO: [ app_end ] --START--
INFO: Run Behavior\ShowPageTraceBehavior [ RunTime:0.001664s ]
INFO: [ app_end ] --END-- [ RunTime:0.001866s ]

[ 2016-12-16T13:27:36+08:00 ] 127.0.0.1 /yitong/member.php?m=Member&c=Specialized&a=log
INFO: [ app_begin ] --START--
INFO: Run Behavior\ReadHtmlCacheBehavior [ RunTime:0.001988s ]
INFO: [ app_begin ] --END-- [ RunTime:0.003126s ]
SQL: SHOW COLUMNS FROM `tbl_member_log` [ RunTime:0.0030s ]
SQL: UPDATE `tbl_member_log` SET `progress`='4' WHERE ( member_id=1 and video_id=7 ) [ RunTime:0.0026s ]
INFO: [ app_end ] --START--
INFO: Run Behavior\ShowPageTraceBehavior [ RunTime:0.001116s ]
INFO: [ app_end ] --END-- [ RunTime:0.001307s ]

[ 2016-12-16T13:28:17+08:00 ] 127.0.0.1 /yitong/member.php?m=Member&c=Specialized&a=log
INFO: [ app_begin ] --START--
INFO: Run Behavior\ReadHtmlCacheBehavior [ RunTime:0.000797s ]
INFO: [ app_begin ] --END-- [ RunTime:0.001764s ]
SQL: SHOW COLUMNS FROM `tbl_member_log` [ RunTime:0.0027s ]
SQL: UPDATE `tbl_member_log` SET `progress`='4' WHERE ( member_id=1 and video_id=7 ) [ RunTime:0.0030s ]
INFO: [ app_end ] --START--
INFO: Run Behavior\ShowPageTraceBehavior [ RunTime:0.001057s ]
INFO: [ app_end ] --END-- [ RunTime:0.001296s ]

[ 2016-12-16T13:28:22+08:00 ] 127.0.0.1 /yitong/member.php?m=Member&c=Specialized&a=log
INFO: [ app_begin ] --START--
INFO: Run Behavior\ReadHtmlCacheBehavior [ RunTime:0.000977s ]
INFO: [ app_begin ] --END-- [ RunTime:0.001842s ]
SQL: SHOW COLUMNS FROM `tbl_member_log` [ RunTime:0.0068s ]
SQL: UPDATE `tbl_member_log` SET `progress`='9' WHERE ( member_id=1 and video_id=7 ) [ RunTime:0.0022s ]
INFO: [ app_end ] --START--
INFO: Run Behavior\ShowPageTraceBehavior [ RunTime:0.001563s ]
INFO: [ app_end ] --END-- [ RunTime:0.001803s ]

[ 2016-12-16T13:28:27+08:00 ] 127.0.0.1 /yitong/member.php?m=Member&c=Specialized&a=log
INFO: [ app_begin ] --START--
INFO: Run Behavior\ReadHtmlCacheBehavior [ RunTime:0.000891s ]
INFO: [ app_begin ] --END-- [ RunTime:0.002614s ]
SQL: SHOW COLUMNS FROM `tbl_member_log` [ RunTime:0.0067s ]
SQL: UPDATE `tbl_member_log` SET `progress`='14' WHERE ( member_id=1 and video_id=7 ) [ RunTime:0.0095s ]
INFO: [ app_end ] --START--
INFO: Run Behavior\ShowPageTraceBehavior [ RunTime:0.001527s ]
INFO: [ app_end ] --END-- [ RunTime:0.001772s ]

[ 2016-12-16T13:29:01+08:00 ] 127.0.0.1 /yitong/member.php?m=Member&c=Specialized&a=log
INFO: [ app_begin ] --START--
INFO: Run Behavior\ReadHtmlCacheBehavior [ RunTime:0.001264s ]
INFO: [ app_begin ] --END-- [ RunTime:0.002637s ]
SQL: SHOW COLUMNS FROM `tbl_member_log` [ RunTime:0.0070s ]

[ 2016-12-16T13:29:06+08:00 ] 127.0.0.1 /yitong/member.php?m=Member&c=Specialized&a=log
INFO: [ app_begin ] --START--
INFO: Run Behavior\ReadHtmlCacheBehavior [ RunTime:0.001191s ]
INFO: [ app_begin ] --END-- [ RunTime:0.002668s ]
SQL: SHOW COLUMNS FROM `tbl_member_log` [ RunTime:0.0402s ]

[ 2016-12-16T13:29:11+08:00 ] 127.0.0.1 /yitong/member.php?m=Member&c=Specialized&a=log
INFO: [ app_begin ] --START--
INFO: Run Behavior\ReadHtmlCacheBehavior [ RunTime:0.000840s ]
INFO: [ app_begin ] --END-- [ RunTime:0.001742s ]
SQL: SHOW COLUMNS FROM `tbl_member_log` [ RunTime:0.0080s ]

[ 2016-12-16T13:29:16+08:00 ] 127.0.0.1 /yitong/member.php?m=Member&c=Specialized&a=log
INFO: [ app_begin ] --START--
INFO: Run Behavior\ReadHtmlCacheBehavior [ RunTime:0.001351s ]
INFO: [ app_begin ] --END-- [ RunTime:0.002612s ]
SQL: SHOW COLUMNS FROM `tbl_member_log` [ RunTime:0.0081s ]

[ 2016-12-16T13:29:43+08:00 ] 127.0.0.1 /yitong/member.php?m=Member&c=Specialized&a=log
INFO: [ app_begin ] --START--
INFO: Run Behavior\ReadHtmlCacheBehavior [ RunTime:0.000766s ]
INFO: [ app_begin ] --END-- [ RunTime:0.001614s ]
SQL: SHOW COLUMNS FROM `tbl_member_log` [ RunTime:0.0121s ]
SQL: SELECT * FROM `tbl_member_log` WHERE ( member_id=1 and video_id=7 ) LIMIT 1   [ RunTime:0.0304s ]
ERR: 1292:Incorrect datetime value: '1481866183' for column 'add_time' at row 1
 [ SQL语句 ] : INSERT INTO `tbl_member_log` (`member_id`,`video_id`,`progress`,`add_time`) VALUES ('1','7','4','1481866183')
ERR: 1292:Incorrect datetime value: '1481866183' for column 'add_time' at row 1
 [ SQL语句 ] : INSERT INTO `tbl_member_log` (`member_id`,`video_id`,`progress`,`add_time`) VALUES ('1','7','4','1481866183')

[ 2016-12-16T13:30:44+08:00 ] 127.0.0.1 /yitong/member.php?m=Member&c=Specialized&a=log
INFO: [ app_begin ] --START--
INFO: Run Behavior\ReadHtmlCacheBehavior [ RunTime:0.001230s ]
INFO: [ app_begin ] --END-- [ RunTime:0.002444s ]
SQL: SHOW COLUMNS FROM `tbl_member_log` [ RunTime:0.0072s ]
SQL: SELECT * FROM `tbl_member_log` WHERE ( member_id=1 and video_id=7 )  [ RunTime:0.0029s ]

[ 2016-12-16T13:31:12+08:00 ] 127.0.0.1 /yitong/member.php?m=Member&c=Specialized&a=log
INFO: [ app_begin ] --START--
INFO: Run Behavior\ReadHtmlCacheBehavior [ RunTime:0.000745s ]
INFO: [ app_begin ] --END-- [ RunTime:0.001582s ]
SQL: SHOW COLUMNS FROM `tbl_member_log` [ RunTime:0.0243s ]
SQL: SELECT * FROM `tbl_member_log` WHERE ( member_id=1 and video_id=7 ) LIMIT 1   [ RunTime:0.0116s ]

[ 2016-12-16T13:31:35+08:00 ] 127.0.0.1 /yitong/member.php?m=Member&c=Specialized&a=log
INFO: [ app_begin ] --START--
INFO: Run Behavior\ReadHtmlCacheBehavior [ RunTime:0.000788s ]
INFO: [ app_begin ] --END-- [ RunTime:0.001707s ]
SQL: SHOW COLUMNS FROM `tbl_member_log` [ RunTime:0.0041s ]
SQL: SELECT * FROM `tbl_member_log` WHERE ( member_id=1 and video_id=7 ) LIMIT 1   [ RunTime:0.0068s ]
ERR: 1292:Incorrect datetime value: '1481866295' for column 'add_time' at row 1
 [ SQL语句 ] : INSERT INTO `tbl_member_log` (`member_id`,`video_id`,`progress`,`add_time`) VALUES ('1','7','4','1481866295')
ERR: 1292:Incorrect datetime value: '1481866295' for column 'add_time' at row 1
 [ SQL语句 ] : INSERT INTO `tbl_member_log` (`member_id`,`video_id`,`progress`,`add_time`) VALUES ('1','7','4','1481866295')

[ 2016-12-16T13:32:09+08:00 ] 127.0.0.1 /yitong/member.php?m=Member&c=Specialized&a=log
INFO: [ app_begin ] --START--
INFO: Run Behavior\ReadHtmlCacheBehavior [ RunTime:0.000772s ]
INFO: [ app_begin ] --END-- [ RunTime:0.001635s ]
SQL: SHOW COLUMNS FROM `tbl_member_log` [ RunTime:0.0032s ]
SQL: SELECT * FROM `tbl_member_log` WHERE ( member_id=1 and video_id=7 ) LIMIT 1   [ RunTime:0.0029s ]
INFO: [ app_end ] --START--
INFO: Run Behavior\ShowPageTraceBehavior [ RunTime:0.001483s ]
INFO: [ app_end ] --END-- [ RunTime:0.001722s ]

[ 2016-12-16T13:32:14+08:00 ] 127.0.0.1 /yitong/member.php?m=Member&c=Specialized&a=log
INFO: [ app_begin ] --START--
INFO: Run Behavior\ReadHtmlCacheBehavior [ RunTime:0.000855s ]
INFO: [ app_begin ] --END-- [ RunTime:0.001655s ]
SQL: SHOW COLUMNS FROM `tbl_member_log` [ RunTime:0.0031s ]
SQL: SELECT * FROM `tbl_member_log` WHERE ( member_id=1 and video_id=7 ) LIMIT 1   [ RunTime:0.0023s ]
INFO: [ app_end ] --START--
INFO: Run Behavior\ShowPageTraceBehavior [ RunTime:0.001487s ]
INFO: [ app_end ] --END-- [ RunTime:0.001731s ]

[ 2016-12-16T13:32:19+08:00 ] 127.0.0.1 /yitong/member.php?m=Member&c=Specialized&a=log
INFO: [ app_begin ] --START--
INFO: Run Behavior\ReadHtmlCacheBehavior [ RunTime:0.001240s ]
INFO: [ app_begin ] --END-- [ RunTime:0.002516s ]
SQL: SHOW COLUMNS FROM `tbl_member_log` [ RunTime:0.0107s ]
SQL: SELECT * FROM `tbl_member_log` WHERE ( member_id=1 and video_id=7 ) LIMIT 1   [ RunTime:0.0040s ]
INFO: [ app_end ] --START--
INFO: Run Behavior\ShowPageTraceBehavior [ RunTime:0.001459s ]
INFO: [ app_end ] --END-- [ RunTime:0.001700s ]

[ 2016-12-16T13:33:43+08:00 ] 127.0.0.1 /yitong/member.php?m=Member&c=Specialized&a=log
INFO: [ app_begin ] --START--
INFO: Run Behavior\ReadHtmlCacheBehavior [ RunTime:0.001362s ]
INFO: [ app_begin ] --END-- [ RunTime:0.002852s ]
SQL: SHOW COLUMNS FROM `tbl_member_log` [ RunTime:0.0060s ]
SQL: SELECT * FROM `tbl_member_log` WHERE ( member_id=1 and video_id=7 ) LIMIT 1   [ RunTime:0.0073s ]
ERR: 1292:Incorrect datetime value: '1481866423' for column 'add_time' at row 1
 [ SQL语句 ] : INSERT INTO `tbl_member_log` (`member_id`,`video_id`,`progress`,`add_time`) VALUES ('1','7','4','1481866423')
ERR: 1292:Incorrect datetime value: '1481866423' for column 'add_time' at row 1
 [ SQL语句 ] : INSERT INTO `tbl_member_log` (`member_id`,`video_id`,`progress`,`add_time`) VALUES ('1','7','4','1481866423')

[ 2016-12-16T13:33:48+08:00 ] 127.0.0.1 /yitong/member.php?m=Member&c=Specialized&a=log
INFO: [ app_begin ] --START--
INFO: Run Behavior\ReadHtmlCacheBehavior [ RunTime:0.001378s ]
INFO: [ app_begin ] --END-- [ RunTime:0.002686s ]
SQL: SHOW COLUMNS FROM `tbl_member_log` [ RunTime:0.0078s ]
SQL: SELECT * FROM `tbl_member_log` WHERE ( member_id=1 and video_id=7 ) LIMIT 1   [ RunTime:0.0035s ]
ERR: 1292:Incorrect datetime value: '1481866428' for column 'add_time' at row 1
 [ SQL语句 ] : INSERT INTO `tbl_member_log` (`member_id`,`video_id`,`progress`,`add_time`) VALUES ('1','7','9','1481866428')
ERR: 1292:Incorrect datetime value: '1481866428' for column 'add_time' at row 1
 [ SQL语句 ] : INSERT INTO `tbl_member_log` (`member_id`,`video_id`,`progress`,`add_time`) VALUES ('1','7','9','1481866428')

[ 2016-12-16T13:33:53+08:00 ] 127.0.0.1 /yitong/member.php?m=Member&c=Specialized&a=log
INFO: [ app_begin ] --START--
INFO: Run Behavior\ReadHtmlCacheBehavior [ RunTime:0.001196s ]
INFO: [ app_begin ] --END-- [ RunTime:0.002489s ]
SQL: SHOW COLUMNS FROM `tbl_member_log` [ RunTime:0.0061s ]
SQL: SELECT * FROM `tbl_member_log` WHERE ( member_id=1 and video_id=7 ) LIMIT 1   [ RunTime:0.0037s ]
ERR: 1292:Incorrect datetime value: '1481866433' for column 'add_time' at row 1
 [ SQL语句 ] : INSERT INTO `tbl_member_log` (`member_id`,`video_id`,`progress`,`add_time`) VALUES ('1','7','14','1481866433')
ERR: 1292:Incorrect datetime value: '1481866433' for column 'add_time' at row 1
 [ SQL语句 ] : INSERT INTO `tbl_member_log` (`member_id`,`video_id`,`progress`,`add_time`) VALUES ('1','7','14','1481866433')

[ 2016-12-16T13:36:04+08:00 ] 127.0.0.1 /yitong/member.php?m=Member&c=Specialized&a=log
INFO: [ app_begin ] --START--
INFO: Run Behavior\ReadHtmlCacheBehavior [ RunTime:0.001086s ]
INFO: [ app_begin ] --END-- [ RunTime:0.001952s ]
SQL: SHOW COLUMNS FROM `tbl_member_log` [ RunTime:0.0096s ]
SQL: SELECT * FROM `tbl_member_log` WHERE ( member_id=1 and video_id=7 ) LIMIT 1   [ RunTime:0.0041s ]
SQL: INSERT INTO `tbl_member_log` (`member_id`,`video_id`,`progress`,`add_time`) VALUES ('1','7','4','1481866563') [ RunTime:0.0468s ]
INFO: [ app_end ] --START--
INFO: Run Behavior\ShowPageTraceBehavior [ RunTime:0.002810s ]
INFO: [ app_end ] --END-- [ RunTime:0.003062s ]

[ 2016-12-16T13:36:08+08:00 ] 127.0.0.1 /yitong/member.php?m=Member&c=Specialized&a=log
INFO: [ app_begin ] --START--
INFO: Run Behavior\ReadHtmlCacheBehavior [ RunTime:0.000799s ]
INFO: [ app_begin ] --END-- [ RunTime:0.001656s ]
SQL: SHOW COLUMNS FROM `tbl_member_log` [ RunTime:0.0198s ]
SQL: SELECT * FROM `tbl_member_log` WHERE ( member_id=1 and video_id=7 ) LIMIT 1   [ RunTime:0.0073s ]
INFO: [ app_end ] --START--
INFO: Run Behavior\ShowPageTraceBehavior [ RunTime:0.001539s ]
INFO: [ app_end ] --END-- [ RunTime:0.001845s ]

[ 2016-12-16T13:36:14+08:00 ] 127.0.0.1 /yitong/member.php?m=Member&c=Specialized&a=log
INFO: [ app_begin ] --START--
INFO: Run Behavior\ReadHtmlCacheBehavior [ RunTime:0.001575s ]
INFO: [ app_begin ] --END-- [ RunTime:0.002484s ]
SQL: SHOW COLUMNS FROM `tbl_member_log` [ RunTime:0.0428s ]
SQL: SELECT * FROM `tbl_member_log` WHERE ( member_id=1 and video_id=7 ) LIMIT 1   [ RunTime:0.0190s ]
INFO: [ app_end ] --START--
INFO: Run Behavior\ShowPageTraceBehavior [ RunTime:0.001259s ]
INFO: [ app_end ] --END-- [ RunTime:0.001399s ]

[ 2016-12-16T13:36:18+08:00 ] 127.0.0.1 /yitong/member.php?m=Member&c=Specialized&a=log
INFO: [ app_begin ] --START--
INFO: Run Behavior\ReadHtmlCacheBehavior [ RunTime:0.001082s ]
INFO: [ app_begin ] --END-- [ RunTime:0.002254s ]
SQL: SHOW COLUMNS FROM `tbl_member_log` [ RunTime:0.0092s ]
SQL: SELECT * FROM `tbl_member_log` WHERE ( member_id=1 and video_id=7 ) LIMIT 1   [ RunTime:0.0065s ]
INFO: [ app_end ] --START--
INFO: Run Behavior\ShowPageTraceBehavior [ RunTime:0.001561s ]
INFO: [ app_end ] --END-- [ RunTime:0.001797s ]

[ 2016-12-16T13:36:24+08:00 ] 127.0.0.1 /yitong/member.php?m=Member&c=Specialized&a=log
INFO: [ app_begin ] --START--
INFO: Run Behavior\ReadHtmlCacheBehavior [ RunTime:0.001287s ]
INFO: [ app_begin ] --END-- [ RunTime:0.002434s ]
SQL: SHOW COLUMNS FROM `tbl_member_log` [ RunTime:0.0111s ]
SQL: SELECT * FROM `tbl_member_log` WHERE ( member_id=1 and video_id=7 ) LIMIT 1   [ RunTime:0.0062s ]
INFO: [ app_end ] --START--
INFO: Run Behavior\ShowPageTraceBehavior [ RunTime:0.001265s ]
INFO: [ app_end ] --END-- [ RunTime:0.001564s ]

[ 2016-12-16T13:36:28+08:00 ] 127.0.0.1 /yitong/member.php?m=Member&c=Specialized&a=log
INFO: [ app_begin ] --START--
INFO: Run Behavior\ReadHtmlCacheBehavior [ RunTime:0.000867s ]
INFO: [ app_begin ] --END-- [ RunTime:0.001883s ]
SQL: SHOW COLUMNS FROM `tbl_member_log` [ RunTime:0.0143s ]
SQL: SELECT * FROM `tbl_member_log` WHERE ( member_id=1 and video_id=7 ) LIMIT 1   [ RunTime:0.0131s ]
INFO: [ app_end ] --START--
INFO: Run Behavior\ShowPageTraceBehavior [ RunTime:0.001433s ]
INFO: [ app_end ] --END-- [ RunTime:0.001707s ]

[ 2016-12-16T13:36:33+08:00 ] 127.0.0.1 /yitong/member.php?m=Member&c=Specialized&a=log
INFO: [ app_begin ] --START--
INFO: Run Behavior\ReadHtmlCacheBehavior [ RunTime:0.000867s ]
INFO: [ app_begin ] --END-- [ RunTime:0.002607s ]
SQL: SHOW COLUMNS FROM `tbl_member_log` [ RunTime:0.0069s ]
SQL: SELECT * FROM `tbl_member_log` WHERE ( member_id=1 and video_id=7 ) LIMIT 1   [ RunTime:0.0048s ]
INFO: [ app_end ] --START--
INFO: Run Behavior\ShowPageTraceBehavior [ RunTime:0.001210s ]
INFO: [ app_end ] --END-- [ RunTime:0.001386s ]

[ 2016-12-16T13:36:38+08:00 ] 127.0.0.1 /yitong/member.php?m=Member&c=Specialized&a=log
INFO: [ app_begin ] --START--
INFO: Run Behavior\ReadHtmlCacheBehavior [ RunTime:0.000737s ]
INFO: [ app_begin ] --END-- [ RunTime:0.001783s ]
SQL: SHOW COLUMNS FROM `tbl_member_log` [ RunTime:0.0086s ]
SQL: SELECT * FROM `tbl_member_log` WHERE ( member_id=1 and video_id=7 ) LIMIT 1   [ RunTime:0.0072s ]
INFO: [ app_end ] --START--
INFO: Run Behavior\ShowPageTraceBehavior [ RunTime:0.001383s ]
INFO: [ app_end ] --END-- [ RunTime:0.001611s ]

[ 2016-12-16T13:37:21+08:00 ] 127.0.0.1 /yitong/member.php?m=Member&c=Specialized&a=log
INFO: [ app_begin ] --START--
INFO: Run Behavior\ReadHtmlCacheBehavior [ RunTime:0.001139s ]
INFO: [ app_begin ] --END-- [ RunTime:0.002297s ]
SQL: SHOW COLUMNS FROM `tbl_member_log` [ RunTime:0.0053s ]
SQL: SELECT * FROM `tbl_member_log` WHERE ( member_id=1 and video_id=7 ) LIMIT 1   [ RunTime:0.0026s ]
SQL: INSERT INTO `tbl_member_log` (`member_id`,`video_id`,`progress`,`add_time`) VALUES ('1','7','4','1481866641') [ RunTime:0.0507s ]
INFO: [ app_end ] --START--
INFO: Run Behavior\ShowPageTraceBehavior [ RunTime:0.001231s ]
INFO: [ app_end ] --END-- [ RunTime:0.001406s ]

[ 2016-12-16T13:37:26+08:00 ] 127.0.0.1 /yitong/member.php?m=Member&c=Specialized&a=log
INFO: [ app_begin ] --START--
INFO: Run Behavior\ReadHtmlCacheBehavior [ RunTime:0.000849s ]
INFO: [ app_begin ] --END-- [ RunTime:0.001712s ]
SQL: SHOW COLUMNS FROM `tbl_member_log` [ RunTime:0.0034s ]
SQL: SELECT * FROM `tbl_member_log` WHERE ( member_id=1 and video_id=7 ) LIMIT 1   [ RunTime:0.0039s ]
INFO: [ app_end ] --START--
INFO: Run Behavior\ShowPageTraceBehavior [ RunTime:0.001108s ]
INFO: [ app_end ] --END-- [ RunTime:0.001253s ]

[ 2016-12-16T13:37:31+08:00 ] 127.0.0.1 /yitong/member.php?m=Member&c=Specialized&a=log
INFO: [ app_begin ] --START--
INFO: Run Behavior\ReadHtmlCacheBehavior [ RunTime:0.001340s ]
INFO: [ app_begin ] --END-- [ RunTime:0.002715s ]
SQL: SHOW COLUMNS FROM `tbl_member_log` [ RunTime:0.0079s ]
SQL: SELECT * FROM `tbl_member_log` WHERE ( member_id=1 and video_id=7 ) LIMIT 1   [ RunTime:0.0026s ]
INFO: [ app_end ] --START--
INFO: Run Behavior\ShowPageTraceBehavior [ RunTime:0.001152s ]
INFO: [ app_end ] --END-- [ RunTime:0.001310s ]

[ 2016-12-16T13:37:36+08:00 ] 127.0.0.1 /yitong/member.php?m=Member&c=Specialized&a=log
INFO: [ app_begin ] --START--
INFO: Run Behavior\ReadHtmlCacheBehavior [ RunTime:0.001114s ]
INFO: [ app_begin ] --END-- [ RunTime:0.002111s ]
SQL: SHOW COLUMNS FROM `tbl_member_log` [ RunTime:0.0107s ]
SQL: SELECT * FROM `tbl_member_log` WHERE ( member_id=1 and video_id=7 ) LIMIT 1   [ RunTime:0.0157s ]
INFO: [ app_end ] --START--
INFO: Run Behavior\ShowPageTraceBehavior [ RunTime:0.001526s ]
INFO: [ app_end ] --END-- [ RunTime:0.001769s ]

[ 2016-12-16T13:37:41+08:00 ] 127.0.0.1 /yitong/member.php?m=Member&c=Specialized&a=log
INFO: [ app_begin ] --START--
INFO: Run Behavior\ReadHtmlCacheBehavior [ RunTime:0.001115s ]
INFO: [ app_begin ] --END-- [ RunTime:0.002256s ]
SQL: SHOW COLUMNS FROM `tbl_member_log` [ RunTime:0.0032s ]
SQL: SELECT * FROM `tbl_member_log` WHERE ( member_id=1 and video_id=7 ) LIMIT 1   [ RunTime:0.0022s ]
INFO: [ app_end ] --START--
INFO: Run Behavior\ShowPageTraceBehavior [ RunTime:0.001497s ]
INFO: [ app_end ] --END-- [ RunTime:0.001729s ]

[ 2016-12-16T13:37:46+08:00 ] 127.0.0.1 /yitong/member.php?m=Member&c=Specialized&a=log
INFO: [ app_begin ] --START--
INFO: Run Behavior\ReadHtmlCacheBehavior [ RunTime:0.000871s ]
INFO: [ app_begin ] --END-- [ RunTime:0.002000s ]
SQL: SHOW COLUMNS FROM `tbl_member_log` [ RunTime:0.0058s ]
SQL: SELECT * FROM `tbl_member_log` WHERE ( member_id=1 and video_id=7 ) LIMIT 1   [ RunTime:0.0027s ]
INFO: [ app_end ] --START--
INFO: Run Behavior\ShowPageTraceBehavior [ RunTime:0.001602s ]
INFO: [ app_end ] --END-- [ RunTime:0.001890s ]

[ 2016-12-16T13:38:27+08:00 ] 127.0.0.1 /yitong/member.php?m=Member&c=Specialized&a=log
INFO: [ app_begin ] --START--
INFO: Run Behavior\ReadHtmlCacheBehavior [ RunTime:0.001131s ]
INFO: [ app_begin ] --END-- [ RunTime:0.002328s ]
SQL: SHOW COLUMNS FROM `tbl_member_log` [ RunTime:0.0035s ]
SQL: SELECT * FROM `tbl_member_log` WHERE ( member_id=1 and video_id=7 ) LIMIT 1   [ RunTime:0.0030s ]
SQL: INSERT INTO `tbl_member_log` (`member_id`,`video_id`,`progress`,`add_time`) VALUES ('1','7','4','1481866707') [ RunTime:0.0720s ]
INFO: [ app_end ] --START--
INFO: Run Behavior\ShowPageTraceBehavior [ RunTime:0.001598s ]
INFO: [ app_end ] --END-- [ RunTime:0.001850s ]

[ 2016-12-16T13:38:32+08:00 ] 127.0.0.1 /yitong/member.php?m=Member&c=Specialized&a=log
INFO: [ app_begin ] --START--
INFO: Run Behavior\ReadHtmlCacheBehavior [ RunTime:0.000759s ]
INFO: [ app_begin ] --END-- [ RunTime:0.001574s ]
SQL: SHOW COLUMNS FROM `tbl_member_log` [ RunTime:0.4719s ]
SQL: SELECT * FROM `tbl_member_log` WHERE ( member_id=1 and video_id=7 ) LIMIT 1   [ RunTime:0.0120s ]
INFO: [ app_end ] --START--
INFO: Run Behavior\ShowPageTraceBehavior [ RunTime:0.001492s ]
INFO: [ app_end ] --END-- [ RunTime:0.001777s ]

[ 2016-12-16T13:42:29+08:00 ] 127.0.0.1 /yitong/member.php?m=Member&c=Specialized&a=log
INFO: [ app_begin ] --START--
INFO: Run Behavior\ReadHtmlCacheBehavior [ RunTime:0.001194s ]
INFO: [ app_begin ] --END-- [ RunTime:0.002068s ]
SQL: SHOW COLUMNS FROM `tbl_member_log` [ RunTime:0.0064s ]
SQL: SELECT * FROM `tbl_member_log` WHERE ( member_id=1 and video_id=7 ) LIMIT 1   [ RunTime:0.0029s ]
SQL: INSERT INTO `tbl_member_log` (`member_id`,`video_id`,`progress`,`add_time`) VALUES ('1','7','4','1481866949') [ RunTime:0.0397s ]
INFO: [ app_end ] --START--
INFO: Run Behavior\ShowPageTraceBehavior [ RunTime:0.001534s ]
INFO: [ app_end ] --END-- [ RunTime:0.001786s ]

[ 2016-12-16T13:42:34+08:00 ] 127.0.0.1 /yitong/member.php?m=Member&c=Specialized&a=log
INFO: [ app_begin ] --START--
INFO: Run Behavior\ReadHtmlCacheBehavior [ RunTime:0.001147s ]
INFO: [ app_begin ] --END-- [ RunTime:0.002277s ]
SQL: SHOW COLUMNS FROM `tbl_member_log` [ RunTime:0.0048s ]
SQL: SELECT * FROM `tbl_member_log` WHERE ( member_id=1 and video_id=7 ) LIMIT 1   [ RunTime:0.0032s ]
SQL: UPDATE `tbl_member_log` SET `progress`='9' WHERE ( member_id=1 and video_id=7 ) [ RunTime:0.0271s ]
INFO: [ app_end ] --START--
INFO: Run Behavior\ShowPageTraceBehavior [ RunTime:0.001446s ]
INFO: [ app_end ] --END-- [ RunTime:0.001705s ]

[ 2016-12-16T13:42:41+08:00 ] 127.0.0.1 /yitong/member.php?m=Member&c=Specialized&a=log
INFO: [ app_begin ] --START--
INFO: Run Behavior\ReadHtmlCacheBehavior [ RunTime:0.006454s ]
INFO: [ app_begin ] --END-- [ RunTime:0.009277s ]
SQL: SHOW COLUMNS FROM `tbl_member_log` [ RunTime:0.7870s ]
SQL: SELECT * FROM `tbl_member_log` WHERE ( member_id=1 and video_id=7 ) LIMIT 1   [ RunTime:0.0680s ]
SQL: UPDATE `tbl_member_log` SET `progress`='14' WHERE ( member_id=1 and video_id=7 ) [ RunTime:0.0557s ]
INFO: [ app_end ] --START--
INFO: Run Behavior\ShowPageTraceBehavior [ RunTime:0.001624s ]
INFO: [ app_end ] --END-- [ RunTime:0.001875s ]

[ 2016-12-16T13:47:30+08:00 ] 127.0.0.1 /yitong/member.php?m=Member&c=Specialized&a=log
INFO: [ app_begin ] --START--
INFO: Run Behavior\ReadHtmlCacheBehavior [ RunTime:0.001107s ]
INFO: [ app_begin ] --END-- [ RunTime:0.001941s ]
SQL: SHOW COLUMNS FROM `tbl_member_log` [ RunTime:0.0035s ]
SQL: SELECT * FROM `tbl_member_log` WHERE ( member_id=1 and video_id=7 ) LIMIT 1   [ RunTime:0.0046s ]
SQL: INSERT INTO `tbl_member_log` (`member_id`,`video_id`,`progress`,`add_time`) VALUES ('1','7','4','1481867250') [ RunTime:0.0366s ]
INFO: [ app_end ] --START--
INFO: Run Behavior\ShowPageTraceBehavior [ RunTime:0.001840s ]
INFO: [ app_end ] --END-- [ RunTime:0.002144s ]

[ 2016-12-16T13:47:35+08:00 ] 127.0.0.1 /yitong/member.php?m=Member&c=Specialized&a=log
INFO: [ app_begin ] --START--
INFO: Run Behavior\ReadHtmlCacheBehavior [ RunTime:0.001345s ]
INFO: [ app_begin ] --END-- [ RunTime:0.002523s ]
SQL: SHOW COLUMNS FROM `tbl_member_log` [ RunTime:0.0163s ]
SQL: SELECT * FROM `tbl_member_log` WHERE ( member_id=1 and video_id=7 ) LIMIT 1   [ RunTime:0.0095s ]
SQL: UPDATE `tbl_member_log` SET `progress`='9' WHERE ( member_id=1 and video_id=7 ) [ RunTime:0.0198s ]
INFO: [ app_end ] --START--
INFO: Run Behavior\ShowPageTraceBehavior [ RunTime:0.001403s ]
INFO: [ app_end ] --END-- [ RunTime:0.001631s ]

[ 2016-12-16T13:48:58+08:00 ] 127.0.0.1 /yitong/member.php?m=Member&c=Specialized&a=log
INFO: [ app_begin ] --START--
INFO: Run Behavior\ReadHtmlCacheBehavior [ RunTime:0.001211s ]
INFO: [ app_begin ] --END-- [ RunTime:0.002356s ]
SQL: SHOW COLUMNS FROM `tbl_member_log` [ RunTime:0.0039s ]
SQL: SELECT * FROM `tbl_member_log` WHERE ( member_id=1 and video_id=7 ) LIMIT 1   [ RunTime:0.0027s ]
SQL: UPDATE `tbl_member_log` SET `progress`='12' WHERE ( member_id=1 and video_id=7 ) [ RunTime:0.0385s ]
INFO: [ app_end ] --START--
INFO: Run Behavior\ShowPageTraceBehavior [ RunTime:0.001456s ]
INFO: [ app_end ] --END-- [ RunTime:0.001697s ]

[ 2016-12-16T13:49:03+08:00 ] 127.0.0.1 /yitong/member.php?m=Member&c=Specialized&a=log
INFO: [ app_begin ] --START--
INFO: Run Behavior\ReadHtmlCacheBehavior [ RunTime:0.001243s ]
INFO: [ app_begin ] --END-- [ RunTime:0.002091s ]
SQL: SHOW COLUMNS FROM `tbl_member_log` [ RunTime:0.0038s ]
SQL: SELECT * FROM `tbl_member_log` WHERE ( member_id=1 and video_id=7 ) LIMIT 1   [ RunTime:0.0061s ]
SQL: UPDATE `tbl_member_log` SET `progress`='17' WHERE ( member_id=1 and video_id=7 ) [ RunTime:0.0190s ]
INFO: [ app_end ] --START--
INFO: Run Behavior\ShowPageTraceBehavior [ RunTime:0.001480s ]
INFO: [ app_end ] --END-- [ RunTime:0.001729s ]

[ 2016-12-16T13:49:08+08:00 ] 127.0.0.1 /yitong/member.php?m=Member&c=Specialized&a=log
INFO: [ app_begin ] --START--
INFO: Run Behavior\ReadHtmlCacheBehavior [ RunTime:0.001056s ]
INFO: [ app_begin ] --END-- [ RunTime:0.002019s ]
SQL: SHOW COLUMNS FROM `tbl_member_log` [ RunTime:0.0080s ]
SQL: SELECT * FROM `tbl_member_log` WHERE ( member_id=1 and video_id=7 ) LIMIT 1   [ RunTime:0.0168s ]
SQL: UPDATE `tbl_member_log` SET `progress`='22' WHERE ( member_id=1 and video_id=7 ) [ RunTime:0.0181s ]
INFO: [ app_end ] --START--
INFO: Run Behavior\ShowPageTraceBehavior [ RunTime:0.001092s ]
INFO: [ app_end ] --END-- [ RunTime:0.001242s ]

[ 2016-12-16T13:49:14+08:00 ] 127.0.0.1 /yitong/member.php?m=Member&c=Specialized&a=log
INFO: [ app_begin ] --START--
INFO: Run Behavior\ReadHtmlCacheBehavior [ RunTime:0.001562s ]
INFO: [ app_begin ] --END-- [ RunTime:0.004307s ]
SQL: SHOW COLUMNS FROM `tbl_member_log` [ RunTime:0.0034s ]
SQL: SELECT * FROM `tbl_member_log` WHERE ( member_id=1 and video_id=7 ) LIMIT 1   [ RunTime:0.0056s ]
SQL: UPDATE `tbl_member_log` SET `progress`='27' WHERE ( member_id=1 and video_id=7 ) [ RunTime:0.0223s ]
INFO: [ app_end ] --START--
INFO: Run Behavior\ShowPageTraceBehavior [ RunTime:0.019829s ]
INFO: [ app_end ] --END-- [ RunTime:0.020162s ]

[ 2016-12-16T13:49:28+08:00 ] 127.0.0.1 /yitong/member.php?m=Member&c=Specialized&a=log
INFO: [ app_begin ] --START--
INFO: Run Behavior\ReadHtmlCacheBehavior [ RunTime:0.001278s ]
INFO: [ app_begin ] --END-- [ RunTime:0.002279s ]
SQL: SHOW COLUMNS FROM `tbl_member_log` [ RunTime:0.0078s ]
SQL: SELECT * FROM `tbl_member_log` WHERE ( member_id=1 and video_id=7 ) LIMIT 1   [ RunTime:0.0115s ]
SQL: UPDATE `tbl_member_log` SET `progress`='31' WHERE ( member_id=1 and video_id=7 ) [ RunTime:0.0334s ]
INFO: [ app_end ] --START--
INFO: Run Behavior\ShowPageTraceBehavior [ RunTime:0.001558s ]
INFO: [ app_end ] --END-- [ RunTime:0.001768s ]

[ 2016-12-16T13:49:46+08:00 ] 127.0.0.1 /yitong/member.php?m=Member&c=Specialized&a=log
INFO: [ app_begin ] --START--
INFO: Run Behavior\ReadHtmlCacheBehavior [ RunTime:0.001182s ]
INFO: [ app_begin ] --END-- [ RunTime:0.002535s ]
SQL: SHOW COLUMNS FROM `tbl_member_log` [ RunTime:0.0040s ]
SQL: SELECT * FROM `tbl_member_log` WHERE ( member_id=1 and video_id=7 ) LIMIT 1   [ RunTime:0.0049s ]
SQL: UPDATE `tbl_member_log` SET `progress`='34' WHERE ( member_id=1 and video_id=7 ) [ RunTime:0.0392s ]
INFO: [ app_end ] --START--
INFO: Run Behavior\ShowPageTraceBehavior [ RunTime:0.001694s ]
INFO: [ app_end ] --END-- [ RunTime:0.001928s ]

[ 2016-12-16T13:49:51+08:00 ] 127.0.0.1 /yitong/member.php?m=Member&c=Specialized&a=log
INFO: [ app_begin ] --START--
INFO: Run Behavior\ReadHtmlCacheBehavior [ RunTime:0.002174s ]
INFO: [ app_begin ] --END-- [ RunTime:0.004143s ]
SQL: SHOW COLUMNS FROM `tbl_member_log` [ RunTime:0.0183s ]
SQL: SELECT * FROM `tbl_member_log` WHERE ( member_id=1 and video_id=7 ) LIMIT 1   [ RunTime:0.0068s ]
SQL: UPDATE `tbl_member_log` SET `progress`='39' WHERE ( member_id=1 and video_id=7 ) [ RunTime:0.0421s ]
INFO: [ app_end ] --START--
INFO: Run Behavior\ShowPageTraceBehavior [ RunTime:0.001502s ]
INFO: [ app_end ] --END-- [ RunTime:0.001756s ]

[ 2016-12-16T13:49:56+08:00 ] 127.0.0.1 /yitong/member.php?m=Member&c=Specialized&a=log
INFO: [ app_begin ] --START--
INFO: Run Behavior\ReadHtmlCacheBehavior [ RunTime:0.001320s ]
INFO: [ app_begin ] --END-- [ RunTime:0.002655s ]
SQL: SHOW COLUMNS FROM `tbl_member_log` [ RunTime:0.0219s ]
SQL: SELECT * FROM `tbl_member_log` WHERE ( member_id=1 and video_id=7 ) LIMIT 1   [ RunTime:0.0154s ]
SQL: UPDATE `tbl_member_log` SET `progress`='44' WHERE ( member_id=1 and video_id=7 ) [ RunTime:0.0404s ]
INFO: [ app_end ] --START--
INFO: Run Behavior\ShowPageTraceBehavior [ RunTime:0.001412s ]
INFO: [ app_end ] --END-- [ RunTime:0.001653s ]

[ 2016-12-16T13:50:01+08:00 ] 127.0.0.1 /yitong/member.php?m=Member&c=Specialized&a=log
INFO: [ app_begin ] --START--
INFO: Run Behavior\ReadHtmlCacheBehavior [ RunTime:0.001100s ]
INFO: [ app_begin ] --END-- [ RunTime:0.002239s ]
SQL: SHOW COLUMNS FROM `tbl_member_log` [ RunTime:0.0094s ]
SQL: SELECT * FROM `tbl_member_log` WHERE ( member_id=1 and video_id=7 ) LIMIT 1   [ RunTime:0.0052s ]
SQL: UPDATE `tbl_member_log` SET `progress`='49' WHERE ( member_id=1 and video_id=7 ) [ RunTime:0.0718s ]
INFO: [ app_end ] --START--
INFO: Run Behavior\ShowPageTraceBehavior [ RunTime:0.001561s ]
INFO: [ app_end ] --END-- [ RunTime:0.001789s ]

