[ 2016-12-27T10:44:46+08:00 ] 127.0.0.1 /yitong/member.php
INFO: [ app_init ] --START--
INFO: Run Behavior\BuildLiteBehavior [ RunTime:0.000036s ]
INFO: [ app_init ] --END-- [ RunTime:0.000781s ]
INFO: [ app_begin ] --START--
INFO: Run Behavior\ReadHtmlCacheBehavior [ RunTime:0.001125s ]
INFO: [ app_begin ] --END-- [ RunTime:0.001299s ]
NOTIC: [8] Undefined index: HTTP_REFERER E:\wamp\www\yitong\Application\Member\Controller\BaseController.class.php Á¨¨ 25 Ë°å.

[ 2016-12-27T10:44:46+08:00 ] 127.0.0.1 /yitong/member.php?m=Member&c=auth&a=login
INFO: [ app_init ] --START--
INFO: Run Behavior\BuildLiteBehavior [ RunTime:0.000057s ]
INFO: [ app_init ] --END-- [ RunTime:0.001124s ]
INFO: [ app_begin ] --START--
INFO: Run Behavior\ReadHtmlCacheBehavior [ RunTime:0.000994s ]
INFO: [ app_begin ] --END-- [ RunTime:0.001176s ]
INFO: [ view_parse ] --START--
INFO: [ template_filter ] --START--
INFO: Run Behavior\ContentReplaceBehavior [ RunTime:0.000149s ]
INFO: [ template_filter ] --END-- [ RunTime:0.000350s ]
NOTIC: [8] Undefined variable: title E:\wamp\www\yitong\Application\Runtime\Cache\Member\7a7285bd4959836186630dd67faf7162.php Á¨¨ 5 Ë°å.
NOTIC: [8] Undefined variable: error E:\wamp\www\yitong\Application\Runtime\Cache\Member\7a7285bd4959836186630dd67faf7162.php Á¨¨ 107 Ë°å.
NOTIC: [8] Undefined variable: ref E:\wamp\www\yitong\Application\Runtime\Cache\Member\7a7285bd4959836186630dd67faf7162.php Á¨¨ 136 Ë°å.
INFO: Run Behavior\ParseTemplateBehavior [ RunTime:0.016520s ]
INFO: [ view_parse ] --END-- [ RunTime:0.016739s ]
INFO: [ view_filter ] --START--
INFO: Run Behavior\WriteHtmlCacheBehavior [ RunTime:0.000839s ]
INFO: [ view_filter ] --END-- [ RunTime:0.000975s ]
INFO: [ app_end ] --START--
INFO: Run Behavior\ShowPageTraceBehavior [ RunTime:0.000941s ]
INFO: [ app_end ] --END-- [ RunTime:0.001080s ]

[ 2016-12-27T10:44:47+08:00 ] 127.0.0.1 /yitong/member.php?m=Member&c=auth&a=verify
INFO: [ app_init ] --START--
INFO: Run Behavior\BuildLiteBehavior [ RunTime:0.000042s ]
INFO: [ app_init ] --END-- [ RunTime:0.000642s ]
INFO: [ app_begin ] --START--
INFO: Run Behavior\ReadHtmlCacheBehavior [ RunTime:0.000794s ]
INFO: [ app_begin ] --END-- [ RunTime:0.000973s ]
INFO: [ app_end ] --START--
INFO: Run Behavior\ShowPageTraceBehavior [ RunTime:0.000889s ]
INFO: [ app_end ] --END-- [ RunTime:0.001070s ]

[ 2016-12-27T10:45:06+08:00 ] 127.0.0.1 /yitong/member.php?m=Member&c=auth&a=login
INFO: [ app_init ] --START--
INFO: Run Behavior\BuildLiteBehavior [ RunTime:0.000033s ]
INFO: [ app_init ] --END-- [ RunTime:0.000728s ]
INFO: [ app_begin ] --START--
INFO: Run Behavior\ReadHtmlCacheBehavior [ RunTime:0.001133s ]
INFO: [ app_begin ] --END-- [ RunTime:0.001312s ]
SQL: SHOW COLUMNS FROM `tbl_setting` [ RunTime:0.0052s ]
SQL: SELECT `setting_value` FROM `tbl_setting` WHERE `id` = 5 LIMIT 1   [ RunTime:0.0055s ]
SQL: SHOW COLUMNS FROM `tbl_member` [ RunTime:0.0224s ]
SQL: SELECT * FROM `tbl_member` WHERE ( identity='410425199609083111' ) LIMIT 1   [ RunTime:0.0187s ]
SQL: SELECT `status` FROM `tbl_member` WHERE ( identity='410425199609083111' ) LIMIT 1   [ RunTime:0.0019s ]
INFO: [ view_parse ] --START--
INFO: [ template_filter ] --START--
INFO: Run Behavior\ContentReplaceBehavior [ RunTime:0.000171s ]
INFO: [ template_filter ] --END-- [ RunTime:0.000404s ]
NOTIC: [8] Undefined variable: title E:\wamp\www\yitong\Application\Runtime\Cache\Member\7a7285bd4959836186630dd67faf7162.php Á¨¨ 5 Ë°å.
NOTIC: [8] Undefined variable: ref E:\wamp\www\yitong\Application\Runtime\Cache\Member\7a7285bd4959836186630dd67faf7162.php Á¨¨ 136 Ë°å.
INFO: Run Behavior\ParseTemplateBehavior [ RunTime:0.021000s ]
INFO: [ view_parse ] --END-- [ RunTime:0.021230s ]
INFO: [ view_filter ] --START--
INFO: Run Behavior\WriteHtmlCacheBehavior [ RunTime:0.000988s ]
INFO: [ view_filter ] --END-- [ RunTime:0.001193s ]

[ 2016-12-27T10:45:06+08:00 ] 127.0.0.1 /yitong/member.php?m=Member&c=auth&a=verify
INFO: [ app_init ] --START--
INFO: Run Behavior\BuildLiteBehavior [ RunTime:0.000037s ]
INFO: [ app_init ] --END-- [ RunTime:0.000675s ]
INFO: [ app_begin ] --START--
INFO: Run Behavior\ReadHtmlCacheBehavior [ RunTime:0.000848s ]
INFO: [ app_begin ] --END-- [ RunTime:0.001028s ]
INFO: [ app_end ] --START--
INFO: Run Behavior\ShowPageTraceBehavior [ RunTime:0.001285s ]
INFO: [ app_end ] --END-- [ RunTime:0.001475s ]

[ 2016-12-27T10:45:44+08:00 ] 127.0.0.1 /yitong/member.php?m=Member&c=auth&a=login
INFO: [ app_init ] --START--
INFO: Run Behavior\BuildLiteBehavior [ RunTime:0.000038s ]
INFO: [ app_init ] --END-- [ RunTime:0.000749s ]
INFO: [ app_begin ] --START--
INFO: Run Behavior\ReadHtmlCacheBehavior [ RunTime:0.000837s ]
INFO: [ app_begin ] --END-- [ RunTime:0.001011s ]
SQL: SHOW COLUMNS FROM `tbl_setting` [ RunTime:0.0132s ]
SQL: SELECT `setting_value` FROM `tbl_setting` WHERE `id` = 5 LIMIT 1   [ RunTime:0.0064s ]
SQL: SHOW COLUMNS FROM `tbl_member` [ RunTime:0.0122s ]
SQL: SELECT * FROM `tbl_member` WHERE ( identity='410425199609083111' ) LIMIT 1   [ RunTime:0.0155s ]
SQL: SELECT `status` FROM `tbl_member` WHERE ( identity='410425199609083111' ) LIMIT 1   [ RunTime:0.0100s ]

[ 2016-12-27T10:45:44+08:00 ] 127.0.0.1 /yitong/member.php
INFO: [ app_init ] --START--
INFO: Run Behavior\BuildLiteBehavior [ RunTime:0.000034s ]
INFO: [ app_init ] --END-- [ RunTime:0.000648s ]
INFO: [ app_begin ] --START--
INFO: Run Behavior\ReadHtmlCacheBehavior [ RunTime:0.000728s ]
INFO: [ app_begin ] --END-- [ RunTime:0.000891s ]
SQL: SHOW COLUMNS FROM `tbl_setting` [ RunTime:0.0029s ]
SQL: SELECT * FROM `tbl_setting` WHERE ( setting_key = "site_status" )  [ RunTime:0.0067s ]
SQL: SHOW COLUMNS FROM `tbl_member` [ RunTime:0.0054s ]
SQL: SELECT `thumb` FROM `tbl_member` WHERE ( id=648 ) LIMIT 1   [ RunTime:0.0021s ]
SQL: SELECT `name`,`level` FROM `tbl_member` WHERE `id` = 648 LIMIT 1   [ RunTime:0.0053s ]
SQL: SHOW COLUMNS FROM `tbl_member` [ RunTime:0.0079s ]
SQL: SELECT a.*,b.name as zy_name FROM tbl_member as a,tbl_specialty as b WHERE ( a.profession = b.id and a.id=648 ) LIMIT 1   [ RunTime:0.0050s ]
INFO: [ view_parse ] --START--
INFO: [ template_filter ] --START--
INFO: Run Behavior\ContentReplaceBehavior [ RunTime:0.000237s ]
INFO: [ template_filter ] --END-- [ RunTime:0.000540s ]
INFO: Run Behavior\ParseTemplateBehavior [ RunTime:0.027940s ]
INFO: [ view_parse ] --END-- [ RunTime:0.028114s ]
INFO: [ view_filter ] --START--
INFO: Run Behavior\WriteHtmlCacheBehavior [ RunTime:0.000500s ]
INFO: [ view_filter ] --END-- [ RunTime:0.000634s ]
INFO: [ app_end ] --START--
INFO: Run Behavior\ShowPageTraceBehavior [ RunTime:0.000702s ]
INFO: [ app_end ] --END-- [ RunTime:0.000838s ]

[ 2016-12-27T10:45:50+08:00 ] 127.0.0.1 /yitong/member.php?m=Member&c=Specialized&a=index
INFO: [ app_init ] --START--
INFO: Run Behavior\BuildLiteBehavior [ RunTime:0.000035s ]
INFO: [ app_init ] --END-- [ RunTime:0.000654s ]
INFO: [ app_begin ] --START--
INFO: Run Behavior\ReadHtmlCacheBehavior [ RunTime:0.000823s ]
INFO: [ app_begin ] --END-- [ RunTime:0.000978s ]
SQL: SHOW COLUMNS FROM `tbl_setting` [ RunTime:0.0102s ]
SQL: SELECT * FROM `tbl_setting` WHERE ( setting_key = "site_status" )  [ RunTime:0.0040s ]
SQL: SHOW COLUMNS FROM `tbl_member` [ RunTime:0.0053s ]
SQL: SELECT `thumb` FROM `tbl_member` WHERE ( id=648 ) LIMIT 1   [ RunTime:0.0039s ]
SQL: SELECT `hour`,`grade`,`level`,`profession` FROM `tbl_member` WHERE ( id = 648 ) LIMIT 1   [ RunTime:0.0075s ]
SQL: SELECT `setting_value` FROM `tbl_setting` WHERE ( setting_key='all_class_time' ) LIMIT 1   [ RunTime:0.0033s ]
SQL: SHOW COLUMNS FROM `tbl_grade` [ RunTime:0.0030s ]
SQL: SELECT `grade` FROM `tbl_grade` WHERE ( memberid=648 and year=2016 ) LIMIT 1   [ RunTime:0.0025s ]
SQL: SHOW COLUMNS FROM `tbl_course` [ RunTime:0.0043s ]
SQL: SELECT COUNT(*) AS tp_count FROM `tbl_course` WHERE ( specialty = 63 and grade = 1-1 and audit ='checked' and status='1' ) LIMIT 1   [ RunTime:0.0028s ]
SQL: SELECT `id`,`title`,`type`,`period` FROM `tbl_course` WHERE ( specialty = 63 and grade = 1-1 and audit ='checked' and status='1' ) ORDER BY add_time LIMIT 0,4   [ RunTime:0.0027s ]
SQL: SHOW COLUMNS FROM `tbl_member_log` [ RunTime:0.0026s ]
NOTIC: [8] Undefined variable: data3 E:\wamp\www\yitong\Application\Member\Controller\SpecializedController.class.php Á¨¨ 71 Ë°å.
SQL: SELECT COUNT(*) AS tp_count FROM `tbl_course` WHERE ( specialty = 63 and grade =0 and audit ='checked' ) LIMIT 1   [ RunTime:0.0022s ]
SQL: SELECT COUNT(*) AS tp_count FROM `tbl_course` WHERE ( specialty = 63 and grade =1 and audit ='checked' ) LIMIT 1   [ RunTime:0.0040s ]
SQL: SELECT COUNT(*) AS tp_count FROM `tbl_course` WHERE ( specialty = 63 and grade =2 and audit ='checked' ) LIMIT 1   [ RunTime:0.0028s ]
INFO: [ view_parse ] --START--
INFO: [ template_filter ] --START--
INFO: Run Behavior\ContentReplaceBehavior [ RunTime:0.000259s ]
INFO: [ template_filter ] --END-- [ RunTime:0.000495s ]
INFO: Run Behavior\ParseTemplateBehavior [ RunTime:0.040526s ]
INFO: [ view_parse ] --END-- [ RunTime:0.040732s ]
INFO: [ view_filter ] --START--
INFO: Run Behavior\WriteHtmlCacheBehavior [ RunTime:0.000510s ]
INFO: [ view_filter ] --END-- [ RunTime:0.000648s ]
INFO: [ app_end ] --START--
INFO: Run Behavior\ShowPageTraceBehavior [ RunTime:0.000734s ]
INFO: [ app_end ] --END-- [ RunTime:0.000875s ]

[ 2016-12-27T10:45:52+08:00 ] 127.0.0.1 /yitong/member.php?m=Member&c=Specialized&a=index&type=middle
INFO: [ app_init ] --START--
INFO: Run Behavior\BuildLiteBehavior [ RunTime:0.000037s ]
INFO: [ app_init ] --END-- [ RunTime:0.000716s ]
INFO: [ app_begin ] --START--
INFO: Run Behavior\ReadHtmlCacheBehavior [ RunTime:0.000779s ]
INFO: [ app_begin ] --END-- [ RunTime:0.000952s ]
SQL: SHOW COLUMNS FROM `tbl_setting` [ RunTime:0.0026s ]
SQL: SELECT * FROM `tbl_setting` WHERE ( setting_key = "site_status" )  [ RunTime:0.0062s ]
SQL: SHOW COLUMNS FROM `tbl_member` [ RunTime:0.0052s ]
SQL: SELECT `thumb` FROM `tbl_member` WHERE ( id=648 ) LIMIT 1   [ RunTime:0.0025s ]
SQL: SELECT `hour`,`grade`,`level`,`profession` FROM `tbl_member` WHERE ( id = 648 ) LIMIT 1   [ RunTime:0.0023s ]
SQL: SELECT `setting_value` FROM `tbl_setting` WHERE ( setting_key='all_class_time' ) LIMIT 1   [ RunTime:0.0020s ]
SQL: SHOW COLUMNS FROM `tbl_grade` [ RunTime:0.0027s ]
SQL: SELECT `grade` FROM `tbl_grade` WHERE ( memberid=648 and year=2016 ) LIMIT 1   [ RunTime:0.0024s ]
SQL: SHOW COLUMNS FROM `tbl_course` [ RunTime:0.0035s ]
SQL: SELECT COUNT(*) AS tp_count FROM `tbl_course` WHERE ( specialty = 63 and grade = 2-1 and audit ='checked' and status='1' ) LIMIT 1   [ RunTime:0.0023s ]
SQL: SELECT `id`,`title`,`type`,`period` FROM `tbl_course` WHERE ( specialty = 63 and grade = 2-1 and audit ='checked' and status='1' ) ORDER BY add_time LIMIT 0,4   [ RunTime:0.0030s ]
SQL: SHOW COLUMNS FROM `tbl_member_log` [ RunTime:0.0047s ]
NOTIC: [8] Undefined variable: data3 E:\wamp\www\yitong\Application\Member\Controller\SpecializedController.class.php Á¨¨ 71 Ë°å.
SQL: SELECT COUNT(*) AS tp_count FROM `tbl_course` WHERE ( specialty = 63 and grade =0 and audit ='checked' ) LIMIT 1   [ RunTime:0.0023s ]
SQL: SELECT COUNT(*) AS tp_count FROM `tbl_course` WHERE ( specialty = 63 and grade =1 and audit ='checked' ) LIMIT 1   [ RunTime:0.0022s ]
SQL: SELECT COUNT(*) AS tp_count FROM `tbl_course` WHERE ( specialty = 63 and grade =2 and audit ='checked' ) LIMIT 1   [ RunTime:0.0018s ]
INFO: [ view_parse ] --START--
INFO: [ template_filter ] --START--
INFO: Run Behavior\ContentReplaceBehavior [ RunTime:0.000177s ]
INFO: [ template_filter ] --END-- [ RunTime:0.000342s ]
INFO: Run Behavior\ParseTemplateBehavior [ RunTime:0.027039s ]
INFO: [ view_parse ] --END-- [ RunTime:0.027222s ]
INFO: [ view_filter ] --START--
INFO: Run Behavior\WriteHtmlCacheBehavior [ RunTime:0.000664s ]
INFO: [ view_filter ] --END-- [ RunTime:0.000807s ]
INFO: [ app_end ] --START--
INFO: Run Behavior\ShowPageTraceBehavior [ RunTime:0.000743s ]
INFO: [ app_end ] --END-- [ RunTime:0.000889s ]

[ 2016-12-27T10:45:54+08:00 ] 127.0.0.1 /yitong/member.php?m=Member&c=Specialized&a=index&type=low
INFO: [ app_init ] --START--
INFO: Run Behavior\BuildLiteBehavior [ RunTime:0.000037s ]
INFO: [ app_init ] --END-- [ RunTime:0.000795s ]
INFO: [ app_begin ] --START--
INFO: Run Behavior\ReadHtmlCacheBehavior [ RunTime:0.000756s ]
INFO: [ app_begin ] --END-- [ RunTime:0.000917s ]
SQL: SHOW COLUMNS FROM `tbl_setting` [ RunTime:0.0029s ]
SQL: SELECT * FROM `tbl_setting` WHERE ( setting_key = "site_status" )  [ RunTime:0.0020s ]
SQL: SHOW COLUMNS FROM `tbl_member` [ RunTime:0.0038s ]
SQL: SELECT `thumb` FROM `tbl_member` WHERE ( id=648 ) LIMIT 1   [ RunTime:0.0018s ]
SQL: SELECT `hour`,`grade`,`level`,`profession` FROM `tbl_member` WHERE ( id = 648 ) LIMIT 1   [ RunTime:0.0029s ]
SQL: SELECT `setting_value` FROM `tbl_setting` WHERE ( setting_key='all_class_time' ) LIMIT 1   [ RunTime:0.0042s ]
SQL: SHOW COLUMNS FROM `tbl_grade` [ RunTime:0.0059s ]
SQL: SELECT `grade` FROM `tbl_grade` WHERE ( memberid=648 and year=2016 ) LIMIT 1   [ RunTime:0.0018s ]
SQL: SHOW COLUMNS FROM `tbl_course` [ RunTime:0.0036s ]
SQL: SELECT COUNT(*) AS tp_count FROM `tbl_course` WHERE ( specialty = 63 and grade = 1-1 and audit ='checked' and status='1' ) LIMIT 1   [ RunTime:0.0021s ]
SQL: SELECT `id`,`title`,`type`,`period` FROM `tbl_course` WHERE ( specialty = 63 and grade = 1-1 and audit ='checked' and status='1' ) ORDER BY add_time LIMIT 0,4   [ RunTime:0.0050s ]
SQL: SHOW COLUMNS FROM `tbl_member_log` [ RunTime:0.0053s ]
NOTIC: [8] Undefined variable: data3 E:\wamp\www\yitong\Application\Member\Controller\SpecializedController.class.php Á¨¨ 71 Ë°å.
SQL: SELECT COUNT(*) AS tp_count FROM `tbl_course` WHERE ( specialty = 63 and grade =0 and audit ='checked' ) LIMIT 1   [ RunTime:0.0024s ]
SQL: SELECT COUNT(*) AS tp_count FROM `tbl_course` WHERE ( specialty = 63 and grade =1 and audit ='checked' ) LIMIT 1   [ RunTime:0.0022s ]
SQL: SELECT COUNT(*) AS tp_count FROM `tbl_course` WHERE ( specialty = 63 and grade =2 and audit ='checked' ) LIMIT 1   [ RunTime:0.0019s ]
INFO: [ view_parse ] --START--
INFO: [ template_filter ] --START--
INFO: Run Behavior\ContentReplaceBehavior [ RunTime:0.000186s ]
INFO: [ template_filter ] --END-- [ RunTime:0.000376s ]
INFO: Run Behavior\ParseTemplateBehavior [ RunTime:0.034048s ]
INFO: [ view_parse ] --END-- [ RunTime:0.034224s ]
INFO: [ view_filter ] --START--
INFO: Run Behavior\WriteHtmlCacheBehavior [ RunTime:0.000502s ]
INFO: [ view_filter ] --END-- [ RunTime:0.000639s ]
INFO: [ app_end ] --START--
INFO: Run Behavior\ShowPageTraceBehavior [ RunTime:0.000974s ]
INFO: [ app_end ] --END-- [ RunTime:0.001120s ]

[ 2016-12-27T10:45:56+08:00 ] 127.0.0.1 /yitong/member.php?m=Member&c=Index&a=index
INFO: [ app_init ] --START--
INFO: Run Behavior\BuildLiteBehavior [ RunTime:0.000035s ]
INFO: [ app_init ] --END-- [ RunTime:0.000617s ]
INFO: [ app_begin ] --START--
INFO: Run Behavior\ReadHtmlCacheBehavior [ RunTime:0.000745s ]
INFO: [ app_begin ] --END-- [ RunTime:0.000900s ]
SQL: SHOW COLUMNS FROM `tbl_setting` [ RunTime:0.0047s ]
SQL: SELECT * FROM `tbl_setting` WHERE ( setting_key = "site_status" )  [ RunTime:0.0029s ]
SQL: SHOW COLUMNS FROM `tbl_member` [ RunTime:0.0067s ]
SQL: SELECT `thumb` FROM `tbl_member` WHERE ( id=648 ) LIMIT 1   [ RunTime:0.0036s ]
SQL: SELECT `name`,`level` FROM `tbl_member` WHERE `id` = 648 LIMIT 1   [ RunTime:0.0021s ]
SQL: SHOW COLUMNS FROM `tbl_member` [ RunTime:0.0050s ]
SQL: SELECT a.*,b.name as zy_name FROM tbl_member as a,tbl_specialty as b WHERE ( a.profession = b.id and a.id=648 ) LIMIT 1   [ RunTime:0.0036s ]
INFO: [ view_parse ] --START--
INFO: [ template_filter ] --START--
INFO: Run Behavior\ContentReplaceBehavior [ RunTime:0.000343s ]
INFO: [ template_filter ] --END-- [ RunTime:0.000581s ]
INFO: Run Behavior\ParseTemplateBehavior [ RunTime:0.041123s ]
INFO: [ view_parse ] --END-- [ RunTime:0.041364s ]
INFO: [ view_filter ] --START--
INFO: Run Behavior\WriteHtmlCacheBehavior [ RunTime:0.000728s ]
INFO: [ view_filter ] --END-- [ RunTime:0.000934s ]
INFO: [ app_end ] --START--
INFO: Run Behavior\ShowPageTraceBehavior [ RunTime:0.001054s ]
INFO: [ app_end ] --END-- [ RunTime:0.001261s ]

[ 2016-12-27T10:46:35+08:00 ] 127.0.0.1 /yitong/member.php?m=Member&c=Specialized&a=index
INFO: [ app_init ] --START--
INFO: Run Behavior\BuildLiteBehavior [ RunTime:0.000032s ]
INFO: [ app_init ] --END-- [ RunTime:0.000609s ]
INFO: [ app_begin ] --START--
INFO: Run Behavior\ReadHtmlCacheBehavior [ RunTime:0.000911s ]
INFO: [ app_begin ] --END-- [ RunTime:0.001084s ]
SQL: SHOW COLUMNS FROM `tbl_setting` [ RunTime:0.0027s ]
SQL: SELECT * FROM `tbl_setting` WHERE ( setting_key = "site_status" )  [ RunTime:0.0025s ]
SQL: SHOW COLUMNS FROM `tbl_member` [ RunTime:0.0037s ]
SQL: SELECT `thumb` FROM `tbl_member` WHERE ( id=648 ) LIMIT 1   [ RunTime:0.0031s ]
SQL: SELECT `hour`,`grade`,`level`,`profession` FROM `tbl_member` WHERE ( id = 648 ) LIMIT 1   [ RunTime:0.0059s ]
SQL: SELECT `setting_value` FROM `tbl_setting` WHERE ( setting_key='all_class_time' ) LIMIT 1   [ RunTime:0.0020s ]
SQL: SHOW COLUMNS FROM `tbl_grade` [ RunTime:0.0028s ]
SQL: SELECT `grade` FROM `tbl_grade` WHERE ( memberid=648 and year=2016 ) LIMIT 1   [ RunTime:0.0043s ]
SQL: SHOW COLUMNS FROM `tbl_course` [ RunTime:0.0043s ]
SQL: SELECT COUNT(*) AS tp_count FROM `tbl_course` WHERE ( specialty = 1 and grade = 1-1 and audit ='checked' and status='1' ) LIMIT 1   [ RunTime:0.0019s ]
SQL: SELECT `id`,`title`,`type`,`period` FROM `tbl_course` WHERE ( specialty = 1 and grade = 1-1 and audit ='checked' and status='1' ) ORDER BY add_time LIMIT 0,4   [ RunTime:0.0024s ]
SQL: SHOW COLUMNS FROM `tbl_member_log` [ RunTime:0.0035s ]
SQL: SELECT `end`,`progress` FROM `tbl_member_log` WHERE ( member_id = 648 and video_id = 4 ) LIMIT 1   [ RunTime:0.0021s ]
SQL: SELECT `end`,`progress` FROM `tbl_member_log` WHERE ( member_id = 648 and video_id = 3 ) LIMIT 1   [ RunTime:0.0042s ]
SQL: SELECT `end`,`progress` FROM `tbl_member_log` WHERE ( member_id = 648 and video_id = 22 ) LIMIT 1   [ RunTime:0.0022s ]
SQL: SELECT `end`,`progress` FROM `tbl_member_log` WHERE ( member_id = 648 and video_id = 23 ) LIMIT 1   [ RunTime:0.0019s ]
SQL: SELECT COUNT(*) AS tp_count FROM `tbl_course` WHERE ( specialty = 1 and grade =0 and audit ='checked' ) LIMIT 1   [ RunTime:0.0025s ]
SQL: SELECT COUNT(*) AS tp_count FROM `tbl_course` WHERE ( specialty = 1 and grade =1 and audit ='checked' ) LIMIT 1   [ RunTime:0.0024s ]
SQL: SELECT COUNT(*) AS tp_count FROM `tbl_course` WHERE ( specialty = 1 and grade =2 and audit ='checked' ) LIMIT 1   [ RunTime:0.0026s ]
INFO: [ view_parse ] --START--
INFO: [ template_filter ] --START--
INFO: Run Behavior\ContentReplaceBehavior [ RunTime:0.000219s ]
INFO: [ template_filter ] --END-- [ RunTime:0.000389s ]
INFO: Run Behavior\ParseTemplateBehavior [ RunTime:0.030497s ]
INFO: [ view_parse ] --END-- [ RunTime:0.030676s ]
INFO: [ view_filter ] --START--
INFO: Run Behavior\WriteHtmlCacheBehavior [ RunTime:0.000422s ]
INFO: [ view_filter ] --END-- [ RunTime:0.000561s ]
INFO: [ app_end ] --START--
INFO: Run Behavior\ShowPageTraceBehavior [ RunTime:0.000693s ]
INFO: [ app_end ] --END-- [ RunTime:0.000829s ]

[ 2016-12-27T10:46:51+08:00 ] 127.0.0.1 /yitong/member.php?m=Member&c=Specialized&a=play&id=4
INFO: [ app_init ] --START--
INFO: Run Behavior\BuildLiteBehavior [ RunTime:0.000038s ]
INFO: [ app_init ] --END-- [ RunTime:0.000673s ]
INFO: [ app_begin ] --START--
INFO: Run Behavior\ReadHtmlCacheBehavior [ RunTime:0.000795s ]
INFO: [ app_begin ] --END-- [ RunTime:0.000962s ]
SQL: SHOW COLUMNS FROM `tbl_setting` [ RunTime:0.0027s ]
SQL: SELECT * FROM `tbl_setting` WHERE ( setting_key = "site_status" )  [ RunTime:0.0020s ]
SQL: SHOW COLUMNS FROM `tbl_member` [ RunTime:0.0061s ]
SQL: SELECT `thumb` FROM `tbl_member` WHERE ( id=648 ) LIMIT 1   [ RunTime:0.0038s ]
SQL: SHOW COLUMNS FROM `tbl_course` [ RunTime:0.0030s ]
SQL: SELECT `title`,`video_url`,`id` FROM `tbl_course` WHERE `id` = 4 LIMIT 1   [ RunTime:0.0021s ]
SQL: SHOW COLUMNS FROM `tbl_member_log` [ RunTime:0.0024s ]
SQL: SELECT `progress` FROM `tbl_member_log` WHERE ( member_id=648 and video_id=4 ) LIMIT 1   [ RunTime:0.0021s ]
INFO: [ view_parse ] --START--
INFO: [ template_filter ] --START--
INFO: Run Behavior\ContentReplaceBehavior [ RunTime:0.000177s ]
INFO: [ template_filter ] --END-- [ RunTime:0.000344s ]
INFO: Run Behavior\ParseTemplateBehavior [ RunTime:0.020353s ]
INFO: [ view_parse ] --END-- [ RunTime:0.020532s ]
INFO: [ view_filter ] --START--
INFO: Run Behavior\WriteHtmlCacheBehavior [ RunTime:0.000428s ]
INFO: [ view_filter ] --END-- [ RunTime:0.000570s ]
INFO: [ app_end ] --START--
INFO: Run Behavior\ShowPageTraceBehavior [ RunTime:0.000741s ]
INFO: [ app_end ] --END-- [ RunTime:0.000885s ]

[ 2016-12-27T10:47:31+08:00 ] 127.0.0.1 /yitong/member.php?m=Member&c=Specialized&a=index
INFO: [ app_init ] --START--
INFO: Run Behavior\BuildLiteBehavior [ RunTime:0.000037s ]
INFO: [ app_init ] --END-- [ RunTime:0.000781s ]
INFO: [ app_begin ] --START--
INFO: Run Behavior\ReadHtmlCacheBehavior [ RunTime:0.001356s ]
INFO: [ app_begin ] --END-- [ RunTime:0.001544s ]
NOTIC: [8] Undefined index: HTTP_REFERER E:\wamp\www\yitong\Application\Member\Controller\BaseController.class.php Á¨¨ 25 Ë°å.
SQL: SHOW COLUMNS FROM `tbl_setting` [ RunTime:0.0040s ]
SQL: SELECT * FROM `tbl_setting` WHERE ( setting_key = "site_status" )  [ RunTime:0.0239s ]
SQL: SHOW COLUMNS FROM `tbl_member` [ RunTime:0.0053s ]
SQL: SELECT `thumb` FROM `tbl_member` WHERE ( id=648 ) LIMIT 1   [ RunTime:0.0026s ]
SQL: SELECT `hour`,`grade`,`level`,`profession` FROM `tbl_member` WHERE ( id = 648 ) LIMIT 1   [ RunTime:0.0045s ]
SQL: SELECT `setting_value` FROM `tbl_setting` WHERE ( setting_key='all_class_time' ) LIMIT 1   [ RunTime:0.0056s ]
SQL: SHOW COLUMNS FROM `tbl_grade` [ RunTime:0.0028s ]
SQL: SELECT `grade` FROM `tbl_grade` WHERE ( memberid=648 and year=2016 ) LIMIT 1   [ RunTime:0.0022s ]
SQL: SHOW COLUMNS FROM `tbl_course` [ RunTime:0.0034s ]
SQL: SELECT COUNT(*) AS tp_count FROM `tbl_course` WHERE ( specialty = 1 and grade = 1-1 and audit ='checked' and status='1' ) LIMIT 1   [ RunTime:0.0029s ]
SQL: SELECT `id`,`title`,`type`,`period` FROM `tbl_course` WHERE ( specialty = 1 and grade = 1-1 and audit ='checked' and status='1' ) ORDER BY add_time LIMIT 0,4   [ RunTime:0.0035s ]
SQL: SHOW COLUMNS FROM `tbl_member_log` [ RunTime:0.0048s ]
SQL: SELECT `end`,`progress` FROM `tbl_member_log` WHERE ( member_id = 648 and video_id = 4 ) LIMIT 1   [ RunTime:0.0021s ]
SQL: SELECT `end`,`progress` FROM `tbl_member_log` WHERE ( member_id = 648 and video_id = 3 ) LIMIT 1   [ RunTime:0.0019s ]
SQL: SELECT `end`,`progress` FROM `tbl_member_log` WHERE ( member_id = 648 and video_id = 22 ) LIMIT 1   [ RunTime:0.0020s ]
SQL: SELECT `end`,`progress` FROM `tbl_member_log` WHERE ( member_id = 648 and video_id = 23 ) LIMIT 1   [ RunTime:0.0019s ]
SQL: SELECT COUNT(*) AS tp_count FROM `tbl_course` WHERE ( specialty = 1 and grade =0 and audit ='checked' ) LIMIT 1   [ RunTime:0.0040s ]
SQL: SELECT COUNT(*) AS tp_count FROM `tbl_course` WHERE ( specialty = 1 and grade =1 and audit ='checked' ) LIMIT 1   [ RunTime:0.0045s ]
SQL: SELECT COUNT(*) AS tp_count FROM `tbl_course` WHERE ( specialty = 1 and grade =2 and audit ='checked' ) LIMIT 1   [ RunTime:0.0042s ]
INFO: [ view_parse ] --START--
INFO: [ template_filter ] --START--
INFO: Run Behavior\ContentReplaceBehavior [ RunTime:0.000187s ]
INFO: [ template_filter ] --END-- [ RunTime:0.000368s ]
INFO: Run Behavior\ParseTemplateBehavior [ RunTime:0.037287s ]
INFO: [ view_parse ] --END-- [ RunTime:0.037498s ]
INFO: [ view_filter ] --START--
INFO: Run Behavior\WriteHtmlCacheBehavior [ RunTime:0.000777s ]
INFO: [ view_filter ] --END-- [ RunTime:0.000917s ]
INFO: [ app_end ] --START--
INFO: Run Behavior\ShowPageTraceBehavior [ RunTime:0.000918s ]
INFO: [ app_end ] --END-- [ RunTime:0.001054s ]

[ 2016-12-27T10:47:37+08:00 ] 127.0.0.1 /yitong/member.php?m=Member&c=Specialized&a=index
INFO: [ app_init ] --START--
INFO: Run Behavior\BuildLiteBehavior [ RunTime:0.000058s ]
INFO: [ app_init ] --END-- [ RunTime:0.001050s ]
INFO: [ app_begin ] --START--
INFO: Run Behavior\ReadHtmlCacheBehavior [ RunTime:0.001022s ]
INFO: [ app_begin ] --END-- [ RunTime:0.001177s ]
NOTIC: [8] Undefined index: HTTP_REFERER E:\wamp\www\yitong\Application\Member\Controller\BaseController.class.php Á¨¨ 25 Ë°å.
SQL: SHOW COLUMNS FROM `tbl_setting` [ RunTime:0.0044s ]
SQL: SELECT * FROM `tbl_setting` WHERE ( setting_key = "site_status" )  [ RunTime:0.0027s ]
SQL: SHOW COLUMNS FROM `tbl_member` [ RunTime:0.0090s ]
SQL: SELECT `thumb` FROM `tbl_member` WHERE ( id=648 ) LIMIT 1   [ RunTime:0.0022s ]
SQL: SELECT `hour`,`grade`,`level`,`profession` FROM `tbl_member` WHERE ( id = 648 ) LIMIT 1   [ RunTime:0.0034s ]
SQL: SELECT `setting_value` FROM `tbl_setting` WHERE ( setting_key='all_class_time' ) LIMIT 1   [ RunTime:0.0024s ]
SQL: SHOW COLUMNS FROM `tbl_grade` [ RunTime:0.0028s ]
SQL: SELECT `grade` FROM `tbl_grade` WHERE ( memberid=648 and year=2016 ) LIMIT 1   [ RunTime:0.0019s ]
SQL: SHOW COLUMNS FROM `tbl_course` [ RunTime:0.0033s ]
SQL: SELECT COUNT(*) AS tp_count FROM `tbl_course` WHERE ( specialty = 1 and grade = 1-1 and audit ='checked' and status='1' ) LIMIT 1   [ RunTime:0.0021s ]
SQL: SELECT `id`,`title`,`type`,`period` FROM `tbl_course` WHERE ( specialty = 1 and grade = 1-1 and audit ='checked' and status='1' ) ORDER BY add_time LIMIT 0,4   [ RunTime:0.0081s ]
SQL: SHOW COLUMNS FROM `tbl_member_log` [ RunTime:0.0031s ]
SQL: SELECT `end`,`progress` FROM `tbl_member_log` WHERE ( member_id = 648 and video_id = 4 ) LIMIT 1   [ RunTime:0.0031s ]
SQL: SELECT `end`,`progress` FROM `tbl_member_log` WHERE ( member_id = 648 and video_id = 3 ) LIMIT 1   [ RunTime:0.0069s ]
SQL: SELECT `end`,`progress` FROM `tbl_member_log` WHERE ( member_id = 648 and video_id = 22 ) LIMIT 1   [ RunTime:0.0058s ]
SQL: SELECT `end`,`progress` FROM `tbl_member_log` WHERE ( member_id = 648 and video_id = 23 ) LIMIT 1   [ RunTime:0.0028s ]
SQL: SELECT COUNT(*) AS tp_count FROM `tbl_course` WHERE ( specialty = 1 and grade =0 and audit ='checked' ) LIMIT 1   [ RunTime:0.0034s ]
SQL: SELECT COUNT(*) AS tp_count FROM `tbl_course` WHERE ( specialty = 1 and grade =1 and audit ='checked' ) LIMIT 1   [ RunTime:0.0020s ]
SQL: SELECT COUNT(*) AS tp_count FROM `tbl_course` WHERE ( specialty = 1 and grade =2 and audit ='checked' ) LIMIT 1   [ RunTime:0.0022s ]
INFO: [ view_parse ] --START--
INFO: [ template_filter ] --START--
INFO: Run Behavior\ContentReplaceBehavior [ RunTime:0.000280s ]
INFO: [ template_filter ] --END-- [ RunTime:0.000551s ]
INFO: Run Behavior\ParseTemplateBehavior [ RunTime:0.037680s ]
INFO: [ view_parse ] --END-- [ RunTime:0.037897s ]
INFO: [ view_filter ] --START--
INFO: Run Behavior\WriteHtmlCacheBehavior [ RunTime:0.001085s ]
INFO: [ view_filter ] --END-- [ RunTime:0.001296s ]
INFO: [ app_end ] --START--
INFO: Run Behavior\ShowPageTraceBehavior [ RunTime:0.001804s ]
INFO: [ app_end ] --END-- [ RunTime:0.002084s ]

[ 2016-12-27T10:47:38+08:00 ] 127.0.0.1 /yitong/member.php?m=Member&c=Specialized&a=play&id=4
INFO: [ app_init ] --START--
INFO: Run Behavior\BuildLiteBehavior [ RunTime:0.000055s ]
INFO: [ app_init ] --END-- [ RunTime:0.000682s ]
INFO: [ app_begin ] --START--
INFO: Run Behavior\ReadHtmlCacheBehavior [ RunTime:0.000693s ]
INFO: [ app_begin ] --END-- [ RunTime:0.000839s ]
SQL: SHOW COLUMNS FROM `tbl_setting` [ RunTime:0.0049s ]
SQL: SELECT * FROM `tbl_setting` WHERE ( setting_key = "site_status" )  [ RunTime:0.0023s ]
SQL: SHOW COLUMNS FROM `tbl_member` [ RunTime:0.0046s ]
SQL: SELECT `thumb` FROM `tbl_member` WHERE ( id=648 ) LIMIT 1   [ RunTime:0.0019s ]
SQL: SHOW COLUMNS FROM `tbl_course` [ RunTime:0.0037s ]
SQL: SELECT `title`,`video_url`,`id` FROM `tbl_course` WHERE `id` = 4 LIMIT 1   [ RunTime:0.0030s ]
SQL: SHOW COLUMNS FROM `tbl_member_log` [ RunTime:0.0030s ]
SQL: SELECT `progress` FROM `tbl_member_log` WHERE ( member_id=648 and video_id=4 ) LIMIT 1   [ RunTime:0.0032s ]
INFO: [ view_parse ] --START--
INFO: [ template_filter ] --START--
INFO: Run Behavior\ContentReplaceBehavior [ RunTime:0.000219s ]
INFO: [ template_filter ] --END-- [ RunTime:0.000374s ]
INFO: Run Behavior\ParseTemplateBehavior [ RunTime:0.018914s ]
INFO: [ view_parse ] --END-- [ RunTime:0.019087s ]
INFO: [ view_filter ] --START--
INFO: Run Behavior\WriteHtmlCacheBehavior [ RunTime:0.000554s ]
INFO: [ view_filter ] --END-- [ RunTime:0.000691s ]
INFO: [ app_end ] --START--
INFO: Run Behavior\ShowPageTraceBehavior [ RunTime:0.000751s ]
INFO: [ app_end ] --END-- [ RunTime:0.000888s ]

[ 2016-12-27T10:57:58+08:00 ] 127.0.0.1 /yitong/member.php?m=Member&c=Specialized&a=play&id=4
INFO: [ app_init ] --START--
INFO: Run Behavior\BuildLiteBehavior [ RunTime:0.000038s ]
INFO: [ app_init ] --END-- [ RunTime:0.000982s ]
INFO: [ app_begin ] --START--
INFO: Run Behavior\ReadHtmlCacheBehavior [ RunTime:0.001547s ]
INFO: [ app_begin ] --END-- [ RunTime:0.001738s ]
NOTIC: [8] Undefined index: HTTP_REFERER E:\wamp\www\yitong\Application\Member\Controller\BaseController.class.php Á¨¨ 25 Ë°å.
SQL: SHOW COLUMNS FROM `tbl_setting` [ RunTime:0.0075s ]
SQL: SELECT * FROM `tbl_setting` WHERE ( setting_key = "site_status" )  [ RunTime:0.0148s ]
SQL: SHOW COLUMNS FROM `tbl_member` [ RunTime:0.0118s ]
SQL: SELECT `thumb` FROM `tbl_member` WHERE ( id=648 ) LIMIT 1   [ RunTime:0.0020s ]
SQL: SHOW COLUMNS FROM `tbl_course` [ RunTime:0.0040s ]
SQL: SELECT `title`,`video_url`,`id` FROM `tbl_course` WHERE `id` = 4 LIMIT 1   [ RunTime:0.0042s ]
SQL: SHOW COLUMNS FROM `tbl_member_log` [ RunTime:0.0034s ]
SQL: SELECT `progress` FROM `tbl_member_log` WHERE ( member_id=648 and video_id=4 ) LIMIT 1   [ RunTime:0.0021s ]
INFO: [ view_parse ] --START--
INFO: [ template_filter ] --START--
INFO: Run Behavior\ContentReplaceBehavior [ RunTime:0.000166s ]
INFO: [ template_filter ] --END-- [ RunTime:0.000330s ]
INFO: Run Behavior\ParseTemplateBehavior [ RunTime:0.028657s ]
INFO: [ view_parse ] --END-- [ RunTime:0.028858s ]
INFO: [ view_filter ] --START--
INFO: Run Behavior\WriteHtmlCacheBehavior [ RunTime:0.000776s ]
INFO: [ view_filter ] --END-- [ RunTime:0.000925s ]
INFO: [ app_end ] --START--
INFO: Run Behavior\ShowPageTraceBehavior [ RunTime:0.001016s ]
INFO: [ app_end ] --END-- [ RunTime:0.001171s ]

[ 2016-12-27T10:58:06+08:00 ] 127.0.0.1 /yitong/member.php?m=Member&c=Specialized&a=play&id=4
INFO: [ app_init ] --START--
INFO: Run Behavior\BuildLiteBehavior [ RunTime:0.000037s ]
INFO: [ app_init ] --END-- [ RunTime:0.000635s ]
INFO: [ app_begin ] --START--
INFO: Run Behavior\ReadHtmlCacheBehavior [ RunTime:0.000695s ]
INFO: [ app_begin ] --END-- [ RunTime:0.000841s ]
NOTIC: [8] Undefined index: HTTP_REFERER E:\wamp\www\yitong\Application\Member\Controller\BaseController.class.php Á¨¨ 25 Ë°å.
SQL: SHOW COLUMNS FROM `tbl_setting` [ RunTime:0.0026s ]
SQL: SELECT * FROM `tbl_setting` WHERE ( setting_key = "site_status" )  [ RunTime:0.0019s ]
SQL: SHOW COLUMNS FROM `tbl_member` [ RunTime:0.0037s ]
SQL: SELECT `thumb` FROM `tbl_member` WHERE ( id=648 ) LIMIT 1   [ RunTime:0.0080s ]
SQL: SHOW COLUMNS FROM `tbl_course` [ RunTime:0.0049s ]
SQL: SELECT `title`,`video_url`,`id` FROM `tbl_course` WHERE `id` = 4 LIMIT 1   [ RunTime:0.0020s ]
SQL: SHOW COLUMNS FROM `tbl_member_log` [ RunTime:0.0045s ]
SQL: SELECT `progress` FROM `tbl_member_log` WHERE ( member_id=648 and video_id=4 ) LIMIT 1   [ RunTime:0.0020s ]
INFO: [ view_parse ] --START--
INFO: [ template_filter ] --START--
INFO: Run Behavior\ContentReplaceBehavior [ RunTime:0.000176s ]
INFO: [ template_filter ] --END-- [ RunTime:0.000344s ]
INFO: Run Behavior\ParseTemplateBehavior [ RunTime:0.020449s ]
INFO: [ view_parse ] --END-- [ RunTime:0.020682s ]
INFO: [ view_filter ] --START--
INFO: Run Behavior\WriteHtmlCacheBehavior [ RunTime:0.001247s ]
INFO: [ view_filter ] --END-- [ RunTime:0.001479s ]
INFO: [ app_end ] --START--
INFO: Run Behavior\ShowPageTraceBehavior [ RunTime:0.001040s ]
INFO: [ app_end ] --END-- [ RunTime:0.001200s ]

[ 2016-12-27T10:58:29+08:00 ] 127.0.0.1 /yitong/member.php?m=Member&c=Specialized&a=play&id=4
INFO: [ app_init ] --START--
INFO: Run Behavior\BuildLiteBehavior [ RunTime:0.000054s ]
INFO: [ app_init ] --END-- [ RunTime:0.000943s ]
INFO: [ app_begin ] --START--
INFO: Run Behavior\ReadHtmlCacheBehavior [ RunTime:0.001120s ]
INFO: [ app_begin ] --END-- [ RunTime:0.001292s ]
NOTIC: [8] Undefined index: HTTP_REFERER E:\wamp\www\yitong\Application\Member\Controller\BaseController.class.php Á¨¨ 25 Ë°å.
SQL: SHOW COLUMNS FROM `tbl_setting` [ RunTime:0.0102s ]
SQL: SELECT * FROM `tbl_setting` WHERE ( setting_key = "site_status" )  [ RunTime:0.0228s ]
SQL: SHOW COLUMNS FROM `tbl_member` [ RunTime:0.0053s ]
SQL: SELECT `thumb` FROM `tbl_member` WHERE ( id=648 ) LIMIT 1   [ RunTime:0.0036s ]
SQL: SHOW COLUMNS FROM `tbl_course` [ RunTime:0.0039s ]
SQL: SELECT `title`,`video_url`,`id` FROM `tbl_course` WHERE `id` = 4 LIMIT 1   [ RunTime:0.0142s ]
SQL: SHOW COLUMNS FROM `tbl_member_log` [ RunTime:0.0034s ]
SQL: SELECT `progress` FROM `tbl_member_log` WHERE ( member_id=648 and video_id=4 ) LIMIT 1   [ RunTime:0.0019s ]
INFO: [ view_parse ] --START--
INFO: [ template_filter ] --START--
INFO: Run Behavior\ContentReplaceBehavior [ RunTime:0.000166s ]
INFO: [ template_filter ] --END-- [ RunTime:0.000328s ]
INFO: Run Behavior\ParseTemplateBehavior [ RunTime:0.020758s ]
INFO: [ view_parse ] --END-- [ RunTime:0.020935s ]
INFO: [ view_filter ] --START--
INFO: Run Behavior\WriteHtmlCacheBehavior [ RunTime:0.000462s ]
INFO: [ view_filter ] --END-- [ RunTime:0.000610s ]
INFO: [ app_end ] --START--
INFO: Run Behavior\ShowPageTraceBehavior [ RunTime:0.000748s ]
INFO: [ app_end ] --END-- [ RunTime:0.000885s ]

[ 2016-12-27T10:58:31+08:00 ] 127.0.0.1 /yitong/member.php?m=Member&c=Publictrain&a=index
INFO: [ app_init ] --START--
INFO: Run Behavior\BuildLiteBehavior [ RunTime:0.000040s ]
INFO: [ app_init ] --END-- [ RunTime:0.000712s ]
INFO: [ app_begin ] --START--
INFO: Run Behavior\ReadHtmlCacheBehavior [ RunTime:0.000703s ]
INFO: [ app_begin ] --END-- [ RunTime:0.000852s ]
SQL: SHOW COLUMNS FROM `tbl_setting` [ RunTime:0.0035s ]
SQL: SELECT * FROM `tbl_setting` WHERE ( setting_key = "site_status" )  [ RunTime:0.0046s ]
SQL: SHOW COLUMNS FROM `tbl_member` [ RunTime:0.0285s ]
SQL: SELECT `thumb` FROM `tbl_member` WHERE ( id=648 ) LIMIT 1   [ RunTime:0.0041s ]
SQL: SHOW COLUMNS FROM `tbl_course` [ RunTime:0.0044s ]
SQL: SELECT * FROM `tbl_course` WHERE `type` = '1' AND `audit` = 'checked' AND `status` = '1'  [ RunTime:0.0049s ]
SQL: SHOW COLUMNS FROM `tbl_member_log` [ RunTime:0.0025s ]
SQL: SELECT `end` FROM `tbl_member_log` WHERE ( member_id = 648 and video_id = 3 ) LIMIT 1   [ RunTime:0.0039s ]
SQL: SELECT `end` FROM `tbl_member_log` WHERE ( member_id = 648 and video_id = 4 ) LIMIT 1   [ RunTime:0.0091s ]
SQL: SELECT `end` FROM `tbl_member_log` WHERE ( member_id = 648 and video_id = 5 ) LIMIT 1   [ RunTime:0.0020s ]
SQL: SELECT `end` FROM `tbl_member_log` WHERE ( member_id = 648 and video_id = 11 ) LIMIT 1   [ RunTime:0.0043s ]
INFO: [ view_parse ] --START--
INFO: [ template_filter ] --START--
INFO: Run Behavior\ContentReplaceBehavior [ RunTime:0.000176s ]
INFO: [ template_filter ] --END-- [ RunTime:0.000362s ]
INFO: Run Behavior\ParseTemplateBehavior [ RunTime:0.094507s ]
INFO: [ view_parse ] --END-- [ RunTime:0.094918s ]
INFO: [ view_filter ] --START--
INFO: Run Behavior\WriteHtmlCacheBehavior [ RunTime:0.000483s ]
INFO: [ view_filter ] --END-- [ RunTime:0.000633s ]
INFO: [ app_end ] --START--
INFO: Run Behavior\ShowPageTraceBehavior [ RunTime:0.000800s ]
INFO: [ app_end ] --END-- [ RunTime:0.000953s ]

[ 2016-12-27T10:58:34+08:00 ] 127.0.0.1 /yitong/member.php?m=Member&c=Publictrain&a=index
INFO: [ app_init ] --START--
INFO: Run Behavior\BuildLiteBehavior [ RunTime:0.000036s ]
INFO: [ app_init ] --END-- [ RunTime:0.000655s ]
INFO: [ app_begin ] --START--
INFO: Run Behavior\ReadHtmlCacheBehavior [ RunTime:0.000873s ]
INFO: [ app_begin ] --END-- [ RunTime:0.001051s ]
SQL: SHOW COLUMNS FROM `tbl_setting` [ RunTime:0.0027s ]
SQL: SELECT * FROM `tbl_setting` WHERE ( setting_key = "site_status" )  [ RunTime:0.0019s ]
SQL: SHOW COLUMNS FROM `tbl_member` [ RunTime:0.0044s ]
SQL: SELECT `thumb` FROM `tbl_member` WHERE ( id=648 ) LIMIT 1   [ RunTime:0.0017s ]
SQL: SHOW COLUMNS FROM `tbl_course` [ RunTime:0.0027s ]
SQL: SELECT * FROM `tbl_course` WHERE `type` = '1' AND `audit` = 'checked' AND `status` = '1'  [ RunTime:0.0022s ]
SQL: SHOW COLUMNS FROM `tbl_member_log` [ RunTime:0.0024s ]
SQL: SELECT `end` FROM `tbl_member_log` WHERE ( member_id = 648 and video_id = 3 ) LIMIT 1   [ RunTime:0.0021s ]
SQL: SELECT `end` FROM `tbl_member_log` WHERE ( member_id = 648 and video_id = 4 ) LIMIT 1   [ RunTime:0.0069s ]
SQL: SELECT `end` FROM `tbl_member_log` WHERE ( member_id = 648 and video_id = 5 ) LIMIT 1   [ RunTime:0.0035s ]
SQL: SELECT `end` FROM `tbl_member_log` WHERE ( member_id = 648 and video_id = 11 ) LIMIT 1   [ RunTime:0.0036s ]
INFO: [ view_parse ] --START--
INFO: [ template_filter ] --START--
INFO: Run Behavior\ContentReplaceBehavior [ RunTime:0.000169s ]
INFO: [ template_filter ] --END-- [ RunTime:0.000336s ]
INFO: Run Behavior\ParseTemplateBehavior [ RunTime:0.022874s ]
INFO: [ view_parse ] --END-- [ RunTime:0.023051s ]
INFO: [ view_filter ] --START--
INFO: Run Behavior\WriteHtmlCacheBehavior [ RunTime:0.000748s ]
INFO: [ view_filter ] --END-- [ RunTime:0.000892s ]
INFO: [ app_end ] --START--
INFO: Run Behavior\ShowPageTraceBehavior [ RunTime:0.000754s ]
INFO: [ app_end ] --END-- [ RunTime:0.000896s ]

[ 2016-12-27T10:58:37+08:00 ] 127.0.0.1 /yitong/member.php?m=Member&c=Publictrain&a=index
INFO: [ app_init ] --START--
INFO: Run Behavior\BuildLiteBehavior [ RunTime:0.000056s ]
INFO: [ app_init ] --END-- [ RunTime:0.000885s ]
INFO: [ app_begin ] --START--
INFO: Run Behavior\ReadHtmlCacheBehavior [ RunTime:0.000771s ]
INFO: [ app_begin ] --END-- [ RunTime:0.000929s ]
SQL: SHOW COLUMNS FROM `tbl_setting` [ RunTime:0.0030s ]
SQL: SELECT * FROM `tbl_setting` WHERE ( setting_key = "site_status" )  [ RunTime:0.0043s ]
SQL: SHOW COLUMNS FROM `tbl_member` [ RunTime:0.0039s ]
SQL: SELECT `thumb` FROM `tbl_member` WHERE ( id=648 ) LIMIT 1   [ RunTime:0.0034s ]
SQL: SHOW COLUMNS FROM `tbl_course` [ RunTime:0.0037s ]
SQL: SELECT * FROM `tbl_course` WHERE `type` = '1' AND `audit` = 'checked' AND `status` = '1'  [ RunTime:0.0030s ]
SQL: SHOW COLUMNS FROM `tbl_member_log` [ RunTime:0.0078s ]
SQL: SELECT `end` FROM `tbl_member_log` WHERE ( member_id = 648 and video_id = 3 ) LIMIT 1   [ RunTime:0.0131s ]
SQL: SELECT `end` FROM `tbl_member_log` WHERE ( member_id = 648 and video_id = 4 ) LIMIT 1   [ RunTime:0.0032s ]
SQL: SELECT `end` FROM `tbl_member_log` WHERE ( member_id = 648 and video_id = 5 ) LIMIT 1   [ RunTime:0.0041s ]
SQL: SELECT `end` FROM `tbl_member_log` WHERE ( member_id = 648 and video_id = 11 ) LIMIT 1   [ RunTime:0.0019s ]
INFO: [ view_parse ] --START--
INFO: [ template_filter ] --START--
INFO: Run Behavior\ContentReplaceBehavior [ RunTime:0.000249s ]
INFO: [ template_filter ] --END-- [ RunTime:0.000503s ]
INFO: Run Behavior\ParseTemplateBehavior [ RunTime:0.034373s ]
INFO: [ view_parse ] --END-- [ RunTime:0.034560s ]
INFO: [ view_filter ] --START--
INFO: Run Behavior\WriteHtmlCacheBehavior [ RunTime:0.000403s ]
INFO: [ view_filter ] --END-- [ RunTime:0.000535s ]
INFO: [ app_end ] --START--
INFO: Run Behavior\ShowPageTraceBehavior [ RunTime:0.000701s ]
INFO: [ app_end ] --END-- [ RunTime:0.000836s ]

[ 2016-12-27T10:58:38+08:00 ] 127.0.0.1 /yitong/member.php?m=Member&c=Publictrain&a=index
INFO: [ app_init ] --START--
INFO: Run Behavior\BuildLiteBehavior [ RunTime:0.000040s ]
INFO: [ app_init ] --END-- [ RunTime:0.001168s ]
INFO: [ app_begin ] --START--
INFO: Run Behavior\ReadHtmlCacheBehavior [ RunTime:0.000729s ]
INFO: [ app_begin ] --END-- [ RunTime:0.000887s ]
SQL: SHOW COLUMNS FROM `tbl_setting` [ RunTime:0.0028s ]
SQL: SELECT * FROM `tbl_setting` WHERE ( setting_key = "site_status" )  [ RunTime:0.0027s ]
SQL: SHOW COLUMNS FROM `tbl_member` [ RunTime:0.0051s ]
SQL: SELECT `thumb` FROM `tbl_member` WHERE ( id=648 ) LIMIT 1   [ RunTime:0.0031s ]
SQL: SHOW COLUMNS FROM `tbl_course` [ RunTime:0.0034s ]
SQL: SELECT * FROM `tbl_course` WHERE `type` = '1' AND `audit` = 'checked' AND `status` = '1'  [ RunTime:0.0036s ]
SQL: SHOW COLUMNS FROM `tbl_member_log` [ RunTime:0.0026s ]
SQL: SELECT `end` FROM `tbl_member_log` WHERE ( member_id = 648 and video_id = 3 ) LIMIT 1   [ RunTime:0.0026s ]
SQL: SELECT `end` FROM `tbl_member_log` WHERE ( member_id = 648 and video_id = 4 ) LIMIT 1   [ RunTime:0.0024s ]
SQL: SELECT `end` FROM `tbl_member_log` WHERE ( member_id = 648 and video_id = 5 ) LIMIT 1   [ RunTime:0.0022s ]
SQL: SELECT `end` FROM `tbl_member_log` WHERE ( member_id = 648 and video_id = 11 ) LIMIT 1   [ RunTime:0.0022s ]
INFO: [ view_parse ] --START--
INFO: [ template_filter ] --START--
INFO: Run Behavior\ContentReplaceBehavior [ RunTime:0.000254s ]
INFO: [ template_filter ] --END-- [ RunTime:0.000515s ]
INFO: Run Behavior\ParseTemplateBehavior [ RunTime:0.039111s ]
INFO: [ view_parse ] --END-- [ RunTime:0.039383s ]
INFO: [ view_filter ] --START--
INFO: Run Behavior\WriteHtmlCacheBehavior [ RunTime:0.000452s ]
INFO: [ view_filter ] --END-- [ RunTime:0.000658s ]
INFO: [ app_end ] --START--
INFO: Run Behavior\ShowPageTraceBehavior [ RunTime:0.000713s ]
INFO: [ app_end ] --END-- [ RunTime:0.000848s ]

[ 2016-12-27T10:58:41+08:00 ] 127.0.0.1 /yitong/member.php?m=Member&c=publictrain&a=video&id=3
INFO: [ app_init ] --START--
INFO: Run Behavior\BuildLiteBehavior [ RunTime:0.000033s ]
INFO: [ app_init ] --END-- [ RunTime:0.000611s ]
INFO: [ app_begin ] --START--
INFO: Run Behavior\ReadHtmlCacheBehavior [ RunTime:0.001237s ]
INFO: [ app_begin ] --END-- [ RunTime:0.001580s ]
SQL: SHOW COLUMNS FROM `tbl_setting` [ RunTime:0.0163s ]
SQL: SELECT * FROM `tbl_setting` WHERE ( setting_key = "site_status" )  [ RunTime:0.0046s ]
SQL: SHOW COLUMNS FROM `tbl_member` [ RunTime:0.0050s ]
SQL: SELECT `thumb` FROM `tbl_member` WHERE ( id=648 ) LIMIT 1   [ RunTime:0.0032s ]
SQL: SHOW COLUMNS FROM `tbl_course` [ RunTime:0.0031s ]
SQL: SELECT * FROM `tbl_course` WHERE ( id=3 ) LIMIT 1   [ RunTime:0.0024s ]
SQL: SELECT `title`,`video_url`,`id` FROM `tbl_course` WHERE `id` = 3 LIMIT 1   [ RunTime:0.0019s ]
SQL: SHOW COLUMNS FROM `tbl_member_log` [ RunTime:0.0049s ]
SQL: SELECT `progress` FROM `tbl_member_log` WHERE ( member_id=648 and video_id=3 ) LIMIT 1   [ RunTime:0.0053s ]
SQL: SELECT `end` FROM `tbl_member_log` WHERE ( member_id=648 and video_id=3 ) LIMIT 1   [ RunTime:0.0176s ]
INFO: [ view_parse ] --START--
INFO: [ template_filter ] --START--
INFO: Run Behavior\ContentReplaceBehavior [ RunTime:0.000179s ]
INFO: [ template_filter ] --END-- [ RunTime:0.000391s ]
INFO: Run Behavior\ParseTemplateBehavior [ RunTime:0.019907s ]
INFO: [ view_parse ] --END-- [ RunTime:0.020075s ]
INFO: [ view_filter ] --START--
INFO: Run Behavior\WriteHtmlCacheBehavior [ RunTime:0.000429s ]
INFO: [ view_filter ] --END-- [ RunTime:0.000574s ]
INFO: [ app_end ] --START--
INFO: Run Behavior\ShowPageTraceBehavior [ RunTime:0.000736s ]
INFO: [ app_end ] --END-- [ RunTime:0.000881s ]

[ 2016-12-27T10:59:05+08:00 ] 127.0.0.1 /yitong/member.php?m=Member&c=publictrain&a=video&id=3
INFO: [ app_init ] --START--
INFO: Run Behavior\BuildLiteBehavior [ RunTime:0.000035s ]
INFO: [ app_init ] --END-- [ RunTime:0.000733s ]
INFO: [ app_begin ] --START--
INFO: Run Behavior\ReadHtmlCacheBehavior [ RunTime:0.001018s ]
INFO: [ app_begin ] --END-- [ RunTime:0.001164s ]
NOTIC: [8] Undefined index: HTTP_REFERER E:\wamp\www\yitong\Application\Member\Controller\BaseController.class.php Á¨¨ 25 Ë°å.
SQL: SHOW COLUMNS FROM `tbl_setting` [ RunTime:0.0028s ]
SQL: SELECT * FROM `tbl_setting` WHERE ( setting_key = "site_status" )  [ RunTime:0.0027s ]
SQL: SHOW COLUMNS FROM `tbl_member` [ RunTime:0.0074s ]
SQL: SELECT `thumb` FROM `tbl_member` WHERE ( id=648 ) LIMIT 1   [ RunTime:0.0031s ]
SQL: SHOW COLUMNS FROM `tbl_course` [ RunTime:0.0031s ]
SQL: SELECT * FROM `tbl_course` WHERE ( id=3 ) LIMIT 1   [ RunTime:0.0027s ]
SQL: SELECT `title`,`video_url`,`id` FROM `tbl_course` WHERE `id` = 3 LIMIT 1   [ RunTime:0.0037s ]
SQL: SHOW COLUMNS FROM `tbl_member_log` [ RunTime:0.0028s ]
SQL: SELECT `progress` FROM `tbl_member_log` WHERE ( member_id=648 and video_id=3 ) LIMIT 1   [ RunTime:0.0056s ]
SQL: SELECT `end` FROM `tbl_member_log` WHERE ( member_id=648 and video_id=3 ) LIMIT 1   [ RunTime:0.0019s ]
INFO: [ view_parse ] --START--
INFO: [ template_filter ] --START--
INFO: Run Behavior\ContentReplaceBehavior [ RunTime:0.000178s ]
INFO: [ template_filter ] --END-- [ RunTime:0.000350s ]
INFO: Run Behavior\ParseTemplateBehavior [ RunTime:0.029432s ]
INFO: [ view_parse ] --END-- [ RunTime:0.029643s ]
INFO: [ view_filter ] --START--
INFO: Run Behavior\WriteHtmlCacheBehavior [ RunTime:0.001213s ]
INFO: [ view_filter ] --END-- [ RunTime:0.001426s ]
INFO: [ app_end ] --START--
INFO: Run Behavior\ShowPageTraceBehavior [ RunTime:0.000990s ]
INFO: [ app_end ] --END-- [ RunTime:0.001137s ]

[ 2016-12-27T15:45:04+08:00 ] 127.0.0.1 /yitong/member.php
INFO: [ app_init ] --START--
INFO: Run Behavior\BuildLiteBehavior [ RunTime:0.000040s ]
INFO: [ app_init ] --END-- [ RunTime:0.000949s ]
INFO: [ app_begin ] --START--
INFO: Run Behavior\ReadHtmlCacheBehavior [ RunTime:0.001303s ]
INFO: [ app_begin ] --END-- [ RunTime:0.002296s ]
NOTIC: [8] Undefined index: HTTP_REFERER E:\wamp\www\yitong\Application\Member\Controller\BaseController.class.php Á¨¨ 25 Ë°å.
NOTIC: [2] PDO::__construct() [<a href='pdo.--construct'>pdo.--construct</a>]: [2002] ”…”⁄¡¨Ω”∑Ω‘⁄“ª∂Œ ±º‰∫Û√ª”–’˝»∑¥∏¥ªÚ¡¨Ω”µƒ÷˜ª˙√ª”–∑¥”¶£¨¡¨Ω”≥¢ ‘ ß∞‹°£
 (trying to connect via tcp://192.168.1.103:3306) E:\wamp\www\yitong\ThinkPHP\Library\Think\Db\Driver.class.php Á¨¨ 103 Ë°å.
ERR: SQLSTATE[HY000] [2002] ”…”⁄¡¨Ω”∑Ω‘⁄“ª∂Œ ±º‰∫Û√ª”–’˝»∑¥∏¥ªÚ¡¨Ω”µƒ÷˜ª˙√ª”–∑¥”¶£¨¡¨Ω”≥¢ ‘ ß∞‹°£


[ 2016-12-27T15:47:06+08:00 ] 127.0.0.1 /yitong/member.php
INFO: [ app_init ] --START--
INFO: Run Behavior\BuildLiteBehavior [ RunTime:0.000037s ]
INFO: [ app_init ] --END-- [ RunTime:0.000786s ]
INFO: [ app_begin ] --START--
INFO: Run Behavior\ReadHtmlCacheBehavior [ RunTime:0.001336s ]
INFO: [ app_begin ] --END-- [ RunTime:0.001815s ]
NOTIC: [8] Undefined index: HTTP_REFERER E:\wamp\www\yitong\Application\Member\Controller\BaseController.class.php Á¨¨ 25 Ë°å.
NOTIC: [2] PDO::__construct() [<a href='pdo.--construct'>pdo.--construct</a>]: [2002] ”…”⁄¡¨Ω”∑Ω‘⁄“ª∂Œ ±º‰∫Û√ª”–’˝»∑¥∏¥ªÚ¡¨Ω”µƒ÷˜ª˙√ª”–∑¥”¶£¨¡¨Ω”≥¢ ‘ ß∞‹°£
 (trying to connect via tcp://192.168.1.103:3306) E:\wamp\www\yitong\ThinkPHP\Library\Think\Db\Driver.class.php Á¨¨ 103 Ë°å.
ERR: SQLSTATE[HY000] [2002] ”…”⁄¡¨Ω”∑Ω‘⁄“ª∂Œ ±º‰∫Û√ª”–’˝»∑¥∏¥ªÚ¡¨Ω”µƒ÷˜ª˙√ª”–∑¥”¶£¨¡¨Ω”≥¢ ‘ ß∞‹°£


[ 2016-12-27T15:47:18+08:00 ] 127.0.0.1 /yitong/member.php
INFO: [ app_init ] --START--
INFO: Run Behavior\BuildLiteBehavior [ RunTime:0.000036s ]
INFO: [ app_init ] --END-- [ RunTime:0.000720s ]
INFO: [ app_begin ] --START--
INFO: Run Behavior\ReadHtmlCacheBehavior [ RunTime:0.000919s ]
INFO: [ app_begin ] --END-- [ RunTime:0.001089s ]
NOTIC: [8] Undefined index: HTTP_REFERER E:\wamp\www\yitong\Application\Member\Controller\BaseController.class.php Á¨¨ 25 Ë°å.
SQL: SHOW COLUMNS FROM `tbl_setting` [ RunTime:0.0028s ]
SQL: SELECT * FROM `tbl_setting` WHERE ( setting_key = "site_status" )  [ RunTime:0.0245s ]
SQL: SHOW COLUMNS FROM `tbl_member` [ RunTime:0.0253s ]
SQL: SELECT `thumb` FROM `tbl_member` WHERE ( id=648 ) LIMIT 1   [ RunTime:0.0058s ]
SQL: SELECT `name`,`level` FROM `tbl_member` WHERE `id` = 648 LIMIT 1   [ RunTime:0.0035s ]
SQL: SHOW COLUMNS FROM `tbl_member` [ RunTime:0.0043s ]
SQL: SELECT a.*,b.name as zy_name FROM tbl_member as a,tbl_specialty as b WHERE ( a.profession = b.id and a.id=648 ) LIMIT 1   [ RunTime:0.0043s ]
INFO: [ view_parse ] --START--
INFO: [ template_filter ] --START--
INFO: Run Behavior\ContentReplaceBehavior [ RunTime:0.000441s ]
INFO: [ template_filter ] --END-- [ RunTime:0.000729s ]
INFO: Run Behavior\ParseTemplateBehavior [ RunTime:0.044901s ]
INFO: [ view_parse ] --END-- [ RunTime:0.045204s ]
INFO: [ view_filter ] --START--
INFO: Run Behavior\WriteHtmlCacheBehavior [ RunTime:0.000433s ]
INFO: [ view_filter ] --END-- [ RunTime:0.000626s ]
INFO: [ app_end ] --START--
INFO: Run Behavior\ShowPageTraceBehavior [ RunTime:0.000777s ]
INFO: [ app_end ] --END-- [ RunTime:0.000912s ]

[ 2016-12-27T15:47:24+08:00 ] 127.0.0.1 /yitong/member.php?m=Member&c=Specialized&a=index
INFO: [ app_init ] --START--
INFO: Run Behavior\BuildLiteBehavior [ RunTime:0.000036s ]
INFO: [ app_init ] --END-- [ RunTime:0.000683s ]
INFO: [ app_begin ] --START--
INFO: Run Behavior\ReadHtmlCacheBehavior [ RunTime:0.000700s ]
INFO: [ app_begin ] --END-- [ RunTime:0.000854s ]
SQL: SHOW COLUMNS FROM `tbl_setting` [ RunTime:0.0029s ]
SQL: SELECT * FROM `tbl_setting` WHERE ( setting_key = "site_status" )  [ RunTime:0.0024s ]
SQL: SHOW COLUMNS FROM `tbl_member` [ RunTime:0.0040s ]
SQL: SELECT `thumb` FROM `tbl_member` WHERE ( id=648 ) LIMIT 1   [ RunTime:0.0150s ]
SQL: SELECT `hour`,`grade`,`level`,`profession` FROM `tbl_member` WHERE ( id = 648 ) LIMIT 1   [ RunTime:0.0080s ]
SQL: SELECT `setting_value` FROM `tbl_setting` WHERE ( setting_key='all_class_time' ) LIMIT 1   [ RunTime:0.0057s ]
SQL: SHOW COLUMNS FROM `tbl_grade` [ RunTime:0.0042s ]
SQL: SELECT `grade` FROM `tbl_grade` WHERE ( memberid=648 and year=2016 ) LIMIT 1   [ RunTime:0.0018s ]
SQL: SHOW COLUMNS FROM `tbl_course` [ RunTime:0.0122s ]
SQL: SELECT COUNT(*) AS tp_count FROM `tbl_course` WHERE ( specialty = 1 and grade = 1-1 and audit ='checked' and status='1' ) LIMIT 1   [ RunTime:0.0022s ]
SQL: SELECT `id`,`title`,`type`,`period` FROM `tbl_course` WHERE ( specialty = 1 and grade = 1-1 and audit ='checked' and status='1' ) ORDER BY add_time LIMIT 0,4   [ RunTime:0.0019s ]
SQL: SHOW COLUMNS FROM `tbl_member_log` [ RunTime:0.0026s ]
SQL: SELECT `end`,`progress` FROM `tbl_member_log` WHERE ( member_id = 648 and video_id = 4 ) LIMIT 1   [ RunTime:0.0147s ]
SQL: SELECT `end`,`progress` FROM `tbl_member_log` WHERE ( member_id = 648 and video_id = 3 ) LIMIT 1   [ RunTime:0.0016s ]
SQL: SELECT `end`,`progress` FROM `tbl_member_log` WHERE ( member_id = 648 and video_id = 22 ) LIMIT 1   [ RunTime:0.0032s ]
SQL: SELECT `end`,`progress` FROM `tbl_member_log` WHERE ( member_id = 648 and video_id = 23 ) LIMIT 1   [ RunTime:0.0042s ]
SQL: SELECT COUNT(*) AS tp_count FROM `tbl_course` WHERE ( specialty = 1 and grade =0 and audit ='checked' ) LIMIT 1   [ RunTime:0.0020s ]
SQL: SELECT COUNT(*) AS tp_count FROM `tbl_course` WHERE ( specialty = 1 and grade =1 and audit ='checked' ) LIMIT 1   [ RunTime:0.0018s ]
SQL: SELECT COUNT(*) AS tp_count FROM `tbl_course` WHERE ( specialty = 1 and grade =2 and audit ='checked' ) LIMIT 1   [ RunTime:0.0029s ]
INFO: [ view_parse ] --START--
INFO: [ template_filter ] --START--
INFO: Run Behavior\ContentReplaceBehavior [ RunTime:0.000179s ]
INFO: [ template_filter ] --END-- [ RunTime:0.000359s ]
INFO: Run Behavior\ParseTemplateBehavior [ RunTime:0.033332s ]
INFO: [ view_parse ] --END-- [ RunTime:0.033554s ]
INFO: [ view_filter ] --START--
INFO: Run Behavior\WriteHtmlCacheBehavior [ RunTime:0.000721s ]
INFO: [ view_filter ] --END-- [ RunTime:0.000902s ]
INFO: [ app_end ] --START--
INFO: Run Behavior\ShowPageTraceBehavior [ RunTime:0.000830s ]
INFO: [ app_end ] --END-- [ RunTime:0.000975s ]

[ 2016-12-27T15:47:30+08:00 ] 127.0.0.1 /yitong/member.php?m=Member&c=Specialized&a=play&id=4
INFO: [ app_init ] --START--
INFO: Run Behavior\BuildLiteBehavior [ RunTime:0.000037s ]
INFO: [ app_init ] --END-- [ RunTime:0.000641s ]
INFO: [ app_begin ] --START--
INFO: Run Behavior\ReadHtmlCacheBehavior [ RunTime:0.000714s ]
INFO: [ app_begin ] --END-- [ RunTime:0.000873s ]
SQL: SHOW COLUMNS FROM `tbl_setting` [ RunTime:0.0050s ]
SQL: SELECT * FROM `tbl_setting` WHERE ( setting_key = "site_status" )  [ RunTime:0.0037s ]
SQL: SHOW COLUMNS FROM `tbl_member` [ RunTime:0.0094s ]
SQL: SELECT `thumb` FROM `tbl_member` WHERE ( id=648 ) LIMIT 1   [ RunTime:0.0109s ]
SQL: SHOW COLUMNS FROM `tbl_course` [ RunTime:0.0058s ]
SQL: SELECT `title`,`video_url`,`id` FROM `tbl_course` WHERE `id` = 4 LIMIT 1   [ RunTime:0.0110s ]
SQL: SHOW COLUMNS FROM `tbl_member_log` [ RunTime:0.0052s ]
SQL: SELECT `progress` FROM `tbl_member_log` WHERE ( member_id=648 and video_id=4 ) LIMIT 1   [ RunTime:0.0028s ]
INFO: [ view_parse ] --START--
INFO: [ template_filter ] --START--
INFO: Run Behavior\ContentReplaceBehavior [ RunTime:0.000304s ]
INFO: [ template_filter ] --END-- [ RunTime:0.000620s ]
INFO: Run Behavior\ParseTemplateBehavior [ RunTime:0.039626s ]
INFO: [ view_parse ] --END-- [ RunTime:0.039912s ]
INFO: [ view_filter ] --START--
INFO: Run Behavior\WriteHtmlCacheBehavior [ RunTime:0.000764s ]
INFO: [ view_filter ] --END-- [ RunTime:0.000957s ]
INFO: [ app_end ] --START--
INFO: Run Behavior\ShowPageTraceBehavior [ RunTime:0.000767s ]
INFO: [ app_end ] --END-- [ RunTime:0.000906s ]

[ 2016-12-27T15:52:45+08:00 ] 127.0.0.1 /yitong/member.php?m=Member&c=Specialized&a=play&id=4
INFO: [ app_init ] --START--
INFO: Run Behavior\BuildLiteBehavior [ RunTime:0.000034s ]
INFO: [ app_init ] --END-- [ RunTime:0.000722s ]
INFO: [ app_begin ] --START--
INFO: Run Behavior\ReadHtmlCacheBehavior [ RunTime:0.001350s ]
INFO: [ app_begin ] --END-- [ RunTime:0.001526s ]
NOTIC: [8] Undefined index: HTTP_REFERER E:\wamp\www\yitong\Application\Member\Controller\BaseController.class.php Á¨¨ 25 Ë°å.
SQL: SHOW COLUMNS FROM `tbl_setting` [ RunTime:0.0034s ]
SQL: SELECT * FROM `tbl_setting` WHERE ( setting_key = "site_status" )  [ RunTime:0.0098s ]
SQL: SHOW COLUMNS FROM `tbl_member` [ RunTime:0.0071s ]
SQL: SELECT `thumb` FROM `tbl_member` WHERE ( id=648 ) LIMIT 1   [ RunTime:0.0021s ]
SQL: SHOW COLUMNS FROM `tbl_course` [ RunTime:0.0035s ]
SQL: SELECT `title`,`video_url`,`id` FROM `tbl_course` WHERE `id` = 4 LIMIT 1   [ RunTime:0.0069s ]
SQL: SHOW COLUMNS FROM `tbl_member_log` [ RunTime:0.0034s ]
SQL: SELECT `progress` FROM `tbl_member_log` WHERE ( member_id=648 and video_id=4 ) LIMIT 1   [ RunTime:0.0019s ]
INFO: [ view_parse ] --START--
INFO: [ template_filter ] --START--
INFO: Run Behavior\ContentReplaceBehavior [ RunTime:0.000170s ]
INFO: [ template_filter ] --END-- [ RunTime:0.000336s ]
INFO: Run Behavior\ParseTemplateBehavior [ RunTime:0.021298s ]
INFO: [ view_parse ] --END-- [ RunTime:0.021474s ]
INFO: [ view_filter ] --START--
INFO: Run Behavior\WriteHtmlCacheBehavior [ RunTime:0.000885s ]
INFO: [ view_filter ] --END-- [ RunTime:0.001021s ]
INFO: [ app_end ] --START--
INFO: Run Behavior\ShowPageTraceBehavior [ RunTime:0.000909s ]
INFO: [ app_end ] --END-- [ RunTime:0.001051s ]

[ 2016-12-27T15:52:50+08:00 ] 127.0.0.1 /yitong/member.php?m=Member&c=Specialized&a=index
INFO: [ app_init ] --START--
INFO: Run Behavior\BuildLiteBehavior [ RunTime:0.000036s ]
INFO: [ app_init ] --END-- [ RunTime:0.000779s ]
INFO: [ app_begin ] --START--
INFO: Run Behavior\ReadHtmlCacheBehavior [ RunTime:0.000838s ]
INFO: [ app_begin ] --END-- [ RunTime:0.001009s ]
SQL: SHOW COLUMNS FROM `tbl_setting` [ RunTime:0.0106s ]
SQL: SELECT * FROM `tbl_setting` WHERE ( setting_key = "site_status" )  [ RunTime:0.0039s ]
SQL: SHOW COLUMNS FROM `tbl_member` [ RunTime:0.0041s ]
SQL: SELECT `thumb` FROM `tbl_member` WHERE ( id=648 ) LIMIT 1   [ RunTime:0.0024s ]
SQL: SELECT `hour`,`grade`,`level`,`profession` FROM `tbl_member` WHERE ( id = 648 ) LIMIT 1   [ RunTime:0.0019s ]
SQL: SELECT `setting_value` FROM `tbl_setting` WHERE ( setting_key='all_class_time' ) LIMIT 1   [ RunTime:0.0030s ]
SQL: SHOW COLUMNS FROM `tbl_grade` [ RunTime:0.0039s ]
SQL: SELECT `grade` FROM `tbl_grade` WHERE ( memberid=648 and year=2016 ) LIMIT 1   [ RunTime:0.0065s ]
SQL: SHOW COLUMNS FROM `tbl_course` [ RunTime:0.0050s ]
SQL: SELECT COUNT(*) AS tp_count FROM `tbl_course` WHERE ( specialty = 1 and grade = 1-1 and audit ='checked' and status='1' ) LIMIT 1   [ RunTime:0.0021s ]
SQL: SELECT `id`,`title`,`type`,`period` FROM `tbl_course` WHERE ( specialty = 1 and grade = 1-1 and audit ='checked' and status='1' ) ORDER BY add_time LIMIT 0,4   [ RunTime:0.0027s ]
SQL: SHOW COLUMNS FROM `tbl_member_log` [ RunTime:0.0044s ]
SQL: SELECT `end`,`progress` FROM `tbl_member_log` WHERE ( member_id = 648 and video_id = 4 ) LIMIT 1   [ RunTime:0.0027s ]
SQL: SELECT `end`,`progress` FROM `tbl_member_log` WHERE ( member_id = 648 and video_id = 3 ) LIMIT 1   [ RunTime:0.0020s ]
SQL: SELECT `end`,`progress` FROM `tbl_member_log` WHERE ( member_id = 648 and video_id = 22 ) LIMIT 1   [ RunTime:0.0052s ]
SQL: SELECT `end`,`progress` FROM `tbl_member_log` WHERE ( member_id = 648 and video_id = 23 ) LIMIT 1   [ RunTime:0.0018s ]
SQL: SELECT COUNT(*) AS tp_count FROM `tbl_course` WHERE ( specialty = 1 and grade =0 and audit ='checked' ) LIMIT 1   [ RunTime:0.0020s ]
SQL: SELECT COUNT(*) AS tp_count FROM `tbl_course` WHERE ( specialty = 1 and grade =1 and audit ='checked' ) LIMIT 1   [ RunTime:0.0018s ]
SQL: SELECT COUNT(*) AS tp_count FROM `tbl_course` WHERE ( specialty = 1 and grade =2 and audit ='checked' ) LIMIT 1   [ RunTime:0.0039s ]
INFO: [ view_parse ] --START--
INFO: [ template_filter ] --START--
INFO: Run Behavior\ContentReplaceBehavior [ RunTime:0.000199s ]
INFO: [ template_filter ] --END-- [ RunTime:0.000385s ]
INFO: Run Behavior\ParseTemplateBehavior [ RunTime:0.033281s ]
INFO: [ view_parse ] --END-- [ RunTime:0.033478s ]
INFO: [ view_filter ] --START--
INFO: Run Behavior\WriteHtmlCacheBehavior [ RunTime:0.000850s ]
INFO: [ view_filter ] --END-- [ RunTime:0.001006s ]
INFO: [ app_end ] --START--
INFO: Run Behavior\ShowPageTraceBehavior [ RunTime:0.000801s ]
INFO: [ app_end ] --END-- [ RunTime:0.000950s ]

[ 2016-12-27T15:52:52+08:00 ] 127.0.0.1 /yitong/member.php?m=Member&c=Specialized&a=play&id=4
INFO: [ app_init ] --START--
INFO: Run Behavior\BuildLiteBehavior [ RunTime:0.000036s ]
INFO: [ app_init ] --END-- [ RunTime:0.000664s ]
INFO: [ app_begin ] --START--
INFO: Run Behavior\ReadHtmlCacheBehavior [ RunTime:0.000725s ]
INFO: [ app_begin ] --END-- [ RunTime:0.000880s ]
SQL: SHOW COLUMNS FROM `tbl_setting` [ RunTime:0.0105s ]
SQL: SELECT * FROM `tbl_setting` WHERE ( setting_key = "site_status" )  [ RunTime:0.0025s ]
SQL: SHOW COLUMNS FROM `tbl_member` [ RunTime:0.0039s ]
SQL: SELECT `thumb` FROM `tbl_member` WHERE ( id=648 ) LIMIT 1   [ RunTime:0.0021s ]
SQL: SHOW COLUMNS FROM `tbl_course` [ RunTime:0.0036s ]
SQL: SELECT `title`,`video_url`,`id` FROM `tbl_course` WHERE `id` = 4 LIMIT 1   [ RunTime:0.0023s ]
SQL: SHOW COLUMNS FROM `tbl_member_log` [ RunTime:0.0042s ]
SQL: SELECT `progress` FROM `tbl_member_log` WHERE ( member_id=648 and video_id=4 ) LIMIT 1   [ RunTime:0.0069s ]
INFO: [ view_parse ] --START--
INFO: [ template_filter ] --START--
INFO: Run Behavior\ContentReplaceBehavior [ RunTime:0.000193s ]
INFO: [ template_filter ] --END-- [ RunTime:0.000375s ]
INFO: Run Behavior\ParseTemplateBehavior [ RunTime:0.022317s ]
INFO: [ view_parse ] --END-- [ RunTime:0.022494s ]
INFO: [ view_filter ] --START--
INFO: Run Behavior\WriteHtmlCacheBehavior [ RunTime:0.000834s ]
INFO: [ view_filter ] --END-- [ RunTime:0.000976s ]
INFO: [ app_end ] --START--
INFO: Run Behavior\ShowPageTraceBehavior [ RunTime:0.000959s ]
INFO: [ app_end ] --END-- [ RunTime:0.001118s ]

[ 2016-12-27T15:53:55+08:00 ] 127.0.0.1 /yitong/member.php?m=Member&c=Specialized&a=play&id=4
INFO: [ app_init ] --START--
INFO: Run Behavior\BuildLiteBehavior [ RunTime:0.000050s ]
INFO: [ app_init ] --END-- [ RunTime:0.000744s ]
INFO: [ app_begin ] --START--
INFO: Run Behavior\ReadHtmlCacheBehavior [ RunTime:0.000749s ]
INFO: [ app_begin ] --END-- [ RunTime:0.000929s ]
NOTIC: [8] Undefined index: HTTP_REFERER E:\wamp\www\yitong\Application\Member\Controller\BaseController.class.php Á¨¨ 25 Ë°å.
SQL: SHOW COLUMNS FROM `tbl_setting` [ RunTime:0.0052s ]
SQL: SELECT * FROM `tbl_setting` WHERE ( setting_key = "site_status" )  [ RunTime:0.0022s ]
SQL: SHOW COLUMNS FROM `tbl_member` [ RunTime:0.0067s ]
SQL: SELECT `thumb` FROM `tbl_member` WHERE ( id=648 ) LIMIT 1   [ RunTime:0.0020s ]
SQL: SHOW COLUMNS FROM `tbl_course` [ RunTime:0.0048s ]
SQL: SELECT `title`,`video_url`,`id` FROM `tbl_course` WHERE `id` = 4 LIMIT 1   [ RunTime:0.0038s ]
SQL: SHOW COLUMNS FROM `tbl_member_log` [ RunTime:0.0035s ]
SQL: SELECT `progress` FROM `tbl_member_log` WHERE ( member_id=648 and video_id=4 ) LIMIT 1   [ RunTime:0.0081s ]
INFO: [ view_parse ] --START--
INFO: [ template_filter ] --START--
INFO: Run Behavior\ContentReplaceBehavior [ RunTime:0.000323s ]
INFO: [ template_filter ] --END-- [ RunTime:0.000586s ]
INFO: Run Behavior\ParseTemplateBehavior [ RunTime:0.032946s ]
INFO: [ view_parse ] --END-- [ RunTime:0.033223s ]
INFO: [ view_filter ] --START--
INFO: Run Behavior\WriteHtmlCacheBehavior [ RunTime:0.002214s ]
INFO: [ view_filter ] --END-- [ RunTime:0.002797s ]
INFO: [ app_end ] --START--
INFO: Run Behavior\ShowPageTraceBehavior [ RunTime:0.001436s ]
INFO: [ app_end ] --END-- [ RunTime:0.001683s ]

[ 2016-12-27T15:55:20+08:00 ] 127.0.0.1 /yitong/member.php?m=Member&c=Specialized&a=play&id=4
INFO: [ app_init ] --START--
INFO: Run Behavior\BuildLiteBehavior [ RunTime:0.000038s ]
INFO: [ app_init ] --END-- [ RunTime:0.000793s ]
INFO: [ app_begin ] --START--
INFO: Run Behavior\ReadHtmlCacheBehavior [ RunTime:0.001265s ]
INFO: [ app_begin ] --END-- [ RunTime:0.001496s ]
NOTIC: [8] Undefined index: HTTP_REFERER E:\wamp\www\yitong\Application\Member\Controller\BaseController.class.php Á¨¨ 25 Ë°å.
SQL: SHOW COLUMNS FROM `tbl_setting` [ RunTime:0.0040s ]
SQL: SELECT * FROM `tbl_setting` WHERE ( setting_key = "site_status" )  [ RunTime:0.0026s ]
SQL: SHOW COLUMNS FROM `tbl_member` [ RunTime:0.0107s ]
SQL: SELECT `thumb` FROM `tbl_member` WHERE ( id=648 ) LIMIT 1   [ RunTime:0.0031s ]
SQL: SHOW COLUMNS FROM `tbl_course` [ RunTime:0.0087s ]
SQL: SELECT `title`,`video_url`,`id` FROM `tbl_course` WHERE `id` = 4 LIMIT 1   [ RunTime:0.0029s ]
SQL: SHOW COLUMNS FROM `tbl_member_log` [ RunTime:0.0034s ]
SQL: SELECT `progress` FROM `tbl_member_log` WHERE ( member_id=648 and video_id=4 ) LIMIT 1   [ RunTime:0.0018s ]
INFO: [ view_parse ] --START--
INFO: [ template_filter ] --START--
INFO: Run Behavior\ContentReplaceBehavior [ RunTime:0.000174s ]
INFO: [ template_filter ] --END-- [ RunTime:0.000350s ]
INFO: Run Behavior\ParseTemplateBehavior [ RunTime:0.023042s ]
INFO: [ view_parse ] --END-- [ RunTime:0.023230s ]
INFO: [ view_filter ] --START--
INFO: Run Behavior\WriteHtmlCacheBehavior [ RunTime:0.001045s ]
INFO: [ view_filter ] --END-- [ RunTime:0.001189s ]
INFO: [ app_end ] --START--
INFO: Run Behavior\ShowPageTraceBehavior [ RunTime:0.001128s ]
INFO: [ app_end ] --END-- [ RunTime:0.001350s ]

[ 2016-12-27T15:57:22+08:00 ] 127.0.0.1 /yitong/member.php?m=Member&c=Specialized&a=play&id=4
INFO: [ app_init ] --START--
INFO: Run Behavior\BuildLiteBehavior [ RunTime:0.000037s ]
INFO: [ app_init ] --END-- [ RunTime:0.000764s ]
INFO: [ app_begin ] --START--
INFO: Run Behavior\ReadHtmlCacheBehavior [ RunTime:0.001037s ]
INFO: [ app_begin ] --END-- [ RunTime:0.001208s ]
NOTIC: [8] Undefined index: HTTP_REFERER E:\wamp\www\yitong\Application\Member\Controller\BaseController.class.php Á¨¨ 25 Ë°å.
SQL: SHOW COLUMNS FROM `tbl_setting` [ RunTime:0.0036s ]
SQL: SELECT * FROM `tbl_setting` WHERE ( setting_key = "site_status" )  [ RunTime:0.0045s ]
SQL: SHOW COLUMNS FROM `tbl_member` [ RunTime:0.0107s ]
SQL: SELECT `thumb` FROM `tbl_member` WHERE ( id=648 ) LIMIT 1   [ RunTime:0.0032s ]
SQL: SHOW COLUMNS FROM `tbl_course` [ RunTime:0.0033s ]
SQL: SELECT `title`,`video_url`,`id` FROM `tbl_course` WHERE `id` = 4 LIMIT 1   [ RunTime:0.0034s ]
SQL: SHOW COLUMNS FROM `tbl_member_log` [ RunTime:0.0089s ]
SQL: SELECT `progress` FROM `tbl_member_log` WHERE ( member_id=648 and video_id=4 ) LIMIT 1   [ RunTime:0.0022s ]
INFO: [ view_parse ] --START--
INFO: [ template_filter ] --START--
INFO: Run Behavior\ContentReplaceBehavior [ RunTime:0.000219s ]
INFO: [ template_filter ] --END-- [ RunTime:0.000433s ]
INFO: Run Behavior\ParseTemplateBehavior [ RunTime:0.028195s ]
INFO: [ view_parse ] --END-- [ RunTime:0.028404s ]
INFO: [ view_filter ] --START--
INFO: Run Behavior\WriteHtmlCacheBehavior [ RunTime:0.000797s ]
INFO: [ view_filter ] --END-- [ RunTime:0.001003s ]
INFO: [ app_end ] --START--
INFO: Run Behavior\ShowPageTraceBehavior [ RunTime:0.000956s ]
INFO: [ app_end ] --END-- [ RunTime:0.001100s ]

[ 2016-12-27T15:58:28+08:00 ] 127.0.0.1 /yitong/member.php?m=Member&c=Specialized&a=play&id=4
INFO: [ app_init ] --START--
INFO: Run Behavior\BuildLiteBehavior [ RunTime:0.000035s ]
INFO: [ app_init ] --END-- [ RunTime:0.000664s ]
INFO: [ app_begin ] --START--
INFO: Run Behavior\ReadHtmlCacheBehavior [ RunTime:0.000849s ]
INFO: [ app_begin ] --END-- [ RunTime:0.001029s ]
NOTIC: [8] Undefined index: HTTP_REFERER E:\wamp\www\yitong\Application\Member\Controller\BaseController.class.php Á¨¨ 25 Ë°å.
SQL: SHOW COLUMNS FROM `tbl_setting` [ RunTime:0.0033s ]
SQL: SELECT * FROM `tbl_setting` WHERE ( setting_key = "site_status" )  [ RunTime:0.0026s ]
SQL: SHOW COLUMNS FROM `tbl_member` [ RunTime:0.0044s ]
SQL: SELECT `thumb` FROM `tbl_member` WHERE ( id=648 ) LIMIT 1   [ RunTime:0.0018s ]
SQL: SHOW COLUMNS FROM `tbl_course` [ RunTime:0.0039s ]
SQL: SELECT `title`,`video_url`,`id` FROM `tbl_course` WHERE `id` = 4 LIMIT 1   [ RunTime:0.0033s ]
SQL: SHOW COLUMNS FROM `tbl_member_log` [ RunTime:0.0030s ]
SQL: SELECT `progress` FROM `tbl_member_log` WHERE ( member_id=648 and video_id=4 ) LIMIT 1   [ RunTime:0.0028s ]
INFO: [ view_parse ] --START--
INFO: [ template_filter ] --START--
INFO: Run Behavior\ContentReplaceBehavior [ RunTime:0.000356s ]
INFO: [ template_filter ] --END-- [ RunTime:0.000617s ]
INFO: Run Behavior\ParseTemplateBehavior [ RunTime:0.031906s ]
INFO: [ view_parse ] --END-- [ RunTime:0.032118s ]
INFO: [ view_filter ] --START--
INFO: Run Behavior\WriteHtmlCacheBehavior [ RunTime:0.000735s ]
INFO: [ view_filter ] --END-- [ RunTime:0.000868s ]
INFO: [ app_end ] --START--
INFO: Run Behavior\ShowPageTraceBehavior [ RunTime:0.000842s ]
INFO: [ app_end ] --END-- [ RunTime:0.000985s ]

[ 2016-12-27T16:00:05+08:00 ] 127.0.0.1 /yitong/member.php?m=Member&c=Publictrain&a=index
INFO: [ app_init ] --START--
INFO: Run Behavior\BuildLiteBehavior [ RunTime:0.000037s ]
INFO: [ app_init ] --END-- [ RunTime:0.000763s ]
INFO: [ app_begin ] --START--
INFO: Run Behavior\ReadHtmlCacheBehavior [ RunTime:0.001035s ]
INFO: [ app_begin ] --END-- [ RunTime:0.001192s ]
SQL: SHOW COLUMNS FROM `tbl_setting` [ RunTime:0.0035s ]
SQL: SELECT * FROM `tbl_setting` WHERE ( setting_key = "site_status" )  [ RunTime:0.0024s ]
SQL: SHOW COLUMNS FROM `tbl_member` [ RunTime:0.0036s ]
SQL: SELECT `thumb` FROM `tbl_member` WHERE ( id=648 ) LIMIT 1   [ RunTime:0.0022s ]
SQL: SHOW COLUMNS FROM `tbl_course` [ RunTime:0.0032s ]
SQL: SELECT * FROM `tbl_course` WHERE `type` = '1' AND `audit` = 'checked' AND `status` = '1'  [ RunTime:0.0024s ]
SQL: SHOW COLUMNS FROM `tbl_member_log` [ RunTime:0.0031s ]
SQL: SELECT `end` FROM `tbl_member_log` WHERE ( member_id = 648 and video_id = 3 ) LIMIT 1   [ RunTime:0.0033s ]
SQL: SELECT `end` FROM `tbl_member_log` WHERE ( member_id = 648 and video_id = 4 ) LIMIT 1   [ RunTime:0.0019s ]
SQL: SELECT `end` FROM `tbl_member_log` WHERE ( member_id = 648 and video_id = 5 ) LIMIT 1   [ RunTime:0.0223s ]
SQL: SELECT `end` FROM `tbl_member_log` WHERE ( member_id = 648 and video_id = 11 ) LIMIT 1   [ RunTime:0.0027s ]
INFO: [ view_parse ] --START--
INFO: [ template_filter ] --START--
INFO: Run Behavior\ContentReplaceBehavior [ RunTime:0.000270s ]
INFO: [ template_filter ] --END-- [ RunTime:0.000514s ]
INFO: Run Behavior\ParseTemplateBehavior [ RunTime:0.040788s ]
INFO: [ view_parse ] --END-- [ RunTime:0.041079s ]
INFO: [ view_filter ] --START--
INFO: Run Behavior\WriteHtmlCacheBehavior [ RunTime:0.001627s ]
INFO: [ view_filter ] --END-- [ RunTime:0.001947s ]
INFO: [ app_end ] --START--
INFO: Run Behavior\ShowPageTraceBehavior [ RunTime:0.001176s ]
INFO: [ app_end ] --END-- [ RunTime:0.001367s ]

[ 2016-12-27T16:00:08+08:00 ] 127.0.0.1 /yitong/member.php?m=Member&c=publictrain&a=video&id=3
INFO: [ app_init ] --START--
INFO: Run Behavior\BuildLiteBehavior [ RunTime:0.000041s ]
INFO: [ app_init ] --END-- [ RunTime:0.000698s ]
INFO: [ app_begin ] --START--
INFO: Run Behavior\ReadHtmlCacheBehavior [ RunTime:0.000860s ]
INFO: [ app_begin ] --END-- [ RunTime:0.001055s ]
SQL: SHOW COLUMNS FROM `tbl_setting` [ RunTime:0.0030s ]
SQL: SELECT * FROM `tbl_setting` WHERE ( setting_key = "site_status" )  [ RunTime:0.0020s ]
SQL: SHOW COLUMNS FROM `tbl_member` [ RunTime:0.0046s ]
SQL: SELECT `thumb` FROM `tbl_member` WHERE ( id=648 ) LIMIT 1   [ RunTime:0.0020s ]
SQL: SHOW COLUMNS FROM `tbl_course` [ RunTime:0.0036s ]
SQL: SELECT * FROM `tbl_course` WHERE ( id=3 ) LIMIT 1   [ RunTime:0.0023s ]
SQL: SELECT `title`,`video_url`,`id` FROM `tbl_course` WHERE `id` = 3 LIMIT 1   [ RunTime:0.0018s ]
SQL: SHOW COLUMNS FROM `tbl_member_log` [ RunTime:0.0028s ]
SQL: SELECT `progress` FROM `tbl_member_log` WHERE ( member_id=648 and video_id=3 ) LIMIT 1   [ RunTime:0.0023s ]
SQL: SELECT `end` FROM `tbl_member_log` WHERE ( member_id=648 and video_id=3 ) LIMIT 1   [ RunTime:0.0019s ]
INFO: [ view_parse ] --START--
INFO: [ template_filter ] --START--
INFO: Run Behavior\ContentReplaceBehavior [ RunTime:0.000269s ]
INFO: [ template_filter ] --END-- [ RunTime:0.000556s ]
INFO: Run Behavior\ParseTemplateBehavior [ RunTime:0.086836s ]
INFO: [ view_parse ] --END-- [ RunTime:0.087025s ]
INFO: [ view_filter ] --START--
INFO: Run Behavior\WriteHtmlCacheBehavior [ RunTime:0.000687s ]
INFO: [ view_filter ] --END-- [ RunTime:0.000822s ]
INFO: [ app_end ] --START--
INFO: Run Behavior\ShowPageTraceBehavior [ RunTime:0.000697s ]
INFO: [ app_end ] --END-- [ RunTime:0.000835s ]

[ 2016-12-27T16:04:39+08:00 ] 127.0.0.1 /yitong/member.php?m=Member&c=Specialized&a=index
INFO: [ app_init ] --START--
INFO: Run Behavior\BuildLiteBehavior [ RunTime:0.000037s ]
INFO: [ app_init ] --END-- [ RunTime:0.000855s ]
INFO: [ app_begin ] --START--
INFO: Run Behavior\ReadHtmlCacheBehavior [ RunTime:0.001601s ]
INFO: [ app_begin ] --END-- [ RunTime:0.001913s ]
SQL: SHOW COLUMNS FROM `tbl_setting` [ RunTime:0.0422s ]
SQL: SELECT * FROM `tbl_setting` WHERE ( setting_key = "site_status" )  [ RunTime:0.0283s ]
SQL: SHOW COLUMNS FROM `tbl_member` [ RunTime:0.0136s ]
SQL: SELECT `thumb` FROM `tbl_member` WHERE ( id=648 ) LIMIT 1   [ RunTime:0.0163s ]
SQL: SELECT `hour`,`grade`,`level`,`profession` FROM `tbl_member` WHERE ( id = 648 ) LIMIT 1   [ RunTime:0.0025s ]
SQL: SELECT `setting_value` FROM `tbl_setting` WHERE ( setting_key='all_class_time' ) LIMIT 1   [ RunTime:0.0225s ]
SQL: SHOW COLUMNS FROM `tbl_grade` [ RunTime:0.0176s ]
SQL: SELECT `grade` FROM `tbl_grade` WHERE ( memberid=648 and year=2016 ) LIMIT 1   [ RunTime:0.0037s ]
SQL: SHOW COLUMNS FROM `tbl_course` [ RunTime:0.0077s ]
SQL: SELECT COUNT(*) AS tp_count FROM `tbl_course` WHERE ( specialty = 1 and grade = 1-1 and audit ='checked' and status='1' ) LIMIT 1   [ RunTime:0.0058s ]
SQL: SELECT `id`,`title`,`type`,`period` FROM `tbl_course` WHERE ( specialty = 1 and grade = 1-1 and audit ='checked' and status='1' ) ORDER BY add_time LIMIT 0,4   [ RunTime:0.0030s ]
SQL: SHOW COLUMNS FROM `tbl_member_log` [ RunTime:0.0060s ]
SQL: SELECT `end`,`progress` FROM `tbl_member_log` WHERE ( member_id = 648 and video_id = 4 ) LIMIT 1   [ RunTime:0.0196s ]
SQL: SELECT `end`,`progress` FROM `tbl_member_log` WHERE ( member_id = 648 and video_id = 3 ) LIMIT 1   [ RunTime:0.0067s ]
SQL: SELECT `end`,`progress` FROM `tbl_member_log` WHERE ( member_id = 648 and video_id = 22 ) LIMIT 1   [ RunTime:0.0049s ]
SQL: SELECT `end`,`progress` FROM `tbl_member_log` WHERE ( member_id = 648 and video_id = 23 ) LIMIT 1   [ RunTime:0.0044s ]
SQL: SELECT COUNT(*) AS tp_count FROM `tbl_course` WHERE ( specialty = 1 and grade =0 and audit ='checked' ) LIMIT 1   [ RunTime:0.0092s ]
SQL: SELECT COUNT(*) AS tp_count FROM `tbl_course` WHERE ( specialty = 1 and grade =1 and audit ='checked' ) LIMIT 1   [ RunTime:0.0083s ]
SQL: SELECT COUNT(*) AS tp_count FROM `tbl_course` WHERE ( specialty = 1 and grade =2 and audit ='checked' ) LIMIT 1   [ RunTime:0.0193s ]
INFO: [ view_parse ] --START--
INFO: [ template_filter ] --START--
INFO: Run Behavior\ContentReplaceBehavior [ RunTime:0.000179s ]
INFO: [ template_filter ] --END-- [ RunTime:0.000352s ]
INFO: Run Behavior\ParseTemplateBehavior [ RunTime:0.030412s ]
INFO: [ view_parse ] --END-- [ RunTime:0.030588s ]
INFO: [ view_filter ] --START--
INFO: Run Behavior\WriteHtmlCacheBehavior [ RunTime:0.000932s ]
INFO: [ view_filter ] --END-- [ RunTime:0.001085s ]
INFO: [ app_end ] --START--
INFO: Run Behavior\ShowPageTraceBehavior [ RunTime:0.001323s ]
INFO: [ app_end ] --END-- [ RunTime:0.001519s ]

[ 2016-12-27T16:04:41+08:00 ] 127.0.0.1 /yitong/member.php?m=Member&c=Specialized&a=index
INFO: [ app_init ] --START--
INFO: Run Behavior\BuildLiteBehavior [ RunTime:0.000038s ]
INFO: [ app_init ] --END-- [ RunTime:0.000904s ]
INFO: [ app_begin ] --START--
INFO: Run Behavior\ReadHtmlCacheBehavior [ RunTime:0.000796s ]
INFO: [ app_begin ] --END-- [ RunTime:0.000975s ]
NOTIC: [8] Undefined index: HTTP_REFERER E:\wamp\www\yitong\Application\Member\Controller\BaseController.class.php Á¨¨ 25 Ë°å.
SQL: SHOW COLUMNS FROM `tbl_setting` [ RunTime:0.0210s ]
SQL: SELECT * FROM `tbl_setting` WHERE ( setting_key = "site_status" )  [ RunTime:0.0078s ]
SQL: SHOW COLUMNS FROM `tbl_member` [ RunTime:0.0164s ]
SQL: SELECT `thumb` FROM `tbl_member` WHERE ( id=648 ) LIMIT 1   [ RunTime:0.0098s ]
SQL: SELECT `hour`,`grade`,`level`,`profession` FROM `tbl_member` WHERE ( id = 648 ) LIMIT 1   [ RunTime:0.0092s ]
SQL: SELECT `setting_value` FROM `tbl_setting` WHERE ( setting_key='all_class_time' ) LIMIT 1   [ RunTime:0.0128s ]
SQL: SHOW COLUMNS FROM `tbl_grade` [ RunTime:0.0064s ]
SQL: SELECT `grade` FROM `tbl_grade` WHERE ( memberid=648 and year=2016 ) LIMIT 1   [ RunTime:0.0020s ]
SQL: SHOW COLUMNS FROM `tbl_course` [ RunTime:0.0098s ]
SQL: SELECT COUNT(*) AS tp_count FROM `tbl_course` WHERE ( specialty = 1 and grade = 1-1 and audit ='checked' and status='1' ) LIMIT 1   [ RunTime:0.0032s ]
SQL: SELECT `id`,`title`,`type`,`period` FROM `tbl_course` WHERE ( specialty = 1 and grade = 1-1 and audit ='checked' and status='1' ) ORDER BY add_time LIMIT 0,4   [ RunTime:0.0688s ]
SQL: SHOW COLUMNS FROM `tbl_member_log` [ RunTime:0.0049s ]
SQL: SELECT `end`,`progress` FROM `tbl_member_log` WHERE ( member_id = 648 and video_id = 4 ) LIMIT 1   [ RunTime:0.0027s ]
SQL: SELECT `end`,`progress` FROM `tbl_member_log` WHERE ( member_id = 648 and video_id = 3 ) LIMIT 1   [ RunTime:0.0045s ]
SQL: SELECT `end`,`progress` FROM `tbl_member_log` WHERE ( member_id = 648 and video_id = 22 ) LIMIT 1   [ RunTime:0.0072s ]
SQL: SELECT `end`,`progress` FROM `tbl_member_log` WHERE ( member_id = 648 and video_id = 23 ) LIMIT 1   [ RunTime:0.0022s ]
SQL: SELECT COUNT(*) AS tp_count FROM `tbl_course` WHERE ( specialty = 1 and grade =0 and audit ='checked' ) LIMIT 1   [ RunTime:0.0035s ]
SQL: SELECT COUNT(*) AS tp_count FROM `tbl_course` WHERE ( specialty = 1 and grade =1 and audit ='checked' ) LIMIT 1   [ RunTime:0.0112s ]
SQL: SELECT COUNT(*) AS tp_count FROM `tbl_course` WHERE ( specialty = 1 and grade =2 and audit ='checked' ) LIMIT 1   [ RunTime:0.0062s ]
INFO: [ view_parse ] --START--
INFO: [ template_filter ] --START--
INFO: Run Behavior\ContentReplaceBehavior [ RunTime:0.000286s ]
INFO: [ template_filter ] --END-- [ RunTime:0.000484s ]
INFO: Run Behavior\ParseTemplateBehavior [ RunTime:0.033689s ]
INFO: [ view_parse ] --END-- [ RunTime:0.033879s ]
INFO: [ view_filter ] --START--
INFO: Run Behavior\WriteHtmlCacheBehavior [ RunTime:0.000795s ]
INFO: [ view_filter ] --END-- [ RunTime:0.000978s ]
INFO: [ app_end ] --START--
INFO: Run Behavior\ShowPageTraceBehavior [ RunTime:0.000687s ]
INFO: [ app_end ] --END-- [ RunTime:0.000874s ]

[ 2016-12-27T16:07:56+08:00 ] 127.0.0.1 /yitong/member.php?m=Member&c=Specialized&a=play&id=4
INFO: [ app_init ] --START--
INFO: Run Behavior\BuildLiteBehavior [ RunTime:0.000038s ]
INFO: [ app_init ] --END-- [ RunTime:0.000776s ]
INFO: [ app_begin ] --START--
INFO: Run Behavior\ReadHtmlCacheBehavior [ RunTime:0.001379s ]
INFO: [ app_begin ] --END-- [ RunTime:0.001560s ]
SQL: SHOW COLUMNS FROM `tbl_setting` [ RunTime:0.0069s ]
SQL: SELECT * FROM `tbl_setting` WHERE ( setting_key = "site_status" )  [ RunTime:0.0058s ]
SQL: SHOW COLUMNS FROM `tbl_member` [ RunTime:0.0052s ]
SQL: SELECT `thumb` FROM `tbl_member` WHERE ( id=648 ) LIMIT 1   [ RunTime:0.0043s ]
SQL: SHOW COLUMNS FROM `tbl_course` [ RunTime:0.0058s ]
SQL: SELECT `title`,`video_url`,`id` FROM `tbl_course` WHERE `id` = 4 LIMIT 1   [ RunTime:0.0041s ]
SQL: SHOW COLUMNS FROM `tbl_member_log` [ RunTime:0.0043s ]
SQL: SELECT `progress` FROM `tbl_member_log` WHERE ( member_id=648 and video_id=4 ) LIMIT 1   [ RunTime:0.0081s ]
INFO: [ view_parse ] --START--
INFO: [ template_filter ] --START--
INFO: Run Behavior\ContentReplaceBehavior [ RunTime:0.000175s ]
INFO: [ template_filter ] --END-- [ RunTime:0.000352s ]
INFO: Run Behavior\ParseTemplateBehavior [ RunTime:0.021665s ]
INFO: [ view_parse ] --END-- [ RunTime:0.021846s ]
INFO: [ view_filter ] --START--
INFO: Run Behavior\WriteHtmlCacheBehavior [ RunTime:0.001104s ]
INFO: [ view_filter ] --END-- [ RunTime:0.001317s ]
INFO: [ app_end ] --START--
INFO: Run Behavior\ShowPageTraceBehavior [ RunTime:0.001353s ]
INFO: [ app_end ] --END-- [ RunTime:0.001509s ]

