[ 2016-12-19T18:19:56+08:00 ] 127.0.0.1 /yitong/member.php?m=member&c=index&a=jqueryFileUpload
INFO: [ app_begin ] --START--
INFO: Run Behavior\ReadHtmlCacheBehavior [ RunTime:0.001164s ]
INFO: [ app_begin ] --END-- [ RunTime:0.002308s ]
SQL: SHOW COLUMNS FROM `tbl_setting` [ RunTime:0.0398s ]
SQL: SELECT * FROM `tbl_setting` WHERE ( setting_key = "site_status" )  [ RunTime:0.0091s ]
NOTIC: [8] Undefined index: _method E:\wamp\www\yitong\Application\Common\Util\UploadHandler.class.php 第 1144 行.
NOTIC: [8] Undefined index: HTTP_CONTENT_DISPOSITION E:\wamp\www\yitong\Application\Common\Util\UploadHandler.class.php 第 1148 行.
NOTIC: [8] Undefined index: HTTP_CONTENT_RANGE E:\wamp\www\yitong\Application\Common\Util\UploadHandler.class.php 第 1148 行.
NOTIC: [8] Undefined index:  E:\wamp\www\yitong\Application\Common\Util\UploadHandler.class.php 第 417 行.
NOTIC: [8] Undefined index: upload_dir E:\wamp\www\yitong\Application\Common\Util\UploadHandler.class.php 第 226 行.
NOTIC: [8] Undefined index: upload_url E:\wamp\www\yitong\Application\Common\Util\UploadHandler.class.php 第 254 行.
NOTIC: [8] Undefined index: redirect E:\wamp\www\yitong\Application\Common\Util\UploadHandler.class.php 第 1140 行.
NOTIC: [8] Undefined index: HTTP_CONTENT_RANGE E:\wamp\www\yitong\Application\Common\Util\UploadHandler.class.php 第 1148 行.
INFO: [ app_end ] --START--
INFO: Run Behavior\ShowPageTraceBehavior [ RunTime:0.001438s ]
INFO: [ app_end ] --END-- [ RunTime:0.001635s ]

[ 2016-12-19T18:20:22+08:00 ] 127.0.0.1 /yitong/member.php?m=member&c=index&a=jqueryFileUpload
INFO: [ app_begin ] --START--
INFO: Run Behavior\ReadHtmlCacheBehavior [ RunTime:0.001408s ]
INFO: [ app_begin ] --END-- [ RunTime:0.002265s ]
SQL: SHOW COLUMNS FROM `tbl_setting` [ RunTime:0.0029s ]
SQL: SELECT * FROM `tbl_setting` WHERE ( setting_key = "site_status" )  [ RunTime:0.0022s ]
NOTIC: [8] Undefined index: _method E:\wamp\www\yitong\Application\Common\Util\UploadHandler.class.php 第 1144 行.
NOTIC: [8] Undefined index: HTTP_CONTENT_DISPOSITION E:\wamp\www\yitong\Application\Common\Util\UploadHandler.class.php 第 1148 行.
NOTIC: [8] Undefined index: HTTP_CONTENT_RANGE E:\wamp\www\yitong\Application\Common\Util\UploadHandler.class.php 第 1148 行.
NOTIC: [8] Undefined index:  E:\wamp\www\yitong\Application\Common\Util\UploadHandler.class.php 第 417 行.
NOTIC: [8] Undefined index: upload_dir E:\wamp\www\yitong\Application\Common\Util\UploadHandler.class.php 第 226 行.
NOTIC: [8] Undefined index: upload_url E:\wamp\www\yitong\Application\Common\Util\UploadHandler.class.php 第 254 行.
NOTIC: [8] Undefined index: redirect E:\wamp\www\yitong\Application\Common\Util\UploadHandler.class.php 第 1140 行.
NOTIC: [8] Undefined index: HTTP_CONTENT_RANGE E:\wamp\www\yitong\Application\Common\Util\UploadHandler.class.php 第 1148 行.
INFO: [ app_end ] --START--
INFO: Run Behavior\ShowPageTraceBehavior [ RunTime:0.001432s ]
INFO: [ app_end ] --END-- [ RunTime:0.001576s ]

[ 2016-12-19T18:20:48+08:00 ] 127.0.0.1 /yitong/member.php?m=member&c=index&a=jqueryFileUpload
INFO: [ app_begin ] --START--
INFO: Run Behavior\ReadHtmlCacheBehavior [ RunTime:0.001359s ]
INFO: [ app_begin ] --END-- [ RunTime:0.002176s ]
SQL: SHOW COLUMNS FROM `tbl_setting` [ RunTime:0.0045s ]
SQL: SELECT * FROM `tbl_setting` WHERE ( setting_key = "site_status" )  [ RunTime:0.0019s ]
NOTIC: [8] Undefined index: _method E:\wamp\www\yitong\Application\Common\Util\UploadHandler.class.php 第 1144 行.
NOTIC: [8] Undefined index: HTTP_CONTENT_DISPOSITION E:\wamp\www\yitong\Application\Common\Util\UploadHandler.class.php 第 1148 行.
NOTIC: [8] Undefined index: HTTP_CONTENT_RANGE E:\wamp\www\yitong\Application\Common\Util\UploadHandler.class.php 第 1148 行.
NOTIC: [8] Undefined index:  E:\wamp\www\yitong\Application\Common\Util\UploadHandler.class.php 第 417 行.
NOTIC: [8] Undefined index: upload_dir E:\wamp\www\yitong\Application\Common\Util\UploadHandler.class.php 第 226 行.
NOTIC: [8] Undefined index: upload_url E:\wamp\www\yitong\Application\Common\Util\UploadHandler.class.php 第 254 行.
NOTIC: [8] Undefined index: redirect E:\wamp\www\yitong\Application\Common\Util\UploadHandler.class.php 第 1140 行.
NOTIC: [8] Undefined index: HTTP_CONTENT_RANGE E:\wamp\www\yitong\Application\Common\Util\UploadHandler.class.php 第 1148 行.
INFO: [ app_end ] --START--
INFO: Run Behavior\ShowPageTraceBehavior [ RunTime:0.001521s ]
INFO: [ app_end ] --END-- [ RunTime:0.001692s ]

