[ 2016-12-28T08:59:24+08:00 ] 127.0.0.1 /yitong/member.php
INFO: [ app_init ] --START--
INFO: Run Behavior\BuildLiteBehavior [ RunTime:0.000038s ]
INFO: [ app_init ] --END-- [ RunTime:0.000784s ]
INFO: [ app_begin ] --START--
INFO: Run Behavior\ReadHtmlCacheBehavior [ RunTime:0.001176s ]
INFO: [ app_begin ] --END-- [ RunTime:0.001356s ]
NOTIC: [8] Undefined index: HTTP_REFERER E:\wamp\www\yitong\Application\Member\Controller\BaseController.class.php 第 25 行.

[ 2016-12-28T08:59:24+08:00 ] 127.0.0.1 /yitong/member.php?m=Member&c=auth&a=login
INFO: [ app_init ] --START--
INFO: Run Behavior\BuildLiteBehavior [ RunTime:0.000037s ]
INFO: [ app_init ] --END-- [ RunTime:0.000719s ]
INFO: [ app_begin ] --START--
INFO: Run Behavior\ReadHtmlCacheBehavior [ RunTime:0.000814s ]
INFO: [ app_begin ] --END-- [ RunTime:0.001001s ]
INFO: [ view_parse ] --START--
INFO: [ template_filter ] --START--
INFO: Run Behavior\ContentReplaceBehavior [ RunTime:0.000121s ]
INFO: [ template_filter ] --END-- [ RunTime:0.000296s ]
NOTIC: [8] Undefined variable: title E:\wamp\www\yitong\Application\Runtime\Cache\Member\7a7285bd4959836186630dd67faf7162.php 第 5 行.
NOTIC: [8] Undefined variable: error E:\wamp\www\yitong\Application\Runtime\Cache\Member\7a7285bd4959836186630dd67faf7162.php 第 107 行.
NOTIC: [8] Undefined variable: ref E:\wamp\www\yitong\Application\Runtime\Cache\Member\7a7285bd4959836186630dd67faf7162.php 第 136 行.
INFO: Run Behavior\ParseTemplateBehavior [ RunTime:0.022123s ]
INFO: [ view_parse ] --END-- [ RunTime:0.022337s ]
INFO: [ view_filter ] --START--
INFO: Run Behavior\WriteHtmlCacheBehavior [ RunTime:0.000788s ]
INFO: [ view_filter ] --END-- [ RunTime:0.000933s ]
INFO: [ app_end ] --START--
INFO: Run Behavior\ShowPageTraceBehavior [ RunTime:0.000989s ]
INFO: [ app_end ] --END-- [ RunTime:0.001136s ]

[ 2016-12-28T08:59:25+08:00 ] 127.0.0.1 /yitong/member.php?m=Member&c=auth&a=verify
INFO: [ app_init ] --START--
INFO: Run Behavior\BuildLiteBehavior [ RunTime:0.000038s ]
INFO: [ app_init ] --END-- [ RunTime:0.000795s ]
INFO: [ app_begin ] --START--
INFO: Run Behavior\ReadHtmlCacheBehavior [ RunTime:0.001268s ]
INFO: [ app_begin ] --END-- [ RunTime:0.001455s ]
INFO: [ app_end ] --START--
INFO: Run Behavior\ShowPageTraceBehavior [ RunTime:0.001332s ]
INFO: [ app_end ] --END-- [ RunTime:0.001522s ]

[ 2016-12-28T09:51:31+08:00 ] 127.0.0.1 /yitong/member.php
INFO: [ app_init ] --START--
INFO: Run Behavior\BuildLiteBehavior [ RunTime:0.000037s ]
INFO: [ app_init ] --END-- [ RunTime:0.001218s ]
INFO: [ app_begin ] --START--
INFO: Run Behavior\ReadHtmlCacheBehavior [ RunTime:0.002958s ]
INFO: [ app_begin ] --END-- [ RunTime:0.003132s ]
NOTIC: [8] Undefined index: HTTP_REFERER E:\wamp\www\yitong\Application\Member\Controller\BaseController.class.php 第 25 行.

[ 2016-12-28T09:51:31+08:00 ] 127.0.0.1 /yitong/member.php?m=Member&c=auth&a=login
INFO: [ app_init ] --START--
INFO: Run Behavior\BuildLiteBehavior [ RunTime:0.000039s ]
INFO: [ app_init ] --END-- [ RunTime:0.001377s ]
INFO: [ app_begin ] --START--
INFO: Run Behavior\ReadHtmlCacheBehavior [ RunTime:0.003191s ]
INFO: [ app_begin ] --END-- [ RunTime:0.003399s ]
INFO: [ view_parse ] --START--
INFO: [ template_filter ] --START--
INFO: Run Behavior\ContentReplaceBehavior [ RunTime:0.000119s ]
INFO: [ template_filter ] --END-- [ RunTime:0.000306s ]
NOTIC: [8] Undefined variable: title E:\wamp\www\yitong\Application\Runtime\Cache\Member\7a7285bd4959836186630dd67faf7162.php 第 5 行.
NOTIC: [8] Undefined variable: error E:\wamp\www\yitong\Application\Runtime\Cache\Member\7a7285bd4959836186630dd67faf7162.php 第 107 行.
NOTIC: [8] Undefined variable: ref E:\wamp\www\yitong\Application\Runtime\Cache\Member\7a7285bd4959836186630dd67faf7162.php 第 136 行.
INFO: Run Behavior\ParseTemplateBehavior [ RunTime:0.023732s ]
INFO: [ view_parse ] --END-- [ RunTime:0.023959s ]
INFO: [ view_filter ] --START--
INFO: Run Behavior\WriteHtmlCacheBehavior [ RunTime:0.004168s ]
INFO: [ view_filter ] --END-- [ RunTime:0.004432s ]
INFO: [ app_end ] --START--
INFO: Run Behavior\ShowPageTraceBehavior [ RunTime:0.003595s ]
INFO: [ app_end ] --END-- [ RunTime:0.003793s ]

[ 2016-12-28T09:51:31+08:00 ] 127.0.0.1 /yitong/member.php?m=Member&c=auth&a=verify
INFO: [ app_init ] --START--
INFO: Run Behavior\BuildLiteBehavior [ RunTime:0.000054s ]
INFO: [ app_init ] --END-- [ RunTime:0.001674s ]
INFO: [ app_begin ] --START--
INFO: Run Behavior\ReadHtmlCacheBehavior [ RunTime:0.003042s ]
INFO: [ app_begin ] --END-- [ RunTime:0.003240s ]
INFO: [ app_end ] --START--
INFO: Run Behavior\ShowPageTraceBehavior [ RunTime:0.004590s ]
INFO: [ app_end ] --END-- [ RunTime:0.004889s ]

[ 2016-12-28T09:51:45+08:00 ] 127.0.0.1 /yitong/member.php?m=Member&c=auth&a=login
INFO: [ app_init ] --START--
INFO: Run Behavior\BuildLiteBehavior [ RunTime:0.000035s ]
INFO: [ app_init ] --END-- [ RunTime:0.001199s ]
INFO: [ app_begin ] --START--
INFO: Run Behavior\ReadHtmlCacheBehavior [ RunTime:0.003482s ]
INFO: [ app_begin ] --END-- [ RunTime:0.003738s ]
SQL: SHOW COLUMNS FROM `tbl_setting` [ RunTime:0.0190s ]
SQL: SELECT `setting_value` FROM `tbl_setting` WHERE `id` = 5 LIMIT 1   [ RunTime:0.0020s ]
SQL: SHOW COLUMNS FROM `tbl_member` [ RunTime:0.0043s ]
SQL: SELECT * FROM `tbl_member` WHERE ( identity='8888888888' ) LIMIT 1   [ RunTime:0.0042s ]
SQL: SELECT `status` FROM `tbl_member` WHERE ( identity='8888888888' ) LIMIT 1   [ RunTime:0.0041s ]
INFO: [ view_parse ] --START--
INFO: [ template_filter ] --START--
INFO: Run Behavior\ContentReplaceBehavior [ RunTime:0.000123s ]
INFO: [ template_filter ] --END-- [ RunTime:0.000289s ]
NOTIC: [8] Undefined variable: title E:\wamp\www\yitong\Application\Runtime\Cache\Member\7a7285bd4959836186630dd67faf7162.php 第 5 行.
NOTIC: [8] Undefined variable: ref E:\wamp\www\yitong\Application\Runtime\Cache\Member\7a7285bd4959836186630dd67faf7162.php 第 136 行.
INFO: Run Behavior\ParseTemplateBehavior [ RunTime:0.021446s ]
INFO: [ view_parse ] --END-- [ RunTime:0.021619s ]
INFO: [ view_filter ] --START--
INFO: Run Behavior\WriteHtmlCacheBehavior [ RunTime:0.003215s ]
INFO: [ view_filter ] --END-- [ RunTime:0.003388s ]

[ 2016-12-28T09:51:46+08:00 ] 127.0.0.1 /yitong/member.php?m=Member&c=auth&a=verify
INFO: [ app_init ] --START--
INFO: Run Behavior\BuildLiteBehavior [ RunTime:0.000037s ]
INFO: [ app_init ] --END-- [ RunTime:0.001232s ]
INFO: [ app_begin ] --START--
INFO: Run Behavior\ReadHtmlCacheBehavior [ RunTime:0.003022s ]
INFO: [ app_begin ] --END-- [ RunTime:0.003212s ]
INFO: [ app_end ] --START--
INFO: Run Behavior\ShowPageTraceBehavior [ RunTime:0.003510s ]
INFO: [ app_end ] --END-- [ RunTime:0.003736s ]

