[ 2016-12-20T10:45:10+08:00 ] 127.0.0.1 /yitong/member.php?m=member&c=index&a=jqueryFileUpload
INFO: [ app_begin ] --START--
INFO: Run Behavior\ReadHtmlCacheBehavior [ RunTime:0.001511s ]
INFO: [ app_begin ] --END-- [ RunTime:0.002331s ]
SQL: SHOW COLUMNS FROM `tbl_setting` [ RunTime:0.0043s ]
SQL: SELECT * FROM `tbl_setting` WHERE ( setting_key = "site_status" )  [ RunTime:0.0020s ]
NOTIC: [8] Undefined index: _method E:\wamp\www\yitong\Application\Common\Util\UploadHandler.class.php 第 1144 行.
NOTIC: [8] Undefined index: HTTP_CONTENT_DISPOSITION E:\wamp\www\yitong\Application\Common\Util\UploadHandler.class.php 第 1148 行.
NOTIC: [8] Undefined index: HTTP_CONTENT_RANGE E:\wamp\www\yitong\Application\Common\Util\UploadHandler.class.php 第 1148 行.
NOTIC: [8] Undefined index:  E:\wamp\www\yitong\Application\Common\Util\UploadHandler.class.php 第 417 行.
NOTIC: [8] Undefined index: upload_dir E:\wamp\www\yitong\Application\Common\Util\UploadHandler.class.php 第 226 行.
NOTIC: [8] Undefined index: upload_url E:\wamp\www\yitong\Application\Common\Util\UploadHandler.class.php 第 254 行.
NOTIC: [8] Undefined index: redirect E:\wamp\www\yitong\Application\Common\Util\UploadHandler.class.php 第 1140 行.
NOTIC: [8] Undefined index: HTTP_CONTENT_RANGE E:\wamp\www\yitong\Application\Common\Util\UploadHandler.class.php 第 1148 行.
INFO: [ app_end ] --START--
INFO: Run Behavior\ShowPageTraceBehavior [ RunTime:0.001006s ]
INFO: [ app_end ] --END-- [ RunTime:0.001165s ]

[ 2016-12-20T11:04:27+08:00 ] 127.0.0.1 /yitong/member.php?m=member&c=index&a=jqueryFileUpload
INFO: [ app_begin ] --START--
INFO: Run Behavior\ReadHtmlCacheBehavior [ RunTime:0.001132s ]
INFO: [ app_begin ] --END-- [ RunTime:0.001950s ]
SQL: SHOW COLUMNS FROM `tbl_setting` [ RunTime:0.0027s ]
SQL: SELECT * FROM `tbl_setting` WHERE ( setting_key = "site_status" )  [ RunTime:0.0070s ]
NOTIC: [8] Undefined index: _method E:\wamp\www\yitong\Application\Common\Util\UploadHandler.class.php 第 1144 行.
NOTIC: [8] Undefined index: HTTP_CONTENT_DISPOSITION E:\wamp\www\yitong\Application\Common\Util\UploadHandler.class.php 第 1148 行.
NOTIC: [8] Undefined index: HTTP_CONTENT_RANGE E:\wamp\www\yitong\Application\Common\Util\UploadHandler.class.php 第 1148 行.
NOTIC: [8] Undefined index:  E:\wamp\www\yitong\Application\Common\Util\UploadHandler.class.php 第 417 行.
NOTIC: [8] Undefined index: upload_dir E:\wamp\www\yitong\Application\Common\Util\UploadHandler.class.php 第 226 行.
NOTIC: [8] Undefined index: upload_url E:\wamp\www\yitong\Application\Common\Util\UploadHandler.class.php 第 254 行.
NOTIC: [8] Undefined index: redirect E:\wamp\www\yitong\Application\Common\Util\UploadHandler.class.php 第 1140 行.
NOTIC: [8] Undefined index: HTTP_CONTENT_RANGE E:\wamp\www\yitong\Application\Common\Util\UploadHandler.class.php 第 1148 行.
INFO: [ app_end ] --START--
INFO: Run Behavior\ShowPageTraceBehavior [ RunTime:0.001098s ]
INFO: [ app_end ] --END-- [ RunTime:0.001234s ]

[ 2016-12-20T11:04:32+08:00 ] 127.0.0.1 /yitong/member.php?m=Member&c=index&a=safe
ERR: 1265:Data truncated for column 'educational' at row 1
 [ SQL语句 ] : UPDATE `tbl_member` SET `nation`='汉',`email`='1234555553@qq.com',`phone`='123342424235',`educational`='',`school`='河南科技大学',`profession`='1',`graduation_date`='2016-11-30 00:00:00',`duty`='1222323',`thumb`='' WHERE ( id=1 )

[ 2016-12-20T11:05:19+08:00 ] 127.0.0.1 /yitong/member.php?m=Member&c=index&a=safe
ERR: 1265:Data truncated for column 'educational' at row 1
 [ SQL语句 ] : UPDATE `tbl_member` SET `nation`='汉',`email`='1234555553@qq.com',`phone`='123342424235',`educational`='',`school`='河南科技大学',`profession`='1',`graduation_date`='2016-11-30 00:00:00',`duty`='1222323',`thumb`='' WHERE ( id=1 )

[ 2016-12-20T11:05:55+08:00 ] 127.0.0.1 /yitong/member.php?m=Member&c=index&a=safe
ERR: 1265:Data truncated for column 'educational' at row 1
 [ SQL语句 ] : UPDATE `tbl_member` SET `nation`='汉',`email`='1234555553@qq.com',`phone`='123342424235',`educational`='',`school`='河南科技大学',`profession`='1',`graduation_date`='2016-12-20',`duty`='1222323',`thumb`='' WHERE ( id=1 )

[ 2016-12-20T11:07:18+08:00 ] 127.0.0.1 /yitong/member.php?m=member&c=index&a=jqueryFileUpload
INFO: [ app_begin ] --START--
INFO: Run Behavior\ReadHtmlCacheBehavior [ RunTime:0.000727s ]
INFO: [ app_begin ] --END-- [ RunTime:0.001390s ]
SQL: SHOW COLUMNS FROM `tbl_setting` [ RunTime:0.0036s ]
SQL: SELECT * FROM `tbl_setting` WHERE ( setting_key = "site_status" )  [ RunTime:0.0039s ]
NOTIC: [8] Undefined index: _method E:\wamp\www\yitong\Application\Common\Util\UploadHandler.class.php 第 1144 行.
NOTIC: [8] Undefined index: HTTP_CONTENT_DISPOSITION E:\wamp\www\yitong\Application\Common\Util\UploadHandler.class.php 第 1148 行.
NOTIC: [8] Undefined index: HTTP_CONTENT_RANGE E:\wamp\www\yitong\Application\Common\Util\UploadHandler.class.php 第 1148 行.
NOTIC: [8] Undefined index:  E:\wamp\www\yitong\Application\Common\Util\UploadHandler.class.php 第 417 行.
NOTIC: [8] Undefined index: upload_dir E:\wamp\www\yitong\Application\Common\Util\UploadHandler.class.php 第 226 行.
NOTIC: [8] Undefined index: upload_url E:\wamp\www\yitong\Application\Common\Util\UploadHandler.class.php 第 254 行.
NOTIC: [8] Undefined index: redirect E:\wamp\www\yitong\Application\Common\Util\UploadHandler.class.php 第 1140 行.
NOTIC: [8] Undefined index: HTTP_CONTENT_RANGE E:\wamp\www\yitong\Application\Common\Util\UploadHandler.class.php 第 1148 行.
INFO: [ app_end ] --START--
INFO: Run Behavior\ShowPageTraceBehavior [ RunTime:0.000998s ]
INFO: [ app_end ] --END-- [ RunTime:0.001147s ]

[ 2016-12-20T11:07:20+08:00 ] 127.0.0.1 /yitong/member.php?m=Member&c=index&a=safe
ERR: 1265:Data truncated for column 'educational' at row 1
 [ SQL语句 ] : UPDATE `tbl_member` SET `nation`='汉',`email`='1234555553@qq.com',`phone`='123342424235',`educational`='',`school`='河南科技大学',`profession`='1',`graduation_date`='2016-12-20',`duty`='1222323',`thumb`='' WHERE ( id=1 )

