[ 2016-12-20T14:58:23+08:00 ] 127.0.0.1 /yitong/admin.php?m=Admin&c=Admin&a=Index
ERR: 1054:Unknown column 'tbl_admin.roleid' in 'on clause'
 [ SQL语句 ] : SELECT COUNT(*) AS tp_count FROM tbl_admin as a INNER JOIN tbl_admin_role as b ON tbl_admin.roleid = tbl_admin_role.id  LIMIT 1  

[ 2016-12-20T15:02:43+08:00 ] 127.0.0.1 /yitong/admin.php?m=Admin&c=Admin&a=Index
ERR: 1064:You have an error in your SQL syntax; check the manual that corresponds to your MySQL server version for the right syntax to use near 'left tbl_admin_role as b ON a.roleid = b.id  ORDER BY a.addtime LIMIT 0,2' at line 1
 [ SQL语句 ] : SELECT a.id,a.username,a.lastip,a.lasttime,a.realname,b.name FROM tbl_admin as a INNER JOIN left tbl_admin_role as b ON a.roleid = b.id  ORDER BY a.addtime LIMIT 0,2  

[ 2016-12-20T15:24:52+08:00 ] 127.0.0.1 /yitong/admin.php?m=admin&c=house&a=jqueryFileUpload
INFO: [ app_begin ] --START--
INFO: Run Behavior\ReadHtmlCacheBehavior [ RunTime:0.001500s ]
INFO: [ app_begin ] --END-- [ RunTime:0.002551s ]
SQL: SHOW COLUMNS FROM `tbl_adinm_role_priv` [ RunTime:0.0033s ]
SQL: SELECT * FROM `tbl_adinm_role_priv` WHERE ( roleid = 2 )  [ RunTime:0.0049s ]
SQL: SELECT * FROM `tbl_adinm_role_priv` WHERE ( roleid = 2 )  [ RunTime:0.0093s ]
SQL: SELECT * FROM `tbl_adinm_role_priv` WHERE ( roleid = 2 )  [ RunTime:0.0024s ]
NOTIC: [8] Undefined index: children E:\wamp\www\yitong\Application\Admin\Controller\BaseController.class.php 第 260 行.
SQL: SELECT * FROM `tbl_adinm_role_priv` WHERE ( roleid = 2 )  [ RunTime:0.0029s ]
NOTIC: [8] Undefined index: children E:\wamp\www\yitong\Application\Admin\Controller\BaseController.class.php 第 295 行.
NOTIC: [8] Undefined index: children E:\wamp\www\yitong\Application\Admin\Controller\BaseController.class.php 第 240 行.
NOTIC: [8] Undefined index: children E:\wamp\www\yitong\Application\Admin\Controller\BaseController.class.php 第 260 行.
SQL: SELECT * FROM `tbl_adinm_role_priv` WHERE ( roleid = 2 )  [ RunTime:0.0024s ]
NOTIC: [8] Undefined index: children E:\wamp\www\yitong\Application\Admin\Controller\BaseController.class.php 第 295 行.
NOTIC: [8] Undefined index: children E:\wamp\www\yitong\Application\Admin\Controller\BaseController.class.php 第 240 行.
NOTIC: [8] Undefined index: children E:\wamp\www\yitong\Application\Admin\Controller\BaseController.class.php 第 260 行.
SQL: SELECT * FROM `tbl_adinm_role_priv` WHERE ( roleid = 2 )  [ RunTime:0.0026s ]
NOTIC: [8] Undefined index: children E:\wamp\www\yitong\Application\Admin\Controller\BaseController.class.php 第 295 行.
NOTIC: [8] Undefined index: children E:\wamp\www\yitong\Application\Admin\Controller\BaseController.class.php 第 240 行.
NOTIC: [8] Undefined index: children E:\wamp\www\yitong\Application\Admin\Controller\BaseController.class.php 第 260 行.
SQL: SELECT * FROM `tbl_adinm_role_priv` WHERE ( roleid = 2 )  [ RunTime:0.0079s ]
NOTIC: [8] Undefined index: children E:\wamp\www\yitong\Application\Admin\Controller\BaseController.class.php 第 295 行.
NOTIC: [8] Undefined index: children E:\wamp\www\yitong\Application\Admin\Controller\BaseController.class.php 第 240 行.
SQL: SELECT * FROM `tbl_adinm_role_priv` WHERE ( roleid = 2 )  [ RunTime:0.0042s ]
SQL: SELECT * FROM `tbl_adinm_role_priv` WHERE ( roleid = 2 )  [ RunTime:0.0025s ]
SQL: SELECT * FROM `tbl_adinm_role_priv` WHERE ( roleid = 2 )  [ RunTime:0.0039s ]
NOTIC: [8] Undefined variable: aa E:\wamp\www\yitong\Application\Admin\Controller\BaseController.class.php 第 75 行.

[ 2016-12-20T15:39:45+08:00 ] 127.0.0.1 /yitong/admin.php?m=Admin&c=admin&a=jqueryFileUpload
INFO: [ app_begin ] --START--
INFO: Run Behavior\ReadHtmlCacheBehavior [ RunTime:0.000694s ]
INFO: [ app_begin ] --END-- [ RunTime:0.001434s ]
SQL: SHOW COLUMNS FROM `tbl_adinm_role_priv` [ RunTime:0.0047s ]
SQL: SELECT * FROM `tbl_adinm_role_priv` WHERE ( roleid = 2 )  [ RunTime:0.0063s ]
SQL: SELECT * FROM `tbl_adinm_role_priv` WHERE ( roleid = 2 )  [ RunTime:0.0023s ]
SQL: SELECT * FROM `tbl_adinm_role_priv` WHERE ( roleid = 2 )  [ RunTime:0.0027s ]
NOTIC: [8] Undefined index: children E:\wamp\www\yitong\Application\Admin\Controller\BaseController.class.php 第 260 行.
SQL: SELECT * FROM `tbl_adinm_role_priv` WHERE ( roleid = 2 )  [ RunTime:0.0036s ]
NOTIC: [8] Undefined index: children E:\wamp\www\yitong\Application\Admin\Controller\BaseController.class.php 第 295 行.
NOTIC: [8] Undefined index: children E:\wamp\www\yitong\Application\Admin\Controller\BaseController.class.php 第 240 行.
NOTIC: [8] Undefined index: children E:\wamp\www\yitong\Application\Admin\Controller\BaseController.class.php 第 260 行.
SQL: SELECT * FROM `tbl_adinm_role_priv` WHERE ( roleid = 2 )  [ RunTime:0.0033s ]
NOTIC: [8] Undefined index: children E:\wamp\www\yitong\Application\Admin\Controller\BaseController.class.php 第 295 行.
NOTIC: [8] Undefined index: children E:\wamp\www\yitong\Application\Admin\Controller\BaseController.class.php 第 240 行.
NOTIC: [8] Undefined index: children E:\wamp\www\yitong\Application\Admin\Controller\BaseController.class.php 第 260 行.
SQL: SELECT * FROM `tbl_adinm_role_priv` WHERE ( roleid = 2 )  [ RunTime:0.0030s ]
NOTIC: [8] Undefined index: children E:\wamp\www\yitong\Application\Admin\Controller\BaseController.class.php 第 295 行.
NOTIC: [8] Undefined index: children E:\wamp\www\yitong\Application\Admin\Controller\BaseController.class.php 第 240 行.
NOTIC: [8] Undefined index: children E:\wamp\www\yitong\Application\Admin\Controller\BaseController.class.php 第 260 行.
SQL: SELECT * FROM `tbl_adinm_role_priv` WHERE ( roleid = 2 )  [ RunTime:0.0021s ]
NOTIC: [8] Undefined index: children E:\wamp\www\yitong\Application\Admin\Controller\BaseController.class.php 第 295 行.
NOTIC: [8] Undefined index: children E:\wamp\www\yitong\Application\Admin\Controller\BaseController.class.php 第 240 行.
SQL: SELECT * FROM `tbl_adinm_role_priv` WHERE ( roleid = 2 )  [ RunTime:0.0023s ]
SQL: SELECT * FROM `tbl_adinm_role_priv` WHERE ( roleid = 2 )  [ RunTime:0.0024s ]
SQL: SELECT * FROM `tbl_adinm_role_priv` WHERE ( roleid = 2 )  [ RunTime:0.0021s ]
NOTIC: [8] Undefined index: _method E:\wamp\www\yitong\Application\Common\Util\UploadHandler.class.php 第 1144 行.
NOTIC: [8] Undefined index: HTTP_CONTENT_DISPOSITION E:\wamp\www\yitong\Application\Common\Util\UploadHandler.class.php 第 1148 行.
NOTIC: [8] Undefined index: HTTP_CONTENT_RANGE E:\wamp\www\yitong\Application\Common\Util\UploadHandler.class.php 第 1148 行.
NOTIC: [8] Undefined index:  E:\wamp\www\yitong\Application\Common\Util\UploadHandler.class.php 第 417 行.
NOTIC: [8] Undefined index: upload_dir E:\wamp\www\yitong\Application\Common\Util\UploadHandler.class.php 第 226 行.
NOTIC: [8] Undefined index: upload_url E:\wamp\www\yitong\Application\Common\Util\UploadHandler.class.php 第 254 行.
NOTIC: [8] Undefined index: redirect E:\wamp\www\yitong\Application\Common\Util\UploadHandler.class.php 第 1140 行.
NOTIC: [8] Undefined index: HTTP_CONTENT_RANGE E:\wamp\www\yitong\Application\Common\Util\UploadHandler.class.php 第 1148 行.
INFO: [ app_end ] --START--
INFO: Run Behavior\ShowPageTraceBehavior [ RunTime:0.000957s ]
INFO: [ app_end ] --END-- [ RunTime:0.001130s ]

[ 2016-12-20T15:40:17+08:00 ] 127.0.0.1 /yitong/admin.php?m=Admin&c=admin&a=jqueryFileUpload
INFO: [ app_begin ] --START--
INFO: Run Behavior\ReadHtmlCacheBehavior [ RunTime:0.000756s ]
INFO: [ app_begin ] --END-- [ RunTime:0.001628s ]
SQL: SHOW COLUMNS FROM `tbl_adinm_role_priv` [ RunTime:0.0028s ]
SQL: SELECT * FROM `tbl_adinm_role_priv` WHERE ( roleid = 2 )  [ RunTime:0.0022s ]
SQL: SELECT * FROM `tbl_adinm_role_priv` WHERE ( roleid = 2 )  [ RunTime:0.0034s ]
SQL: SELECT * FROM `tbl_adinm_role_priv` WHERE ( roleid = 2 )  [ RunTime:0.0038s ]
NOTIC: [8] Undefined index: children E:\wamp\www\yitong\Application\Admin\Controller\BaseController.class.php 第 260 行.
SQL: SELECT * FROM `tbl_adinm_role_priv` WHERE ( roleid = 2 )  [ RunTime:0.0037s ]
NOTIC: [8] Undefined index: children E:\wamp\www\yitong\Application\Admin\Controller\BaseController.class.php 第 295 行.
NOTIC: [8] Undefined index: children E:\wamp\www\yitong\Application\Admin\Controller\BaseController.class.php 第 240 行.
NOTIC: [8] Undefined index: children E:\wamp\www\yitong\Application\Admin\Controller\BaseController.class.php 第 260 行.
SQL: SELECT * FROM `tbl_adinm_role_priv` WHERE ( roleid = 2 )  [ RunTime:0.0022s ]
NOTIC: [8] Undefined index: children E:\wamp\www\yitong\Application\Admin\Controller\BaseController.class.php 第 295 行.
NOTIC: [8] Undefined index: children E:\wamp\www\yitong\Application\Admin\Controller\BaseController.class.php 第 240 行.
NOTIC: [8] Undefined index: children E:\wamp\www\yitong\Application\Admin\Controller\BaseController.class.php 第 260 行.
SQL: SELECT * FROM `tbl_adinm_role_priv` WHERE ( roleid = 2 )  [ RunTime:0.0023s ]
NOTIC: [8] Undefined index: children E:\wamp\www\yitong\Application\Admin\Controller\BaseController.class.php 第 295 行.
NOTIC: [8] Undefined index: children E:\wamp\www\yitong\Application\Admin\Controller\BaseController.class.php 第 240 行.
NOTIC: [8] Undefined index: children E:\wamp\www\yitong\Application\Admin\Controller\BaseController.class.php 第 260 行.
SQL: SELECT * FROM `tbl_adinm_role_priv` WHERE ( roleid = 2 )  [ RunTime:0.0038s ]
NOTIC: [8] Undefined index: children E:\wamp\www\yitong\Application\Admin\Controller\BaseController.class.php 第 295 行.
NOTIC: [8] Undefined index: children E:\wamp\www\yitong\Application\Admin\Controller\BaseController.class.php 第 240 行.
SQL: SELECT * FROM `tbl_adinm_role_priv` WHERE ( roleid = 2 )  [ RunTime:0.0021s ]
SQL: SELECT * FROM `tbl_adinm_role_priv` WHERE ( roleid = 2 )  [ RunTime:0.0074s ]
SQL: SELECT * FROM `tbl_adinm_role_priv` WHERE ( roleid = 2 )  [ RunTime:0.0063s ]
NOTIC: [8] Undefined index: _method E:\wamp\www\yitong\Application\Common\Util\UploadHandler.class.php 第 1144 行.
NOTIC: [8] Undefined index: HTTP_CONTENT_DISPOSITION E:\wamp\www\yitong\Application\Common\Util\UploadHandler.class.php 第 1148 行.
NOTIC: [8] Undefined index: HTTP_CONTENT_RANGE E:\wamp\www\yitong\Application\Common\Util\UploadHandler.class.php 第 1148 行.
NOTIC: [8] Undefined index:  E:\wamp\www\yitong\Application\Common\Util\UploadHandler.class.php 第 417 行.
NOTIC: [8] Undefined index: upload_dir E:\wamp\www\yitong\Application\Common\Util\UploadHandler.class.php 第 226 行.
NOTIC: [8] Undefined index: upload_url E:\wamp\www\yitong\Application\Common\Util\UploadHandler.class.php 第 254 行.
NOTIC: [8] Undefined index: redirect E:\wamp\www\yitong\Application\Common\Util\UploadHandler.class.php 第 1140 行.
NOTIC: [8] Undefined index: HTTP_CONTENT_RANGE E:\wamp\www\yitong\Application\Common\Util\UploadHandler.class.php 第 1148 行.
INFO: [ app_end ] --START--
INFO: Run Behavior\ShowPageTraceBehavior [ RunTime:0.001009s ]
INFO: [ app_end ] --END-- [ RunTime:0.001145s ]

[ 2016-12-20T15:43:11+08:00 ] 127.0.0.1 /yitong/admin.php?m=Admin&c=admin&a=jqueryFileUpload
INFO: [ app_begin ] --START--
INFO: Run Behavior\ReadHtmlCacheBehavior [ RunTime:0.001142s ]
INFO: [ app_begin ] --END-- [ RunTime:0.001973s ]
SQL: SHOW COLUMNS FROM `tbl_adinm_role_priv` [ RunTime:0.0047s ]
SQL: SELECT * FROM `tbl_adinm_role_priv` WHERE ( roleid = 2 )  [ RunTime:0.0024s ]
SQL: SELECT * FROM `tbl_adinm_role_priv` WHERE ( roleid = 2 )  [ RunTime:0.0035s ]
SQL: SELECT * FROM `tbl_adinm_role_priv` WHERE ( roleid = 2 )  [ RunTime:0.0023s ]
NOTIC: [8] Undefined index: children E:\wamp\www\yitong\Application\Admin\Controller\BaseController.class.php 第 260 行.
SQL: SELECT * FROM `tbl_adinm_role_priv` WHERE ( roleid = 2 )  [ RunTime:0.0020s ]
NOTIC: [8] Undefined index: children E:\wamp\www\yitong\Application\Admin\Controller\BaseController.class.php 第 295 行.
NOTIC: [8] Undefined index: children E:\wamp\www\yitong\Application\Admin\Controller\BaseController.class.php 第 240 行.
NOTIC: [8] Undefined index: children E:\wamp\www\yitong\Application\Admin\Controller\BaseController.class.php 第 260 行.
SQL: SELECT * FROM `tbl_adinm_role_priv` WHERE ( roleid = 2 )  [ RunTime:0.0021s ]
NOTIC: [8] Undefined index: children E:\wamp\www\yitong\Application\Admin\Controller\BaseController.class.php 第 295 行.
NOTIC: [8] Undefined index: children E:\wamp\www\yitong\Application\Admin\Controller\BaseController.class.php 第 240 行.
NOTIC: [8] Undefined index: children E:\wamp\www\yitong\Application\Admin\Controller\BaseController.class.php 第 260 行.
SQL: SELECT * FROM `tbl_adinm_role_priv` WHERE ( roleid = 2 )  [ RunTime:0.0021s ]
NOTIC: [8] Undefined index: children E:\wamp\www\yitong\Application\Admin\Controller\BaseController.class.php 第 295 行.
NOTIC: [8] Undefined index: children E:\wamp\www\yitong\Application\Admin\Controller\BaseController.class.php 第 240 行.
NOTIC: [8] Undefined index: children E:\wamp\www\yitong\Application\Admin\Controller\BaseController.class.php 第 260 行.
SQL: SELECT * FROM `tbl_adinm_role_priv` WHERE ( roleid = 2 )  [ RunTime:0.0053s ]
NOTIC: [8] Undefined index: children E:\wamp\www\yitong\Application\Admin\Controller\BaseController.class.php 第 295 行.
NOTIC: [8] Undefined index: children E:\wamp\www\yitong\Application\Admin\Controller\BaseController.class.php 第 240 行.
SQL: SELECT * FROM `tbl_adinm_role_priv` WHERE ( roleid = 2 )  [ RunTime:0.0038s ]
SQL: SELECT * FROM `tbl_adinm_role_priv` WHERE ( roleid = 2 )  [ RunTime:0.0055s ]
SQL: SELECT * FROM `tbl_adinm_role_priv` WHERE ( roleid = 2 )  [ RunTime:0.0022s ]
NOTIC: [8] Undefined index: _method E:\wamp\www\yitong\Application\Common\Util\UploadHandler.class.php 第 1144 行.
NOTIC: [8] Undefined index: HTTP_CONTENT_DISPOSITION E:\wamp\www\yitong\Application\Common\Util\UploadHandler.class.php 第 1148 行.
NOTIC: [8] Undefined index: HTTP_CONTENT_RANGE E:\wamp\www\yitong\Application\Common\Util\UploadHandler.class.php 第 1148 行.
NOTIC: [8] Undefined index:  E:\wamp\www\yitong\Application\Common\Util\UploadHandler.class.php 第 417 行.
NOTIC: [8] Undefined index: upload_dir E:\wamp\www\yitong\Application\Common\Util\UploadHandler.class.php 第 226 行.
NOTIC: [8] Undefined index: upload_url E:\wamp\www\yitong\Application\Common\Util\UploadHandler.class.php 第 254 行.
NOTIC: [8] Undefined index: redirect E:\wamp\www\yitong\Application\Common\Util\UploadHandler.class.php 第 1140 行.
NOTIC: [8] Undefined index: HTTP_CONTENT_RANGE E:\wamp\www\yitong\Application\Common\Util\UploadHandler.class.php 第 1148 行.
INFO: [ app_end ] --START--
INFO: Run Behavior\ShowPageTraceBehavior [ RunTime:0.000958s ]
INFO: [ app_end ] --END-- [ RunTime:0.001097s ]

[ 2016-12-20T15:44:13+08:00 ] 127.0.0.1 /yitong/admin.php?m=Admin&c=admin&a=jqueryFileUpload
INFO: [ app_begin ] --START--
INFO: Run Behavior\ReadHtmlCacheBehavior [ RunTime:0.001337s ]
INFO: [ app_begin ] --END-- [ RunTime:0.002333s ]
SQL: SHOW COLUMNS FROM `tbl_adinm_role_priv` [ RunTime:0.0026s ]
SQL: SELECT * FROM `tbl_adinm_role_priv` WHERE ( roleid = 2 )  [ RunTime:0.0030s ]
SQL: SELECT * FROM `tbl_adinm_role_priv` WHERE ( roleid = 2 )  [ RunTime:0.0034s ]
SQL: SELECT * FROM `tbl_adinm_role_priv` WHERE ( roleid = 2 )  [ RunTime:0.0073s ]
NOTIC: [8] Undefined index: children E:\wamp\www\yitong\Application\Admin\Controller\BaseController.class.php 第 260 行.
SQL: SELECT * FROM `tbl_adinm_role_priv` WHERE ( roleid = 2 )  [ RunTime:0.0036s ]
NOTIC: [8] Undefined index: children E:\wamp\www\yitong\Application\Admin\Controller\BaseController.class.php 第 295 行.
NOTIC: [8] Undefined index: children E:\wamp\www\yitong\Application\Admin\Controller\BaseController.class.php 第 240 行.
NOTIC: [8] Undefined index: children E:\wamp\www\yitong\Application\Admin\Controller\BaseController.class.php 第 260 行.
SQL: SELECT * FROM `tbl_adinm_role_priv` WHERE ( roleid = 2 )  [ RunTime:0.0022s ]
NOTIC: [8] Undefined index: children E:\wamp\www\yitong\Application\Admin\Controller\BaseController.class.php 第 295 行.
NOTIC: [8] Undefined index: children E:\wamp\www\yitong\Application\Admin\Controller\BaseController.class.php 第 240 行.
NOTIC: [8] Undefined index: children E:\wamp\www\yitong\Application\Admin\Controller\BaseController.class.php 第 260 行.
SQL: SELECT * FROM `tbl_adinm_role_priv` WHERE ( roleid = 2 )  [ RunTime:0.0023s ]
NOTIC: [8] Undefined index: children E:\wamp\www\yitong\Application\Admin\Controller\BaseController.class.php 第 295 行.
NOTIC: [8] Undefined index: children E:\wamp\www\yitong\Application\Admin\Controller\BaseController.class.php 第 240 行.
NOTIC: [8] Undefined index: children E:\wamp\www\yitong\Application\Admin\Controller\BaseController.class.php 第 260 行.
SQL: SELECT * FROM `tbl_adinm_role_priv` WHERE ( roleid = 2 )  [ RunTime:0.0034s ]
NOTIC: [8] Undefined index: children E:\wamp\www\yitong\Application\Admin\Controller\BaseController.class.php 第 295 行.
NOTIC: [8] Undefined index: children E:\wamp\www\yitong\Application\Admin\Controller\BaseController.class.php 第 240 行.
SQL: SELECT * FROM `tbl_adinm_role_priv` WHERE ( roleid = 2 )  [ RunTime:0.0026s ]
SQL: SELECT * FROM `tbl_adinm_role_priv` WHERE ( roleid = 2 )  [ RunTime:0.0042s ]
SQL: SELECT * FROM `tbl_adinm_role_priv` WHERE ( roleid = 2 )  [ RunTime:0.0027s ]
NOTIC: [8] Undefined index: _method E:\wamp\www\yitong\Application\Common\Util\UploadHandler.class.php 第 1144 行.
NOTIC: [8] Undefined index: HTTP_CONTENT_DISPOSITION E:\wamp\www\yitong\Application\Common\Util\UploadHandler.class.php 第 1148 行.
NOTIC: [8] Undefined index: HTTP_CONTENT_RANGE E:\wamp\www\yitong\Application\Common\Util\UploadHandler.class.php 第 1148 行.
NOTIC: [8] Undefined index:  E:\wamp\www\yitong\Application\Common\Util\UploadHandler.class.php 第 417 行.
NOTIC: [8] Undefined index: upload_dir E:\wamp\www\yitong\Application\Common\Util\UploadHandler.class.php 第 226 行.
NOTIC: [8] Undefined index: upload_url E:\wamp\www\yitong\Application\Common\Util\UploadHandler.class.php 第 254 行.
NOTIC: [8] Undefined index: redirect E:\wamp\www\yitong\Application\Common\Util\UploadHandler.class.php 第 1140 行.
NOTIC: [8] Undefined index: HTTP_CONTENT_RANGE E:\wamp\www\yitong\Application\Common\Util\UploadHandler.class.php 第 1148 行.
INFO: [ app_end ] --START--
INFO: Run Behavior\ShowPageTraceBehavior [ RunTime:0.000917s ]
INFO: [ app_end ] --END-- [ RunTime:0.001053s ]

[ 2016-12-20T15:44:17+08:00 ] 127.0.0.1 /yitong/admin.php?m=Admin&c=admin&a=add_sql
ERR: 1054:Unknown column 'name' in 'field list'
 [ SQL语句 ] : SELECT `name` FROM `tbl_admin` 

[ 2016-12-20T15:45:35+08:00 ] 127.0.0.1 /yitong/admin.php?m=Admin&c=admin&a=jqueryFileUpload
INFO: [ app_begin ] --START--
INFO: Run Behavior\ReadHtmlCacheBehavior [ RunTime:0.001028s ]
INFO: [ app_begin ] --END-- [ RunTime:0.001860s ]
SQL: SHOW COLUMNS FROM `tbl_adinm_role_priv` [ RunTime:0.0032s ]
SQL: SELECT * FROM `tbl_adinm_role_priv` WHERE ( roleid = 2 )  [ RunTime:0.0022s ]
SQL: SELECT * FROM `tbl_adinm_role_priv` WHERE ( roleid = 2 )  [ RunTime:0.0024s ]
SQL: SELECT * FROM `tbl_adinm_role_priv` WHERE ( roleid = 2 )  [ RunTime:0.0029s ]
NOTIC: [8] Undefined index: children E:\wamp\www\yitong\Application\Admin\Controller\BaseController.class.php 第 260 行.
SQL: SELECT * FROM `tbl_adinm_role_priv` WHERE ( roleid = 2 )  [ RunTime:0.0031s ]
NOTIC: [8] Undefined index: children E:\wamp\www\yitong\Application\Admin\Controller\BaseController.class.php 第 295 行.
NOTIC: [8] Undefined index: children E:\wamp\www\yitong\Application\Admin\Controller\BaseController.class.php 第 240 行.
NOTIC: [8] Undefined index: children E:\wamp\www\yitong\Application\Admin\Controller\BaseController.class.php 第 260 行.
SQL: SELECT * FROM `tbl_adinm_role_priv` WHERE ( roleid = 2 )  [ RunTime:0.0037s ]
NOTIC: [8] Undefined index: children E:\wamp\www\yitong\Application\Admin\Controller\BaseController.class.php 第 295 行.
NOTIC: [8] Undefined index: children E:\wamp\www\yitong\Application\Admin\Controller\BaseController.class.php 第 240 行.
NOTIC: [8] Undefined index: children E:\wamp\www\yitong\Application\Admin\Controller\BaseController.class.php 第 260 行.
SQL: SELECT * FROM `tbl_adinm_role_priv` WHERE ( roleid = 2 )  [ RunTime:0.0056s ]
NOTIC: [8] Undefined index: children E:\wamp\www\yitong\Application\Admin\Controller\BaseController.class.php 第 295 行.
NOTIC: [8] Undefined index: children E:\wamp\www\yitong\Application\Admin\Controller\BaseController.class.php 第 240 行.
NOTIC: [8] Undefined index: children E:\wamp\www\yitong\Application\Admin\Controller\BaseController.class.php 第 260 行.
SQL: SELECT * FROM `tbl_adinm_role_priv` WHERE ( roleid = 2 )  [ RunTime:0.0076s ]
NOTIC: [8] Undefined index: children E:\wamp\www\yitong\Application\Admin\Controller\BaseController.class.php 第 295 行.
NOTIC: [8] Undefined index: children E:\wamp\www\yitong\Application\Admin\Controller\BaseController.class.php 第 240 行.
SQL: SELECT * FROM `tbl_adinm_role_priv` WHERE ( roleid = 2 )  [ RunTime:0.0036s ]
SQL: SELECT * FROM `tbl_adinm_role_priv` WHERE ( roleid = 2 )  [ RunTime:0.0021s ]
SQL: SELECT * FROM `tbl_adinm_role_priv` WHERE ( roleid = 2 )  [ RunTime:0.0041s ]
NOTIC: [8] Undefined index: _method E:\wamp\www\yitong\Application\Common\Util\UploadHandler.class.php 第 1144 行.
NOTIC: [8] Undefined index: HTTP_CONTENT_DISPOSITION E:\wamp\www\yitong\Application\Common\Util\UploadHandler.class.php 第 1148 行.
NOTIC: [8] Undefined index: HTTP_CONTENT_RANGE E:\wamp\www\yitong\Application\Common\Util\UploadHandler.class.php 第 1148 行.
NOTIC: [8] Undefined index:  E:\wamp\www\yitong\Application\Common\Util\UploadHandler.class.php 第 417 行.
NOTIC: [8] Undefined index: upload_dir E:\wamp\www\yitong\Application\Common\Util\UploadHandler.class.php 第 226 行.
NOTIC: [8] Undefined index: upload_url E:\wamp\www\yitong\Application\Common\Util\UploadHandler.class.php 第 254 行.
NOTIC: [8] Undefined index: redirect E:\wamp\www\yitong\Application\Common\Util\UploadHandler.class.php 第 1140 行.
NOTIC: [8] Undefined index: HTTP_CONTENT_RANGE E:\wamp\www\yitong\Application\Common\Util\UploadHandler.class.php 第 1148 行.
INFO: [ app_end ] --START--
INFO: Run Behavior\ShowPageTraceBehavior [ RunTime:0.001344s ]
INFO: [ app_end ] --END-- [ RunTime:0.001481s ]

[ 2016-12-20T16:02:36+08:00 ] 127.0.0.1 /yitong/admin.php?m=Admin&c=admin&a=jqueryFileUpload
INFO: [ app_begin ] --START--
INFO: Run Behavior\ReadHtmlCacheBehavior [ RunTime:0.001211s ]
INFO: [ app_begin ] --END-- [ RunTime:0.002093s ]
SQL: SHOW COLUMNS FROM `tbl_adinm_role_priv` [ RunTime:0.0099s ]
SQL: SELECT * FROM `tbl_adinm_role_priv` WHERE ( roleid = 2 )  [ RunTime:0.0040s ]
SQL: SELECT * FROM `tbl_adinm_role_priv` WHERE ( roleid = 2 )  [ RunTime:0.0022s ]
SQL: SELECT * FROM `tbl_adinm_role_priv` WHERE ( roleid = 2 )  [ RunTime:0.0070s ]
NOTIC: [8] Undefined index: children E:\wamp\www\yitong\Application\Admin\Controller\BaseController.class.php 第 260 行.
SQL: SELECT * FROM `tbl_adinm_role_priv` WHERE ( roleid = 2 )  [ RunTime:0.0022s ]
NOTIC: [8] Undefined index: children E:\wamp\www\yitong\Application\Admin\Controller\BaseController.class.php 第 295 行.
NOTIC: [8] Undefined index: children E:\wamp\www\yitong\Application\Admin\Controller\BaseController.class.php 第 240 行.
NOTIC: [8] Undefined index: children E:\wamp\www\yitong\Application\Admin\Controller\BaseController.class.php 第 260 行.
SQL: SELECT * FROM `tbl_adinm_role_priv` WHERE ( roleid = 2 )  [ RunTime:0.0020s ]
NOTIC: [8] Undefined index: children E:\wamp\www\yitong\Application\Admin\Controller\BaseController.class.php 第 295 行.
NOTIC: [8] Undefined index: children E:\wamp\www\yitong\Application\Admin\Controller\BaseController.class.php 第 240 行.
NOTIC: [8] Undefined index: children E:\wamp\www\yitong\Application\Admin\Controller\BaseController.class.php 第 260 行.
SQL: SELECT * FROM `tbl_adinm_role_priv` WHERE ( roleid = 2 )  [ RunTime:0.0020s ]
NOTIC: [8] Undefined index: children E:\wamp\www\yitong\Application\Admin\Controller\BaseController.class.php 第 295 行.
NOTIC: [8] Undefined index: children E:\wamp\www\yitong\Application\Admin\Controller\BaseController.class.php 第 240 行.
NOTIC: [8] Undefined index: children E:\wamp\www\yitong\Application\Admin\Controller\BaseController.class.php 第 260 行.
SQL: SELECT * FROM `tbl_adinm_role_priv` WHERE ( roleid = 2 )  [ RunTime:0.0020s ]
NOTIC: [8] Undefined index: children E:\wamp\www\yitong\Application\Admin\Controller\BaseController.class.php 第 295 行.
NOTIC: [8] Undefined index: children E:\wamp\www\yitong\Application\Admin\Controller\BaseController.class.php 第 240 行.
SQL: SELECT * FROM `tbl_adinm_role_priv` WHERE ( roleid = 2 )  [ RunTime:0.0046s ]
SQL: SELECT * FROM `tbl_adinm_role_priv` WHERE ( roleid = 2 )  [ RunTime:0.0027s ]
SQL: SELECT * FROM `tbl_adinm_role_priv` WHERE ( roleid = 2 )  [ RunTime:0.0026s ]
NOTIC: [8] Undefined index: _method E:\wamp\www\yitong\Application\Common\Util\UploadHandler.class.php 第 1144 行.
NOTIC: [8] Undefined index: HTTP_CONTENT_DISPOSITION E:\wamp\www\yitong\Application\Common\Util\UploadHandler.class.php 第 1148 行.
NOTIC: [8] Undefined index: HTTP_CONTENT_RANGE E:\wamp\www\yitong\Application\Common\Util\UploadHandler.class.php 第 1148 行.
NOTIC: [8] Undefined index:  E:\wamp\www\yitong\Application\Common\Util\UploadHandler.class.php 第 417 行.
NOTIC: [8] Undefined index: upload_dir E:\wamp\www\yitong\Application\Common\Util\UploadHandler.class.php 第 226 行.
NOTIC: [8] Undefined index: upload_url E:\wamp\www\yitong\Application\Common\Util\UploadHandler.class.php 第 254 行.
NOTIC: [8] Undefined index: redirect E:\wamp\www\yitong\Application\Common\Util\UploadHandler.class.php 第 1140 行.
NOTIC: [8] Undefined index: HTTP_CONTENT_RANGE E:\wamp\www\yitong\Application\Common\Util\UploadHandler.class.php 第 1148 行.
INFO: [ app_end ] --START--
INFO: Run Behavior\ShowPageTraceBehavior [ RunTime:0.001395s ]
INFO: [ app_end ] --END-- [ RunTime:0.001558s ]

[ 2016-12-20T16:04:36+08:00 ] 127.0.0.1 /yitong/admin.php?m=Admin&c=admin&a=jqueryFileUpload
INFO: [ app_begin ] --START--
INFO: Run Behavior\ReadHtmlCacheBehavior [ RunTime:0.001129s ]
INFO: [ app_begin ] --END-- [ RunTime:0.001902s ]
SQL: SHOW COLUMNS FROM `tbl_adinm_role_priv` [ RunTime:0.0038s ]
SQL: SELECT * FROM `tbl_adinm_role_priv` WHERE ( roleid = 2 )  [ RunTime:0.0067s ]
SQL: SELECT * FROM `tbl_adinm_role_priv` WHERE ( roleid = 2 )  [ RunTime:0.0021s ]
SQL: SELECT * FROM `tbl_adinm_role_priv` WHERE ( roleid = 2 )  [ RunTime:0.0059s ]
NOTIC: [8] Undefined index: children E:\wamp\www\yitong\Application\Admin\Controller\BaseController.class.php 第 260 行.
SQL: SELECT * FROM `tbl_adinm_role_priv` WHERE ( roleid = 2 )  [ RunTime:0.0077s ]
NOTIC: [8] Undefined index: children E:\wamp\www\yitong\Application\Admin\Controller\BaseController.class.php 第 295 行.
NOTIC: [8] Undefined index: children E:\wamp\www\yitong\Application\Admin\Controller\BaseController.class.php 第 240 行.
NOTIC: [8] Undefined index: children E:\wamp\www\yitong\Application\Admin\Controller\BaseController.class.php 第 260 行.
SQL: SELECT * FROM `tbl_adinm_role_priv` WHERE ( roleid = 2 )  [ RunTime:0.0023s ]
NOTIC: [8] Undefined index: children E:\wamp\www\yitong\Application\Admin\Controller\BaseController.class.php 第 295 行.
NOTIC: [8] Undefined index: children E:\wamp\www\yitong\Application\Admin\Controller\BaseController.class.php 第 240 行.
NOTIC: [8] Undefined index: children E:\wamp\www\yitong\Application\Admin\Controller\BaseController.class.php 第 260 行.
SQL: SELECT * FROM `tbl_adinm_role_priv` WHERE ( roleid = 2 )  [ RunTime:0.0028s ]
NOTIC: [8] Undefined index: children E:\wamp\www\yitong\Application\Admin\Controller\BaseController.class.php 第 295 行.
NOTIC: [8] Undefined index: children E:\wamp\www\yitong\Application\Admin\Controller\BaseController.class.php 第 240 行.
NOTIC: [8] Undefined index: children E:\wamp\www\yitong\Application\Admin\Controller\BaseController.class.php 第 260 行.
SQL: SELECT * FROM `tbl_adinm_role_priv` WHERE ( roleid = 2 )  [ RunTime:0.0020s ]
NOTIC: [8] Undefined index: children E:\wamp\www\yitong\Application\Admin\Controller\BaseController.class.php 第 295 行.
NOTIC: [8] Undefined index: children E:\wamp\www\yitong\Application\Admin\Controller\BaseController.class.php 第 240 行.
SQL: SELECT * FROM `tbl_adinm_role_priv` WHERE ( roleid = 2 )  [ RunTime:0.0021s ]
SQL: SELECT * FROM `tbl_adinm_role_priv` WHERE ( roleid = 2 )  [ RunTime:0.0025s ]
SQL: SELECT * FROM `tbl_adinm_role_priv` WHERE ( roleid = 2 )  [ RunTime:0.0060s ]
NOTIC: [8] Undefined index: _method E:\wamp\www\yitong\Application\Common\Util\UploadHandler.class.php 第 1144 行.
NOTIC: [8] Undefined index: HTTP_CONTENT_DISPOSITION E:\wamp\www\yitong\Application\Common\Util\UploadHandler.class.php 第 1148 行.
NOTIC: [8] Undefined index: HTTP_CONTENT_RANGE E:\wamp\www\yitong\Application\Common\Util\UploadHandler.class.php 第 1148 行.
NOTIC: [8] Undefined index:  E:\wamp\www\yitong\Application\Common\Util\UploadHandler.class.php 第 417 行.
NOTIC: [8] Undefined index: upload_dir E:\wamp\www\yitong\Application\Common\Util\UploadHandler.class.php 第 226 行.
NOTIC: [8] Undefined index: upload_url E:\wamp\www\yitong\Application\Common\Util\UploadHandler.class.php 第 254 行.
NOTIC: [8] Undefined index: redirect E:\wamp\www\yitong\Application\Common\Util\UploadHandler.class.php 第 1140 行.
NOTIC: [8] Undefined index: HTTP_CONTENT_RANGE E:\wamp\www\yitong\Application\Common\Util\UploadHandler.class.php 第 1148 行.
INFO: [ app_end ] --START--
INFO: Run Behavior\ShowPageTraceBehavior [ RunTime:0.001568s ]
INFO: [ app_end ] --END-- [ RunTime:0.001787s ]

[ 2016-12-20T16:07:51+08:00 ] 127.0.0.1 /yitong/admin.php?m=Admin&c=admin&a=jqueryFileUpload
INFO: [ app_begin ] --START--
INFO: Run Behavior\ReadHtmlCacheBehavior [ RunTime:0.000722s ]
INFO: [ app_begin ] --END-- [ RunTime:0.001409s ]
SQL: SHOW COLUMNS FROM `tbl_adinm_role_priv` [ RunTime:0.0048s ]
SQL: SELECT * FROM `tbl_adinm_role_priv` WHERE ( roleid = 2 )  [ RunTime:0.0023s ]
SQL: SELECT * FROM `tbl_adinm_role_priv` WHERE ( roleid = 2 )  [ RunTime:0.0054s ]
SQL: SELECT * FROM `tbl_adinm_role_priv` WHERE ( roleid = 2 )  [ RunTime:0.0031s ]
NOTIC: [8] Undefined index: children E:\wamp\www\yitong\Application\Admin\Controller\BaseController.class.php 第 260 行.
SQL: SELECT * FROM `tbl_adinm_role_priv` WHERE ( roleid = 2 )  [ RunTime:0.0027s ]
NOTIC: [8] Undefined index: children E:\wamp\www\yitong\Application\Admin\Controller\BaseController.class.php 第 295 行.
NOTIC: [8] Undefined index: children E:\wamp\www\yitong\Application\Admin\Controller\BaseController.class.php 第 240 行.
NOTIC: [8] Undefined index: children E:\wamp\www\yitong\Application\Admin\Controller\BaseController.class.php 第 260 行.
SQL: SELECT * FROM `tbl_adinm_role_priv` WHERE ( roleid = 2 )  [ RunTime:0.0020s ]
NOTIC: [8] Undefined index: children E:\wamp\www\yitong\Application\Admin\Controller\BaseController.class.php 第 295 行.
NOTIC: [8] Undefined index: children E:\wamp\www\yitong\Application\Admin\Controller\BaseController.class.php 第 240 行.
NOTIC: [8] Undefined index: children E:\wamp\www\yitong\Application\Admin\Controller\BaseController.class.php 第 260 行.
SQL: SELECT * FROM `tbl_adinm_role_priv` WHERE ( roleid = 2 )  [ RunTime:0.0031s ]
NOTIC: [8] Undefined index: children E:\wamp\www\yitong\Application\Admin\Controller\BaseController.class.php 第 295 行.
NOTIC: [8] Undefined index: children E:\wamp\www\yitong\Application\Admin\Controller\BaseController.class.php 第 240 行.
NOTIC: [8] Undefined index: children E:\wamp\www\yitong\Application\Admin\Controller\BaseController.class.php 第 260 行.
SQL: SELECT * FROM `tbl_adinm_role_priv` WHERE ( roleid = 2 )  [ RunTime:0.0026s ]
NOTIC: [8] Undefined index: children E:\wamp\www\yitong\Application\Admin\Controller\BaseController.class.php 第 295 行.
NOTIC: [8] Undefined index: children E:\wamp\www\yitong\Application\Admin\Controller\BaseController.class.php 第 240 行.
SQL: SELECT * FROM `tbl_adinm_role_priv` WHERE ( roleid = 2 )  [ RunTime:0.0024s ]
SQL: SELECT * FROM `tbl_adinm_role_priv` WHERE ( roleid = 2 )  [ RunTime:0.0031s ]
SQL: SELECT * FROM `tbl_adinm_role_priv` WHERE ( roleid = 2 )  [ RunTime:0.0085s ]
NOTIC: [8] Undefined index: _method E:\wamp\www\yitong\Application\Common\Util\UploadHandler.class.php 第 1144 行.
NOTIC: [8] Undefined index: HTTP_CONTENT_DISPOSITION E:\wamp\www\yitong\Application\Common\Util\UploadHandler.class.php 第 1148 行.
NOTIC: [8] Undefined index: HTTP_CONTENT_RANGE E:\wamp\www\yitong\Application\Common\Util\UploadHandler.class.php 第 1148 行.
NOTIC: [8] Undefined index:  E:\wamp\www\yitong\Application\Common\Util\UploadHandler.class.php 第 417 行.
NOTIC: [8] Undefined index: upload_dir E:\wamp\www\yitong\Application\Common\Util\UploadHandler.class.php 第 226 行.
NOTIC: [8] Undefined index: upload_url E:\wamp\www\yitong\Application\Common\Util\UploadHandler.class.php 第 254 行.
NOTIC: [8] Undefined index: redirect E:\wamp\www\yitong\Application\Common\Util\UploadHandler.class.php 第 1140 行.
NOTIC: [8] Undefined index: HTTP_CONTENT_RANGE E:\wamp\www\yitong\Application\Common\Util\UploadHandler.class.php 第 1148 行.
INFO: [ app_end ] --START--
INFO: Run Behavior\ShowPageTraceBehavior [ RunTime:0.001637s ]
INFO: [ app_end ] --END-- [ RunTime:0.001867s ]

[ 2016-12-20T16:08:39+08:00 ] 127.0.0.1 /yitong/admin.php?m=Admin&c=admin&a=jqueryFileUpload
INFO: [ app_begin ] --START--
INFO: Run Behavior\ReadHtmlCacheBehavior [ RunTime:0.001412s ]
INFO: [ app_begin ] --END-- [ RunTime:0.002309s ]
SQL: SHOW COLUMNS FROM `tbl_adinm_role_priv` [ RunTime:0.0028s ]
SQL: SELECT * FROM `tbl_adinm_role_priv` WHERE ( roleid = 2 )  [ RunTime:0.0036s ]
SQL: SELECT * FROM `tbl_adinm_role_priv` WHERE ( roleid = 2 )  [ RunTime:0.0052s ]
SQL: SELECT * FROM `tbl_adinm_role_priv` WHERE ( roleid = 2 )  [ RunTime:0.0051s ]
NOTIC: [8] Undefined index: children E:\wamp\www\yitong\Application\Admin\Controller\BaseController.class.php 第 260 行.
SQL: SELECT * FROM `tbl_adinm_role_priv` WHERE ( roleid = 2 )  [ RunTime:0.0035s ]
NOTIC: [8] Undefined index: children E:\wamp\www\yitong\Application\Admin\Controller\BaseController.class.php 第 295 行.
NOTIC: [8] Undefined index: children E:\wamp\www\yitong\Application\Admin\Controller\BaseController.class.php 第 240 行.
NOTIC: [8] Undefined index: children E:\wamp\www\yitong\Application\Admin\Controller\BaseController.class.php 第 260 行.
SQL: SELECT * FROM `tbl_adinm_role_priv` WHERE ( roleid = 2 )  [ RunTime:0.0022s ]
NOTIC: [8] Undefined index: children E:\wamp\www\yitong\Application\Admin\Controller\BaseController.class.php 第 295 行.
NOTIC: [8] Undefined index: children E:\wamp\www\yitong\Application\Admin\Controller\BaseController.class.php 第 240 行.
NOTIC: [8] Undefined index: children E:\wamp\www\yitong\Application\Admin\Controller\BaseController.class.php 第 260 行.
SQL: SELECT * FROM `tbl_adinm_role_priv` WHERE ( roleid = 2 )  [ RunTime:0.0064s ]
NOTIC: [8] Undefined index: children E:\wamp\www\yitong\Application\Admin\Controller\BaseController.class.php 第 295 行.
NOTIC: [8] Undefined index: children E:\wamp\www\yitong\Application\Admin\Controller\BaseController.class.php 第 240 行.
NOTIC: [8] Undefined index: children E:\wamp\www\yitong\Application\Admin\Controller\BaseController.class.php 第 260 行.
SQL: SELECT * FROM `tbl_adinm_role_priv` WHERE ( roleid = 2 )  [ RunTime:0.0022s ]
NOTIC: [8] Undefined index: children E:\wamp\www\yitong\Application\Admin\Controller\BaseController.class.php 第 295 行.
NOTIC: [8] Undefined index: children E:\wamp\www\yitong\Application\Admin\Controller\BaseController.class.php 第 240 行.
SQL: SELECT * FROM `tbl_adinm_role_priv` WHERE ( roleid = 2 )  [ RunTime:0.0029s ]
SQL: SELECT * FROM `tbl_adinm_role_priv` WHERE ( roleid = 2 )  [ RunTime:0.0026s ]
SQL: SELECT * FROM `tbl_adinm_role_priv` WHERE ( roleid = 2 )  [ RunTime:0.0027s ]
NOTIC: [8] Undefined index: _method E:\wamp\www\yitong\Application\Common\Util\UploadHandler.class.php 第 1144 行.
NOTIC: [8] Undefined index: HTTP_CONTENT_DISPOSITION E:\wamp\www\yitong\Application\Common\Util\UploadHandler.class.php 第 1148 行.
NOTIC: [8] Undefined index: HTTP_CONTENT_RANGE E:\wamp\www\yitong\Application\Common\Util\UploadHandler.class.php 第 1148 行.
NOTIC: [8] Undefined index:  E:\wamp\www\yitong\Application\Common\Util\UploadHandler.class.php 第 417 行.
NOTIC: [8] Undefined index: upload_dir E:\wamp\www\yitong\Application\Common\Util\UploadHandler.class.php 第 226 行.
NOTIC: [8] Undefined index: upload_url E:\wamp\www\yitong\Application\Common\Util\UploadHandler.class.php 第 254 行.
NOTIC: [8] Undefined index: redirect E:\wamp\www\yitong\Application\Common\Util\UploadHandler.class.php 第 1140 行.
NOTIC: [8] Undefined index: HTTP_CONTENT_RANGE E:\wamp\www\yitong\Application\Common\Util\UploadHandler.class.php 第 1148 行.
INFO: [ app_end ] --START--
INFO: Run Behavior\ShowPageTraceBehavior [ RunTime:0.000925s ]
INFO: [ app_end ] --END-- [ RunTime:0.001067s ]

[ 2016-12-20T16:09:41+08:00 ] 127.0.0.1 /yitong/admin.php?m=Admin&c=admin&a=jqueryFileUpload
INFO: [ app_begin ] --START--
INFO: Run Behavior\ReadHtmlCacheBehavior [ RunTime:0.000799s ]
INFO: [ app_begin ] --END-- [ RunTime:0.002022s ]
SQL: SHOW COLUMNS FROM `tbl_adinm_role_priv` [ RunTime:0.0047s ]
SQL: SELECT * FROM `tbl_adinm_role_priv` WHERE ( roleid = 2 )  [ RunTime:0.0026s ]
SQL: SELECT * FROM `tbl_adinm_role_priv` WHERE ( roleid = 2 )  [ RunTime:0.0033s ]
SQL: SELECT * FROM `tbl_adinm_role_priv` WHERE ( roleid = 2 )  [ RunTime:0.0022s ]
NOTIC: [8] Undefined index: children E:\wamp\www\yitong\Application\Admin\Controller\BaseController.class.php 第 260 行.
SQL: SELECT * FROM `tbl_adinm_role_priv` WHERE ( roleid = 2 )  [ RunTime:0.0043s ]
NOTIC: [8] Undefined index: children E:\wamp\www\yitong\Application\Admin\Controller\BaseController.class.php 第 295 行.
NOTIC: [8] Undefined index: children E:\wamp\www\yitong\Application\Admin\Controller\BaseController.class.php 第 240 行.
NOTIC: [8] Undefined index: children E:\wamp\www\yitong\Application\Admin\Controller\BaseController.class.php 第 260 行.
SQL: SELECT * FROM `tbl_adinm_role_priv` WHERE ( roleid = 2 )  [ RunTime:0.0038s ]
NOTIC: [8] Undefined index: children E:\wamp\www\yitong\Application\Admin\Controller\BaseController.class.php 第 295 行.
NOTIC: [8] Undefined index: children E:\wamp\www\yitong\Application\Admin\Controller\BaseController.class.php 第 240 行.
NOTIC: [8] Undefined index: children E:\wamp\www\yitong\Application\Admin\Controller\BaseController.class.php 第 260 行.
SQL: SELECT * FROM `tbl_adinm_role_priv` WHERE ( roleid = 2 )  [ RunTime:0.0059s ]
NOTIC: [8] Undefined index: children E:\wamp\www\yitong\Application\Admin\Controller\BaseController.class.php 第 295 行.
NOTIC: [8] Undefined index: children E:\wamp\www\yitong\Application\Admin\Controller\BaseController.class.php 第 240 行.
NOTIC: [8] Undefined index: children E:\wamp\www\yitong\Application\Admin\Controller\BaseController.class.php 第 260 行.
SQL: SELECT * FROM `tbl_adinm_role_priv` WHERE ( roleid = 2 )  [ RunTime:0.0021s ]
NOTIC: [8] Undefined index: children E:\wamp\www\yitong\Application\Admin\Controller\BaseController.class.php 第 295 行.
NOTIC: [8] Undefined index: children E:\wamp\www\yitong\Application\Admin\Controller\BaseController.class.php 第 240 行.
SQL: SELECT * FROM `tbl_adinm_role_priv` WHERE ( roleid = 2 )  [ RunTime:0.0031s ]
SQL: SELECT * FROM `tbl_adinm_role_priv` WHERE ( roleid = 2 )  [ RunTime:0.0049s ]
SQL: SELECT * FROM `tbl_adinm_role_priv` WHERE ( roleid = 2 )  [ RunTime:0.0027s ]
NOTIC: [8] Undefined index: _method E:\wamp\www\yitong\Application\Common\Util\UploadHandler.class.php 第 1144 行.
NOTIC: [8] Undefined index: HTTP_CONTENT_DISPOSITION E:\wamp\www\yitong\Application\Common\Util\UploadHandler.class.php 第 1148 行.
NOTIC: [8] Undefined index: HTTP_CONTENT_RANGE E:\wamp\www\yitong\Application\Common\Util\UploadHandler.class.php 第 1148 行.
NOTIC: [8] Undefined index:  E:\wamp\www\yitong\Application\Common\Util\UploadHandler.class.php 第 417 行.
NOTIC: [8] Undefined index: upload_dir E:\wamp\www\yitong\Application\Common\Util\UploadHandler.class.php 第 226 行.
NOTIC: [8] Undefined index: upload_url E:\wamp\www\yitong\Application\Common\Util\UploadHandler.class.php 第 254 行.
NOTIC: [8] Undefined index: redirect E:\wamp\www\yitong\Application\Common\Util\UploadHandler.class.php 第 1140 行.
NOTIC: [8] Undefined index: HTTP_CONTENT_RANGE E:\wamp\www\yitong\Application\Common\Util\UploadHandler.class.php 第 1148 行.
INFO: [ app_end ] --START--
INFO: Run Behavior\ShowPageTraceBehavior [ RunTime:0.001314s ]
INFO: [ app_end ] --END-- [ RunTime:0.001556s ]

[ 2016-12-20T16:41:38+08:00 ] 127.0.0.1 /yitong/admin.php?m=Admin&c=admin&a=update
ERR: 1054:Unknown column '$user' in 'where clause'
 [ SQL语句 ] : SELECT `id`,`password` FROM `tbl_admin` WHERE ( username=$user ) LIMIT 1  

[ 2016-12-20T16:42:00+08:00 ] 127.0.0.1 /yitong/admin.php?m=Admin&c=admin&a=update
ERR: 1054:Unknown column 'clf' in 'where clause'
 [ SQL语句 ] : SELECT `id`,`password` FROM `tbl_admin` WHERE ( username=clf ) LIMIT 1  

[ 2016-12-20T16:42:25+08:00 ] 127.0.0.1 /yitong/admin.php?m=Admin&c=admin&a=update
ERR: 1054:Unknown column 'clf1' in 'where clause'
 [ SQL语句 ] : SELECT `id`,`password` FROM `tbl_admin` WHERE ( 'username'=clf1 ) LIMIT 1  

[ 2016-12-20T16:47:26+08:00 ] 127.0.0.1 /yitong/admin.php?m=Admin&c=admin&a=jqueryFileUpload
INFO: [ app_begin ] --START--
INFO: Run Behavior\ReadHtmlCacheBehavior [ RunTime:0.001037s ]
INFO: [ app_begin ] --END-- [ RunTime:0.002249s ]
SQL: SHOW COLUMNS FROM `tbl_adinm_role_priv` [ RunTime:0.0029s ]
SQL: SELECT * FROM `tbl_adinm_role_priv` WHERE ( roleid = 2 )  [ RunTime:0.0040s ]
SQL: SELECT * FROM `tbl_adinm_role_priv` WHERE ( roleid = 2 )  [ RunTime:0.0021s ]
SQL: SELECT * FROM `tbl_adinm_role_priv` WHERE ( roleid = 2 )  [ RunTime:0.0028s ]
NOTIC: [8] Undefined index: children E:\wamp\www\yitong\Application\Admin\Controller\BaseController.class.php 第 260 行.
SQL: SELECT * FROM `tbl_adinm_role_priv` WHERE ( roleid = 2 )  [ RunTime:0.0089s ]
NOTIC: [8] Undefined index: children E:\wamp\www\yitong\Application\Admin\Controller\BaseController.class.php 第 295 行.
NOTIC: [8] Undefined index: children E:\wamp\www\yitong\Application\Admin\Controller\BaseController.class.php 第 240 行.
NOTIC: [8] Undefined index: children E:\wamp\www\yitong\Application\Admin\Controller\BaseController.class.php 第 260 行.
SQL: SELECT * FROM `tbl_adinm_role_priv` WHERE ( roleid = 2 )  [ RunTime:0.0038s ]
NOTIC: [8] Undefined index: children E:\wamp\www\yitong\Application\Admin\Controller\BaseController.class.php 第 295 行.
NOTIC: [8] Undefined index: children E:\wamp\www\yitong\Application\Admin\Controller\BaseController.class.php 第 240 行.
NOTIC: [8] Undefined index: children E:\wamp\www\yitong\Application\Admin\Controller\BaseController.class.php 第 260 行.
SQL: SELECT * FROM `tbl_adinm_role_priv` WHERE ( roleid = 2 )  [ RunTime:0.0050s ]
NOTIC: [8] Undefined index: children E:\wamp\www\yitong\Application\Admin\Controller\BaseController.class.php 第 295 行.
NOTIC: [8] Undefined index: children E:\wamp\www\yitong\Application\Admin\Controller\BaseController.class.php 第 240 行.
NOTIC: [8] Undefined index: children E:\wamp\www\yitong\Application\Admin\Controller\BaseController.class.php 第 260 行.
SQL: SELECT * FROM `tbl_adinm_role_priv` WHERE ( roleid = 2 )  [ RunTime:0.0157s ]
NOTIC: [8] Undefined index: children E:\wamp\www\yitong\Application\Admin\Controller\BaseController.class.php 第 295 行.
NOTIC: [8] Undefined index: children E:\wamp\www\yitong\Application\Admin\Controller\BaseController.class.php 第 240 行.
SQL: SELECT * FROM `tbl_adinm_role_priv` WHERE ( roleid = 2 )  [ RunTime:0.0058s ]
SQL: SELECT * FROM `tbl_adinm_role_priv` WHERE ( roleid = 2 )  [ RunTime:0.0259s ]
SQL: SELECT * FROM `tbl_adinm_role_priv` WHERE ( roleid = 2 )  [ RunTime:0.0110s ]
NOTIC: [8] Undefined index: _method E:\wamp\www\yitong\Application\Common\Util\UploadHandler.class.php 第 1144 行.
NOTIC: [8] Undefined index: HTTP_CONTENT_DISPOSITION E:\wamp\www\yitong\Application\Common\Util\UploadHandler.class.php 第 1148 行.
NOTIC: [8] Undefined index: HTTP_CONTENT_RANGE E:\wamp\www\yitong\Application\Common\Util\UploadHandler.class.php 第 1148 行.
NOTIC: [8] Undefined index:  E:\wamp\www\yitong\Application\Common\Util\UploadHandler.class.php 第 417 行.
NOTIC: [8] Undefined index: upload_dir E:\wamp\www\yitong\Application\Common\Util\UploadHandler.class.php 第 226 行.
NOTIC: [8] Undefined index: upload_url E:\wamp\www\yitong\Application\Common\Util\UploadHandler.class.php 第 254 行.
NOTIC: [8] Undefined index: redirect E:\wamp\www\yitong\Application\Common\Util\UploadHandler.class.php 第 1140 行.
NOTIC: [8] Undefined index: HTTP_CONTENT_RANGE E:\wamp\www\yitong\Application\Common\Util\UploadHandler.class.php 第 1148 行.
INFO: [ app_end ] --START--
INFO: Run Behavior\ShowPageTraceBehavior [ RunTime:0.000932s ]
INFO: [ app_end ] --END-- [ RunTime:0.001078s ]

