[ 2017-02-27T17:30:39+08:00 ] 127.0.0.1 /yitong/admin.php
INFO: [ app_init ] --START--
INFO: Run Behavior\BuildLiteBehavior [ RunTime:0.000000s ]
INFO: [ app_init ] --END-- [ RunTime:0.000000s ]
INFO: [ app_begin ] --START--
INFO: Run Behavior\ReadHtmlCacheBehavior [ RunTime:0.001000s ]
INFO: [ app_begin ] --END-- [ RunTime:0.001000s ]

[ 2017-02-27T17:30:39+08:00 ] 127.0.0.1 /yitong/admin.php?m=Admin&c=auth&a=login
INFO: [ app_init ] --START--
INFO: Run Behavior\BuildLiteBehavior [ RunTime:0.000000s ]
INFO: [ app_init ] --END-- [ RunTime:0.001000s ]
INFO: [ app_begin ] --START--
INFO: Run Behavior\ReadHtmlCacheBehavior [ RunTime:0.001000s ]
INFO: [ app_begin ] --END-- [ RunTime:0.001000s ]
INFO: [ view_parse ] --START--
INFO: [ template_filter ] --START--
INFO: Run Behavior\ContentReplaceBehavior [ RunTime:0.000000s ]
INFO: [ template_filter ] --END-- [ RunTime:0.000000s ]
NOTIC: [8] Undefined variable: title E:\phpstudy\www\yitong\Application\Runtime\Cache\Admin\dcfb7ddaab59bfbce2ddc9c860debad0.php Á¨¨ 5 Ë°å.
NOTIC: [8] Undefined variable: meta_title E:\phpstudy\www\yitong\Application\Runtime\Cache\Admin\dcfb7ddaab59bfbce2ddc9c860debad0.php Á¨¨ 101 Ë°å.
NOTIC: [8] Undefined variable: error E:\phpstudy\www\yitong\Application\Runtime\Cache\Admin\dcfb7ddaab59bfbce2ddc9c860debad0.php Á¨¨ 121 Ë°å.
NOTIC: [8] Undefined variable: ref E:\phpstudy\www\yitong\Application\Runtime\Cache\Admin\dcfb7ddaab59bfbce2ddc9c860debad0.php Á¨¨ 150 Ë°å.
INFO: Run Behavior\ParseTemplateBehavior [ RunTime:0.161009s ]
INFO: [ view_parse ] --END-- [ RunTime:0.162009s ]
INFO: [ view_filter ] --START--
INFO: Run Behavior\WriteHtmlCacheBehavior [ RunTime:0.029002s ]
INFO: [ view_filter ] --END-- [ RunTime:0.029002s ]
INFO: [ app_end ] --START--
INFO: Run Behavior\ShowPageTraceBehavior [ RunTime:0.005000s ]
INFO: [ app_end ] --END-- [ RunTime:0.005000s ]

[ 2017-02-27T17:30:40+08:00 ] 127.0.0.1 /yitong/admin.php?m=Admin&c=auth&a=verify
INFO: [ app_init ] --START--
INFO: Run Behavior\BuildLiteBehavior [ RunTime:0.001000s ]
INFO: [ app_init ] --END-- [ RunTime:0.001000s ]
INFO: [ app_begin ] --START--
INFO: Run Behavior\ReadHtmlCacheBehavior [ RunTime:0.001000s ]
INFO: [ app_begin ] --END-- [ RunTime:0.001000s ]
INFO: [ app_end ] --START--
INFO: Run Behavior\ShowPageTraceBehavior [ RunTime:0.001000s ]
INFO: [ app_end ] --END-- [ RunTime:0.001000s ]

[ 2017-02-27T17:31:08+08:00 ] 127.0.0.1 /yitong/admin.php?m=Admin&c=auth&a=login
INFO: [ app_init ] --START--
INFO: Run Behavior\BuildLiteBehavior [ RunTime:0.000000s ]
INFO: [ app_init ] --END-- [ RunTime:0.000000s ]
INFO: [ app_begin ] --START--
INFO: Run Behavior\ReadHtmlCacheBehavior [ RunTime:0.000000s ]
INFO: [ app_begin ] --END-- [ RunTime:0.000000s ]
ERR: SQLSTATE[HY000] [2002] ”…”⁄¡¨Ω”∑Ω‘⁄“ª∂Œ ±º‰∫Û√ª”–’˝»∑¥∏¥ªÚ¡¨Ω”µƒ÷˜ª˙√ª”–∑¥”¶£¨¡¨Ω”≥¢ ‘ ß∞‹°£


[ 2017-02-27T17:35:28+08:00 ] 127.0.0.1 /yitong/admin.php
INFO: [ app_init ] --START--
INFO: Run Behavior\BuildLiteBehavior [ RunTime:0.000000s ]
INFO: [ app_init ] --END-- [ RunTime:0.000000s ]
INFO: [ app_begin ] --START--
INFO: Run Behavior\ReadHtmlCacheBehavior [ RunTime:0.000000s ]
INFO: [ app_begin ] --END-- [ RunTime:0.000000s ]

[ 2017-02-27T17:35:28+08:00 ] 127.0.0.1 /yitong/admin.php?m=Admin&c=auth&a=login
INFO: [ app_init ] --START--
INFO: Run Behavior\BuildLiteBehavior [ RunTime:0.000000s ]
INFO: [ app_init ] --END-- [ RunTime:0.000000s ]
INFO: [ app_begin ] --START--
INFO: Run Behavior\ReadHtmlCacheBehavior [ RunTime:0.000000s ]
INFO: [ app_begin ] --END-- [ RunTime:0.000000s ]
INFO: [ view_parse ] --START--
INFO: [ template_filter ] --START--
INFO: Run Behavior\ContentReplaceBehavior [ RunTime:0.000000s ]
INFO: [ template_filter ] --END-- [ RunTime:0.000000s ]
NOTIC: [8] Undefined variable: title E:\phpstudy\www\yitong\Application\Runtime\Cache\Admin\dcfb7ddaab59bfbce2ddc9c860debad0.php Á¨¨ 5 Ë°å.
NOTIC: [8] Undefined variable: meta_title E:\phpstudy\www\yitong\Application\Runtime\Cache\Admin\dcfb7ddaab59bfbce2ddc9c860debad0.php Á¨¨ 101 Ë°å.
NOTIC: [8] Undefined variable: error E:\phpstudy\www\yitong\Application\Runtime\Cache\Admin\dcfb7ddaab59bfbce2ddc9c860debad0.php Á¨¨ 121 Ë°å.
NOTIC: [8] Undefined variable: ref E:\phpstudy\www\yitong\Application\Runtime\Cache\Admin\dcfb7ddaab59bfbce2ddc9c860debad0.php Á¨¨ 150 Ë°å.
INFO: Run Behavior\ParseTemplateBehavior [ RunTime:0.015600s ]
INFO: [ view_parse ] --END-- [ RunTime:0.015600s ]
INFO: [ view_filter ] --START--
INFO: Run Behavior\WriteHtmlCacheBehavior [ RunTime:0.000000s ]
INFO: [ view_filter ] --END-- [ RunTime:0.000000s ]
INFO: [ app_end ] --START--
INFO: Run Behavior\ShowPageTraceBehavior [ RunTime:0.000000s ]
INFO: [ app_end ] --END-- [ RunTime:0.000000s ]

[ 2017-02-27T17:35:29+08:00 ] 127.0.0.1 /yitong/admin.php?m=Admin&c=auth&a=verify
INFO: [ app_init ] --START--
INFO: Run Behavior\BuildLiteBehavior [ RunTime:0.000000s ]
INFO: [ app_init ] --END-- [ RunTime:0.000000s ]
INFO: [ app_begin ] --START--
INFO: Run Behavior\ReadHtmlCacheBehavior [ RunTime:0.000000s ]
INFO: [ app_begin ] --END-- [ RunTime:0.000000s ]
INFO: [ app_end ] --START--
INFO: Run Behavior\ShowPageTraceBehavior [ RunTime:0.000000s ]
INFO: [ app_end ] --END-- [ RunTime:0.000000s ]

[ 2017-02-27T17:35:56+08:00 ] 127.0.0.1 /yitong/admin.php?m=Admin&c=auth&a=login
INFO: [ app_init ] --START--
INFO: Run Behavior\BuildLiteBehavior [ RunTime:0.000000s ]
INFO: [ app_init ] --END-- [ RunTime:0.000000s ]
INFO: [ app_begin ] --START--
INFO: Run Behavior\ReadHtmlCacheBehavior [ RunTime:0.000000s ]
INFO: [ app_begin ] --END-- [ RunTime:0.000000s ]
ERR: SQLSTATE[HY000] [2002] ”…”⁄¡¨Ω”∑Ω‘⁄“ª∂Œ ±º‰∫Û√ª”–’˝»∑¥∏¥ªÚ¡¨Ω”µƒ÷˜ª˙√ª”–∑¥”¶£¨¡¨Ω”≥¢ ‘ ß∞‹°£


[ 2017-02-27T17:52:48+08:00 ] 127.0.0.1 /yitong/admin.php
INFO: [ app_init ] --START--
INFO: Run Behavior\BuildLiteBehavior [ RunTime:0.000000s ]
INFO: [ app_init ] --END-- [ RunTime:0.000000s ]
INFO: [ app_begin ] --START--
INFO: Run Behavior\ReadHtmlCacheBehavior [ RunTime:0.000000s ]
INFO: [ app_begin ] --END-- [ RunTime:0.000000s ]

[ 2017-02-27T17:52:48+08:00 ] 127.0.0.1 /yitong/admin.php?m=Admin&c=auth&a=login
INFO: [ app_init ] --START--
INFO: Run Behavior\BuildLiteBehavior [ RunTime:0.000000s ]
INFO: [ app_init ] --END-- [ RunTime:0.000000s ]
INFO: [ app_begin ] --START--
INFO: Run Behavior\ReadHtmlCacheBehavior [ RunTime:0.000000s ]
INFO: [ app_begin ] --END-- [ RunTime:0.000000s ]
INFO: [ view_parse ] --START--
INFO: [ template_filter ] --START--
INFO: Run Behavior\ContentReplaceBehavior [ RunTime:0.000000s ]
INFO: [ template_filter ] --END-- [ RunTime:0.000000s ]
NOTIC: [8] Undefined variable: title E:\phpstudy\www\yitong\Application\Runtime\Cache\Admin\dcfb7ddaab59bfbce2ddc9c860debad0.php Á¨¨ 5 Ë°å.
NOTIC: [8] Undefined variable: meta_title E:\phpstudy\www\yitong\Application\Runtime\Cache\Admin\dcfb7ddaab59bfbce2ddc9c860debad0.php Á¨¨ 101 Ë°å.
NOTIC: [8] Undefined variable: error E:\phpstudy\www\yitong\Application\Runtime\Cache\Admin\dcfb7ddaab59bfbce2ddc9c860debad0.php Á¨¨ 121 Ë°å.
NOTIC: [8] Undefined variable: ref E:\phpstudy\www\yitong\Application\Runtime\Cache\Admin\dcfb7ddaab59bfbce2ddc9c860debad0.php Á¨¨ 150 Ë°å.
INFO: Run Behavior\ParseTemplateBehavior [ RunTime:0.009001s ]
INFO: [ view_parse ] --END-- [ RunTime:0.009001s ]
INFO: [ view_filter ] --START--
INFO: Run Behavior\WriteHtmlCacheBehavior [ RunTime:0.001000s ]
INFO: [ view_filter ] --END-- [ RunTime:0.001000s ]
INFO: [ app_end ] --START--
INFO: Run Behavior\ShowPageTraceBehavior [ RunTime:0.001000s ]
INFO: [ app_end ] --END-- [ RunTime:0.001000s ]

[ 2017-02-27T17:52:48+08:00 ] 127.0.0.1 /yitong/admin.php?m=Admin&c=auth&a=verify
INFO: [ app_init ] --START--
INFO: Run Behavior\BuildLiteBehavior [ RunTime:0.000000s ]
INFO: [ app_init ] --END-- [ RunTime:0.001000s ]
INFO: [ app_begin ] --START--
INFO: Run Behavior\ReadHtmlCacheBehavior [ RunTime:0.000000s ]
INFO: [ app_begin ] --END-- [ RunTime:0.000000s ]
INFO: [ app_end ] --START--
INFO: Run Behavior\ShowPageTraceBehavior [ RunTime:0.001000s ]
INFO: [ app_end ] --END-- [ RunTime:0.001000s ]

[ 2017-02-27T17:52:56+08:00 ] 127.0.0.1 /yitong/admin.php?m=Admin&c=auth&a=login
INFO: [ app_init ] --START--
INFO: Run Behavior\BuildLiteBehavior [ RunTime:0.000000s ]
INFO: [ app_init ] --END-- [ RunTime:0.000000s ]
INFO: [ app_begin ] --START--
INFO: Run Behavior\ReadHtmlCacheBehavior [ RunTime:0.001000s ]
INFO: [ app_begin ] --END-- [ RunTime:0.001000s ]
SQL: SHOW COLUMNS FROM `tbl_admin` [ RunTime:0.0050s ]
SQL: SELECT * FROM `tbl_admin` WHERE `username` = 'admin' LIMIT 1   [ RunTime:0.0010s ]
SQL: SHOW COLUMNS FROM `tbl_admin_role` [ RunTime:0.0050s ]
SQL: SELECT `disabled` FROM `tbl_admin_role` WHERE ( id = 2 ) LIMIT 1   [ RunTime:0.0000s ]
SQL: UPDATE `tbl_admin` SET `lasttime`='2017-02-27 17:52:56',`lastip`='127.0.0.1' WHERE `id` = 1 [ RunTime:0.0010s ]
NOTIC: [8] Undefined index: is_super_admin E:\phpstudy\www\yitong\Application\Admin\Controller\AuthController.class.php Á¨¨ 97 Ë°å.

[ 2017-02-27T17:52:56+08:00 ] 127.0.0.1 /yitong/admin.php?m=Admin&c=index&a=index
INFO: [ app_init ] --START--
INFO: Run Behavior\BuildLiteBehavior [ RunTime:0.000000s ]
INFO: [ app_init ] --END-- [ RunTime:0.000000s ]
INFO: [ app_begin ] --START--
INFO: Run Behavior\ReadHtmlCacheBehavior [ RunTime:0.001000s ]
INFO: [ app_begin ] --END-- [ RunTime:0.001000s ]
SQL: SHOW COLUMNS FROM `tbl_admin` [ RunTime:0.0050s ]
ERR: 1054:Unknown column 'headimg' in 'field list'
 [ SQLËØ≠Âè• ] : SELECT `headimg` FROM `tbl_admin` WHERE ( id=1 ) LIMIT 1  
ERR: 1054:Unknown column 'headimg' in 'field list'
 [ SQLËØ≠Âè• ] : SELECT `headimg` FROM `tbl_admin` WHERE ( id=1 ) LIMIT 1  

[ 2017-02-27T17:53:42+08:00 ] 127.0.0.1 /yitong/admin.php?m=Admin&c=index&a=index
INFO: [ app_init ] --START--
INFO: Run Behavior\BuildLiteBehavior [ RunTime:0.000000s ]
INFO: [ app_init ] --END-- [ RunTime:0.000000s ]
INFO: [ app_begin ] --START--
INFO: Run Behavior\ReadHtmlCacheBehavior [ RunTime:0.000000s ]
INFO: [ app_begin ] --END-- [ RunTime:0.000000s ]
SQL: SHOW COLUMNS FROM `tbl_admin` [ RunTime:0.0060s ]
SQL: SELECT `headimg` FROM `tbl_admin` WHERE ( id=1 ) LIMIT 1   [ RunTime:0.0000s ]
SQL: SHOW COLUMNS FROM `tbl_adinm_role_priv` [ RunTime:0.0060s ]
SQL: SELECT * FROM `tbl_adinm_role_priv` WHERE ( roleid = 2 )  [ RunTime:0.0000s ]
SQL: SELECT * FROM `tbl_adinm_role_priv` WHERE ( roleid = 2 )  [ RunTime:0.0010s ]
SQL: SELECT * FROM `tbl_adinm_role_priv` WHERE ( roleid = 2 )  [ RunTime:0.0000s ]
NOTIC: [8] Undefined index: children E:\phpstudy\www\yitong\Application\Admin\Controller\BaseController.class.php Á¨¨ 259 Ë°å.
SQL: SELECT * FROM `tbl_adinm_role_priv` WHERE ( roleid = 2 )  [ RunTime:0.0000s ]
NOTIC: [8] Undefined index: children E:\phpstudy\www\yitong\Application\Admin\Controller\BaseController.class.php Á¨¨ 239 Ë°å.
NOTIC: [8] Undefined index: children E:\phpstudy\www\yitong\Application\Admin\Controller\BaseController.class.php Á¨¨ 259 Ë°å.
SQL: SELECT * FROM `tbl_adinm_role_priv` WHERE ( roleid = 2 )  [ RunTime:0.0000s ]
NOTIC: [8] Undefined index: children E:\phpstudy\www\yitong\Application\Admin\Controller\BaseController.class.php Á¨¨ 239 Ë°å.
NOTIC: [8] Undefined index: children E:\phpstudy\www\yitong\Application\Admin\Controller\BaseController.class.php Á¨¨ 259 Ë°å.
SQL: SELECT * FROM `tbl_adinm_role_priv` WHERE ( roleid = 2 )  [ RunTime:0.0000s ]
NOTIC: [8] Undefined index: children E:\phpstudy\www\yitong\Application\Admin\Controller\BaseController.class.php Á¨¨ 239 Ë°å.
NOTIC: [8] Undefined index: children E:\phpstudy\www\yitong\Application\Admin\Controller\BaseController.class.php Á¨¨ 259 Ë°å.
SQL: SELECT * FROM `tbl_adinm_role_priv` WHERE ( roleid = 2 )  [ RunTime:0.0000s ]
NOTIC: [8] Undefined index: children E:\phpstudy\www\yitong\Application\Admin\Controller\BaseController.class.php Á¨¨ 239 Ë°å.
SQL: SELECT * FROM `tbl_adinm_role_priv` WHERE ( roleid = 2 )  [ RunTime:0.0000s ]
SQL: SELECT * FROM `tbl_adinm_role_priv` WHERE ( roleid = 2 )  [ RunTime:0.0000s ]
SQL: SELECT * FROM `tbl_adinm_role_priv` WHERE ( roleid = 2 )  [ RunTime:0.0010s ]
SQL: SHOW COLUMNS FROM `tbl_member` [ RunTime:0.0050s ]
SQL: SELECT COUNT(*) AS tp_count FROM `tbl_member` LIMIT 1   [ RunTime:0.0000s ]
SQL: SELECT * FROM `tbl_member` ORDER BY add_time DESC LIMIT 0,8   [ RunTime:0.0010s ]
SQL: SHOW COLUMNS FROM `tbl_specialty` [ RunTime:0.0050s ]
SQL: SHOW COLUMNS FROM `tbl_course` [ RunTime:0.0050s ]
SQL: SHOW COLUMNS FROM `tbl_notice` [ RunTime:0.0070s ]
SQL: SELECT COUNT(*) AS tp_count FROM `tbl_specialty` LIMIT 1   [ RunTime:0.0010s ]
SQL: SELECT COUNT(*) AS tp_count FROM `tbl_course` LIMIT 1   [ RunTime:0.0000s ]
SQL: SELECT COUNT(*) AS tp_count FROM `tbl_notice` LIMIT 1   [ RunTime:0.0000s ]
INFO: [ view_parse ] --START--
INFO: [ template_filter ] --START--
INFO: Run Behavior\ContentReplaceBehavior [ RunTime:0.000000s ]
INFO: [ template_filter ] --END-- [ RunTime:0.000000s ]
NOTIC: [8] Use of undefined constant male - assumed 'male' E:\phpstudy\www\yitong\Application\Runtime\Cache\Admin\b595b808c2ebeeeb0478ffc30bb4e87a.php Á¨¨ 244 Ë°å.
NOTIC: [8] Use of undefined constant female - assumed 'female' E:\phpstudy\www\yitong\Application\Runtime\Cache\Admin\b595b808c2ebeeeb0478ffc30bb4e87a.php Á¨¨ 245 Ë°å.
NOTIC: [8] Use of undefined constant male - assumed 'male' E:\phpstudy\www\yitong\Application\Runtime\Cache\Admin\b595b808c2ebeeeb0478ffc30bb4e87a.php Á¨¨ 244 Ë°å.
NOTIC: [8] Use of undefined constant male - assumed 'male' E:\phpstudy\www\yitong\Application\Runtime\Cache\Admin\b595b808c2ebeeeb0478ffc30bb4e87a.php Á¨¨ 244 Ë°å.
NOTIC: [8] Use of undefined constant male - assumed 'male' E:\phpstudy\www\yitong\Application\Runtime\Cache\Admin\b595b808c2ebeeeb0478ffc30bb4e87a.php Á¨¨ 244 Ë°å.
NOTIC: [8] Use of undefined constant male - assumed 'male' E:\phpstudy\www\yitong\Application\Runtime\Cache\Admin\b595b808c2ebeeeb0478ffc30bb4e87a.php Á¨¨ 244 Ë°å.
NOTIC: [8] Use of undefined constant male - assumed 'male' E:\phpstudy\www\yitong\Application\Runtime\Cache\Admin\b595b808c2ebeeeb0478ffc30bb4e87a.php Á¨¨ 244 Ë°å.
NOTIC: [8] Use of undefined constant male - assumed 'male' E:\phpstudy\www\yitong\Application\Runtime\Cache\Admin\b595b808c2ebeeeb0478ffc30bb4e87a.php Á¨¨ 244 Ë°å.
NOTIC: [8] Use of undefined constant male - assumed 'male' E:\phpstudy\www\yitong\Application\Runtime\Cache\Admin\b595b808c2ebeeeb0478ffc30bb4e87a.php Á¨¨ 244 Ë°å.
INFO: Run Behavior\ParseTemplateBehavior [ RunTime:0.026002s ]
INFO: [ view_parse ] --END-- [ RunTime:0.026002s ]
INFO: [ view_filter ] --START--
INFO: Run Behavior\WriteHtmlCacheBehavior [ RunTime:0.002000s ]
INFO: [ view_filter ] --END-- [ RunTime:0.002000s ]
INFO: [ app_end ] --START--
INFO: Run Behavior\ShowPageTraceBehavior [ RunTime:0.002000s ]
INFO: [ app_end ] --END-- [ RunTime:0.003000s ]

[ 2017-02-27T17:53:44+08:00 ] 127.0.0.1 /yitong/admin.php?m=Admin&c=Video&a=Index
INFO: [ app_init ] --START--
INFO: Run Behavior\BuildLiteBehavior [ RunTime:0.000000s ]
INFO: [ app_init ] --END-- [ RunTime:0.000000s ]
INFO: [ app_begin ] --START--
INFO: Run Behavior\ReadHtmlCacheBehavior [ RunTime:0.000000s ]
INFO: [ app_begin ] --END-- [ RunTime:0.000000s ]
SQL: SHOW COLUMNS FROM `tbl_admin` [ RunTime:0.0060s ]
SQL: SELECT `headimg` FROM `tbl_admin` WHERE ( id=1 ) LIMIT 1   [ RunTime:0.0000s ]
SQL: SHOW COLUMNS FROM `tbl_adinm_role_priv` [ RunTime:0.0050s ]
SQL: SELECT * FROM `tbl_adinm_role_priv` WHERE ( roleid = 2 )  [ RunTime:0.0000s ]
SQL: SELECT * FROM `tbl_adinm_role_priv` WHERE ( roleid = 2 )  [ RunTime:0.0010s ]
SQL: SELECT * FROM `tbl_adinm_role_priv` WHERE ( roleid = 2 )  [ RunTime:0.0000s ]
NOTIC: [8] Undefined index: children E:\phpstudy\www\yitong\Application\Admin\Controller\BaseController.class.php Á¨¨ 259 Ë°å.
SQL: SELECT * FROM `tbl_adinm_role_priv` WHERE ( roleid = 2 )  [ RunTime:0.0000s ]
NOTIC: [8] Undefined index: children E:\phpstudy\www\yitong\Application\Admin\Controller\BaseController.class.php Á¨¨ 239 Ë°å.
NOTIC: [8] Undefined index: children E:\phpstudy\www\yitong\Application\Admin\Controller\BaseController.class.php Á¨¨ 259 Ë°å.
SQL: SELECT * FROM `tbl_adinm_role_priv` WHERE ( roleid = 2 )  [ RunTime:0.0010s ]
NOTIC: [8] Undefined index: children E:\phpstudy\www\yitong\Application\Admin\Controller\BaseController.class.php Á¨¨ 239 Ë°å.
NOTIC: [8] Undefined index: children E:\phpstudy\www\yitong\Application\Admin\Controller\BaseController.class.php Á¨¨ 259 Ë°å.
SQL: SELECT * FROM `tbl_adinm_role_priv` WHERE ( roleid = 2 )  [ RunTime:0.0000s ]
NOTIC: [8] Undefined index: children E:\phpstudy\www\yitong\Application\Admin\Controller\BaseController.class.php Á¨¨ 239 Ë°å.
NOTIC: [8] Undefined index: children E:\phpstudy\www\yitong\Application\Admin\Controller\BaseController.class.php Á¨¨ 259 Ë°å.
SQL: SELECT * FROM `tbl_adinm_role_priv` WHERE ( roleid = 2 )  [ RunTime:0.0010s ]
NOTIC: [8] Undefined index: children E:\phpstudy\www\yitong\Application\Admin\Controller\BaseController.class.php Á¨¨ 239 Ë°å.
SQL: SELECT * FROM `tbl_adinm_role_priv` WHERE ( roleid = 2 )  [ RunTime:0.0000s ]
SQL: SELECT * FROM `tbl_adinm_role_priv` WHERE ( roleid = 2 )  [ RunTime:0.0000s ]
SQL: SELECT * FROM `tbl_adinm_role_priv` WHERE ( roleid = 2 )  [ RunTime:0.0000s ]
SQL: SHOW COLUMNS FROM `tbl_course` [ RunTime:0.0080s ]
SQL: SELECT COUNT(*) AS tp_count FROM `tbl_course` INNER JOIN tbl_admin ON tbl_course.user_id = tbl_admin.id  ORDER BY add_time desc LIMIT 1   [ RunTime:0.0010s ]
SQL: SELECT tbl_course.id,tbl_course.title,tbl_course.description,tbl_admin.username,tbl_course.audit,tbl_course.period,tbl_course.type,tbl_course.grade FROM `tbl_course` INNER JOIN tbl_admin ON tbl_course.user_id = tbl_admin.id  ORDER BY add_time desc LIMIT 0,8   [ RunTime:0.0010s ]
INFO: [ view_parse ] --START--
INFO: [ template_filter ] --START--
INFO: Run Behavior\ContentReplaceBehavior [ RunTime:0.001000s ]
INFO: [ template_filter ] --END-- [ RunTime:0.001000s ]
NOTIC: [8] Use of undefined constant checked - assumed 'checked' E:\phpstudy\www\yitong\Application\Runtime\Cache\Admin\aa36f881607987b8ff5c7ced221b02c4.php Á¨¨ 215 Ë°å.
INFO: Run Behavior\ParseTemplateBehavior [ RunTime:0.035002s ]
INFO: [ view_parse ] --END-- [ RunTime:0.035002s ]
INFO: [ view_filter ] --START--
INFO: Run Behavior\WriteHtmlCacheBehavior [ RunTime:0.000000s ]
INFO: [ view_filter ] --END-- [ RunTime:0.000000s ]
INFO: [ app_end ] --START--
INFO: Run Behavior\ShowPageTraceBehavior [ RunTime:0.001000s ]
INFO: [ app_end ] --END-- [ RunTime:0.001000s ]

[ 2017-02-27T17:53:45+08:00 ] 127.0.0.1 /yitong/admin.php?m=Admin&c=Profession&a=Index
INFO: [ app_init ] --START--
INFO: Run Behavior\BuildLiteBehavior [ RunTime:0.000000s ]
INFO: [ app_init ] --END-- [ RunTime:0.000000s ]
INFO: [ app_begin ] --START--
INFO: Run Behavior\ReadHtmlCacheBehavior [ RunTime:0.000000s ]
INFO: [ app_begin ] --END-- [ RunTime:0.001000s ]
SQL: SHOW COLUMNS FROM `tbl_admin` [ RunTime:0.0060s ]
SQL: SELECT `headimg` FROM `tbl_admin` WHERE ( id=1 ) LIMIT 1   [ RunTime:0.0010s ]
SQL: SHOW COLUMNS FROM `tbl_adinm_role_priv` [ RunTime:0.0050s ]
SQL: SELECT * FROM `tbl_adinm_role_priv` WHERE ( roleid = 2 )  [ RunTime:0.0000s ]
SQL: SELECT * FROM `tbl_adinm_role_priv` WHERE ( roleid = 2 )  [ RunTime:0.0010s ]
SQL: SELECT * FROM `tbl_adinm_role_priv` WHERE ( roleid = 2 )  [ RunTime:0.0000s ]
NOTIC: [8] Undefined index: children E:\phpstudy\www\yitong\Application\Admin\Controller\BaseController.class.php Á¨¨ 259 Ë°å.
SQL: SELECT * FROM `tbl_adinm_role_priv` WHERE ( roleid = 2 )  [ RunTime:0.0000s ]
NOTIC: [8] Undefined index: children E:\phpstudy\www\yitong\Application\Admin\Controller\BaseController.class.php Á¨¨ 239 Ë°å.
NOTIC: [8] Undefined index: children E:\phpstudy\www\yitong\Application\Admin\Controller\BaseController.class.php Á¨¨ 259 Ë°å.
SQL: SELECT * FROM `tbl_adinm_role_priv` WHERE ( roleid = 2 )  [ RunTime:0.0000s ]
NOTIC: [8] Undefined index: children E:\phpstudy\www\yitong\Application\Admin\Controller\BaseController.class.php Á¨¨ 239 Ë°å.
NOTIC: [8] Undefined index: children E:\phpstudy\www\yitong\Application\Admin\Controller\BaseController.class.php Á¨¨ 259 Ë°å.
SQL: SELECT * FROM `tbl_adinm_role_priv` WHERE ( roleid = 2 )  [ RunTime:0.0000s ]
NOTIC: [8] Undefined index: children E:\phpstudy\www\yitong\Application\Admin\Controller\BaseController.class.php Á¨¨ 239 Ë°å.
NOTIC: [8] Undefined index: children E:\phpstudy\www\yitong\Application\Admin\Controller\BaseController.class.php Á¨¨ 259 Ë°å.
SQL: SELECT * FROM `tbl_adinm_role_priv` WHERE ( roleid = 2 )  [ RunTime:0.0000s ]
NOTIC: [8] Undefined index: children E:\phpstudy\www\yitong\Application\Admin\Controller\BaseController.class.php Á¨¨ 239 Ë°å.
SQL: SELECT * FROM `tbl_adinm_role_priv` WHERE ( roleid = 2 )  [ RunTime:0.0000s ]
SQL: SELECT * FROM `tbl_adinm_role_priv` WHERE ( roleid = 2 )  [ RunTime:0.0000s ]
SQL: SELECT * FROM `tbl_adinm_role_priv` WHERE ( roleid = 2 )  [ RunTime:0.0000s ]
SQL: SHOW COLUMNS FROM `tbl_specialty` [ RunTime:0.0050s ]
SQL: SELECT COUNT(*) AS tp_count FROM `tbl_specialty` LIMIT 1   [ RunTime:0.0010s ]
SQL: SELECT * FROM `tbl_specialty` ORDER BY add_time desc LIMIT 0,8   [ RunTime:0.0000s ]
INFO: [ view_parse ] --START--
INFO: [ template_filter ] --START--
INFO: Run Behavior\ContentReplaceBehavior [ RunTime:0.000000s ]
INFO: [ template_filter ] --END-- [ RunTime:0.000000s ]
INFO: Run Behavior\ParseTemplateBehavior [ RunTime:0.011001s ]
INFO: [ view_parse ] --END-- [ RunTime:0.012001s ]
INFO: [ view_filter ] --START--
INFO: Run Behavior\WriteHtmlCacheBehavior [ RunTime:0.000000s ]
INFO: [ view_filter ] --END-- [ RunTime:0.000000s ]
INFO: [ app_end ] --START--
INFO: Run Behavior\ShowPageTraceBehavior [ RunTime:0.001000s ]
INFO: [ app_end ] --END-- [ RunTime:0.001000s ]

[ 2017-02-27T17:53:47+08:00 ] 127.0.0.1 /yitong/admin.php?m=Admin&c=Photo&a=Index
INFO: [ app_init ] --START--
INFO: Run Behavior\BuildLiteBehavior [ RunTime:0.000000s ]
INFO: [ app_init ] --END-- [ RunTime:0.001000s ]
INFO: [ app_begin ] --START--
INFO: Run Behavior\ReadHtmlCacheBehavior [ RunTime:0.000000s ]
INFO: [ app_begin ] --END-- [ RunTime:0.001000s ]
SQL: SHOW COLUMNS FROM `tbl_admin` [ RunTime:0.0070s ]
SQL: SELECT `headimg` FROM `tbl_admin` WHERE ( id=1 ) LIMIT 1   [ RunTime:0.0010s ]
SQL: SHOW COLUMNS FROM `tbl_adinm_role_priv` [ RunTime:0.0060s ]
SQL: SELECT * FROM `tbl_adinm_role_priv` WHERE ( roleid = 2 )  [ RunTime:0.0000s ]
SQL: SELECT * FROM `tbl_adinm_role_priv` WHERE ( roleid = 2 )  [ RunTime:0.0000s ]
SQL: SELECT * FROM `tbl_adinm_role_priv` WHERE ( roleid = 2 )  [ RunTime:0.0000s ]
NOTIC: [8] Undefined index: children E:\phpstudy\www\yitong\Application\Admin\Controller\BaseController.class.php Á¨¨ 259 Ë°å.
SQL: SELECT * FROM `tbl_adinm_role_priv` WHERE ( roleid = 2 )  [ RunTime:0.0000s ]
NOTIC: [8] Undefined index: children E:\phpstudy\www\yitong\Application\Admin\Controller\BaseController.class.php Á¨¨ 239 Ë°å.
NOTIC: [8] Undefined index: children E:\phpstudy\www\yitong\Application\Admin\Controller\BaseController.class.php Á¨¨ 259 Ë°å.
SQL: SELECT * FROM `tbl_adinm_role_priv` WHERE ( roleid = 2 )  [ RunTime:0.0000s ]
NOTIC: [8] Undefined index: children E:\phpstudy\www\yitong\Application\Admin\Controller\BaseController.class.php Á¨¨ 239 Ë°å.
NOTIC: [8] Undefined index: children E:\phpstudy\www\yitong\Application\Admin\Controller\BaseController.class.php Á¨¨ 259 Ë°å.
SQL: SELECT * FROM `tbl_adinm_role_priv` WHERE ( roleid = 2 )  [ RunTime:0.0000s ]
NOTIC: [8] Undefined index: children E:\phpstudy\www\yitong\Application\Admin\Controller\BaseController.class.php Á¨¨ 239 Ë°å.
NOTIC: [8] Undefined index: children E:\phpstudy\www\yitong\Application\Admin\Controller\BaseController.class.php Á¨¨ 259 Ë°å.
SQL: SELECT * FROM `tbl_adinm_role_priv` WHERE ( roleid = 2 )  [ RunTime:0.0000s ]
NOTIC: [8] Undefined index: children E:\phpstudy\www\yitong\Application\Admin\Controller\BaseController.class.php Á¨¨ 239 Ë°å.
SQL: SELECT * FROM `tbl_adinm_role_priv` WHERE ( roleid = 2 )  [ RunTime:0.0000s ]
SQL: SELECT * FROM `tbl_adinm_role_priv` WHERE ( roleid = 2 )  [ RunTime:0.0000s ]
SQL: SELECT * FROM `tbl_adinm_role_priv` WHERE ( roleid = 2 )  [ RunTime:0.0000s ]
SQL: SHOW COLUMNS FROM `tbl_member` [ RunTime:0.0080s ]
SQL: SELECT * FROM `tbl_member` ORDER BY add_time DESC  [ RunTime:0.0010s ]
INFO: [ view_parse ] --START--
INFO: [ template_filter ] --START--
INFO: Run Behavior\ContentReplaceBehavior [ RunTime:0.000000s ]
INFO: [ template_filter ] --END-- [ RunTime:0.000000s ]
INFO: Run Behavior\ParseTemplateBehavior [ RunTime:0.009000s ]
INFO: [ view_parse ] --END-- [ RunTime:0.009000s ]
INFO: [ view_filter ] --START--
INFO: Run Behavior\WriteHtmlCacheBehavior [ RunTime:0.001000s ]
INFO: [ view_filter ] --END-- [ RunTime:0.001000s ]
INFO: [ app_end ] --START--
INFO: Run Behavior\ShowPageTraceBehavior [ RunTime:0.001000s ]
INFO: [ app_end ] --END-- [ RunTime:0.001000s ]

[ 2017-02-27T18:25:21+08:00 ] 127.0.0.1 /yitong/admin.php
INFO: [ app_init ] --START--
INFO: Run Behavior\BuildLiteBehavior [ RunTime:0.000000s ]
INFO: [ app_init ] --END-- [ RunTime:0.001000s ]
INFO: [ app_begin ] --START--
INFO: Run Behavior\ReadHtmlCacheBehavior [ RunTime:0.000000s ]
INFO: [ app_begin ] --END-- [ RunTime:0.000000s ]

[ 2017-02-27T18:25:21+08:00 ] 127.0.0.1 /yitong/admin.php?m=Admin&c=auth&a=login
INFO: [ app_init ] --START--
INFO: Run Behavior\BuildLiteBehavior [ RunTime:0.000000s ]
INFO: [ app_init ] --END-- [ RunTime:0.000000s ]
INFO: [ app_begin ] --START--
INFO: Run Behavior\ReadHtmlCacheBehavior [ RunTime:0.001000s ]
INFO: [ app_begin ] --END-- [ RunTime:0.001000s ]
INFO: [ view_parse ] --START--
INFO: [ template_filter ] --START--
INFO: Run Behavior\ContentReplaceBehavior [ RunTime:0.000000s ]
INFO: [ template_filter ] --END-- [ RunTime:0.000000s ]
NOTIC: [8] Undefined variable: title E:\phpstudy\www\yitong\Application\Runtime\Cache\Admin\dcfb7ddaab59bfbce2ddc9c860debad0.php Á¨¨ 5 Ë°å.
NOTIC: [8] Undefined variable: meta_title E:\phpstudy\www\yitong\Application\Runtime\Cache\Admin\dcfb7ddaab59bfbce2ddc9c860debad0.php Á¨¨ 101 Ë°å.
NOTIC: [8] Undefined variable: error E:\phpstudy\www\yitong\Application\Runtime\Cache\Admin\dcfb7ddaab59bfbce2ddc9c860debad0.php Á¨¨ 121 Ë°å.
NOTIC: [8] Undefined variable: ref E:\phpstudy\www\yitong\Application\Runtime\Cache\Admin\dcfb7ddaab59bfbce2ddc9c860debad0.php Á¨¨ 150 Ë°å.
INFO: Run Behavior\ParseTemplateBehavior [ RunTime:0.013000s ]
INFO: [ view_parse ] --END-- [ RunTime:0.013000s ]
INFO: [ view_filter ] --START--
INFO: Run Behavior\WriteHtmlCacheBehavior [ RunTime:0.001000s ]
INFO: [ view_filter ] --END-- [ RunTime:0.001000s ]
INFO: [ app_end ] --START--
INFO: Run Behavior\ShowPageTraceBehavior [ RunTime:0.000000s ]
INFO: [ app_end ] --END-- [ RunTime:0.000000s ]

[ 2017-02-27T18:25:21+08:00 ] 127.0.0.1 /yitong/admin.php?m=Admin&c=auth&a=verify
INFO: [ app_init ] --START--
INFO: Run Behavior\BuildLiteBehavior [ RunTime:0.000000s ]
INFO: [ app_init ] --END-- [ RunTime:0.000000s ]
INFO: [ app_begin ] --START--
INFO: Run Behavior\ReadHtmlCacheBehavior [ RunTime:0.000000s ]
INFO: [ app_begin ] --END-- [ RunTime:0.001000s ]
INFO: [ app_end ] --START--
INFO: Run Behavior\ShowPageTraceBehavior [ RunTime:0.001000s ]
INFO: [ app_end ] --END-- [ RunTime:0.001000s ]

[ 2017-02-27T18:26:05+08:00 ] 127.0.0.1 /yitong/admin.php?m=Admin&c=auth&a=login
INFO: [ app_init ] --START--
INFO: Run Behavior\BuildLiteBehavior [ RunTime:0.000000s ]
INFO: [ app_init ] --END-- [ RunTime:0.001000s ]
INFO: [ app_begin ] --START--
INFO: Run Behavior\ReadHtmlCacheBehavior [ RunTime:0.000000s ]
INFO: [ app_begin ] --END-- [ RunTime:0.001000s ]
SQL: SHOW COLUMNS FROM `tbl_admin` [ RunTime:0.0070s ]
SQL: SELECT * FROM `tbl_admin` WHERE `username` = 'admin' LIMIT 1   [ RunTime:0.0010s ]
SQL: SHOW COLUMNS FROM `tbl_admin_role` [ RunTime:0.0060s ]
SQL: SELECT `disabled` FROM `tbl_admin_role` WHERE ( id = 2 ) LIMIT 1   [ RunTime:0.0000s ]
SQL: UPDATE `tbl_admin` SET `lasttime`='2017-02-27 18:26:05',`lastip`='127.0.0.1' WHERE `id` = 1 [ RunTime:0.0010s ]
NOTIC: [8] Undefined index: is_super_admin E:\phpstudy\www\yitong\Application\Admin\Controller\AuthController.class.php Á¨¨ 97 Ë°å.

[ 2017-02-27T18:26:05+08:00 ] 127.0.0.1 /yitong/admin.php?m=Admin&c=index&a=index
INFO: [ app_init ] --START--
INFO: Run Behavior\BuildLiteBehavior [ RunTime:0.000000s ]
INFO: [ app_init ] --END-- [ RunTime:0.000000s ]
INFO: [ app_begin ] --START--
INFO: Run Behavior\ReadHtmlCacheBehavior [ RunTime:0.000000s ]
INFO: [ app_begin ] --END-- [ RunTime:0.000000s ]
SQL: SHOW COLUMNS FROM `tbl_admin` [ RunTime:0.0060s ]
SQL: SELECT `headimg` FROM `tbl_admin` WHERE ( id=1 ) LIMIT 1   [ RunTime:0.0000s ]
SQL: SHOW COLUMNS FROM `tbl_adinm_role_priv` [ RunTime:0.0090s ]
SQL: SELECT * FROM `tbl_adinm_role_priv` WHERE ( roleid = 2 )  [ RunTime:0.0000s ]
SQL: SELECT * FROM `tbl_adinm_role_priv` WHERE ( roleid = 2 )  [ RunTime:0.0000s ]
SQL: SELECT * FROM `tbl_adinm_role_priv` WHERE ( roleid = 2 )  [ RunTime:0.0000s ]
NOTIC: [8] Undefined index: children E:\phpstudy\www\yitong\Application\Admin\Controller\BaseController.class.php Á¨¨ 259 Ë°å.
SQL: SELECT * FROM `tbl_adinm_role_priv` WHERE ( roleid = 2 )  [ RunTime:0.0000s ]
NOTIC: [8] Undefined index: children E:\phpstudy\www\yitong\Application\Admin\Controller\BaseController.class.php Á¨¨ 239 Ë°å.
NOTIC: [8] Undefined index: children E:\phpstudy\www\yitong\Application\Admin\Controller\BaseController.class.php Á¨¨ 259 Ë°å.
SQL: SELECT * FROM `tbl_adinm_role_priv` WHERE ( roleid = 2 )  [ RunTime:0.0010s ]
NOTIC: [8] Undefined index: children E:\phpstudy\www\yitong\Application\Admin\Controller\BaseController.class.php Á¨¨ 239 Ë°å.
NOTIC: [8] Undefined index: children E:\phpstudy\www\yitong\Application\Admin\Controller\BaseController.class.php Á¨¨ 259 Ë°å.
SQL: SELECT * FROM `tbl_adinm_role_priv` WHERE ( roleid = 2 )  [ RunTime:0.0000s ]
NOTIC: [8] Undefined index: children E:\phpstudy\www\yitong\Application\Admin\Controller\BaseController.class.php Á¨¨ 239 Ë°å.
NOTIC: [8] Undefined index: children E:\phpstudy\www\yitong\Application\Admin\Controller\BaseController.class.php Á¨¨ 259 Ë°å.
SQL: SELECT * FROM `tbl_adinm_role_priv` WHERE ( roleid = 2 )  [ RunTime:0.0000s ]
NOTIC: [8] Undefined index: children E:\phpstudy\www\yitong\Application\Admin\Controller\BaseController.class.php Á¨¨ 239 Ë°å.
SQL: SELECT * FROM `tbl_adinm_role_priv` WHERE ( roleid = 2 )  [ RunTime:0.0000s ]
SQL: SELECT * FROM `tbl_adinm_role_priv` WHERE ( roleid = 2 )  [ RunTime:0.0000s ]
SQL: SELECT * FROM `tbl_adinm_role_priv` WHERE ( roleid = 2 )  [ RunTime:0.0010s ]
SQL: SHOW COLUMNS FROM `tbl_member` [ RunTime:0.0090s ]
SQL: SELECT COUNT(*) AS tp_count FROM `tbl_member` LIMIT 1   [ RunTime:0.0010s ]
SQL: SELECT * FROM `tbl_member` ORDER BY add_time DESC LIMIT 0,8   [ RunTime:0.0010s ]
SQL: SHOW COLUMNS FROM `tbl_specialty` [ RunTime:0.0070s ]
SQL: SHOW COLUMNS FROM `tbl_course` [ RunTime:0.0080s ]
SQL: SHOW COLUMNS FROM `tbl_notice` [ RunTime:0.0070s ]
SQL: SELECT COUNT(*) AS tp_count FROM `tbl_specialty` LIMIT 1   [ RunTime:0.0000s ]
SQL: SELECT COUNT(*) AS tp_count FROM `tbl_course` LIMIT 1   [ RunTime:0.0000s ]
SQL: SELECT COUNT(*) AS tp_count FROM `tbl_notice` LIMIT 1   [ RunTime:0.0010s ]
INFO: [ view_parse ] --START--
INFO: [ template_filter ] --START--
INFO: Run Behavior\ContentReplaceBehavior [ RunTime:0.000000s ]
INFO: [ template_filter ] --END-- [ RunTime:0.000000s ]
NOTIC: [8] Use of undefined constant male - assumed 'male' E:\phpstudy\www\yitong\Application\Runtime\Cache\Admin\b595b808c2ebeeeb0478ffc30bb4e87a.php Á¨¨ 244 Ë°å.
NOTIC: [8] Use of undefined constant female - assumed 'female' E:\phpstudy\www\yitong\Application\Runtime\Cache\Admin\b595b808c2ebeeeb0478ffc30bb4e87a.php Á¨¨ 245 Ë°å.
NOTIC: [8] Use of undefined constant male - assumed 'male' E:\phpstudy\www\yitong\Application\Runtime\Cache\Admin\b595b808c2ebeeeb0478ffc30bb4e87a.php Á¨¨ 244 Ë°å.
NOTIC: [8] Use of undefined constant male - assumed 'male' E:\phpstudy\www\yitong\Application\Runtime\Cache\Admin\b595b808c2ebeeeb0478ffc30bb4e87a.php Á¨¨ 244 Ë°å.
NOTIC: [8] Use of undefined constant male - assumed 'male' E:\phpstudy\www\yitong\Application\Runtime\Cache\Admin\b595b808c2ebeeeb0478ffc30bb4e87a.php Á¨¨ 244 Ë°å.
NOTIC: [8] Use of undefined constant male - assumed 'male' E:\phpstudy\www\yitong\Application\Runtime\Cache\Admin\b595b808c2ebeeeb0478ffc30bb4e87a.php Á¨¨ 244 Ë°å.
NOTIC: [8] Use of undefined constant male - assumed 'male' E:\phpstudy\www\yitong\Application\Runtime\Cache\Admin\b595b808c2ebeeeb0478ffc30bb4e87a.php Á¨¨ 244 Ë°å.
NOTIC: [8] Use of undefined constant male - assumed 'male' E:\phpstudy\www\yitong\Application\Runtime\Cache\Admin\b595b808c2ebeeeb0478ffc30bb4e87a.php Á¨¨ 244 Ë°å.
NOTIC: [8] Use of undefined constant male - assumed 'male' E:\phpstudy\www\yitong\Application\Runtime\Cache\Admin\b595b808c2ebeeeb0478ffc30bb4e87a.php Á¨¨ 244 Ë°å.
INFO: Run Behavior\ParseTemplateBehavior [ RunTime:0.010000s ]
INFO: [ view_parse ] --END-- [ RunTime:0.011000s ]
INFO: [ view_filter ] --START--
INFO: Run Behavior\WriteHtmlCacheBehavior [ RunTime:0.000000s ]
INFO: [ view_filter ] --END-- [ RunTime:0.000000s ]
INFO: [ app_end ] --START--
INFO: Run Behavior\ShowPageTraceBehavior [ RunTime:0.000000s ]
INFO: [ app_end ] --END-- [ RunTime:0.000000s ]

[ 2017-02-27T18:26:07+08:00 ] 127.0.0.1 /yitong/admin.php?m=Admin&c=Profession&a=Index
INFO: [ app_init ] --START--
INFO: Run Behavior\BuildLiteBehavior [ RunTime:0.000000s ]
INFO: [ app_init ] --END-- [ RunTime:0.001000s ]
INFO: [ app_begin ] --START--
INFO: Run Behavior\ReadHtmlCacheBehavior [ RunTime:0.001000s ]
INFO: [ app_begin ] --END-- [ RunTime:0.001000s ]
SQL: SHOW COLUMNS FROM `tbl_admin` [ RunTime:0.0090s ]
SQL: SELECT `headimg` FROM `tbl_admin` WHERE ( id=1 ) LIMIT 1   [ RunTime:0.0010s ]
SQL: SHOW COLUMNS FROM `tbl_adinm_role_priv` [ RunTime:0.0060s ]
SQL: SELECT * FROM `tbl_adinm_role_priv` WHERE ( roleid = 2 )  [ RunTime:0.0010s ]
SQL: SELECT * FROM `tbl_adinm_role_priv` WHERE ( roleid = 2 )  [ RunTime:0.0000s ]
SQL: SELECT * FROM `tbl_adinm_role_priv` WHERE ( roleid = 2 )  [ RunTime:0.0010s ]
NOTIC: [8] Undefined index: children E:\phpstudy\www\yitong\Application\Admin\Controller\BaseController.class.php Á¨¨ 259 Ë°å.
SQL: SELECT * FROM `tbl_adinm_role_priv` WHERE ( roleid = 2 )  [ RunTime:0.0000s ]
NOTIC: [8] Undefined index: children E:\phpstudy\www\yitong\Application\Admin\Controller\BaseController.class.php Á¨¨ 239 Ë°å.
NOTIC: [8] Undefined index: children E:\phpstudy\www\yitong\Application\Admin\Controller\BaseController.class.php Á¨¨ 259 Ë°å.
SQL: SELECT * FROM `tbl_adinm_role_priv` WHERE ( roleid = 2 )  [ RunTime:0.0000s ]
NOTIC: [8] Undefined index: children E:\phpstudy\www\yitong\Application\Admin\Controller\BaseController.class.php Á¨¨ 239 Ë°å.
NOTIC: [8] Undefined index: children E:\phpstudy\www\yitong\Application\Admin\Controller\BaseController.class.php Á¨¨ 259 Ë°å.
SQL: SELECT * FROM `tbl_adinm_role_priv` WHERE ( roleid = 2 )  [ RunTime:0.0010s ]
NOTIC: [8] Undefined index: children E:\phpstudy\www\yitong\Application\Admin\Controller\BaseController.class.php Á¨¨ 239 Ë°å.
NOTIC: [8] Undefined index: children E:\phpstudy\www\yitong\Application\Admin\Controller\BaseController.class.php Á¨¨ 259 Ë°å.
SQL: SELECT * FROM `tbl_adinm_role_priv` WHERE ( roleid = 2 )  [ RunTime:0.0000s ]
NOTIC: [8] Undefined index: children E:\phpstudy\www\yitong\Application\Admin\Controller\BaseController.class.php Á¨¨ 239 Ë°å.
SQL: SELECT * FROM `tbl_adinm_role_priv` WHERE ( roleid = 2 )  [ RunTime:0.0000s ]
SQL: SELECT * FROM `tbl_adinm_role_priv` WHERE ( roleid = 2 )  [ RunTime:0.0000s ]
SQL: SELECT * FROM `tbl_adinm_role_priv` WHERE ( roleid = 2 )  [ RunTime:0.0000s ]
SQL: SHOW COLUMNS FROM `tbl_specialty` [ RunTime:0.0070s ]
SQL: SELECT COUNT(*) AS tp_count FROM `tbl_specialty` LIMIT 1   [ RunTime:0.0010s ]
SQL: SELECT * FROM `tbl_specialty` ORDER BY add_time desc LIMIT 0,8   [ RunTime:0.0010s ]
INFO: [ view_parse ] --START--
INFO: [ template_filter ] --START--
INFO: Run Behavior\ContentReplaceBehavior [ RunTime:0.000000s ]
INFO: [ template_filter ] --END-- [ RunTime:0.000000s ]
INFO: Run Behavior\ParseTemplateBehavior [ RunTime:0.011001s ]
INFO: [ view_parse ] --END-- [ RunTime:0.011001s ]
INFO: [ view_filter ] --START--
INFO: Run Behavior\WriteHtmlCacheBehavior [ RunTime:0.000000s ]
INFO: [ view_filter ] --END-- [ RunTime:0.000000s ]
INFO: [ app_end ] --START--
INFO: Run Behavior\ShowPageTraceBehavior [ RunTime:0.001000s ]
INFO: [ app_end ] --END-- [ RunTime:0.001000s ]

[ 2017-02-27T18:26:09+08:00 ] 127.0.0.1 /yitong/admin.php?m=Admin&c=Member&a=Index
INFO: [ app_init ] --START--
INFO: Run Behavior\BuildLiteBehavior [ RunTime:0.000000s ]
INFO: [ app_init ] --END-- [ RunTime:0.000000s ]
INFO: [ app_begin ] --START--
INFO: Run Behavior\ReadHtmlCacheBehavior [ RunTime:0.001000s ]
INFO: [ app_begin ] --END-- [ RunTime:0.001000s ]
SQL: SHOW COLUMNS FROM `tbl_admin` [ RunTime:0.0080s ]
SQL: SELECT `headimg` FROM `tbl_admin` WHERE ( id=1 ) LIMIT 1   [ RunTime:0.0000s ]
SQL: SHOW COLUMNS FROM `tbl_adinm_role_priv` [ RunTime:0.0060s ]
SQL: SELECT * FROM `tbl_adinm_role_priv` WHERE ( roleid = 2 )  [ RunTime:0.0010s ]
SQL: SELECT * FROM `tbl_adinm_role_priv` WHERE ( roleid = 2 )  [ RunTime:0.0000s ]
SQL: SELECT * FROM `tbl_adinm_role_priv` WHERE ( roleid = 2 )  [ RunTime:0.0010s ]
NOTIC: [8] Undefined index: children E:\phpstudy\www\yitong\Application\Admin\Controller\BaseController.class.php Á¨¨ 259 Ë°å.
SQL: SELECT * FROM `tbl_adinm_role_priv` WHERE ( roleid = 2 )  [ RunTime:0.0000s ]
NOTIC: [8] Undefined index: children E:\phpstudy\www\yitong\Application\Admin\Controller\BaseController.class.php Á¨¨ 239 Ë°å.
NOTIC: [8] Undefined index: children E:\phpstudy\www\yitong\Application\Admin\Controller\BaseController.class.php Á¨¨ 259 Ë°å.
SQL: SELECT * FROM `tbl_adinm_role_priv` WHERE ( roleid = 2 )  [ RunTime:0.0000s ]
NOTIC: [8] Undefined index: children E:\phpstudy\www\yitong\Application\Admin\Controller\BaseController.class.php Á¨¨ 239 Ë°å.
NOTIC: [8] Undefined index: children E:\phpstudy\www\yitong\Application\Admin\Controller\BaseController.class.php Á¨¨ 259 Ë°å.
SQL: SELECT * FROM `tbl_adinm_role_priv` WHERE ( roleid = 2 )  [ RunTime:0.0010s ]
NOTIC: [8] Undefined index: children E:\phpstudy\www\yitong\Application\Admin\Controller\BaseController.class.php Á¨¨ 239 Ë°å.
NOTIC: [8] Undefined index: children E:\phpstudy\www\yitong\Application\Admin\Controller\BaseController.class.php Á¨¨ 259 Ë°å.
SQL: SELECT * FROM `tbl_adinm_role_priv` WHERE ( roleid = 2 )  [ RunTime:0.0000s ]
NOTIC: [8] Undefined index: children E:\phpstudy\www\yitong\Application\Admin\Controller\BaseController.class.php Á¨¨ 239 Ë°å.
SQL: SELECT * FROM `tbl_adinm_role_priv` WHERE ( roleid = 2 )  [ RunTime:0.0010s ]
SQL: SELECT * FROM `tbl_adinm_role_priv` WHERE ( roleid = 2 )  [ RunTime:0.0000s ]
SQL: SELECT * FROM `tbl_adinm_role_priv` WHERE ( roleid = 2 )  [ RunTime:0.0000s ]
SQL: SHOW COLUMNS FROM `tbl_member` [ RunTime:0.0070s ]
SQL: SELECT COUNT(*) AS tp_count FROM `tbl_member` LIMIT 1   [ RunTime:0.0000s ]
SQL: SELECT * FROM `tbl_member` ORDER BY add_time DESC LIMIT 0,8   [ RunTime:0.0010s ]
SQL: SHOW COLUMNS FROM `tbl_specialty` [ RunTime:0.0070s ]
SQL: SELECT `name` FROM `tbl_specialty` WHERE ( id = 1 ) LIMIT 1   [ RunTime:0.0010s ]
SQL: SELECT `name` FROM `tbl_specialty` WHERE ( id = 1 ) LIMIT 1   [ RunTime:0.0000s ]
SQL: SELECT `name` FROM `tbl_specialty` WHERE ( id = 1111 ) LIMIT 1   [ RunTime:0.0000s ]
SQL: SELECT `name` FROM `tbl_specialty` WHERE ( id = 1 ) LIMIT 1   [ RunTime:0.0000s ]
SQL: SELECT `name` FROM `tbl_specialty` WHERE ( id = 1 ) LIMIT 1   [ RunTime:0.0000s ]
SQL: SELECT `name` FROM `tbl_specialty` WHERE ( id = 1 ) LIMIT 1   [ RunTime:0.0000s ]
INFO: [ view_parse ] --START--
INFO: [ template_filter ] --START--
INFO: Run Behavior\ContentReplaceBehavior [ RunTime:0.001000s ]
INFO: [ template_filter ] --END-- [ RunTime:0.001000s ]
INFO: Run Behavior\ParseTemplateBehavior [ RunTime:0.031002s ]
INFO: [ view_parse ] --END-- [ RunTime:0.031002s ]
INFO: [ view_filter ] --START--
INFO: Run Behavior\WriteHtmlCacheBehavior [ RunTime:0.001000s ]
INFO: [ view_filter ] --END-- [ RunTime:0.001000s ]
INFO: [ app_end ] --START--
INFO: Run Behavior\ShowPageTraceBehavior [ RunTime:0.001000s ]
INFO: [ app_end ] --END-- [ RunTime:0.001000s ]

[ 2017-02-27T18:26:13+08:00 ] 127.0.0.1 /yitong/admin.php?m=Admin&c=Photo&a=Index
INFO: [ app_init ] --START--
INFO: Run Behavior\BuildLiteBehavior [ RunTime:0.000000s ]
INFO: [ app_init ] --END-- [ RunTime:0.001000s ]
INFO: [ app_begin ] --START--
INFO: Run Behavior\ReadHtmlCacheBehavior [ RunTime:0.000000s ]
INFO: [ app_begin ] --END-- [ RunTime:0.000000s ]
SQL: SHOW COLUMNS FROM `tbl_admin` [ RunTime:0.0090s ]
SQL: SELECT `headimg` FROM `tbl_admin` WHERE ( id=1 ) LIMIT 1   [ RunTime:0.0000s ]
SQL: SHOW COLUMNS FROM `tbl_adinm_role_priv` [ RunTime:0.0080s ]
SQL: SELECT * FROM `tbl_adinm_role_priv` WHERE ( roleid = 2 )  [ RunTime:0.0000s ]
SQL: SELECT * FROM `tbl_adinm_role_priv` WHERE ( roleid = 2 )  [ RunTime:0.0000s ]
SQL: SELECT * FROM `tbl_adinm_role_priv` WHERE ( roleid = 2 )  [ RunTime:0.0000s ]
NOTIC: [8] Undefined index: children E:\phpstudy\www\yitong\Application\Admin\Controller\BaseController.class.php Á¨¨ 259 Ë°å.
SQL: SELECT * FROM `tbl_adinm_role_priv` WHERE ( roleid = 2 )  [ RunTime:0.0000s ]
NOTIC: [8] Undefined index: children E:\phpstudy\www\yitong\Application\Admin\Controller\BaseController.class.php Á¨¨ 239 Ë°å.
NOTIC: [8] Undefined index: children E:\phpstudy\www\yitong\Application\Admin\Controller\BaseController.class.php Á¨¨ 259 Ë°å.
SQL: SELECT * FROM `tbl_adinm_role_priv` WHERE ( roleid = 2 )  [ RunTime:0.0000s ]
NOTIC: [8] Undefined index: children E:\phpstudy\www\yitong\Application\Admin\Controller\BaseController.class.php Á¨¨ 239 Ë°å.
NOTIC: [8] Undefined index: children E:\phpstudy\www\yitong\Application\Admin\Controller\BaseController.class.php Á¨¨ 259 Ë°å.
SQL: SELECT * FROM `tbl_adinm_role_priv` WHERE ( roleid = 2 )  [ RunTime:0.0000s ]
NOTIC: [8] Undefined index: children E:\phpstudy\www\yitong\Application\Admin\Controller\BaseController.class.php Á¨¨ 239 Ë°å.
NOTIC: [8] Undefined index: children E:\phpstudy\www\yitong\Application\Admin\Controller\BaseController.class.php Á¨¨ 259 Ë°å.
SQL: SELECT * FROM `tbl_adinm_role_priv` WHERE ( roleid = 2 )  [ RunTime:0.0010s ]
NOTIC: [8] Undefined index: children E:\phpstudy\www\yitong\Application\Admin\Controller\BaseController.class.php Á¨¨ 239 Ë°å.
SQL: SELECT * FROM `tbl_adinm_role_priv` WHERE ( roleid = 2 )  [ RunTime:0.0000s ]
SQL: SELECT * FROM `tbl_adinm_role_priv` WHERE ( roleid = 2 )  [ RunTime:0.0000s ]
SQL: SELECT * FROM `tbl_adinm_role_priv` WHERE ( roleid = 2 )  [ RunTime:0.0010s ]
SQL: SHOW COLUMNS FROM `tbl_member` [ RunTime:0.0070s ]
SQL: SELECT * FROM `tbl_member` ORDER BY add_time DESC  [ RunTime:0.0010s ]
INFO: [ view_parse ] --START--
INFO: [ template_filter ] --START--
INFO: Run Behavior\ContentReplaceBehavior [ RunTime:0.000000s ]
INFO: [ template_filter ] --END-- [ RunTime:0.000000s ]
INFO: Run Behavior\ParseTemplateBehavior [ RunTime:0.009000s ]
INFO: [ view_parse ] --END-- [ RunTime:0.009000s ]
INFO: [ view_filter ] --START--
INFO: Run Behavior\WriteHtmlCacheBehavior [ RunTime:0.000000s ]
INFO: [ view_filter ] --END-- [ RunTime:0.000000s ]
INFO: [ app_end ] --START--
INFO: Run Behavior\ShowPageTraceBehavior [ RunTime:0.000000s ]
INFO: [ app_end ] --END-- [ RunTime:0.000000s ]

[ 2017-02-27T18:26:15+08:00 ] 127.0.0.1 /yitong/admin.php?m=Admin&c=Member&a=Index
INFO: [ app_init ] --START--
INFO: Run Behavior\BuildLiteBehavior [ RunTime:0.000000s ]
INFO: [ app_init ] --END-- [ RunTime:0.001000s ]
INFO: [ app_begin ] --START--
INFO: Run Behavior\ReadHtmlCacheBehavior [ RunTime:0.001000s ]
INFO: [ app_begin ] --END-- [ RunTime:0.001000s ]
SQL: SHOW COLUMNS FROM `tbl_admin` [ RunTime:0.0080s ]
SQL: SELECT `headimg` FROM `tbl_admin` WHERE ( id=1 ) LIMIT 1   [ RunTime:0.0000s ]
SQL: SHOW COLUMNS FROM `tbl_adinm_role_priv` [ RunTime:0.0050s ]
SQL: SELECT * FROM `tbl_adinm_role_priv` WHERE ( roleid = 2 )  [ RunTime:0.0000s ]
SQL: SELECT * FROM `tbl_adinm_role_priv` WHERE ( roleid = 2 )  [ RunTime:0.0000s ]
SQL: SELECT * FROM `tbl_adinm_role_priv` WHERE ( roleid = 2 )  [ RunTime:0.0010s ]
NOTIC: [8] Undefined index: children E:\phpstudy\www\yitong\Application\Admin\Controller\BaseController.class.php Á¨¨ 259 Ë°å.
SQL: SELECT * FROM `tbl_adinm_role_priv` WHERE ( roleid = 2 )  [ RunTime:0.0000s ]
NOTIC: [8] Undefined index: children E:\phpstudy\www\yitong\Application\Admin\Controller\BaseController.class.php Á¨¨ 239 Ë°å.
NOTIC: [8] Undefined index: children E:\phpstudy\www\yitong\Application\Admin\Controller\BaseController.class.php Á¨¨ 259 Ë°å.
SQL: SELECT * FROM `tbl_adinm_role_priv` WHERE ( roleid = 2 )  [ RunTime:0.0000s ]
NOTIC: [8] Undefined index: children E:\phpstudy\www\yitong\Application\Admin\Controller\BaseController.class.php Á¨¨ 239 Ë°å.
NOTIC: [8] Undefined index: children E:\phpstudy\www\yitong\Application\Admin\Controller\BaseController.class.php Á¨¨ 259 Ë°å.
SQL: SELECT * FROM `tbl_adinm_role_priv` WHERE ( roleid = 2 )  [ RunTime:0.0010s ]
NOTIC: [8] Undefined index: children E:\phpstudy\www\yitong\Application\Admin\Controller\BaseController.class.php Á¨¨ 239 Ë°å.
NOTIC: [8] Undefined index: children E:\phpstudy\www\yitong\Application\Admin\Controller\BaseController.class.php Á¨¨ 259 Ë°å.
SQL: SELECT * FROM `tbl_adinm_role_priv` WHERE ( roleid = 2 )  [ RunTime:0.0000s ]
NOTIC: [8] Undefined index: children E:\phpstudy\www\yitong\Application\Admin\Controller\BaseController.class.php Á¨¨ 239 Ë°å.
SQL: SELECT * FROM `tbl_adinm_role_priv` WHERE ( roleid = 2 )  [ RunTime:0.0000s ]
SQL: SELECT * FROM `tbl_adinm_role_priv` WHERE ( roleid = 2 )  [ RunTime:0.0000s ]
SQL: SELECT * FROM `tbl_adinm_role_priv` WHERE ( roleid = 2 )  [ RunTime:0.0000s ]
SQL: SHOW COLUMNS FROM `tbl_member` [ RunTime:0.0080s ]
SQL: SELECT COUNT(*) AS tp_count FROM `tbl_member` LIMIT 1   [ RunTime:0.0000s ]
SQL: SELECT * FROM `tbl_member` ORDER BY add_time DESC LIMIT 0,8   [ RunTime:0.0000s ]
SQL: SHOW COLUMNS FROM `tbl_specialty` [ RunTime:0.0050s ]
SQL: SELECT `name` FROM `tbl_specialty` WHERE ( id = 1 ) LIMIT 1   [ RunTime:0.0000s ]
SQL: SELECT `name` FROM `tbl_specialty` WHERE ( id = 1 ) LIMIT 1   [ RunTime:0.0000s ]
SQL: SELECT `name` FROM `tbl_specialty` WHERE ( id = 1111 ) LIMIT 1   [ RunTime:0.0000s ]
SQL: SELECT `name` FROM `tbl_specialty` WHERE ( id = 1 ) LIMIT 1   [ RunTime:0.0010s ]
SQL: SELECT `name` FROM `tbl_specialty` WHERE ( id = 1 ) LIMIT 1   [ RunTime:0.0000s ]
SQL: SELECT `name` FROM `tbl_specialty` WHERE ( id = 1 ) LIMIT 1   [ RunTime:0.0000s ]
INFO: [ view_parse ] --START--
INFO: [ template_filter ] --START--
INFO: Run Behavior\ContentReplaceBehavior [ RunTime:0.000000s ]
INFO: [ template_filter ] --END-- [ RunTime:0.000000s ]
INFO: Run Behavior\ParseTemplateBehavior [ RunTime:0.015001s ]
INFO: [ view_parse ] --END-- [ RunTime:0.015001s ]
INFO: [ view_filter ] --START--
INFO: Run Behavior\WriteHtmlCacheBehavior [ RunTime:0.000000s ]
INFO: [ view_filter ] --END-- [ RunTime:0.000000s ]
INFO: [ app_end ] --START--
INFO: Run Behavior\ShowPageTraceBehavior [ RunTime:0.000000s ]
INFO: [ app_end ] --END-- [ RunTime:0.000000s ]

