[ 2017-01-12T20:04:58+08:00 ] 127.0.0.1 /yitong/admin.php
INFO: [ app_init ] --START--
INFO: Run Behavior\BuildLiteBehavior [ RunTime:0.000000s ]
INFO: [ app_init ] --END-- [ RunTime:0.061003s ]
INFO: [ app_begin ] --START--
INFO: Run Behavior\ReadHtmlCacheBehavior [ RunTime:0.002000s ]
INFO: [ app_begin ] --END-- [ RunTime:0.002000s ]

[ 2017-01-12T20:04:58+08:00 ] 127.0.0.1 /yitong/admin.php?m=Admin&c=auth&a=login
INFO: [ app_init ] --START--
INFO: Run Behavior\BuildLiteBehavior [ RunTime:0.000000s ]
INFO: [ app_init ] --END-- [ RunTime:0.001000s ]
INFO: [ app_begin ] --START--
INFO: Run Behavior\ReadHtmlCacheBehavior [ RunTime:0.002000s ]
INFO: [ app_begin ] --END-- [ RunTime:0.002000s ]
INFO: [ view_parse ] --START--
INFO: [ template_filter ] --START--
INFO: Run Behavior\ContentReplaceBehavior [ RunTime:0.000000s ]
INFO: [ template_filter ] --END-- [ RunTime:0.000000s ]
NOTIC: [8] Undefined variable: title E:\phpstudy\www\yitong\Application\Runtime\Cache\Admin\dcfb7ddaab59bfbce2ddc9c860debad0.php 第 5 行.
NOTIC: [8] Undefined variable: meta_title E:\phpstudy\www\yitong\Application\Runtime\Cache\Admin\dcfb7ddaab59bfbce2ddc9c860debad0.php 第 101 行.
NOTIC: [8] Undefined variable: error E:\phpstudy\www\yitong\Application\Runtime\Cache\Admin\dcfb7ddaab59bfbce2ddc9c860debad0.php 第 121 行.
NOTIC: [8] Undefined variable: ref E:\phpstudy\www\yitong\Application\Runtime\Cache\Admin\dcfb7ddaab59bfbce2ddc9c860debad0.php 第 150 行.
INFO: Run Behavior\ParseTemplateBehavior [ RunTime:0.105006s ]
INFO: [ view_parse ] --END-- [ RunTime:0.105006s ]
INFO: [ view_filter ] --START--
INFO: Run Behavior\WriteHtmlCacheBehavior [ RunTime:0.001000s ]
INFO: [ view_filter ] --END-- [ RunTime:0.001000s ]
INFO: [ app_end ] --START--
INFO: Run Behavior\ShowPageTraceBehavior [ RunTime:0.002001s ]
INFO: [ app_end ] --END-- [ RunTime:0.002001s ]

[ 2017-01-12T20:04:59+08:00 ] 127.0.0.1 /yitong/admin.php?m=Admin&c=auth&a=verify
INFO: [ app_init ] --START--
INFO: Run Behavior\BuildLiteBehavior [ RunTime:0.000000s ]
INFO: [ app_init ] --END-- [ RunTime:0.001000s ]
INFO: [ app_begin ] --START--
INFO: Run Behavior\ReadHtmlCacheBehavior [ RunTime:0.001000s ]
INFO: [ app_begin ] --END-- [ RunTime:0.001000s ]
INFO: [ app_end ] --START--
INFO: Run Behavior\ShowPageTraceBehavior [ RunTime:0.002000s ]
INFO: [ app_end ] --END-- [ RunTime:0.002000s ]

[ 2017-01-12T21:41:53+08:00 ] 127.0.0.1 /yitong/admin.php
INFO: [ app_init ] --START--
INFO: Run Behavior\BuildLiteBehavior [ RunTime:0.000000s ]
INFO: [ app_init ] --END-- [ RunTime:0.001000s ]
INFO: [ app_begin ] --START--
INFO: Run Behavior\ReadHtmlCacheBehavior [ RunTime:0.003001s ]
INFO: [ app_begin ] --END-- [ RunTime:0.003001s ]

[ 2017-01-12T21:41:53+08:00 ] 127.0.0.1 /yitong/admin.php?m=Admin&c=auth&a=login
INFO: [ app_init ] --START--
INFO: Run Behavior\BuildLiteBehavior [ RunTime:0.000000s ]
INFO: [ app_init ] --END-- [ RunTime:0.000000s ]
INFO: [ app_begin ] --START--
INFO: Run Behavior\ReadHtmlCacheBehavior [ RunTime:0.001000s ]
INFO: [ app_begin ] --END-- [ RunTime:0.001000s ]
INFO: [ view_parse ] --START--
INFO: [ template_filter ] --START--
INFO: Run Behavior\ContentReplaceBehavior [ RunTime:0.000000s ]
INFO: [ template_filter ] --END-- [ RunTime:0.001000s ]
NOTIC: [8] Undefined variable: title E:\phpstudy\www\yitong\Application\Runtime\Cache\Admin\dcfb7ddaab59bfbce2ddc9c860debad0.php 第 5 行.
NOTIC: [8] Undefined variable: meta_title E:\phpstudy\www\yitong\Application\Runtime\Cache\Admin\dcfb7ddaab59bfbce2ddc9c860debad0.php 第 101 行.
NOTIC: [8] Undefined variable: error E:\phpstudy\www\yitong\Application\Runtime\Cache\Admin\dcfb7ddaab59bfbce2ddc9c860debad0.php 第 121 行.
NOTIC: [8] Undefined variable: ref E:\phpstudy\www\yitong\Application\Runtime\Cache\Admin\dcfb7ddaab59bfbce2ddc9c860debad0.php 第 150 行.
INFO: Run Behavior\ParseTemplateBehavior [ RunTime:0.014000s ]
INFO: [ view_parse ] --END-- [ RunTime:0.014000s ]
INFO: [ view_filter ] --START--
INFO: Run Behavior\WriteHtmlCacheBehavior [ RunTime:0.001000s ]
INFO: [ view_filter ] --END-- [ RunTime:0.001000s ]
INFO: [ app_end ] --START--
INFO: Run Behavior\ShowPageTraceBehavior [ RunTime:0.002001s ]
INFO: [ app_end ] --END-- [ RunTime:0.002001s ]

[ 2017-01-12T21:41:54+08:00 ] 127.0.0.1 /yitong/admin.php?m=Admin&c=auth&a=verify
INFO: [ app_init ] --START--
INFO: Run Behavior\BuildLiteBehavior [ RunTime:0.000000s ]
INFO: [ app_init ] --END-- [ RunTime:0.001000s ]
INFO: [ app_begin ] --START--
INFO: Run Behavior\ReadHtmlCacheBehavior [ RunTime:0.002000s ]
INFO: [ app_begin ] --END-- [ RunTime:0.002000s ]
INFO: [ app_end ] --START--
INFO: Run Behavior\ShowPageTraceBehavior [ RunTime:0.002000s ]
INFO: [ app_end ] --END-- [ RunTime:0.002000s ]

[ 2017-01-12T21:42:09+08:00 ] 127.0.0.1 /yitong/admin.php?m=Admin&c=auth&a=login
INFO: [ app_init ] --START--
INFO: Run Behavior\BuildLiteBehavior [ RunTime:0.000000s ]
INFO: [ app_init ] --END-- [ RunTime:0.001000s ]
INFO: [ app_begin ] --START--
INFO: Run Behavior\ReadHtmlCacheBehavior [ RunTime:0.002000s ]
INFO: [ app_begin ] --END-- [ RunTime:0.002000s ]
INFO: [ view_parse ] --START--
INFO: [ template_filter ] --START--
INFO: Run Behavior\ContentReplaceBehavior [ RunTime:0.001001s ]
INFO: [ template_filter ] --END-- [ RunTime:0.001001s ]
NOTIC: [8] Undefined variable: title E:\phpstudy\www\yitong\Application\Runtime\Cache\Admin\dcfb7ddaab59bfbce2ddc9c860debad0.php 第 5 行.
NOTIC: [8] Undefined variable: meta_title E:\phpstudy\www\yitong\Application\Runtime\Cache\Admin\dcfb7ddaab59bfbce2ddc9c860debad0.php 第 101 行.
NOTIC: [8] Undefined variable: ref E:\phpstudy\www\yitong\Application\Runtime\Cache\Admin\dcfb7ddaab59bfbce2ddc9c860debad0.php 第 150 行.
INFO: Run Behavior\ParseTemplateBehavior [ RunTime:0.013001s ]
INFO: [ view_parse ] --END-- [ RunTime:0.013001s ]
INFO: [ view_filter ] --START--
INFO: Run Behavior\WriteHtmlCacheBehavior [ RunTime:0.001000s ]
INFO: [ view_filter ] --END-- [ RunTime:0.001000s ]

[ 2017-01-12T21:42:10+08:00 ] 127.0.0.1 /yitong/admin.php?m=Admin&c=auth&a=verify
INFO: [ app_init ] --START--
INFO: Run Behavior\BuildLiteBehavior [ RunTime:0.000000s ]
INFO: [ app_init ] --END-- [ RunTime:0.001000s ]
INFO: [ app_begin ] --START--
INFO: Run Behavior\ReadHtmlCacheBehavior [ RunTime:0.001000s ]
INFO: [ app_begin ] --END-- [ RunTime:0.001000s ]
INFO: [ app_end ] --START--
INFO: Run Behavior\ShowPageTraceBehavior [ RunTime:0.001001s ]
INFO: [ app_end ] --END-- [ RunTime:0.001001s ]

[ 2017-01-12T21:42:21+08:00 ] 127.0.0.1 /yitong/admin.php?m=Admin&c=auth&a=login
INFO: [ app_init ] --START--
INFO: Run Behavior\BuildLiteBehavior [ RunTime:0.000000s ]
INFO: [ app_init ] --END-- [ RunTime:0.001000s ]
INFO: [ app_begin ] --START--
INFO: Run Behavior\ReadHtmlCacheBehavior [ RunTime:0.002000s ]
INFO: [ app_begin ] --END-- [ RunTime:0.002000s ]
ERR: SQLSTATE[HY000] [1045] Access denied for user 'root'@'localhost' (using password: NO)

[ 2017-01-12T21:42:58+08:00 ] 127.0.0.1 /yitong/admin.php?m=Admin&c=auth&a=login
INFO: [ app_init ] --START--
INFO: Run Behavior\BuildLiteBehavior [ RunTime:0.000000s ]
INFO: [ app_init ] --END-- [ RunTime:0.000000s ]
INFO: [ app_begin ] --START--
INFO: Run Behavior\ReadHtmlCacheBehavior [ RunTime:0.002001s ]
INFO: [ app_begin ] --END-- [ RunTime:0.002001s ]
INFO: [ view_parse ] --START--
INFO: [ template_filter ] --START--
INFO: Run Behavior\ContentReplaceBehavior [ RunTime:0.000000s ]
INFO: [ template_filter ] --END-- [ RunTime:0.000000s ]
NOTIC: [8] Undefined variable: title E:\phpstudy\www\yitong\Application\Runtime\Cache\Admin\dcfb7ddaab59bfbce2ddc9c860debad0.php 第 5 行.
NOTIC: [8] Undefined variable: meta_title E:\phpstudy\www\yitong\Application\Runtime\Cache\Admin\dcfb7ddaab59bfbce2ddc9c860debad0.php 第 101 行.
NOTIC: [8] Undefined variable: error E:\phpstudy\www\yitong\Application\Runtime\Cache\Admin\dcfb7ddaab59bfbce2ddc9c860debad0.php 第 121 行.
NOTIC: [8] Undefined variable: ref E:\phpstudy\www\yitong\Application\Runtime\Cache\Admin\dcfb7ddaab59bfbce2ddc9c860debad0.php 第 150 行.
INFO: Run Behavior\ParseTemplateBehavior [ RunTime:0.012001s ]
INFO: [ view_parse ] --END-- [ RunTime:0.012001s ]
INFO: [ view_filter ] --START--
INFO: Run Behavior\WriteHtmlCacheBehavior [ RunTime:0.001000s ]
INFO: [ view_filter ] --END-- [ RunTime:0.001000s ]
INFO: [ app_end ] --START--
INFO: Run Behavior\ShowPageTraceBehavior [ RunTime:0.001000s ]
INFO: [ app_end ] --END-- [ RunTime:0.001000s ]

[ 2017-01-12T21:42:59+08:00 ] 127.0.0.1 /yitong/admin.php?m=Admin&c=auth&a=verify
INFO: [ app_init ] --START--
INFO: Run Behavior\BuildLiteBehavior [ RunTime:0.000000s ]
INFO: [ app_init ] --END-- [ RunTime:0.001000s ]
INFO: [ app_begin ] --START--
INFO: Run Behavior\ReadHtmlCacheBehavior [ RunTime:0.001000s ]
INFO: [ app_begin ] --END-- [ RunTime:0.001000s ]
INFO: [ app_end ] --START--
INFO: Run Behavior\ShowPageTraceBehavior [ RunTime:0.002000s ]
INFO: [ app_end ] --END-- [ RunTime:0.002000s ]

[ 2017-01-12T21:43:25+08:00 ] 127.0.0.1 /yitong/admin.php?m=Admin&c=auth&a=login
INFO: [ app_init ] --START--
INFO: Run Behavior\BuildLiteBehavior [ RunTime:0.000000s ]
INFO: [ app_init ] --END-- [ RunTime:0.001000s ]
INFO: [ app_begin ] --START--
INFO: Run Behavior\ReadHtmlCacheBehavior [ RunTime:0.001000s ]
INFO: [ app_begin ] --END-- [ RunTime:0.001000s ]
SQL: SHOW COLUMNS FROM `tbl_admin` [ RunTime:0.0040s ]
SQL: SELECT * FROM `tbl_admin` WHERE `username` = 'admin' LIMIT 1   [ RunTime:0.0030s ]
SQL: SHOW COLUMNS FROM `tbl_admin_role` [ RunTime:0.0070s ]
SQL: SELECT `disabled` FROM `tbl_admin_role` WHERE ( id = 42 ) LIMIT 1   [ RunTime:0.0030s ]
SQL: UPDATE `tbl_admin` SET `lasttime`='2017-01-12 21:43:25',`lastip`='127.0.0.1' WHERE `id` = 1 [ RunTime:0.1290s ]
NOTIC: [8] Undefined index: is_super_admin E:\phpstudy\www\yitong\Application\Admin\Controller\AuthController.class.php 第 97 行.

[ 2017-01-12T21:43:26+08:00 ] 127.0.0.1 /yitong/admin.php?m=Admin&c=index&a=index
INFO: [ app_init ] --START--
INFO: Run Behavior\BuildLiteBehavior [ RunTime:0.000000s ]
INFO: [ app_init ] --END-- [ RunTime:0.001000s ]
INFO: [ app_begin ] --START--
INFO: Run Behavior\ReadHtmlCacheBehavior [ RunTime:0.002001s ]
INFO: [ app_begin ] --END-- [ RunTime:0.002001s ]
SQL: SHOW COLUMNS FROM `tbl_admin` [ RunTime:0.0030s ]
SQL: SELECT `headimg` FROM `tbl_admin` WHERE ( id=1 ) LIMIT 1   [ RunTime:0.0020s ]
SQL: SHOW COLUMNS FROM `tbl_adinm_role_priv` [ RunTime:0.0030s ]
SQL: SELECT * FROM `tbl_adinm_role_priv` WHERE ( roleid = 42 )  [ RunTime:0.0020s ]
SQL: SELECT * FROM `tbl_adinm_role_priv` WHERE ( roleid = 42 )  [ RunTime:0.0030s ]
SQL: SELECT * FROM `tbl_adinm_role_priv` WHERE ( roleid = 42 )  [ RunTime:0.0030s ]
NOTIC: [8] Undefined index: children E:\phpstudy\www\yitong\Application\Admin\Controller\BaseController.class.php 第 259 行.
SQL: SELECT * FROM `tbl_adinm_role_priv` WHERE ( roleid = 42 )  [ RunTime:0.0030s ]
NOTIC: [8] Undefined index: children E:\phpstudy\www\yitong\Application\Admin\Controller\BaseController.class.php 第 239 行.
NOTIC: [8] Undefined index: children E:\phpstudy\www\yitong\Application\Admin\Controller\BaseController.class.php 第 259 行.
SQL: SELECT * FROM `tbl_adinm_role_priv` WHERE ( roleid = 42 )  [ RunTime:0.0060s ]
NOTIC: [8] Undefined index: children E:\phpstudy\www\yitong\Application\Admin\Controller\BaseController.class.php 第 239 行.
NOTIC: [8] Undefined index: children E:\phpstudy\www\yitong\Application\Admin\Controller\BaseController.class.php 第 259 行.
SQL: SELECT * FROM `tbl_adinm_role_priv` WHERE ( roleid = 42 )  [ RunTime:0.0070s ]
NOTIC: [8] Undefined index: children E:\phpstudy\www\yitong\Application\Admin\Controller\BaseController.class.php 第 239 行.
NOTIC: [8] Undefined index: children E:\phpstudy\www\yitong\Application\Admin\Controller\BaseController.class.php 第 259 行.
SQL: SELECT * FROM `tbl_adinm_role_priv` WHERE ( roleid = 42 )  [ RunTime:0.0030s ]
NOTIC: [8] Undefined index: children E:\phpstudy\www\yitong\Application\Admin\Controller\BaseController.class.php 第 239 行.
SQL: SELECT * FROM `tbl_adinm_role_priv` WHERE ( roleid = 42 )  [ RunTime:0.0020s ]
SQL: SELECT * FROM `tbl_adinm_role_priv` WHERE ( roleid = 42 )  [ RunTime:0.0110s ]
SQL: SELECT * FROM `tbl_adinm_role_priv` WHERE ( roleid = 42 )  [ RunTime:0.0030s ]
SQL: SHOW COLUMNS FROM `tbl_member` [ RunTime:0.0050s ]
SQL: SELECT COUNT(*) AS tp_count FROM `tbl_member` LIMIT 1   [ RunTime:0.0020s ]
SQL: SELECT * FROM `tbl_member` ORDER BY add_time DESC LIMIT 0,8   [ RunTime:0.0040s ]
SQL: SHOW COLUMNS FROM `tbl_specialty` [ RunTime:0.0030s ]
SQL: SHOW COLUMNS FROM `tbl_course` [ RunTime:0.0030s ]
SQL: SHOW COLUMNS FROM `tbl_notice` [ RunTime:0.0030s ]
SQL: SELECT COUNT(*) AS tp_count FROM `tbl_specialty` LIMIT 1   [ RunTime:0.0020s ]
SQL: SELECT COUNT(*) AS tp_count FROM `tbl_course` LIMIT 1   [ RunTime:0.0030s ]
SQL: SELECT COUNT(*) AS tp_count FROM `tbl_notice` LIMIT 1   [ RunTime:0.0030s ]
INFO: [ view_parse ] --START--
INFO: [ template_filter ] --START--
INFO: Run Behavior\ContentReplaceBehavior [ RunTime:0.000000s ]
INFO: [ template_filter ] --END-- [ RunTime:0.000000s ]
NOTIC: [8] Use of undefined constant male - assumed 'male' E:\phpstudy\www\yitong\Application\Runtime\Cache\Admin\b595b808c2ebeeeb0478ffc30bb4e87a.php 第 244 行.
NOTIC: [8] Use of undefined constant male - assumed 'male' E:\phpstudy\www\yitong\Application\Runtime\Cache\Admin\b595b808c2ebeeeb0478ffc30bb4e87a.php 第 244 行.
NOTIC: [8] Use of undefined constant female - assumed 'female' E:\phpstudy\www\yitong\Application\Runtime\Cache\Admin\b595b808c2ebeeeb0478ffc30bb4e87a.php 第 245 行.
NOTIC: [8] Use of undefined constant male - assumed 'male' E:\phpstudy\www\yitong\Application\Runtime\Cache\Admin\b595b808c2ebeeeb0478ffc30bb4e87a.php 第 244 行.
NOTIC: [8] Use of undefined constant male - assumed 'male' E:\phpstudy\www\yitong\Application\Runtime\Cache\Admin\b595b808c2ebeeeb0478ffc30bb4e87a.php 第 244 行.
NOTIC: [8] Use of undefined constant female - assumed 'female' E:\phpstudy\www\yitong\Application\Runtime\Cache\Admin\b595b808c2ebeeeb0478ffc30bb4e87a.php 第 245 行.
NOTIC: [8] Use of undefined constant male - assumed 'male' E:\phpstudy\www\yitong\Application\Runtime\Cache\Admin\b595b808c2ebeeeb0478ffc30bb4e87a.php 第 244 行.
NOTIC: [8] Use of undefined constant male - assumed 'male' E:\phpstudy\www\yitong\Application\Runtime\Cache\Admin\b595b808c2ebeeeb0478ffc30bb4e87a.php 第 244 行.
NOTIC: [8] Use of undefined constant male - assumed 'male' E:\phpstudy\www\yitong\Application\Runtime\Cache\Admin\b595b808c2ebeeeb0478ffc30bb4e87a.php 第 244 行.
NOTIC: [8] Use of undefined constant male - assumed 'male' E:\phpstudy\www\yitong\Application\Runtime\Cache\Admin\b595b808c2ebeeeb0478ffc30bb4e87a.php 第 244 行.
INFO: Run Behavior\ParseTemplateBehavior [ RunTime:0.042003s ]
INFO: [ view_parse ] --END-- [ RunTime:0.042003s ]
INFO: [ view_filter ] --START--
INFO: Run Behavior\WriteHtmlCacheBehavior [ RunTime:0.001000s ]
INFO: [ view_filter ] --END-- [ RunTime:0.002000s ]
INFO: [ app_end ] --START--
INFO: Run Behavior\ShowPageTraceBehavior [ RunTime:0.002000s ]
INFO: [ app_end ] --END-- [ RunTime:0.003000s ]

[ 2017-01-12T21:43:30+08:00 ] 127.0.0.1 /yitong/admin.php?m=Admin&c=auth&a=login
INFO: [ app_init ] --START--
INFO: Run Behavior\BuildLiteBehavior [ RunTime:0.000000s ]
INFO: [ app_init ] --END-- [ RunTime:0.001000s ]
INFO: [ app_begin ] --START--
INFO: Run Behavior\ReadHtmlCacheBehavior [ RunTime:0.002000s ]
INFO: [ app_begin ] --END-- [ RunTime:0.002000s ]

[ 2017-01-12T21:43:30+08:00 ] 127.0.0.1 /yitong/admin.php?m=Admin&c=index&a=index
INFO: [ app_init ] --START--
INFO: Run Behavior\BuildLiteBehavior [ RunTime:0.000000s ]
INFO: [ app_init ] --END-- [ RunTime:0.001000s ]
INFO: [ app_begin ] --START--
INFO: Run Behavior\ReadHtmlCacheBehavior [ RunTime:0.001000s ]
INFO: [ app_begin ] --END-- [ RunTime:0.001000s ]
SQL: SHOW COLUMNS FROM `tbl_admin` [ RunTime:0.0080s ]
SQL: SELECT `headimg` FROM `tbl_admin` WHERE ( id=1 ) LIMIT 1   [ RunTime:0.0020s ]
SQL: SHOW COLUMNS FROM `tbl_adinm_role_priv` [ RunTime:0.0030s ]
SQL: SELECT * FROM `tbl_adinm_role_priv` WHERE ( roleid = 42 )  [ RunTime:0.0020s ]
SQL: SELECT * FROM `tbl_adinm_role_priv` WHERE ( roleid = 42 )  [ RunTime:0.0020s ]
SQL: SELECT * FROM `tbl_adinm_role_priv` WHERE ( roleid = 42 )  [ RunTime:0.0020s ]
NOTIC: [8] Undefined index: children E:\phpstudy\www\yitong\Application\Admin\Controller\BaseController.class.php 第 259 行.
SQL: SELECT * FROM `tbl_adinm_role_priv` WHERE ( roleid = 42 )  [ RunTime:0.0040s ]
NOTIC: [8] Undefined index: children E:\phpstudy\www\yitong\Application\Admin\Controller\BaseController.class.php 第 239 行.
NOTIC: [8] Undefined index: children E:\phpstudy\www\yitong\Application\Admin\Controller\BaseController.class.php 第 259 行.
SQL: SELECT * FROM `tbl_adinm_role_priv` WHERE ( roleid = 42 )  [ RunTime:0.0020s ]
NOTIC: [8] Undefined index: children E:\phpstudy\www\yitong\Application\Admin\Controller\BaseController.class.php 第 239 行.
NOTIC: [8] Undefined index: children E:\phpstudy\www\yitong\Application\Admin\Controller\BaseController.class.php 第 259 行.
SQL: SELECT * FROM `tbl_adinm_role_priv` WHERE ( roleid = 42 )  [ RunTime:0.0020s ]
NOTIC: [8] Undefined index: children E:\phpstudy\www\yitong\Application\Admin\Controller\BaseController.class.php 第 239 行.
NOTIC: [8] Undefined index: children E:\phpstudy\www\yitong\Application\Admin\Controller\BaseController.class.php 第 259 行.
SQL: SELECT * FROM `tbl_adinm_role_priv` WHERE ( roleid = 42 )  [ RunTime:0.0050s ]
NOTIC: [8] Undefined index: children E:\phpstudy\www\yitong\Application\Admin\Controller\BaseController.class.php 第 239 行.
SQL: SELECT * FROM `tbl_adinm_role_priv` WHERE ( roleid = 42 )  [ RunTime:0.0020s ]
SQL: SELECT * FROM `tbl_adinm_role_priv` WHERE ( roleid = 42 )  [ RunTime:0.0020s ]
SQL: SELECT * FROM `tbl_adinm_role_priv` WHERE ( roleid = 42 )  [ RunTime:0.0030s ]
SQL: SHOW COLUMNS FROM `tbl_member` [ RunTime:0.0080s ]
SQL: SELECT COUNT(*) AS tp_count FROM `tbl_member` LIMIT 1   [ RunTime:0.0020s ]
SQL: SELECT * FROM `tbl_member` ORDER BY add_time DESC LIMIT 0,8   [ RunTime:0.0040s ]
SQL: SHOW COLUMNS FROM `tbl_specialty` [ RunTime:0.0050s ]
SQL: SHOW COLUMNS FROM `tbl_course` [ RunTime:0.0040s ]
SQL: SHOW COLUMNS FROM `tbl_notice` [ RunTime:0.0070s ]
SQL: SELECT COUNT(*) AS tp_count FROM `tbl_specialty` LIMIT 1   [ RunTime:0.0010s ]
SQL: SELECT COUNT(*) AS tp_count FROM `tbl_course` LIMIT 1   [ RunTime:0.0030s ]
SQL: SELECT COUNT(*) AS tp_count FROM `tbl_notice` LIMIT 1   [ RunTime:0.0020s ]
INFO: [ view_parse ] --START--
INFO: [ template_filter ] --START--
INFO: Run Behavior\ContentReplaceBehavior [ RunTime:0.000000s ]
INFO: [ template_filter ] --END-- [ RunTime:0.000000s ]
NOTIC: [8] Use of undefined constant male - assumed 'male' E:\phpstudy\www\yitong\Application\Runtime\Cache\Admin\b595b808c2ebeeeb0478ffc30bb4e87a.php 第 244 行.
NOTIC: [8] Use of undefined constant male - assumed 'male' E:\phpstudy\www\yitong\Application\Runtime\Cache\Admin\b595b808c2ebeeeb0478ffc30bb4e87a.php 第 244 行.
NOTIC: [8] Use of undefined constant female - assumed 'female' E:\phpstudy\www\yitong\Application\Runtime\Cache\Admin\b595b808c2ebeeeb0478ffc30bb4e87a.php 第 245 行.
NOTIC: [8] Use of undefined constant male - assumed 'male' E:\phpstudy\www\yitong\Application\Runtime\Cache\Admin\b595b808c2ebeeeb0478ffc30bb4e87a.php 第 244 行.
NOTIC: [8] Use of undefined constant male - assumed 'male' E:\phpstudy\www\yitong\Application\Runtime\Cache\Admin\b595b808c2ebeeeb0478ffc30bb4e87a.php 第 244 行.
NOTIC: [8] Use of undefined constant female - assumed 'female' E:\phpstudy\www\yitong\Application\Runtime\Cache\Admin\b595b808c2ebeeeb0478ffc30bb4e87a.php 第 245 行.
NOTIC: [8] Use of undefined constant male - assumed 'male' E:\phpstudy\www\yitong\Application\Runtime\Cache\Admin\b595b808c2ebeeeb0478ffc30bb4e87a.php 第 244 行.
NOTIC: [8] Use of undefined constant male - assumed 'male' E:\phpstudy\www\yitong\Application\Runtime\Cache\Admin\b595b808c2ebeeeb0478ffc30bb4e87a.php 第 244 行.
NOTIC: [8] Use of undefined constant male - assumed 'male' E:\phpstudy\www\yitong\Application\Runtime\Cache\Admin\b595b808c2ebeeeb0478ffc30bb4e87a.php 第 244 行.
NOTIC: [8] Use of undefined constant male - assumed 'male' E:\phpstudy\www\yitong\Application\Runtime\Cache\Admin\b595b808c2ebeeeb0478ffc30bb4e87a.php 第 244 行.
INFO: Run Behavior\ParseTemplateBehavior [ RunTime:0.022001s ]
INFO: [ view_parse ] --END-- [ RunTime:0.022001s ]
INFO: [ view_filter ] --START--
INFO: Run Behavior\WriteHtmlCacheBehavior [ RunTime:0.002000s ]
INFO: [ view_filter ] --END-- [ RunTime:0.002000s ]
INFO: [ app_end ] --START--
INFO: Run Behavior\ShowPageTraceBehavior [ RunTime:0.006000s ]
INFO: [ app_end ] --END-- [ RunTime:0.006000s ]

