[ 2017-01-10T10:29:06+08:00 ] 127.0.0.1 /yitong/admin.php
INFO: [ app_init ] --START--
INFO: Run Behavior\BuildLiteBehavior [ RunTime:0.000044s ]
INFO: [ app_init ] --END-- [ RunTime:0.001415s ]
INFO: [ app_begin ] --START--
INFO: Run Behavior\ReadHtmlCacheBehavior [ RunTime:0.014347s ]
INFO: [ app_begin ] --END-- [ RunTime:0.014873s ]
NOTIC: [2] PDO::__construct() [<a href='pdo.--construct'>pdo.--construct</a>]: [2002] ÓÉÓÚÄ¿±ê¼ÆËã»ú»ı¼«¾Ü¾ø£¬ÎŞ·¨Á¬½Ó¡£
 (trying to connect via tcp://192.168.1.103:3306) E:\wamp\www\yitong\ThinkPHP\Library\Think\Db\Driver.class.php ç¬¬ 103 è¡Œ.
ERR: SQLSTATE[HY000] [2002] ÓÉÓÚÄ¿±ê¼ÆËã»ú»ı¼«¾Ü¾ø£¬ÎŞ·¨Á¬½Ó¡£


[ 2017-01-10T10:30:37+08:00 ] 127.0.0.1 /yitong/admin.php
INFO: [ app_init ] --START--
INFO: Run Behavior\BuildLiteBehavior [ RunTime:0.000063s ]
INFO: [ app_init ] --END-- [ RunTime:0.001251s ]
INFO: [ app_begin ] --START--
INFO: Run Behavior\ReadHtmlCacheBehavior [ RunTime:0.001911s ]
INFO: [ app_begin ] --END-- [ RunTime:0.002228s ]
NOTIC: [2] PDO::__construct() [<a href='pdo.--construct'>pdo.--construct</a>]: php_network_getaddresses: getaddrinfo failed: ²»ÖªµÀÕâÑùµÄÖ÷»ú¡£  E:\wamp\www\yitong\ThinkPHP\Library\Think\Db\Driver.class.php ç¬¬ 103 è¡Œ.
NOTIC: [2] PDO::__construct() [<a href='pdo.--construct'>pdo.--construct</a>]: [2002] php_network_getaddresses: getaddrinfo failed: ²»ÖªµÀÕâÑùµÄÖ÷»ú¡£  (trying to connect via tcp://lcoalhost:3306) E:\wamp\www\yitong\ThinkPHP\Library\Think\Db\Driver.class.php ç¬¬ 103 è¡Œ.
ERR: SQLSTATE[HY000] [2002] php_network_getaddresses: getaddrinfo failed: ²»ÖªµÀÕâÑùµÄÖ÷»ú¡£ 

[ 2017-01-10T10:30:52+08:00 ] 127.0.0.1 /yitong/admin.php
INFO: [ app_init ] --START--
INFO: Run Behavior\BuildLiteBehavior [ RunTime:0.000034s ]
INFO: [ app_init ] --END-- [ RunTime:0.000698s ]
INFO: [ app_begin ] --START--
INFO: Run Behavior\ReadHtmlCacheBehavior [ RunTime:0.001614s ]
INFO: [ app_begin ] --END-- [ RunTime:0.001900s ]
NOTIC: [2] PDO::__construct() [<a href='pdo.--construct'>pdo.--construct</a>]: php_network_getaddresses: getaddrinfo failed: ²»ÖªµÀÕâÑùµÄÖ÷»ú¡£  E:\wamp\www\yitong\ThinkPHP\Library\Think\Db\Driver.class.php ç¬¬ 103 è¡Œ.
NOTIC: [2] PDO::__construct() [<a href='pdo.--construct'>pdo.--construct</a>]: [2002] php_network_getaddresses: getaddrinfo failed: ²»ÖªµÀÕâÑùµÄÖ÷»ú¡£  (trying to connect via tcp://lcoalhost:3306) E:\wamp\www\yitong\ThinkPHP\Library\Think\Db\Driver.class.php ç¬¬ 103 è¡Œ.
ERR: SQLSTATE[HY000] [2002] php_network_getaddresses: getaddrinfo failed: ²»ÖªµÀÕâÑùµÄÖ÷»ú¡£ 

[ 2017-01-10T10:31:00+08:00 ] 127.0.0.1 /yitong/admin.php
INFO: [ app_init ] --START--
INFO: Run Behavior\BuildLiteBehavior [ RunTime:0.000057s ]
INFO: [ app_init ] --END-- [ RunTime:0.001131s ]
INFO: [ app_begin ] --START--
INFO: Run Behavior\ReadHtmlCacheBehavior [ RunTime:0.001874s ]
INFO: [ app_begin ] --END-- [ RunTime:0.002155s ]
SQL: SHOW COLUMNS FROM `tbl_admin` [ RunTime:0.0947s ]
ERR: 1054:Unknown column 'headimg' in 'field list'
 [ SQLè¯­å¥ ] : SELECT `headimg` FROM `tbl_admin` WHERE ( id=1 ) LIMIT 1  
ERR: 1054:Unknown column 'headimg' in 'field list'
 [ SQLè¯­å¥ ] : SELECT `headimg` FROM `tbl_admin` WHERE ( id=1 ) LIMIT 1  

[ 2017-01-10T10:31:02+08:00 ] 127.0.0.1 /yitong/admin.php
INFO: [ app_init ] --START--
INFO: Run Behavior\BuildLiteBehavior [ RunTime:0.000038s ]
INFO: [ app_init ] --END-- [ RunTime:0.000839s ]
INFO: [ app_begin ] --START--
INFO: Run Behavior\ReadHtmlCacheBehavior [ RunTime:0.001153s ]
INFO: [ app_begin ] --END-- [ RunTime:0.001326s ]
SQL: SHOW COLUMNS FROM `tbl_admin` [ RunTime:0.0047s ]
ERR: 1054:Unknown column 'headimg' in 'field list'
 [ SQLè¯­å¥ ] : SELECT `headimg` FROM `tbl_admin` WHERE ( id=1 ) LIMIT 1  
ERR: 1054:Unknown column 'headimg' in 'field list'
 [ SQLè¯­å¥ ] : SELECT `headimg` FROM `tbl_admin` WHERE ( id=1 ) LIMIT 1  

[ 2017-01-10T10:31:23+08:00 ] 127.0.0.1 /yitong/admin.php
INFO: [ app_init ] --START--
INFO: Run Behavior\BuildLiteBehavior [ RunTime:0.000039s ]
INFO: [ app_init ] --END-- [ RunTime:0.000909s ]
INFO: [ app_begin ] --START--
INFO: Run Behavior\ReadHtmlCacheBehavior [ RunTime:0.001134s ]
INFO: [ app_begin ] --END-- [ RunTime:0.001293s ]
SQL: SHOW COLUMNS FROM `tbl_admin` [ RunTime:0.0059s ]
ERR: 1054:Unknown column 'headimg' in 'field list'
 [ SQLè¯­å¥ ] : SELECT `headimg` FROM `tbl_admin` WHERE ( id=1 ) LIMIT 1  
ERR: 1054:Unknown column 'headimg' in 'field list'
 [ SQLè¯­å¥ ] : SELECT `headimg` FROM `tbl_admin` WHERE ( id=1 ) LIMIT 1  

[ 2017-01-10T10:32:33+08:00 ] 127.0.0.1 /yitong/admin.php?m=Member&c=auth&a=login
INFO: [ app_init ] --START--
INFO: Run Behavior\BuildLiteBehavior [ RunTime:0.000040s ]
INFO: [ app_init ] --END-- [ RunTime:0.001032s ]
INFO: [ app_begin ] --START--
INFO: Run Behavior\ReadHtmlCacheBehavior [ RunTime:0.001005s ]
INFO: [ app_begin ] --END-- [ RunTime:0.001179s ]

[ 2017-01-10T10:32:33+08:00 ] 127.0.0.1 /yitong/admin.php?m=Admin&c=index&a=index
INFO: [ app_init ] --START--
INFO: Run Behavior\BuildLiteBehavior [ RunTime:0.000037s ]
INFO: [ app_init ] --END-- [ RunTime:0.000701s ]
INFO: [ app_begin ] --START--
INFO: Run Behavior\ReadHtmlCacheBehavior [ RunTime:0.000777s ]
INFO: [ app_begin ] --END-- [ RunTime:0.000951s ]
SQL: SHOW COLUMNS FROM `tbl_admin` [ RunTime:0.0055s ]
ERR: 1054:Unknown column 'headimg' in 'field list'
 [ SQLè¯­å¥ ] : SELECT `headimg` FROM `tbl_admin` WHERE ( id=1 ) LIMIT 1  
ERR: 1054:Unknown column 'headimg' in 'field list'
 [ SQLè¯­å¥ ] : SELECT `headimg` FROM `tbl_admin` WHERE ( id=1 ) LIMIT 1  

