[ 2018-03-17T10:00:24+08:00 ] ::1 /yitong/
INFO: [ app_init ] --START--
INFO: Run Behavior\BuildLiteBehavior [ RunTime:0.000010s ]
INFO: [ app_init ] --END-- [ RunTime:0.001815s ]
INFO: [ app_begin ] --START--
INFO: Run Behavior\ReadHtmlCacheBehavior [ RunTime:0.002122s ]
INFO: [ app_begin ] --END-- [ RunTime:0.002170s ]

[ 2018-03-17T10:00:24+08:00 ] ::1 /yitong/index.php?m=Admin&c=auth&a=login
INFO: [ app_init ] --START--
INFO: Run Behavior\BuildLiteBehavior [ RunTime:0.000007s ]
INFO: [ app_init ] --END-- [ RunTime:0.000328s ]
INFO: [ app_begin ] --START--
INFO: Run Behavior\ReadHtmlCacheBehavior [ RunTime:0.000471s ]
INFO: [ app_begin ] --END-- [ RunTime:0.000505s ]
INFO: [ view_parse ] --START--
INFO: [ template_filter ] --START--
INFO: Run Behavior\ContentReplaceBehavior [ RunTime:0.000044s ]
INFO: [ template_filter ] --END-- [ RunTime:0.000077s ]
NOTIC: [8] Undefined variable: title C:\empolder\WWW\yitong\Application\Runtime\Cache\Admin\dcfb7ddaab59bfbce2ddc9c860debad0.php 第 5 行.
NOTIC: [8] Undefined variable: meta_title C:\empolder\WWW\yitong\Application\Runtime\Cache\Admin\dcfb7ddaab59bfbce2ddc9c860debad0.php 第 101 行.
NOTIC: [8] Undefined variable: error C:\empolder\WWW\yitong\Application\Runtime\Cache\Admin\dcfb7ddaab59bfbce2ddc9c860debad0.php 第 121 行.
NOTIC: [8] Undefined variable: ref C:\empolder\WWW\yitong\Application\Runtime\Cache\Admin\dcfb7ddaab59bfbce2ddc9c860debad0.php 第 150 行.
INFO: Run Behavior\ParseTemplateBehavior [ RunTime:0.112178s ]
INFO: [ view_parse ] --END-- [ RunTime:0.112222s ]
INFO: [ view_filter ] --START--
INFO: Run Behavior\WriteHtmlCacheBehavior [ RunTime:0.009344s ]
INFO: [ view_filter ] --END-- [ RunTime:0.009379s ]
INFO: [ app_end ] --START--
INFO: Run Behavior\ShowPageTraceBehavior [ RunTime:0.009950s ]
INFO: [ app_end ] --END-- [ RunTime:0.009995s ]

[ 2018-03-17T10:00:24+08:00 ] ::1 /yitong/index.php?m=Admin&c=auth&a=verify
INFO: [ app_init ] --START--
INFO: Run Behavior\BuildLiteBehavior [ RunTime:0.000008s ]
INFO: [ app_init ] --END-- [ RunTime:0.000351s ]
INFO: [ app_begin ] --START--
INFO: Run Behavior\ReadHtmlCacheBehavior [ RunTime:0.000493s ]
INFO: [ app_begin ] --END-- [ RunTime:0.000528s ]
INFO: [ app_end ] --START--
INFO: Run Behavior\ShowPageTraceBehavior [ RunTime:0.001079s ]
INFO: [ app_end ] --END-- [ RunTime:0.001161s ]

[ 2018-03-17T10:00:25+08:00 ] ::1 /yitong/
INFO: [ app_init ] --START--
INFO: Run Behavior\BuildLiteBehavior [ RunTime:0.000012s ]
INFO: [ app_init ] --END-- [ RunTime:0.000573s ]
INFO: [ app_begin ] --START--
INFO: Run Behavior\ReadHtmlCacheBehavior [ RunTime:0.000687s ]
INFO: [ app_begin ] --END-- [ RunTime:0.000736s ]

[ 2018-03-17T10:00:25+08:00 ] ::1 /yitong/index.php?m=Admin&c=auth&a=verify
INFO: [ app_init ] --START--
INFO: Run Behavior\BuildLiteBehavior [ RunTime:0.000008s ]
INFO: [ app_init ] --END-- [ RunTime:0.000366s ]
INFO: [ app_begin ] --START--
INFO: Run Behavior\ReadHtmlCacheBehavior [ RunTime:0.000675s ]
INFO: [ app_begin ] --END-- [ RunTime:0.000732s ]
INFO: [ app_end ] --START--
INFO: Run Behavior\ShowPageTraceBehavior [ RunTime:0.000719s ]
INFO: [ app_end ] --END-- [ RunTime:0.000769s ]

[ 2018-03-17T10:00:34+08:00 ] ::1 /yitong/index.php?m=Admin&c=auth&a=login
INFO: [ app_init ] --START--
INFO: Run Behavior\BuildLiteBehavior [ RunTime:0.000007s ]
INFO: [ app_init ] --END-- [ RunTime:0.000305s ]
INFO: [ app_begin ] --START--
INFO: Run Behavior\ReadHtmlCacheBehavior [ RunTime:0.001358s ]
INFO: [ app_begin ] --END-- [ RunTime:0.001423s ]
INFO: [ view_parse ] --START--
INFO: [ template_filter ] --START--
INFO: Run Behavior\ContentReplaceBehavior [ RunTime:0.000041s ]
INFO: [ template_filter ] --END-- [ RunTime:0.000071s ]
NOTIC: [8] Undefined variable: title C:\empolder\WWW\yitong\Application\Runtime\Cache\Admin\dcfb7ddaab59bfbce2ddc9c860debad0.php 第 5 行.
NOTIC: [8] Undefined variable: meta_title C:\empolder\WWW\yitong\Application\Runtime\Cache\Admin\dcfb7ddaab59bfbce2ddc9c860debad0.php 第 101 行.
NOTIC: [8] Undefined variable: ref C:\empolder\WWW\yitong\Application\Runtime\Cache\Admin\dcfb7ddaab59bfbce2ddc9c860debad0.php 第 150 行.
INFO: Run Behavior\ParseTemplateBehavior [ RunTime:0.007393s ]
INFO: [ view_parse ] --END-- [ RunTime:0.007452s ]
INFO: [ view_filter ] --START--
INFO: Run Behavior\WriteHtmlCacheBehavior [ RunTime:0.000237s ]
INFO: [ view_filter ] --END-- [ RunTime:0.000260s ]

[ 2018-03-17T10:00:34+08:00 ] ::1 /yitong/index.php?m=Admin&c=auth&a=verify
INFO: [ app_init ] --START--
INFO: Run Behavior\BuildLiteBehavior [ RunTime:0.000008s ]
INFO: [ app_init ] --END-- [ RunTime:0.000323s ]
INFO: [ app_begin ] --START--
INFO: Run Behavior\ReadHtmlCacheBehavior [ RunTime:0.000490s ]
INFO: [ app_begin ] --END-- [ RunTime:0.000531s ]
INFO: [ app_end ] --START--
INFO: Run Behavior\ShowPageTraceBehavior [ RunTime:0.000821s ]
INFO: [ app_end ] --END-- [ RunTime:0.000870s ]

[ 2018-03-17T10:00:45+08:00 ] ::1 /yitong/index.php?m=Admin&c=auth&a=login
INFO: [ app_init ] --START--
INFO: Run Behavior\BuildLiteBehavior [ RunTime:0.000007s ]
INFO: [ app_init ] --END-- [ RunTime:0.000308s ]
INFO: [ app_begin ] --START--
INFO: Run Behavior\ReadHtmlCacheBehavior [ RunTime:0.003916s ]
INFO: [ app_begin ] --END-- [ RunTime:0.004127s ]
SQL: SHOW COLUMNS FROM `tbl_admin` [ RunTime:0.0395s ]
SQL: SELECT * FROM `tbl_admin` WHERE `username` = 'admin' LIMIT 1   [ RunTime:0.0032s ]
SQL: SHOW COLUMNS FROM `tbl_admin_role` [ RunTime:0.0210s ]
SQL: SELECT `disabled` FROM `tbl_admin_role` WHERE ( id = 2 ) LIMIT 1   [ RunTime:0.0004s ]
SQL: UPDATE `tbl_admin` SET `lasttime`='2018-03-17 10:00:45',`lastip`='' WHERE `id` = 1 [ RunTime:0.0127s ]
NOTIC: [8] Undefined index: is_super_admin C:\empolder\WWW\yitong\Application\Admin\Controller\AuthController.class.php 第 97 行.

[ 2018-03-17T10:00:46+08:00 ] ::1 /yitong/index.php?m=Admin&c=index&a=index
INFO: [ app_init ] --START--
INFO: Run Behavior\BuildLiteBehavior [ RunTime:0.000008s ]
INFO: [ app_init ] --END-- [ RunTime:0.000344s ]
INFO: [ app_begin ] --START--
INFO: Run Behavior\ReadHtmlCacheBehavior [ RunTime:0.000585s ]
INFO: [ app_begin ] --END-- [ RunTime:0.000620s ]
SQL: SHOW COLUMNS FROM `tbl_admin` [ RunTime:0.0149s ]
SQL: SELECT `headimg` FROM `tbl_admin` WHERE ( id=1 ) LIMIT 1   [ RunTime:0.0003s ]
SQL: SHOW COLUMNS FROM `tbl_adinm_role_priv` [ RunTime:0.0204s ]
SQL: SELECT * FROM `tbl_adinm_role_priv` WHERE ( roleid = 2 )  [ RunTime:0.0003s ]
SQL: SELECT * FROM `tbl_adinm_role_priv` WHERE ( roleid = 2 )  [ RunTime:0.0002s ]
SQL: SELECT * FROM `tbl_adinm_role_priv` WHERE ( roleid = 2 )  [ RunTime:0.0003s ]
NOTIC: [8] Undefined index: children C:\empolder\WWW\yitong\Application\Admin\Controller\BaseController.class.php 第 272 行.
SQL: SELECT * FROM `tbl_adinm_role_priv` WHERE ( roleid = 2 )  [ RunTime:0.0002s ]
NOTIC: [8] Undefined index: children C:\empolder\WWW\yitong\Application\Admin\Controller\BaseController.class.php 第 250 行.
NOTIC: [8] Undefined index: children C:\empolder\WWW\yitong\Application\Admin\Controller\BaseController.class.php 第 272 行.
SQL: SELECT * FROM `tbl_adinm_role_priv` WHERE ( roleid = 2 )  [ RunTime:0.0003s ]
NOTIC: [8] Undefined index: children C:\empolder\WWW\yitong\Application\Admin\Controller\BaseController.class.php 第 250 行.
NOTIC: [8] Undefined index: children C:\empolder\WWW\yitong\Application\Admin\Controller\BaseController.class.php 第 272 行.
SQL: SELECT * FROM `tbl_adinm_role_priv` WHERE ( roleid = 2 )  [ RunTime:0.0002s ]
NOTIC: [8] Undefined index: children C:\empolder\WWW\yitong\Application\Admin\Controller\BaseController.class.php 第 250 行.
NOTIC: [8] Undefined index: children C:\empolder\WWW\yitong\Application\Admin\Controller\BaseController.class.php 第 272 行.
SQL: SELECT * FROM `tbl_adinm_role_priv` WHERE ( roleid = 2 )  [ RunTime:0.0002s ]
NOTIC: [8] Undefined index: children C:\empolder\WWW\yitong\Application\Admin\Controller\BaseController.class.php 第 250 行.
SQL: SELECT * FROM `tbl_adinm_role_priv` WHERE ( roleid = 2 )  [ RunTime:0.0002s ]
SQL: SELECT * FROM `tbl_adinm_role_priv` WHERE ( roleid = 2 )  [ RunTime:0.0002s ]
SQL: SELECT * FROM `tbl_adinm_role_priv` WHERE ( roleid = 2 )  [ RunTime:0.0002s ]
SQL: SHOW COLUMNS FROM `tbl_member` [ RunTime:0.0208s ]
SQL: SELECT COUNT(*) AS tp_count FROM `tbl_member` LIMIT 1   [ RunTime:0.0003s ]
SQL: SELECT * FROM `tbl_member` ORDER BY add_time DESC LIMIT 0,8   [ RunTime:0.0005s ]
SQL: SHOW COLUMNS FROM `tbl_specialty` [ RunTime:0.0287s ]
SQL: SHOW COLUMNS FROM `tbl_course` [ RunTime:0.0208s ]
SQL: SHOW COLUMNS FROM `tbl_notice` [ RunTime:0.0218s ]
SQL: SELECT COUNT(*) AS tp_count FROM `tbl_specialty` LIMIT 1   [ RunTime:0.0001s ]
SQL: SELECT COUNT(*) AS tp_count FROM `tbl_course` LIMIT 1   [ RunTime:0.0002s ]
SQL: SELECT COUNT(*) AS tp_count FROM `tbl_notice` LIMIT 1   [ RunTime:0.0001s ]
INFO: [ view_parse ] --START--
INFO: [ template_filter ] --START--
INFO: Run Behavior\ContentReplaceBehavior [ RunTime:0.000071s ]
INFO: [ template_filter ] --END-- [ RunTime:0.000112s ]
NOTIC: [8] Use of undefined constant male - assumed 'male' C:\empolder\WWW\yitong\Application\Runtime\Cache\Admin\b595b808c2ebeeeb0478ffc30bb4e87a.php 第 244 行.
NOTIC: [8] Use of undefined constant female - assumed 'female' C:\empolder\WWW\yitong\Application\Runtime\Cache\Admin\b595b808c2ebeeeb0478ffc30bb4e87a.php 第 245 行.
NOTIC: [8] Use of undefined constant male - assumed 'male' C:\empolder\WWW\yitong\Application\Runtime\Cache\Admin\b595b808c2ebeeeb0478ffc30bb4e87a.php 第 244 行.
NOTIC: [8] Use of undefined constant male - assumed 'male' C:\empolder\WWW\yitong\Application\Runtime\Cache\Admin\b595b808c2ebeeeb0478ffc30bb4e87a.php 第 244 行.
NOTIC: [8] Use of undefined constant male - assumed 'male' C:\empolder\WWW\yitong\Application\Runtime\Cache\Admin\b595b808c2ebeeeb0478ffc30bb4e87a.php 第 244 行.
NOTIC: [8] Use of undefined constant male - assumed 'male' C:\empolder\WWW\yitong\Application\Runtime\Cache\Admin\b595b808c2ebeeeb0478ffc30bb4e87a.php 第 244 行.
NOTIC: [8] Use of undefined constant male - assumed 'male' C:\empolder\WWW\yitong\Application\Runtime\Cache\Admin\b595b808c2ebeeeb0478ffc30bb4e87a.php 第 244 行.
NOTIC: [8] Use of undefined constant male - assumed 'male' C:\empolder\WWW\yitong\Application\Runtime\Cache\Admin\b595b808c2ebeeeb0478ffc30bb4e87a.php 第 244 行.
NOTIC: [8] Use of undefined constant male - assumed 'male' C:\empolder\WWW\yitong\Application\Runtime\Cache\Admin\b595b808c2ebeeeb0478ffc30bb4e87a.php 第 244 行.
INFO: Run Behavior\ParseTemplateBehavior [ RunTime:0.086450s ]
INFO: [ view_parse ] --END-- [ RunTime:0.086487s ]
INFO: [ view_filter ] --START--
INFO: Run Behavior\WriteHtmlCacheBehavior [ RunTime:0.000524s ]
INFO: [ view_filter ] --END-- [ RunTime:0.000564s ]
INFO: [ app_end ] --START--
INFO: Run Behavior\ShowPageTraceBehavior [ RunTime:0.001016s ]
INFO: [ app_end ] --END-- [ RunTime:0.001072s ]

[ 2018-03-17T10:00:50+08:00 ] ::1 /yitong/index.php?m=Admin&c=Member&a=Index
INFO: [ app_init ] --START--
INFO: Run Behavior\BuildLiteBehavior [ RunTime:0.000007s ]
INFO: [ app_init ] --END-- [ RunTime:0.000310s ]
INFO: [ app_begin ] --START--
INFO: Run Behavior\ReadHtmlCacheBehavior [ RunTime:0.000425s ]
INFO: [ app_begin ] --END-- [ RunTime:0.000455s ]
SQL: SHOW COLUMNS FROM `tbl_admin` [ RunTime:0.0189s ]
SQL: SELECT `headimg` FROM `tbl_admin` WHERE ( id=1 ) LIMIT 1   [ RunTime:0.0003s ]
SQL: SHOW COLUMNS FROM `tbl_adinm_role_priv` [ RunTime:0.0101s ]
SQL: SELECT * FROM `tbl_adinm_role_priv` WHERE ( roleid = 2 )  [ RunTime:0.0004s ]
SQL: SELECT * FROM `tbl_adinm_role_priv` WHERE ( roleid = 2 )  [ RunTime:0.0002s ]
SQL: SELECT * FROM `tbl_adinm_role_priv` WHERE ( roleid = 2 )  [ RunTime:0.0003s ]
NOTIC: [8] Undefined index: children C:\empolder\WWW\yitong\Application\Admin\Controller\BaseController.class.php 第 272 行.
SQL: SELECT * FROM `tbl_adinm_role_priv` WHERE ( roleid = 2 )  [ RunTime:0.0002s ]
NOTIC: [8] Undefined index: children C:\empolder\WWW\yitong\Application\Admin\Controller\BaseController.class.php 第 250 行.
NOTIC: [8] Undefined index: children C:\empolder\WWW\yitong\Application\Admin\Controller\BaseController.class.php 第 272 行.
SQL: SELECT * FROM `tbl_adinm_role_priv` WHERE ( roleid = 2 )  [ RunTime:0.0002s ]
NOTIC: [8] Undefined index: children C:\empolder\WWW\yitong\Application\Admin\Controller\BaseController.class.php 第 250 行.
NOTIC: [8] Undefined index: children C:\empolder\WWW\yitong\Application\Admin\Controller\BaseController.class.php 第 272 行.
SQL: SELECT * FROM `tbl_adinm_role_priv` WHERE ( roleid = 2 )  [ RunTime:0.0003s ]
NOTIC: [8] Undefined index: children C:\empolder\WWW\yitong\Application\Admin\Controller\BaseController.class.php 第 250 行.
NOTIC: [8] Undefined index: children C:\empolder\WWW\yitong\Application\Admin\Controller\BaseController.class.php 第 272 行.
SQL: SELECT * FROM `tbl_adinm_role_priv` WHERE ( roleid = 2 )  [ RunTime:0.0003s ]
NOTIC: [8] Undefined index: children C:\empolder\WWW\yitong\Application\Admin\Controller\BaseController.class.php 第 250 行.
SQL: SELECT * FROM `tbl_adinm_role_priv` WHERE ( roleid = 2 )  [ RunTime:0.0003s ]
SQL: SELECT * FROM `tbl_adinm_role_priv` WHERE ( roleid = 2 )  [ RunTime:0.0002s ]
SQL: SELECT * FROM `tbl_adinm_role_priv` WHERE ( roleid = 2 )  [ RunTime:0.0002s ]
SQL: SHOW COLUMNS FROM `tbl_member` [ RunTime:0.0104s ]
SQL: SELECT COUNT(*) AS tp_count FROM `tbl_member` LIMIT 1   [ RunTime:0.0003s ]
SQL: SELECT * FROM `tbl_member` ORDER BY add_time DESC LIMIT 0,8   [ RunTime:0.0005s ]
SQL: SHOW COLUMNS FROM `tbl_specialty` [ RunTime:0.0096s ]
SQL: SELECT `name` FROM `tbl_specialty` WHERE ( id = 1 ) LIMIT 1   [ RunTime:0.0003s ]
SQL: SELECT `name` FROM `tbl_specialty` WHERE ( id = 1 ) LIMIT 1   [ RunTime:0.0002s ]
SQL: SELECT `name` FROM `tbl_specialty` WHERE ( id = 1111 ) LIMIT 1   [ RunTime:0.0002s ]
SQL: SELECT `name` FROM `tbl_specialty` WHERE ( id = 1 ) LIMIT 1   [ RunTime:0.0003s ]
SQL: SELECT `name` FROM `tbl_specialty` WHERE ( id = 1 ) LIMIT 1   [ RunTime:0.0002s ]
SQL: SELECT `name` FROM `tbl_specialty` WHERE ( id = 1 ) LIMIT 1   [ RunTime:0.0003s ]
INFO: [ view_parse ] --START--
INFO: [ template_filter ] --START--
INFO: Run Behavior\ContentReplaceBehavior [ RunTime:0.000124s ]
INFO: [ template_filter ] --END-- [ RunTime:0.000163s ]
INFO: Run Behavior\ParseTemplateBehavior [ RunTime:0.081942s ]
INFO: [ view_parse ] --END-- [ RunTime:0.082008s ]
INFO: [ view_filter ] --START--
INFO: Run Behavior\WriteHtmlCacheBehavior [ RunTime:0.000442s ]
INFO: [ view_filter ] --END-- [ RunTime:0.000470s ]
INFO: [ app_end ] --START--
INFO: Run Behavior\ShowPageTraceBehavior [ RunTime:0.000824s ]
INFO: [ app_end ] --END-- [ RunTime:0.000903s ]

[ 2018-03-17T10:00:53+08:00 ] ::1 /yitong/index.php?m=Admin&c=member&a=add
INFO: [ app_init ] --START--
INFO: Run Behavior\BuildLiteBehavior [ RunTime:0.000007s ]
INFO: [ app_init ] --END-- [ RunTime:0.000310s ]
INFO: [ app_begin ] --START--
INFO: Run Behavior\ReadHtmlCacheBehavior [ RunTime:0.000501s ]
INFO: [ app_begin ] --END-- [ RunTime:0.000536s ]
SQL: SHOW COLUMNS FROM `tbl_admin` [ RunTime:0.0200s ]
SQL: SELECT `headimg` FROM `tbl_admin` WHERE ( id=1 ) LIMIT 1   [ RunTime:0.0003s ]
SQL: SHOW COLUMNS FROM `tbl_adinm_role_priv` [ RunTime:0.0096s ]
SQL: SELECT * FROM `tbl_adinm_role_priv` WHERE ( roleid = 2 )  [ RunTime:0.0003s ]
SQL: SELECT * FROM `tbl_adinm_role_priv` WHERE ( roleid = 2 )  [ RunTime:0.0003s ]
SQL: SELECT * FROM `tbl_adinm_role_priv` WHERE ( roleid = 2 )  [ RunTime:0.0004s ]
NOTIC: [8] Undefined index: children C:\empolder\WWW\yitong\Application\Admin\Controller\BaseController.class.php 第 272 行.
SQL: SELECT * FROM `tbl_adinm_role_priv` WHERE ( roleid = 2 )  [ RunTime:0.0002s ]
NOTIC: [8] Undefined index: children C:\empolder\WWW\yitong\Application\Admin\Controller\BaseController.class.php 第 250 行.
NOTIC: [8] Undefined index: children C:\empolder\WWW\yitong\Application\Admin\Controller\BaseController.class.php 第 272 行.
SQL: SELECT * FROM `tbl_adinm_role_priv` WHERE ( roleid = 2 )  [ RunTime:0.0003s ]
NOTIC: [8] Undefined index: children C:\empolder\WWW\yitong\Application\Admin\Controller\BaseController.class.php 第 250 行.
NOTIC: [8] Undefined index: children C:\empolder\WWW\yitong\Application\Admin\Controller\BaseController.class.php 第 272 行.
SQL: SELECT * FROM `tbl_adinm_role_priv` WHERE ( roleid = 2 )  [ RunTime:0.0003s ]
NOTIC: [8] Undefined index: children C:\empolder\WWW\yitong\Application\Admin\Controller\BaseController.class.php 第 250 行.
NOTIC: [8] Undefined index: children C:\empolder\WWW\yitong\Application\Admin\Controller\BaseController.class.php 第 272 行.
SQL: SELECT * FROM `tbl_adinm_role_priv` WHERE ( roleid = 2 )  [ RunTime:0.0002s ]
NOTIC: [8] Undefined index: children C:\empolder\WWW\yitong\Application\Admin\Controller\BaseController.class.php 第 250 行.
SQL: SELECT * FROM `tbl_adinm_role_priv` WHERE ( roleid = 2 )  [ RunTime:0.0003s ]
SQL: SELECT * FROM `tbl_adinm_role_priv` WHERE ( roleid = 2 )  [ RunTime:0.0003s ]
SQL: SELECT * FROM `tbl_adinm_role_priv` WHERE ( roleid = 2 )  [ RunTime:0.0003s ]
SQL: SHOW COLUMNS FROM `tbl_member` [ RunTime:0.0103s ]
SQL: SELECT * FROM `tbl_member`  [ RunTime:0.0004s ]
SQL: SHOW COLUMNS FROM `tbl_specialty` [ RunTime:0.0104s ]
SQL: SELECT `id`,`name` FROM `tbl_specialty`  [ RunTime:0.0003s ]
INFO: [ view_parse ] --START--
INFO: [ template_filter ] --START--
INFO: Run Behavior\ContentReplaceBehavior [ RunTime:0.000166s ]
INFO: [ template_filter ] --END-- [ RunTime:0.000222s ]
NOTIC: [8] Undefined index: level C:\empolder\WWW\yitong\Application\Runtime\Cache\Admin\cbac30b13a417c95dc977a1bb5ff6dbc.php 第 222 行.
NOTIC: [8] Undefined index: level C:\empolder\WWW\yitong\Application\Runtime\Cache\Admin\cbac30b13a417c95dc977a1bb5ff6dbc.php 第 222 行.
NOTIC: [8] Undefined index: level C:\empolder\WWW\yitong\Application\Runtime\Cache\Admin\cbac30b13a417c95dc977a1bb5ff6dbc.php 第 222 行.
NOTIC: [8] Undefined index: educational C:\empolder\WWW\yitong\Application\Runtime\Cache\Admin\cbac30b13a417c95dc977a1bb5ff6dbc.php 第 253 行.
NOTIC: [8] Undefined index: educational C:\empolder\WWW\yitong\Application\Runtime\Cache\Admin\cbac30b13a417c95dc977a1bb5ff6dbc.php 第 253 行.
NOTIC: [8] Undefined index: educational C:\empolder\WWW\yitong\Application\Runtime\Cache\Admin\cbac30b13a417c95dc977a1bb5ff6dbc.php 第 253 行.
NOTIC: [8] Undefined index: educational C:\empolder\WWW\yitong\Application\Runtime\Cache\Admin\cbac30b13a417c95dc977a1bb5ff6dbc.php 第 253 行.
NOTIC: [8] Undefined index: educational C:\empolder\WWW\yitong\Application\Runtime\Cache\Admin\cbac30b13a417c95dc977a1bb5ff6dbc.php 第 253 行.
NOTIC: [8] Undefined index: educational C:\empolder\WWW\yitong\Application\Runtime\Cache\Admin\cbac30b13a417c95dc977a1bb5ff6dbc.php 第 253 行.
NOTIC: [8] Undefined index: profession C:\empolder\WWW\yitong\Application\Runtime\Cache\Admin\cbac30b13a417c95dc977a1bb5ff6dbc.php 第 283 行.
NOTIC: [8] Undefined index: profession C:\empolder\WWW\yitong\Application\Runtime\Cache\Admin\cbac30b13a417c95dc977a1bb5ff6dbc.php 第 283 行.
NOTIC: [8] Undefined index: profession C:\empolder\WWW\yitong\Application\Runtime\Cache\Admin\cbac30b13a417c95dc977a1bb5ff6dbc.php 第 283 行.
NOTIC: [8] Undefined index: profession C:\empolder\WWW\yitong\Application\Runtime\Cache\Admin\cbac30b13a417c95dc977a1bb5ff6dbc.php 第 283 行.
NOTIC: [8] Undefined index: profession C:\empolder\WWW\yitong\Application\Runtime\Cache\Admin\cbac30b13a417c95dc977a1bb5ff6dbc.php 第 283 行.
NOTIC: [8] Undefined index: profession C:\empolder\WWW\yitong\Application\Runtime\Cache\Admin\cbac30b13a417c95dc977a1bb5ff6dbc.php 第 283 行.
NOTIC: [8] Undefined index: profession C:\empolder\WWW\yitong\Application\Runtime\Cache\Admin\cbac30b13a417c95dc977a1bb5ff6dbc.php 第 283 行.
NOTIC: [8] Undefined index: profession C:\empolder\WWW\yitong\Application\Runtime\Cache\Admin\cbac30b13a417c95dc977a1bb5ff6dbc.php 第 283 行.
NOTIC: [8] Undefined index: profession C:\empolder\WWW\yitong\Application\Runtime\Cache\Admin\cbac30b13a417c95dc977a1bb5ff6dbc.php 第 283 行.
NOTIC: [8] Undefined index: profession C:\empolder\WWW\yitong\Application\Runtime\Cache\Admin\cbac30b13a417c95dc977a1bb5ff6dbc.php 第 283 行.
NOTIC: [8] Undefined index: profession C:\empolder\WWW\yitong\Application\Runtime\Cache\Admin\cbac30b13a417c95dc977a1bb5ff6dbc.php 第 283 行.
NOTIC: [8] Undefined index: profession C:\empolder\WWW\yitong\Application\Runtime\Cache\Admin\cbac30b13a417c95dc977a1bb5ff6dbc.php 第 283 行.
NOTIC: [8] Undefined index: profession C:\empolder\WWW\yitong\Application\Runtime\Cache\Admin\cbac30b13a417c95dc977a1bb5ff6dbc.php 第 283 行.
NOTIC: [8] Undefined index: profession C:\empolder\WWW\yitong\Application\Runtime\Cache\Admin\cbac30b13a417c95dc977a1bb5ff6dbc.php 第 283 行.
NOTIC: [8] Undefined index: profession C:\empolder\WWW\yitong\Application\Runtime\Cache\Admin\cbac30b13a417c95dc977a1bb5ff6dbc.php 第 283 行.
NOTIC: [8] Undefined index: profession C:\empolder\WWW\yitong\Application\Runtime\Cache\Admin\cbac30b13a417c95dc977a1bb5ff6dbc.php 第 283 行.
NOTIC: [8] Undefined index: profession C:\empolder\WWW\yitong\Application\Runtime\Cache\Admin\cbac30b13a417c95dc977a1bb5ff6dbc.php 第 283 行.
NOTIC: [8] Undefined index: profession C:\empolder\WWW\yitong\Application\Runtime\Cache\Admin\cbac30b13a417c95dc977a1bb5ff6dbc.php 第 283 行.
NOTIC: [8] Undefined index: profession C:\empolder\WWW\yitong\Application\Runtime\Cache\Admin\cbac30b13a417c95dc977a1bb5ff6dbc.php 第 283 行.
NOTIC: [8] Undefined index: profession C:\empolder\WWW\yitong\Application\Runtime\Cache\Admin\cbac30b13a417c95dc977a1bb5ff6dbc.php 第 283 行.
NOTIC: [8] Undefined index: profession C:\empolder\WWW\yitong\Application\Runtime\Cache\Admin\cbac30b13a417c95dc977a1bb5ff6dbc.php 第 283 行.
NOTIC: [8] Undefined index: profession C:\empolder\WWW\yitong\Application\Runtime\Cache\Admin\cbac30b13a417c95dc977a1bb5ff6dbc.php 第 283 行.
NOTIC: [8] Undefined index: duty_level C:\empolder\WWW\yitong\Application\Runtime\Cache\Admin\cbac30b13a417c95dc977a1bb5ff6dbc.php 第 291 行.
NOTIC: [8] Undefined index: duty_level C:\empolder\WWW\yitong\Application\Runtime\Cache\Admin\cbac30b13a417c95dc977a1bb5ff6dbc.php 第 291 行.
NOTIC: [8] Undefined index: duty_level C:\empolder\WWW\yitong\Application\Runtime\Cache\Admin\cbac30b13a417c95dc977a1bb5ff6dbc.php 第 291 行.
NOTIC: [8] Undefined index: duty_level C:\empolder\WWW\yitong\Application\Runtime\Cache\Admin\cbac30b13a417c95dc977a1bb5ff6dbc.php 第 291 行.
INFO: Run Behavior\ParseTemplateBehavior [ RunTime:0.111145s ]
INFO: [ view_parse ] --END-- [ RunTime:0.111171s ]
INFO: [ view_filter ] --START--
INFO: Run Behavior\WriteHtmlCacheBehavior [ RunTime:0.000235s ]
INFO: [ view_filter ] --END-- [ RunTime:0.000258s ]
INFO: [ app_end ] --START--
INFO: Run Behavior\ShowPageTraceBehavior [ RunTime:0.000846s ]
INFO: [ app_end ] --END-- [ RunTime:0.000882s ]

[ 2018-03-17T10:00:59+08:00 ] ::1 /yitong/index.php?m=admin&c=member&a=jqueryFileUpload
INFO: [ app_init ] --START--
INFO: Run Behavior\BuildLiteBehavior [ RunTime:0.000007s ]
INFO: [ app_init ] --END-- [ RunTime:0.000310s ]
INFO: [ app_begin ] --START--
INFO: Run Behavior\ReadHtmlCacheBehavior [ RunTime:0.000429s ]
INFO: [ app_begin ] --END-- [ RunTime:0.000457s ]
SQL: SHOW COLUMNS FROM `tbl_admin` [ RunTime:0.0273s ]
SQL: SELECT `headimg` FROM `tbl_admin` WHERE ( id=1 ) LIMIT 1   [ RunTime:0.0003s ]
SQL: SHOW COLUMNS FROM `tbl_adinm_role_priv` [ RunTime:0.0093s ]
SQL: SELECT * FROM `tbl_adinm_role_priv` WHERE ( roleid = 2 )  [ RunTime:0.0003s ]
SQL: SELECT * FROM `tbl_adinm_role_priv` WHERE ( roleid = 2 )  [ RunTime:0.0002s ]
SQL: SELECT * FROM `tbl_adinm_role_priv` WHERE ( roleid = 2 )  [ RunTime:0.0002s ]
NOTIC: [8] Undefined index: children C:\empolder\WWW\yitong\Application\Admin\Controller\BaseController.class.php 第 272 行.
SQL: SELECT * FROM `tbl_adinm_role_priv` WHERE ( roleid = 2 )  [ RunTime:0.0002s ]
NOTIC: [8] Undefined index: children C:\empolder\WWW\yitong\Application\Admin\Controller\BaseController.class.php 第 250 行.
NOTIC: [8] Undefined index: children C:\empolder\WWW\yitong\Application\Admin\Controller\BaseController.class.php 第 272 行.
SQL: SELECT * FROM `tbl_adinm_role_priv` WHERE ( roleid = 2 )  [ RunTime:0.0002s ]
NOTIC: [8] Undefined index: children C:\empolder\WWW\yitong\Application\Admin\Controller\BaseController.class.php 第 250 行.
NOTIC: [8] Undefined index: children C:\empolder\WWW\yitong\Application\Admin\Controller\BaseController.class.php 第 272 行.
SQL: SELECT * FROM `tbl_adinm_role_priv` WHERE ( roleid = 2 )  [ RunTime:0.0002s ]
NOTIC: [8] Undefined index: children C:\empolder\WWW\yitong\Application\Admin\Controller\BaseController.class.php 第 250 行.
NOTIC: [8] Undefined index: children C:\empolder\WWW\yitong\Application\Admin\Controller\BaseController.class.php 第 272 行.
SQL: SELECT * FROM `tbl_adinm_role_priv` WHERE ( roleid = 2 )  [ RunTime:0.0002s ]
NOTIC: [8] Undefined index: children C:\empolder\WWW\yitong\Application\Admin\Controller\BaseController.class.php 第 250 行.
SQL: SELECT * FROM `tbl_adinm_role_priv` WHERE ( roleid = 2 )  [ RunTime:0.0003s ]
SQL: SELECT * FROM `tbl_adinm_role_priv` WHERE ( roleid = 2 )  [ RunTime:0.0002s ]
SQL: SELECT * FROM `tbl_adinm_role_priv` WHERE ( roleid = 2 )  [ RunTime:0.0002s ]
NOTIC: [8] Undefined index: _method C:\empolder\WWW\yitong\Application\Common\Util\UploadHandler.class.php 第 1144 行.
NOTIC: [8] Undefined index: HTTP_CONTENT_DISPOSITION C:\empolder\WWW\yitong\Application\Common\Util\UploadHandler.class.php 第 1148 行.
NOTIC: [8] Undefined index: HTTP_CONTENT_RANGE C:\empolder\WWW\yitong\Application\Common\Util\UploadHandler.class.php 第 1148 行.
NOTIC: [8] Undefined index:  C:\empolder\WWW\yitong\Application\Common\Util\UploadHandler.class.php 第 417 行.
NOTIC: [8] Undefined index: upload_dir C:\empolder\WWW\yitong\Application\Common\Util\UploadHandler.class.php 第 226 行.
NOTIC: [8] Undefined index: upload_url C:\empolder\WWW\yitong\Application\Common\Util\UploadHandler.class.php 第 254 行.
NOTIC: [8] Undefined index: redirect C:\empolder\WWW\yitong\Application\Common\Util\UploadHandler.class.php 第 1140 行.
NOTIC: [8] Undefined index: HTTP_CONTENT_RANGE C:\empolder\WWW\yitong\Application\Common\Util\UploadHandler.class.php 第 1148 行.
INFO: [ app_end ] --START--
INFO: Run Behavior\ShowPageTraceBehavior [ RunTime:0.000621s ]
INFO: [ app_end ] --END-- [ RunTime:0.000648s ]

[ 2018-03-17T10:01:03+08:00 ] ::1 /yitong/index.php?m=admin&c=member&a=jqueryFileUpload
INFO: [ app_init ] --START--
INFO: Run Behavior\BuildLiteBehavior [ RunTime:0.000009s ]
INFO: [ app_init ] --END-- [ RunTime:0.000426s ]
INFO: [ app_begin ] --START--
INFO: Run Behavior\ReadHtmlCacheBehavior [ RunTime:0.000616s ]
INFO: [ app_begin ] --END-- [ RunTime:0.000669s ]
SQL: SHOW COLUMNS FROM `tbl_admin` [ RunTime:0.0322s ]
SQL: SELECT `headimg` FROM `tbl_admin` WHERE ( id=1 ) LIMIT 1   [ RunTime:0.0004s ]
SQL: SHOW COLUMNS FROM `tbl_adinm_role_priv` [ RunTime:0.0136s ]
SQL: SELECT * FROM `tbl_adinm_role_priv` WHERE ( roleid = 2 )  [ RunTime:0.0003s ]
SQL: SELECT * FROM `tbl_adinm_role_priv` WHERE ( roleid = 2 )  [ RunTime:0.0002s ]
SQL: SELECT * FROM `tbl_adinm_role_priv` WHERE ( roleid = 2 )  [ RunTime:0.0002s ]
NOTIC: [8] Undefined index: children C:\empolder\WWW\yitong\Application\Admin\Controller\BaseController.class.php 第 272 行.
SQL: SELECT * FROM `tbl_adinm_role_priv` WHERE ( roleid = 2 )  [ RunTime:0.0003s ]
NOTIC: [8] Undefined index: children C:\empolder\WWW\yitong\Application\Admin\Controller\BaseController.class.php 第 250 行.
NOTIC: [8] Undefined index: children C:\empolder\WWW\yitong\Application\Admin\Controller\BaseController.class.php 第 272 行.
SQL: SELECT * FROM `tbl_adinm_role_priv` WHERE ( roleid = 2 )  [ RunTime:0.0003s ]
NOTIC: [8] Undefined index: children C:\empolder\WWW\yitong\Application\Admin\Controller\BaseController.class.php 第 250 行.
NOTIC: [8] Undefined index: children C:\empolder\WWW\yitong\Application\Admin\Controller\BaseController.class.php 第 272 行.
SQL: SELECT * FROM `tbl_adinm_role_priv` WHERE ( roleid = 2 )  [ RunTime:0.0003s ]
NOTIC: [8] Undefined index: children C:\empolder\WWW\yitong\Application\Admin\Controller\BaseController.class.php 第 250 行.
NOTIC: [8] Undefined index: children C:\empolder\WWW\yitong\Application\Admin\Controller\BaseController.class.php 第 272 行.
SQL: SELECT * FROM `tbl_adinm_role_priv` WHERE ( roleid = 2 )  [ RunTime:0.0003s ]
NOTIC: [8] Undefined index: children C:\empolder\WWW\yitong\Application\Admin\Controller\BaseController.class.php 第 250 行.
SQL: SELECT * FROM `tbl_adinm_role_priv` WHERE ( roleid = 2 )  [ RunTime:0.0002s ]
SQL: SELECT * FROM `tbl_adinm_role_priv` WHERE ( roleid = 2 )  [ RunTime:0.0003s ]
SQL: SELECT * FROM `tbl_adinm_role_priv` WHERE ( roleid = 2 )  [ RunTime:0.0003s ]
NOTIC: [8] Undefined index: _method C:\empolder\WWW\yitong\Application\Common\Util\UploadHandler.class.php 第 1144 行.
NOTIC: [8] Undefined index: HTTP_CONTENT_DISPOSITION C:\empolder\WWW\yitong\Application\Common\Util\UploadHandler.class.php 第 1148 行.
NOTIC: [8] Undefined index: HTTP_CONTENT_RANGE C:\empolder\WWW\yitong\Application\Common\Util\UploadHandler.class.php 第 1148 行.
NOTIC: [8] Undefined index:  C:\empolder\WWW\yitong\Application\Common\Util\UploadHandler.class.php 第 417 行.
NOTIC: [8] Undefined index: upload_dir C:\empolder\WWW\yitong\Application\Common\Util\UploadHandler.class.php 第 226 行.
NOTIC: [8] Undefined index: upload_url C:\empolder\WWW\yitong\Application\Common\Util\UploadHandler.class.php 第 254 行.
NOTIC: [8] Undefined index: redirect C:\empolder\WWW\yitong\Application\Common\Util\UploadHandler.class.php 第 1140 行.
NOTIC: [8] Undefined index: HTTP_CONTENT_RANGE C:\empolder\WWW\yitong\Application\Common\Util\UploadHandler.class.php 第 1148 行.
INFO: [ app_end ] --START--
INFO: Run Behavior\ShowPageTraceBehavior [ RunTime:0.000727s ]
INFO: [ app_end ] --END-- [ RunTime:0.000756s ]

[ 2018-03-17T10:05:59+08:00 ] ::1 /yitong/index.php?m=Admin&c=member&a=add
INFO: [ app_init ] --START--
INFO: Run Behavior\BuildLiteBehavior [ RunTime:0.000007s ]
INFO: [ app_init ] --END-- [ RunTime:0.000352s ]
INFO: [ app_begin ] --START--
INFO: Run Behavior\ReadHtmlCacheBehavior [ RunTime:0.000830s ]
INFO: [ app_begin ] --END-- [ RunTime:0.000878s ]
SQL: SHOW COLUMNS FROM `tbl_admin` [ RunTime:0.0247s ]
SQL: SELECT `headimg` FROM `tbl_admin` WHERE ( id=1 ) LIMIT 1   [ RunTime:0.0003s ]
SQL: SHOW COLUMNS FROM `tbl_adinm_role_priv` [ RunTime:0.0096s ]
SQL: SELECT * FROM `tbl_adinm_role_priv` WHERE ( roleid = 2 )  [ RunTime:0.0003s ]
SQL: SELECT * FROM `tbl_adinm_role_priv` WHERE ( roleid = 2 )  [ RunTime:0.0003s ]
SQL: SELECT * FROM `tbl_adinm_role_priv` WHERE ( roleid = 2 )  [ RunTime:0.0004s ]
NOTIC: [8] Undefined index: children C:\empolder\WWW\yitong\Application\Admin\Controller\BaseController.class.php 第 272 行.
SQL: SELECT * FROM `tbl_adinm_role_priv` WHERE ( roleid = 2 )  [ RunTime:0.0003s ]
NOTIC: [8] Undefined index: children C:\empolder\WWW\yitong\Application\Admin\Controller\BaseController.class.php 第 250 行.
NOTIC: [8] Undefined index: children C:\empolder\WWW\yitong\Application\Admin\Controller\BaseController.class.php 第 272 行.
SQL: SELECT * FROM `tbl_adinm_role_priv` WHERE ( roleid = 2 )  [ RunTime:0.0003s ]
NOTIC: [8] Undefined index: children C:\empolder\WWW\yitong\Application\Admin\Controller\BaseController.class.php 第 250 行.
NOTIC: [8] Undefined index: children C:\empolder\WWW\yitong\Application\Admin\Controller\BaseController.class.php 第 272 行.
SQL: SELECT * FROM `tbl_adinm_role_priv` WHERE ( roleid = 2 )  [ RunTime:0.0003s ]
NOTIC: [8] Undefined index: children C:\empolder\WWW\yitong\Application\Admin\Controller\BaseController.class.php 第 250 行.
NOTIC: [8] Undefined index: children C:\empolder\WWW\yitong\Application\Admin\Controller\BaseController.class.php 第 272 行.
SQL: SELECT * FROM `tbl_adinm_role_priv` WHERE ( roleid = 2 )  [ RunTime:0.0002s ]
NOTIC: [8] Undefined index: children C:\empolder\WWW\yitong\Application\Admin\Controller\BaseController.class.php 第 250 行.
SQL: SELECT * FROM `tbl_adinm_role_priv` WHERE ( roleid = 2 )  [ RunTime:0.0002s ]
SQL: SELECT * FROM `tbl_adinm_role_priv` WHERE ( roleid = 2 )  [ RunTime:0.0003s ]
SQL: SELECT * FROM `tbl_adinm_role_priv` WHERE ( roleid = 2 )  [ RunTime:0.0002s ]
SQL: SHOW COLUMNS FROM `tbl_member` [ RunTime:0.0110s ]
SQL: SELECT * FROM `tbl_member`  [ RunTime:0.0005s ]
SQL: SHOW COLUMNS FROM `tbl_specialty` [ RunTime:0.0092s ]
SQL: SELECT `id`,`name` FROM `tbl_specialty`  [ RunTime:0.0003s ]
INFO: [ view_parse ] --START--
INFO: [ template_filter ] --START--
INFO: Run Behavior\ContentReplaceBehavior [ RunTime:0.000154s ]
INFO: [ template_filter ] --END-- [ RunTime:0.000185s ]
NOTIC: [8] Undefined index: level C:\empolder\WWW\yitong\Application\Runtime\Cache\Admin\cbac30b13a417c95dc977a1bb5ff6dbc.php 第 222 行.
NOTIC: [8] Undefined index: level C:\empolder\WWW\yitong\Application\Runtime\Cache\Admin\cbac30b13a417c95dc977a1bb5ff6dbc.php 第 222 行.
NOTIC: [8] Undefined index: level C:\empolder\WWW\yitong\Application\Runtime\Cache\Admin\cbac30b13a417c95dc977a1bb5ff6dbc.php 第 222 行.
NOTIC: [8] Undefined index: educational C:\empolder\WWW\yitong\Application\Runtime\Cache\Admin\cbac30b13a417c95dc977a1bb5ff6dbc.php 第 253 行.
NOTIC: [8] Undefined index: educational C:\empolder\WWW\yitong\Application\Runtime\Cache\Admin\cbac30b13a417c95dc977a1bb5ff6dbc.php 第 253 行.
NOTIC: [8] Undefined index: educational C:\empolder\WWW\yitong\Application\Runtime\Cache\Admin\cbac30b13a417c95dc977a1bb5ff6dbc.php 第 253 行.
NOTIC: [8] Undefined index: educational C:\empolder\WWW\yitong\Application\Runtime\Cache\Admin\cbac30b13a417c95dc977a1bb5ff6dbc.php 第 253 行.
NOTIC: [8] Undefined index: educational C:\empolder\WWW\yitong\Application\Runtime\Cache\Admin\cbac30b13a417c95dc977a1bb5ff6dbc.php 第 253 行.
NOTIC: [8] Undefined index: educational C:\empolder\WWW\yitong\Application\Runtime\Cache\Admin\cbac30b13a417c95dc977a1bb5ff6dbc.php 第 253 行.
NOTIC: [8] Undefined index: profession C:\empolder\WWW\yitong\Application\Runtime\Cache\Admin\cbac30b13a417c95dc977a1bb5ff6dbc.php 第 283 行.
NOTIC: [8] Undefined index: profession C:\empolder\WWW\yitong\Application\Runtime\Cache\Admin\cbac30b13a417c95dc977a1bb5ff6dbc.php 第 283 行.
NOTIC: [8] Undefined index: profession C:\empolder\WWW\yitong\Application\Runtime\Cache\Admin\cbac30b13a417c95dc977a1bb5ff6dbc.php 第 283 行.
NOTIC: [8] Undefined index: profession C:\empolder\WWW\yitong\Application\Runtime\Cache\Admin\cbac30b13a417c95dc977a1bb5ff6dbc.php 第 283 行.
NOTIC: [8] Undefined index: profession C:\empolder\WWW\yitong\Application\Runtime\Cache\Admin\cbac30b13a417c95dc977a1bb5ff6dbc.php 第 283 行.
NOTIC: [8] Undefined index: profession C:\empolder\WWW\yitong\Application\Runtime\Cache\Admin\cbac30b13a417c95dc977a1bb5ff6dbc.php 第 283 行.
NOTIC: [8] Undefined index: profession C:\empolder\WWW\yitong\Application\Runtime\Cache\Admin\cbac30b13a417c95dc977a1bb5ff6dbc.php 第 283 行.
NOTIC: [8] Undefined index: profession C:\empolder\WWW\yitong\Application\Runtime\Cache\Admin\cbac30b13a417c95dc977a1bb5ff6dbc.php 第 283 行.
NOTIC: [8] Undefined index: profession C:\empolder\WWW\yitong\Application\Runtime\Cache\Admin\cbac30b13a417c95dc977a1bb5ff6dbc.php 第 283 行.
NOTIC: [8] Undefined index: profession C:\empolder\WWW\yitong\Application\Runtime\Cache\Admin\cbac30b13a417c95dc977a1bb5ff6dbc.php 第 283 行.
NOTIC: [8] Undefined index: profession C:\empolder\WWW\yitong\Application\Runtime\Cache\Admin\cbac30b13a417c95dc977a1bb5ff6dbc.php 第 283 行.
NOTIC: [8] Undefined index: profession C:\empolder\WWW\yitong\Application\Runtime\Cache\Admin\cbac30b13a417c95dc977a1bb5ff6dbc.php 第 283 行.
NOTIC: [8] Undefined index: profession C:\empolder\WWW\yitong\Application\Runtime\Cache\Admin\cbac30b13a417c95dc977a1bb5ff6dbc.php 第 283 行.
NOTIC: [8] Undefined index: profession C:\empolder\WWW\yitong\Application\Runtime\Cache\Admin\cbac30b13a417c95dc977a1bb5ff6dbc.php 第 283 行.
NOTIC: [8] Undefined index: profession C:\empolder\WWW\yitong\Application\Runtime\Cache\Admin\cbac30b13a417c95dc977a1bb5ff6dbc.php 第 283 行.
NOTIC: [8] Undefined index: profession C:\empolder\WWW\yitong\Application\Runtime\Cache\Admin\cbac30b13a417c95dc977a1bb5ff6dbc.php 第 283 行.
NOTIC: [8] Undefined index: profession C:\empolder\WWW\yitong\Application\Runtime\Cache\Admin\cbac30b13a417c95dc977a1bb5ff6dbc.php 第 283 行.
NOTIC: [8] Undefined index: profession C:\empolder\WWW\yitong\Application\Runtime\Cache\Admin\cbac30b13a417c95dc977a1bb5ff6dbc.php 第 283 行.
NOTIC: [8] Undefined index: profession C:\empolder\WWW\yitong\Application\Runtime\Cache\Admin\cbac30b13a417c95dc977a1bb5ff6dbc.php 第 283 行.
NOTIC: [8] Undefined index: profession C:\empolder\WWW\yitong\Application\Runtime\Cache\Admin\cbac30b13a417c95dc977a1bb5ff6dbc.php 第 283 行.
NOTIC: [8] Undefined index: profession C:\empolder\WWW\yitong\Application\Runtime\Cache\Admin\cbac30b13a417c95dc977a1bb5ff6dbc.php 第 283 行.
NOTIC: [8] Undefined index: profession C:\empolder\WWW\yitong\Application\Runtime\Cache\Admin\cbac30b13a417c95dc977a1bb5ff6dbc.php 第 283 行.
NOTIC: [8] Undefined index: duty_level C:\empolder\WWW\yitong\Application\Runtime\Cache\Admin\cbac30b13a417c95dc977a1bb5ff6dbc.php 第 291 行.
NOTIC: [8] Undefined index: duty_level C:\empolder\WWW\yitong\Application\Runtime\Cache\Admin\cbac30b13a417c95dc977a1bb5ff6dbc.php 第 291 行.
NOTIC: [8] Undefined index: duty_level C:\empolder\WWW\yitong\Application\Runtime\Cache\Admin\cbac30b13a417c95dc977a1bb5ff6dbc.php 第 291 行.
NOTIC: [8] Undefined index: duty_level C:\empolder\WWW\yitong\Application\Runtime\Cache\Admin\cbac30b13a417c95dc977a1bb5ff6dbc.php 第 291 行.
INFO: Run Behavior\ParseTemplateBehavior [ RunTime:0.095148s ]
INFO: [ view_parse ] --END-- [ RunTime:0.095175s ]
INFO: [ view_filter ] --START--
INFO: Run Behavior\WriteHtmlCacheBehavior [ RunTime:0.000397s ]
INFO: [ view_filter ] --END-- [ RunTime:0.000418s ]
INFO: [ app_end ] --START--
INFO: Run Behavior\ShowPageTraceBehavior [ RunTime:0.000965s ]
INFO: [ app_end ] --END-- [ RunTime:0.001032s ]

