[ 2018-03-11T10:10:56+08:00 ] ::1 /yitong/admin.php
INFO: [ app_init ] --START--
INFO: Run Behavior\BuildLiteBehavior [ RunTime:0.000025s ]
INFO: [ app_init ] --END-- [ RunTime:0.002939s ]
INFO: [ app_begin ] --START--
INFO: Run Behavior\ReadHtmlCacheBehavior [ RunTime:0.003341s ]
INFO: [ app_begin ] --END-- [ RunTime:0.003452s ]

[ 2018-03-11T10:10:57+08:00 ] ::1 /yitong/admin.php?m=Admin&c=auth&a=login
INFO: [ app_init ] --START--
INFO: Run Behavior\BuildLiteBehavior [ RunTime:0.000021s ]
INFO: [ app_init ] --END-- [ RunTime:0.000601s ]
INFO: [ app_begin ] --START--
INFO: Run Behavior\ReadHtmlCacheBehavior [ RunTime:0.000941s ]
INFO: [ app_begin ] --END-- [ RunTime:0.001026s ]
INFO: [ view_parse ] --START--
INFO: [ template_filter ] --START--
INFO: Run Behavior\ContentReplaceBehavior [ RunTime:0.000136s ]
INFO: [ template_filter ] --END-- [ RunTime:0.000219s ]
NOTIC: [8] Undefined variable: title C:\empolder\WWW\yitong\Application\Runtime\Cache\Admin\dcfb7ddaab59bfbce2ddc9c860debad0.php 第 5 行.
NOTIC: [8] Undefined variable: meta_title C:\empolder\WWW\yitong\Application\Runtime\Cache\Admin\dcfb7ddaab59bfbce2ddc9c860debad0.php 第 101 行.
NOTIC: [8] Undefined variable: error C:\empolder\WWW\yitong\Application\Runtime\Cache\Admin\dcfb7ddaab59bfbce2ddc9c860debad0.php 第 121 行.
NOTIC: [8] Undefined variable: ref C:\empolder\WWW\yitong\Application\Runtime\Cache\Admin\dcfb7ddaab59bfbce2ddc9c860debad0.php 第 150 行.
INFO: Run Behavior\ParseTemplateBehavior [ RunTime:0.164492s ]
INFO: [ view_parse ] --END-- [ RunTime:0.164561s ]
INFO: [ view_filter ] --START--
INFO: Run Behavior\WriteHtmlCacheBehavior [ RunTime:0.020907s ]
INFO: [ view_filter ] --END-- [ RunTime:0.020989s ]
INFO: [ app_end ] --START--
INFO: Run Behavior\ShowPageTraceBehavior [ RunTime:0.014911s ]
INFO: [ app_end ] --END-- [ RunTime:0.014994s ]

[ 2018-03-11T10:10:57+08:00 ] ::1 /yitong/admin.php?m=Admin&c=auth&a=verify
INFO: [ app_init ] --START--
INFO: Run Behavior\BuildLiteBehavior [ RunTime:0.000023s ]
INFO: [ app_init ] --END-- [ RunTime:0.000718s ]
INFO: [ app_begin ] --START--
INFO: Run Behavior\ReadHtmlCacheBehavior [ RunTime:0.001521s ]
INFO: [ app_begin ] --END-- [ RunTime:0.001621s ]
INFO: [ app_end ] --START--
INFO: Run Behavior\ShowPageTraceBehavior [ RunTime:0.001740s ]
INFO: [ app_end ] --END-- [ RunTime:0.001839s ]

[ 2018-03-11T10:11:18+08:00 ] ::1 /yitong/admin.php?m=Admin&c=auth&a=login
INFO: [ app_init ] --START--
INFO: Run Behavior\BuildLiteBehavior [ RunTime:0.000016s ]
INFO: [ app_init ] --END-- [ RunTime:0.000451s ]
INFO: [ app_begin ] --START--
INFO: Run Behavior\ReadHtmlCacheBehavior [ RunTime:0.000750s ]
INFO: [ app_begin ] --END-- [ RunTime:0.000806s ]
INFO: [ view_parse ] --START--
INFO: [ template_filter ] --START--
INFO: Run Behavior\ContentReplaceBehavior [ RunTime:0.000051s ]
INFO: [ template_filter ] --END-- [ RunTime:0.000104s ]
NOTIC: [8] Undefined variable: title C:\empolder\WWW\yitong\Application\Runtime\Cache\Admin\dcfb7ddaab59bfbce2ddc9c860debad0.php 第 5 行.
NOTIC: [8] Undefined variable: meta_title C:\empolder\WWW\yitong\Application\Runtime\Cache\Admin\dcfb7ddaab59bfbce2ddc9c860debad0.php 第 101 行.
NOTIC: [8] Undefined variable: error C:\empolder\WWW\yitong\Application\Runtime\Cache\Admin\dcfb7ddaab59bfbce2ddc9c860debad0.php 第 121 行.
NOTIC: [8] Undefined variable: ref C:\empolder\WWW\yitong\Application\Runtime\Cache\Admin\dcfb7ddaab59bfbce2ddc9c860debad0.php 第 150 行.
INFO: Run Behavior\ParseTemplateBehavior [ RunTime:0.010810s ]
INFO: [ view_parse ] --END-- [ RunTime:0.010890s ]
INFO: [ view_filter ] --START--
INFO: Run Behavior\WriteHtmlCacheBehavior [ RunTime:0.000665s ]
INFO: [ view_filter ] --END-- [ RunTime:0.000724s ]
INFO: [ app_end ] --START--
INFO: Run Behavior\ShowPageTraceBehavior [ RunTime:0.001107s ]
INFO: [ app_end ] --END-- [ RunTime:0.001173s ]

[ 2018-03-11T10:11:18+08:00 ] ::1 /yitong/admin.php?m=Admin&c=auth&a=verify
INFO: [ app_init ] --START--
INFO: Run Behavior\BuildLiteBehavior [ RunTime:0.000024s ]
INFO: [ app_init ] --END-- [ RunTime:0.000600s ]
INFO: [ app_begin ] --START--
INFO: Run Behavior\ReadHtmlCacheBehavior [ RunTime:0.001097s ]
INFO: [ app_begin ] --END-- [ RunTime:0.001207s ]
INFO: [ app_end ] --START--
INFO: Run Behavior\ShowPageTraceBehavior [ RunTime:0.001209s ]
INFO: [ app_end ] --END-- [ RunTime:0.001321s ]

[ 2018-03-11T10:11:20+08:00 ] ::1 /yitong/admin.php?m=Admin&c=auth&a=login
INFO: [ app_init ] --START--
INFO: Run Behavior\BuildLiteBehavior [ RunTime:0.000016s ]
INFO: [ app_init ] --END-- [ RunTime:0.000403s ]
INFO: [ app_begin ] --START--
INFO: Run Behavior\ReadHtmlCacheBehavior [ RunTime:0.000672s ]
INFO: [ app_begin ] --END-- [ RunTime:0.000742s ]
INFO: [ view_parse ] --START--
INFO: [ template_filter ] --START--
INFO: Run Behavior\ContentReplaceBehavior [ RunTime:0.000082s ]
INFO: [ template_filter ] --END-- [ RunTime:0.000160s ]
NOTIC: [8] Undefined variable: title C:\empolder\WWW\yitong\Application\Runtime\Cache\Admin\dcfb7ddaab59bfbce2ddc9c860debad0.php 第 5 行.
NOTIC: [8] Undefined variable: meta_title C:\empolder\WWW\yitong\Application\Runtime\Cache\Admin\dcfb7ddaab59bfbce2ddc9c860debad0.php 第 101 行.
NOTIC: [8] Undefined variable: error C:\empolder\WWW\yitong\Application\Runtime\Cache\Admin\dcfb7ddaab59bfbce2ddc9c860debad0.php 第 121 行.
NOTIC: [8] Undefined variable: ref C:\empolder\WWW\yitong\Application\Runtime\Cache\Admin\dcfb7ddaab59bfbce2ddc9c860debad0.php 第 150 行.
INFO: Run Behavior\ParseTemplateBehavior [ RunTime:0.012731s ]
INFO: [ view_parse ] --END-- [ RunTime:0.012781s ]
INFO: [ view_filter ] --START--
INFO: Run Behavior\WriteHtmlCacheBehavior [ RunTime:0.000374s ]
INFO: [ view_filter ] --END-- [ RunTime:0.000427s ]
INFO: [ app_end ] --START--
INFO: Run Behavior\ShowPageTraceBehavior [ RunTime:0.000932s ]
INFO: [ app_end ] --END-- [ RunTime:0.000995s ]

[ 2018-03-11T10:11:20+08:00 ] ::1 /yitong/admin.php?m=Admin&c=auth&a=verify
INFO: [ app_init ] --START--
INFO: Run Behavior\BuildLiteBehavior [ RunTime:0.000056s ]
INFO: [ app_init ] --END-- [ RunTime:0.001486s ]
INFO: [ app_begin ] --START--
INFO: Run Behavior\ReadHtmlCacheBehavior [ RunTime:0.000888s ]
INFO: [ app_begin ] --END-- [ RunTime:0.000975s ]
INFO: [ app_end ] --START--
INFO: Run Behavior\ShowPageTraceBehavior [ RunTime:0.000991s ]
INFO: [ app_end ] --END-- [ RunTime:0.001075s ]

[ 2018-03-11T10:11:24+08:00 ] ::1 /yitong/index.php
INFO: [ app_init ] --START--
INFO: Run Behavior\BuildLiteBehavior [ RunTime:0.000016s ]
INFO: [ app_init ] --END-- [ RunTime:0.000410s ]
INFO: [ app_begin ] --START--
INFO: Run Behavior\ReadHtmlCacheBehavior [ RunTime:0.000974s ]
INFO: [ app_begin ] --END-- [ RunTime:0.001071s ]

[ 2018-03-11T10:11:24+08:00 ] ::1 /yitong/index.php?m=Admin&c=auth&a=login
INFO: [ app_init ] --START--
INFO: Run Behavior\BuildLiteBehavior [ RunTime:0.000023s ]
INFO: [ app_init ] --END-- [ RunTime:0.000620s ]
INFO: [ app_begin ] --START--
INFO: Run Behavior\ReadHtmlCacheBehavior [ RunTime:0.001004s ]
INFO: [ app_begin ] --END-- [ RunTime:0.001099s ]
INFO: [ view_parse ] --START--
INFO: [ template_filter ] --START--
INFO: Run Behavior\ContentReplaceBehavior [ RunTime:0.000079s ]
INFO: [ template_filter ] --END-- [ RunTime:0.000159s ]
NOTIC: [8] Undefined variable: title C:\empolder\WWW\yitong\Application\Runtime\Cache\Admin\dcfb7ddaab59bfbce2ddc9c860debad0.php 第 5 行.
NOTIC: [8] Undefined variable: meta_title C:\empolder\WWW\yitong\Application\Runtime\Cache\Admin\dcfb7ddaab59bfbce2ddc9c860debad0.php 第 101 行.
NOTIC: [8] Undefined variable: error C:\empolder\WWW\yitong\Application\Runtime\Cache\Admin\dcfb7ddaab59bfbce2ddc9c860debad0.php 第 121 行.
NOTIC: [8] Undefined variable: ref C:\empolder\WWW\yitong\Application\Runtime\Cache\Admin\dcfb7ddaab59bfbce2ddc9c860debad0.php 第 150 行.
INFO: Run Behavior\ParseTemplateBehavior [ RunTime:0.018584s ]
INFO: [ view_parse ] --END-- [ RunTime:0.018676s ]
INFO: [ view_filter ] --START--
INFO: Run Behavior\WriteHtmlCacheBehavior [ RunTime:0.000595s ]
INFO: [ view_filter ] --END-- [ RunTime:0.000657s ]
INFO: [ app_end ] --START--
INFO: Run Behavior\ShowPageTraceBehavior [ RunTime:0.000959s ]
INFO: [ app_end ] --END-- [ RunTime:0.001024s ]

[ 2018-03-11T10:11:24+08:00 ] ::1 /yitong/index.php?m=Admin&c=auth&a=verify
INFO: [ app_init ] --START--
INFO: Run Behavior\BuildLiteBehavior [ RunTime:0.000023s ]
INFO: [ app_init ] --END-- [ RunTime:0.000614s ]
INFO: [ app_begin ] --START--
INFO: Run Behavior\ReadHtmlCacheBehavior [ RunTime:0.001004s ]
INFO: [ app_begin ] --END-- [ RunTime:0.001125s ]
INFO: [ app_end ] --START--
INFO: Run Behavior\ShowPageTraceBehavior [ RunTime:0.001120s ]
INFO: [ app_end ] --END-- [ RunTime:0.001213s ]

[ 2018-03-11T10:11:36+08:00 ] ::1 /yitong/index.php?m=Admin&c=auth&a=login
INFO: [ app_init ] --START--
INFO: Run Behavior\BuildLiteBehavior [ RunTime:0.000015s ]
INFO: [ app_init ] --END-- [ RunTime:0.000392s ]
INFO: [ app_begin ] --START--
INFO: Run Behavior\ReadHtmlCacheBehavior [ RunTime:0.000599s ]
INFO: [ app_begin ] --END-- [ RunTime:0.000655s ]
INFO: [ view_parse ] --START--
INFO: [ template_filter ] --START--
INFO: Run Behavior\ContentReplaceBehavior [ RunTime:0.000082s ]
INFO: [ template_filter ] --END-- [ RunTime:0.000160s ]
NOTIC: [8] Undefined variable: title C:\empolder\WWW\yitong\Application\Runtime\Cache\Admin\dcfb7ddaab59bfbce2ddc9c860debad0.php 第 5 行.
NOTIC: [8] Undefined variable: meta_title C:\empolder\WWW\yitong\Application\Runtime\Cache\Admin\dcfb7ddaab59bfbce2ddc9c860debad0.php 第 101 行.
NOTIC: [8] Undefined variable: ref C:\empolder\WWW\yitong\Application\Runtime\Cache\Admin\dcfb7ddaab59bfbce2ddc9c860debad0.php 第 150 行.
INFO: Run Behavior\ParseTemplateBehavior [ RunTime:0.017682s ]
INFO: [ view_parse ] --END-- [ RunTime:0.017762s ]
INFO: [ view_filter ] --START--
INFO: Run Behavior\WriteHtmlCacheBehavior [ RunTime:0.000491s ]
INFO: [ view_filter ] --END-- [ RunTime:0.000549s ]

[ 2018-03-11T10:11:36+08:00 ] ::1 /yitong/index.php?m=Admin&c=auth&a=verify
INFO: [ app_init ] --START--
INFO: Run Behavior\BuildLiteBehavior [ RunTime:0.000069s ]
INFO: [ app_init ] --END-- [ RunTime:0.001774s ]
INFO: [ app_begin ] --START--
INFO: Run Behavior\ReadHtmlCacheBehavior [ RunTime:0.001452s ]
INFO: [ app_begin ] --END-- [ RunTime:0.001585s ]
INFO: [ app_end ] --START--
INFO: Run Behavior\ShowPageTraceBehavior [ RunTime:0.001401s ]
INFO: [ app_end ] --END-- [ RunTime:0.001538s ]

[ 2018-03-11T10:11:42+08:00 ] ::1 /yitong/index.php?m=Admin&c=auth&a=verify&t=1520734302328
INFO: [ app_init ] --START--
INFO: Run Behavior\BuildLiteBehavior [ RunTime:0.000023s ]
INFO: [ app_init ] --END-- [ RunTime:0.000428s ]
INFO: [ app_begin ] --START--
INFO: Run Behavior\ReadHtmlCacheBehavior [ RunTime:0.000754s ]
INFO: [ app_begin ] --END-- [ RunTime:0.000826s ]
INFO: [ app_end ] --START--
INFO: Run Behavior\ShowPageTraceBehavior [ RunTime:0.000717s ]
INFO: [ app_end ] --END-- [ RunTime:0.000778s ]

[ 2018-03-11T10:11:47+08:00 ] ::1 /yitong/index.php?m=Admin&c=auth&a=login
INFO: [ app_init ] --START--
INFO: Run Behavior\BuildLiteBehavior [ RunTime:0.000015s ]
INFO: [ app_init ] --END-- [ RunTime:0.000394s ]
INFO: [ app_begin ] --START--
INFO: Run Behavior\ReadHtmlCacheBehavior [ RunTime:0.003989s ]
INFO: [ app_begin ] --END-- [ RunTime:0.004152s ]
INFO: [ view_parse ] --START--
INFO: [ template_filter ] --START--
INFO: Run Behavior\ContentReplaceBehavior [ RunTime:0.000122s ]
INFO: [ template_filter ] --END-- [ RunTime:0.000370s ]
NOTIC: [8] Undefined variable: title C:\empolder\WWW\yitong\Application\Runtime\Cache\Admin\dcfb7ddaab59bfbce2ddc9c860debad0.php 第 5 行.
NOTIC: [8] Undefined variable: meta_title C:\empolder\WWW\yitong\Application\Runtime\Cache\Admin\dcfb7ddaab59bfbce2ddc9c860debad0.php 第 101 行.
NOTIC: [8] Undefined variable: ref C:\empolder\WWW\yitong\Application\Runtime\Cache\Admin\dcfb7ddaab59bfbce2ddc9c860debad0.php 第 150 行.
INFO: Run Behavior\ParseTemplateBehavior [ RunTime:0.017119s ]
INFO: [ view_parse ] --END-- [ RunTime:0.017217s ]
INFO: [ view_filter ] --START--
INFO: Run Behavior\WriteHtmlCacheBehavior [ RunTime:0.000938s ]
INFO: [ view_filter ] --END-- [ RunTime:0.001043s ]

[ 2018-03-11T10:11:47+08:00 ] ::1 /yitong/index.php?m=Admin&c=auth&a=verify
INFO: [ app_init ] --START--
INFO: Run Behavior\BuildLiteBehavior [ RunTime:0.000022s ]
INFO: [ app_init ] --END-- [ RunTime:0.000634s ]
INFO: [ app_begin ] --START--
INFO: Run Behavior\ReadHtmlCacheBehavior [ RunTime:0.000976s ]
INFO: [ app_begin ] --END-- [ RunTime:0.001069s ]
INFO: [ app_end ] --START--
INFO: Run Behavior\ShowPageTraceBehavior [ RunTime:0.001600s ]
INFO: [ app_end ] --END-- [ RunTime:0.001737s ]

[ 2018-03-11T10:12:02+08:00 ] ::1 /yitong/index.php?m=Admin&c=auth&a=login
INFO: [ app_init ] --START--
INFO: Run Behavior\BuildLiteBehavior [ RunTime:0.000014s ]
INFO: [ app_init ] --END-- [ RunTime:0.000401s ]
INFO: [ app_begin ] --START--
INFO: Run Behavior\ReadHtmlCacheBehavior [ RunTime:0.004148s ]
INFO: [ app_begin ] --END-- [ RunTime:0.004426s ]
SQL: SHOW COLUMNS FROM `tbl_admin` [ RunTime:0.0727s ]
SQL: SELECT * FROM `tbl_admin` WHERE `username` = 'admin' LIMIT 1   [ RunTime:0.0044s ]
INFO: [ view_parse ] --START--
INFO: [ template_filter ] --START--
INFO: Run Behavior\ContentReplaceBehavior [ RunTime:0.000151s ]
INFO: [ template_filter ] --END-- [ RunTime:0.000296s ]
NOTIC: [8] Undefined variable: title C:\empolder\WWW\yitong\Application\Runtime\Cache\Admin\dcfb7ddaab59bfbce2ddc9c860debad0.php 第 5 行.
NOTIC: [8] Undefined variable: meta_title C:\empolder\WWW\yitong\Application\Runtime\Cache\Admin\dcfb7ddaab59bfbce2ddc9c860debad0.php 第 101 行.
NOTIC: [8] Undefined variable: ref C:\empolder\WWW\yitong\Application\Runtime\Cache\Admin\dcfb7ddaab59bfbce2ddc9c860debad0.php 第 150 行.
INFO: Run Behavior\ParseTemplateBehavior [ RunTime:0.025220s ]
INFO: [ view_parse ] --END-- [ RunTime:0.025363s ]
INFO: [ view_filter ] --START--
INFO: Run Behavior\WriteHtmlCacheBehavior [ RunTime:0.000892s ]
INFO: [ view_filter ] --END-- [ RunTime:0.000996s ]

[ 2018-03-11T10:12:03+08:00 ] ::1 /yitong/index.php?m=Admin&c=auth&a=verify
INFO: [ app_init ] --START--
INFO: Run Behavior\BuildLiteBehavior [ RunTime:0.000065s ]
INFO: [ app_init ] --END-- [ RunTime:0.001776s ]
INFO: [ app_begin ] --START--
INFO: Run Behavior\ReadHtmlCacheBehavior [ RunTime:0.001811s ]
INFO: [ app_begin ] --END-- [ RunTime:0.001975s ]
INFO: [ app_end ] --START--
INFO: Run Behavior\ShowPageTraceBehavior [ RunTime:0.002017s ]
INFO: [ app_end ] --END-- [ RunTime:0.002183s ]

[ 2018-03-11T10:12:13+08:00 ] ::1 /yitong/index.php?m=Admin&c=auth&a=login
INFO: [ app_init ] --START--
INFO: Run Behavior\BuildLiteBehavior [ RunTime:0.000019s ]
INFO: [ app_init ] --END-- [ RunTime:0.000501s ]
INFO: [ app_begin ] --START--
INFO: Run Behavior\ReadHtmlCacheBehavior [ RunTime:0.000778s ]
INFO: [ app_begin ] --END-- [ RunTime:0.000850s ]
SQL: SHOW COLUMNS FROM `tbl_admin` [ RunTime:0.0397s ]
SQL: SELECT * FROM `tbl_admin` WHERE `username` = 'admin' LIMIT 1   [ RunTime:0.0009s ]
SQL: SHOW COLUMNS FROM `tbl_admin_role` [ RunTime:0.0397s ]
SQL: SELECT `disabled` FROM `tbl_admin_role` WHERE ( id = 2 ) LIMIT 1   [ RunTime:0.0008s ]
SQL: UPDATE `tbl_admin` SET `lasttime`='2018-03-11 10:12:13',`lastip`='' WHERE `id` = 1 [ RunTime:0.0137s ]
NOTIC: [8] Undefined index: is_super_admin C:\empolder\WWW\yitong\Application\Admin\Controller\AuthController.class.php 第 97 行.

[ 2018-03-11T10:12:15+08:00 ] ::1 /yitong/index.php?m=Admin&c=index&a=index
INFO: [ app_init ] --START--
INFO: Run Behavior\BuildLiteBehavior [ RunTime:0.000064s ]
INFO: [ app_init ] --END-- [ RunTime:0.001659s ]
INFO: [ app_begin ] --START--
INFO: Run Behavior\ReadHtmlCacheBehavior [ RunTime:0.001892s ]
INFO: [ app_begin ] --END-- [ RunTime:0.002063s ]
SQL: SHOW COLUMNS FROM `tbl_admin` [ RunTime:0.0472s ]
SQL: SELECT `headimg` FROM `tbl_admin` WHERE ( id=1 ) LIMIT 1   [ RunTime:0.0008s ]
SQL: SHOW COLUMNS FROM `tbl_adinm_role_priv` [ RunTime:0.0551s ]
SQL: SELECT * FROM `tbl_adinm_role_priv` WHERE ( roleid = 2 )  [ RunTime:0.0008s ]
SQL: SELECT * FROM `tbl_adinm_role_priv` WHERE ( roleid = 2 )  [ RunTime:0.0007s ]
SQL: SELECT * FROM `tbl_adinm_role_priv` WHERE ( roleid = 2 )  [ RunTime:0.0006s ]
NOTIC: [8] Undefined index: children C:\empolder\WWW\yitong\Application\Admin\Controller\BaseController.class.php 第 272 行.
SQL: SELECT * FROM `tbl_adinm_role_priv` WHERE ( roleid = 2 )  [ RunTime:0.0006s ]
NOTIC: [8] Undefined index: children C:\empolder\WWW\yitong\Application\Admin\Controller\BaseController.class.php 第 250 行.
NOTIC: [8] Undefined index: children C:\empolder\WWW\yitong\Application\Admin\Controller\BaseController.class.php 第 272 行.
SQL: SELECT * FROM `tbl_adinm_role_priv` WHERE ( roleid = 2 )  [ RunTime:0.0006s ]
NOTIC: [8] Undefined index: children C:\empolder\WWW\yitong\Application\Admin\Controller\BaseController.class.php 第 250 行.
NOTIC: [8] Undefined index: children C:\empolder\WWW\yitong\Application\Admin\Controller\BaseController.class.php 第 272 行.
SQL: SELECT * FROM `tbl_adinm_role_priv` WHERE ( roleid = 2 )  [ RunTime:0.0005s ]
NOTIC: [8] Undefined index: children C:\empolder\WWW\yitong\Application\Admin\Controller\BaseController.class.php 第 250 行.
NOTIC: [8] Undefined index: children C:\empolder\WWW\yitong\Application\Admin\Controller\BaseController.class.php 第 272 行.
SQL: SELECT * FROM `tbl_adinm_role_priv` WHERE ( roleid = 2 )  [ RunTime:0.0007s ]
NOTIC: [8] Undefined index: children C:\empolder\WWW\yitong\Application\Admin\Controller\BaseController.class.php 第 250 行.
SQL: SELECT * FROM `tbl_adinm_role_priv` WHERE ( roleid = 2 )  [ RunTime:0.0008s ]
SQL: SELECT * FROM `tbl_adinm_role_priv` WHERE ( roleid = 2 )  [ RunTime:0.0008s ]
SQL: SELECT * FROM `tbl_adinm_role_priv` WHERE ( roleid = 2 )  [ RunTime:0.0006s ]
SQL: SHOW COLUMNS FROM `tbl_member` [ RunTime:0.0463s ]
SQL: SELECT COUNT(*) AS tp_count FROM `tbl_member` LIMIT 1   [ RunTime:0.0007s ]
SQL: SELECT * FROM `tbl_member` ORDER BY add_time DESC LIMIT 0,8   [ RunTime:0.0014s ]
SQL: SHOW COLUMNS FROM `tbl_specialty` [ RunTime:0.0498s ]
SQL: SHOW COLUMNS FROM `tbl_course` [ RunTime:0.0266s ]
SQL: SHOW COLUMNS FROM `tbl_notice` [ RunTime:0.0325s ]
SQL: SELECT COUNT(*) AS tp_count FROM `tbl_specialty` LIMIT 1   [ RunTime:0.0002s ]
SQL: SELECT COUNT(*) AS tp_count FROM `tbl_course` LIMIT 1   [ RunTime:0.0003s ]
SQL: SELECT COUNT(*) AS tp_count FROM `tbl_notice` LIMIT 1   [ RunTime:0.0003s ]
INFO: [ view_parse ] --START--
INFO: [ template_filter ] --START--
INFO: Run Behavior\ContentReplaceBehavior [ RunTime:0.000116s ]
INFO: [ template_filter ] --END-- [ RunTime:0.000197s ]
NOTIC: [8] Use of undefined constant male - assumed 'male' C:\empolder\WWW\yitong\Application\Runtime\Cache\Admin\b595b808c2ebeeeb0478ffc30bb4e87a.php 第 244 行.
NOTIC: [8] Use of undefined constant female - assumed 'female' C:\empolder\WWW\yitong\Application\Runtime\Cache\Admin\b595b808c2ebeeeb0478ffc30bb4e87a.php 第 245 行.
NOTIC: [8] Use of undefined constant male - assumed 'male' C:\empolder\WWW\yitong\Application\Runtime\Cache\Admin\b595b808c2ebeeeb0478ffc30bb4e87a.php 第 244 行.
NOTIC: [8] Use of undefined constant male - assumed 'male' C:\empolder\WWW\yitong\Application\Runtime\Cache\Admin\b595b808c2ebeeeb0478ffc30bb4e87a.php 第 244 行.
NOTIC: [8] Use of undefined constant male - assumed 'male' C:\empolder\WWW\yitong\Application\Runtime\Cache\Admin\b595b808c2ebeeeb0478ffc30bb4e87a.php 第 244 行.
NOTIC: [8] Use of undefined constant male - assumed 'male' C:\empolder\WWW\yitong\Application\Runtime\Cache\Admin\b595b808c2ebeeeb0478ffc30bb4e87a.php 第 244 行.
NOTIC: [8] Use of undefined constant male - assumed 'male' C:\empolder\WWW\yitong\Application\Runtime\Cache\Admin\b595b808c2ebeeeb0478ffc30bb4e87a.php 第 244 行.
NOTIC: [8] Use of undefined constant male - assumed 'male' C:\empolder\WWW\yitong\Application\Runtime\Cache\Admin\b595b808c2ebeeeb0478ffc30bb4e87a.php 第 244 行.
NOTIC: [8] Use of undefined constant male - assumed 'male' C:\empolder\WWW\yitong\Application\Runtime\Cache\Admin\b595b808c2ebeeeb0478ffc30bb4e87a.php 第 244 行.
INFO: Run Behavior\ParseTemplateBehavior [ RunTime:0.140256s ]
INFO: [ view_parse ] --END-- [ RunTime:0.140332s ]
INFO: [ view_filter ] --START--
INFO: Run Behavior\WriteHtmlCacheBehavior [ RunTime:0.000506s ]
INFO: [ view_filter ] --END-- [ RunTime:0.000563s ]
INFO: [ app_end ] --START--
INFO: Run Behavior\ShowPageTraceBehavior [ RunTime:0.001026s ]
INFO: [ app_end ] --END-- [ RunTime:0.001096s ]

[ 2018-03-11T10:12:15+08:00 ] ::1 /yitong/index.php?m=Admin&c=auth&a=login
INFO: [ app_init ] --START--
INFO: Run Behavior\BuildLiteBehavior [ RunTime:0.000016s ]
INFO: [ app_init ] --END-- [ RunTime:0.000459s ]
INFO: [ app_begin ] --START--
INFO: Run Behavior\ReadHtmlCacheBehavior [ RunTime:0.000800s ]
INFO: [ app_begin ] --END-- [ RunTime:0.000868s ]
INFO: [ view_parse ] --START--
INFO: [ template_filter ] --START--
INFO: Run Behavior\ContentReplaceBehavior [ RunTime:0.000105s ]
INFO: [ template_filter ] --END-- [ RunTime:0.000208s ]
NOTIC: [8] Undefined variable: title C:\empolder\WWW\yitong\Application\Runtime\Cache\Admin\dcfb7ddaab59bfbce2ddc9c860debad0.php 第 5 行.
NOTIC: [8] Undefined variable: meta_title C:\empolder\WWW\yitong\Application\Runtime\Cache\Admin\dcfb7ddaab59bfbce2ddc9c860debad0.php 第 101 行.
NOTIC: [8] Undefined variable: ref C:\empolder\WWW\yitong\Application\Runtime\Cache\Admin\dcfb7ddaab59bfbce2ddc9c860debad0.php 第 150 行.
INFO: Run Behavior\ParseTemplateBehavior [ RunTime:0.015064s ]
INFO: [ view_parse ] --END-- [ RunTime:0.015142s ]
INFO: [ view_filter ] --START--
INFO: Run Behavior\WriteHtmlCacheBehavior [ RunTime:0.000749s ]
INFO: [ view_filter ] --END-- [ RunTime:0.000825s ]

[ 2018-03-11T10:12:15+08:00 ] ::1 /yitong/index.php?m=Admin&c=auth&a=login
INFO: [ app_init ] --START--
INFO: Run Behavior\BuildLiteBehavior [ RunTime:0.000016s ]
INFO: [ app_init ] --END-- [ RunTime:0.000607s ]
INFO: [ app_begin ] --START--
INFO: Run Behavior\ReadHtmlCacheBehavior [ RunTime:0.001631s ]
INFO: [ app_begin ] --END-- [ RunTime:0.001767s ]
INFO: [ view_parse ] --START--
INFO: [ template_filter ] --START--
INFO: Run Behavior\ContentReplaceBehavior [ RunTime:0.000079s ]
INFO: [ template_filter ] --END-- [ RunTime:0.000159s ]
NOTIC: [8] Undefined variable: title C:\empolder\WWW\yitong\Application\Runtime\Cache\Admin\dcfb7ddaab59bfbce2ddc9c860debad0.php 第 5 行.
NOTIC: [8] Undefined variable: meta_title C:\empolder\WWW\yitong\Application\Runtime\Cache\Admin\dcfb7ddaab59bfbce2ddc9c860debad0.php 第 101 行.
NOTIC: [8] Undefined variable: ref C:\empolder\WWW\yitong\Application\Runtime\Cache\Admin\dcfb7ddaab59bfbce2ddc9c860debad0.php 第 150 行.
INFO: Run Behavior\ParseTemplateBehavior [ RunTime:0.014091s ]
INFO: [ view_parse ] --END-- [ RunTime:0.014200s ]
INFO: [ view_filter ] --START--
INFO: Run Behavior\WriteHtmlCacheBehavior [ RunTime:0.000835s ]
INFO: [ view_filter ] --END-- [ RunTime:0.000951s ]

[ 2018-03-11T10:12:15+08:00 ] ::1 /yitong/index.php?m=Admin&c=auth&a=verify
INFO: [ app_init ] --START--
INFO: Run Behavior\BuildLiteBehavior [ RunTime:0.000015s ]
INFO: [ app_init ] --END-- [ RunTime:0.000404s ]
INFO: [ app_begin ] --START--
INFO: Run Behavior\ReadHtmlCacheBehavior [ RunTime:0.000975s ]
INFO: [ app_begin ] --END-- [ RunTime:0.001066s ]
INFO: [ app_end ] --START--
INFO: Run Behavior\ShowPageTraceBehavior [ RunTime:0.001249s ]
INFO: [ app_end ] --END-- [ RunTime:0.001350s ]

[ 2018-03-11T10:12:28+08:00 ] ::1 /yitong/index.php?m=Admin&c=auth&a=login
INFO: [ app_init ] --START--
INFO: Run Behavior\BuildLiteBehavior [ RunTime:0.000022s ]
INFO: [ app_init ] --END-- [ RunTime:0.000626s ]
INFO: [ app_begin ] --START--
INFO: Run Behavior\ReadHtmlCacheBehavior [ RunTime:0.005199s ]
INFO: [ app_begin ] --END-- [ RunTime:0.005621s ]
INFO: [ view_parse ] --START--
INFO: [ template_filter ] --START--
INFO: Run Behavior\ContentReplaceBehavior [ RunTime:0.000071s ]
INFO: [ template_filter ] --END-- [ RunTime:0.000147s ]
NOTIC: [8] Undefined variable: title C:\empolder\WWW\yitong\Application\Runtime\Cache\Admin\dcfb7ddaab59bfbce2ddc9c860debad0.php 第 5 行.
NOTIC: [8] Undefined variable: meta_title C:\empolder\WWW\yitong\Application\Runtime\Cache\Admin\dcfb7ddaab59bfbce2ddc9c860debad0.php 第 101 行.
NOTIC: [8] Undefined variable: ref C:\empolder\WWW\yitong\Application\Runtime\Cache\Admin\dcfb7ddaab59bfbce2ddc9c860debad0.php 第 150 行.
INFO: Run Behavior\ParseTemplateBehavior [ RunTime:0.015143s ]
INFO: [ view_parse ] --END-- [ RunTime:0.015215s ]
INFO: [ view_filter ] --START--
INFO: Run Behavior\WriteHtmlCacheBehavior [ RunTime:0.000480s ]
INFO: [ view_filter ] --END-- [ RunTime:0.000538s ]

[ 2018-03-11T10:12:28+08:00 ] ::1 /yitong/index.php?m=Admin&c=auth&a=verify
INFO: [ app_init ] --START--
INFO: Run Behavior\BuildLiteBehavior [ RunTime:0.000020s ]
INFO: [ app_init ] --END-- [ RunTime:0.000529s ]
INFO: [ app_begin ] --START--
INFO: Run Behavior\ReadHtmlCacheBehavior [ RunTime:0.000901s ]
INFO: [ app_begin ] --END-- [ RunTime:0.000987s ]
INFO: [ app_end ] --START--
INFO: Run Behavior\ShowPageTraceBehavior [ RunTime:0.001414s ]
INFO: [ app_end ] --END-- [ RunTime:0.001533s ]

[ 2018-03-11T10:12:39+08:00 ] ::1 /yitong/index.php?m=Admin&c=auth&a=login
INFO: [ app_init ] --START--
INFO: Run Behavior\BuildLiteBehavior [ RunTime:0.000020s ]
INFO: [ app_init ] --END-- [ RunTime:0.000496s ]
INFO: [ app_begin ] --START--
INFO: Run Behavior\ReadHtmlCacheBehavior [ RunTime:0.000782s ]
INFO: [ app_begin ] --END-- [ RunTime:0.000853s ]
SQL: SHOW COLUMNS FROM `tbl_admin` [ RunTime:0.0394s ]
SQL: SELECT * FROM `tbl_admin` WHERE `username` = 'admin' LIMIT 1   [ RunTime:0.0009s ]
SQL: SHOW COLUMNS FROM `tbl_admin_role` [ RunTime:0.0249s ]
SQL: SELECT `disabled` FROM `tbl_admin_role` WHERE ( id = 2 ) LIMIT 1   [ RunTime:0.0008s ]
SQL: UPDATE `tbl_admin` SET `lasttime`='2018-03-11 10:12:39',`lastip`='' WHERE `id` = 1 [ RunTime:0.0032s ]
NOTIC: [8] Undefined index: is_super_admin C:\empolder\WWW\yitong\Application\Admin\Controller\AuthController.class.php 第 97 行.

[ 2018-03-11T10:12:40+08:00 ] ::1 /yitong/index.php?m=Admin&c=index&a=index
INFO: [ app_init ] --START--
INFO: Run Behavior\BuildLiteBehavior [ RunTime:0.000040s ]
INFO: [ app_init ] --END-- [ RunTime:0.001115s ]
INFO: [ app_begin ] --START--
INFO: Run Behavior\ReadHtmlCacheBehavior [ RunTime:0.002486s ]
INFO: [ app_begin ] --END-- [ RunTime:0.002740s ]
SQL: SHOW COLUMNS FROM `tbl_admin` [ RunTime:0.0487s ]
SQL: SELECT `headimg` FROM `tbl_admin` WHERE ( id=1 ) LIMIT 1   [ RunTime:0.0008s ]
SQL: SHOW COLUMNS FROM `tbl_adinm_role_priv` [ RunTime:0.0296s ]
SQL: SELECT * FROM `tbl_adinm_role_priv` WHERE ( roleid = 2 )  [ RunTime:0.0008s ]
SQL: SELECT * FROM `tbl_adinm_role_priv` WHERE ( roleid = 2 )  [ RunTime:0.0007s ]
SQL: SELECT * FROM `tbl_adinm_role_priv` WHERE ( roleid = 2 )  [ RunTime:0.0006s ]
NOTIC: [8] Undefined index: children C:\empolder\WWW\yitong\Application\Admin\Controller\BaseController.class.php 第 272 行.
SQL: SELECT * FROM `tbl_adinm_role_priv` WHERE ( roleid = 2 )  [ RunTime:0.0006s ]
NOTIC: [8] Undefined index: children C:\empolder\WWW\yitong\Application\Admin\Controller\BaseController.class.php 第 250 行.
NOTIC: [8] Undefined index: children C:\empolder\WWW\yitong\Application\Admin\Controller\BaseController.class.php 第 272 行.
SQL: SELECT * FROM `tbl_adinm_role_priv` WHERE ( roleid = 2 )  [ RunTime:0.0007s ]
NOTIC: [8] Undefined index: children C:\empolder\WWW\yitong\Application\Admin\Controller\BaseController.class.php 第 250 行.
NOTIC: [8] Undefined index: children C:\empolder\WWW\yitong\Application\Admin\Controller\BaseController.class.php 第 272 行.
SQL: SELECT * FROM `tbl_adinm_role_priv` WHERE ( roleid = 2 )  [ RunTime:0.0007s ]
NOTIC: [8] Undefined index: children C:\empolder\WWW\yitong\Application\Admin\Controller\BaseController.class.php 第 250 行.
NOTIC: [8] Undefined index: children C:\empolder\WWW\yitong\Application\Admin\Controller\BaseController.class.php 第 272 行.
SQL: SELECT * FROM `tbl_adinm_role_priv` WHERE ( roleid = 2 )  [ RunTime:0.0007s ]
NOTIC: [8] Undefined index: children C:\empolder\WWW\yitong\Application\Admin\Controller\BaseController.class.php 第 250 行.
SQL: SELECT * FROM `tbl_adinm_role_priv` WHERE ( roleid = 2 )  [ RunTime:0.0007s ]
SQL: SELECT * FROM `tbl_adinm_role_priv` WHERE ( roleid = 2 )  [ RunTime:0.0009s ]
SQL: SELECT * FROM `tbl_adinm_role_priv` WHERE ( roleid = 2 )  [ RunTime:0.0007s ]
SQL: SHOW COLUMNS FROM `tbl_member` [ RunTime:0.0273s ]
SQL: SELECT COUNT(*) AS tp_count FROM `tbl_member` LIMIT 1   [ RunTime:0.0006s ]
SQL: SELECT * FROM `tbl_member` ORDER BY add_time DESC LIMIT 0,8   [ RunTime:0.0014s ]
SQL: SHOW COLUMNS FROM `tbl_specialty` [ RunTime:0.0329s ]
SQL: SHOW COLUMNS FROM `tbl_course` [ RunTime:0.0258s ]
SQL: SHOW COLUMNS FROM `tbl_notice` [ RunTime:0.0256s ]
SQL: SELECT COUNT(*) AS tp_count FROM `tbl_specialty` LIMIT 1   [ RunTime:0.0005s ]
SQL: SELECT COUNT(*) AS tp_count FROM `tbl_course` LIMIT 1   [ RunTime:0.0004s ]
SQL: SELECT COUNT(*) AS tp_count FROM `tbl_notice` LIMIT 1   [ RunTime:0.0005s ]
INFO: [ view_parse ] --START--
INFO: [ template_filter ] --START--
INFO: Run Behavior\ContentReplaceBehavior [ RunTime:0.000231s ]
INFO: [ template_filter ] --END-- [ RunTime:0.000390s ]
NOTIC: [8] Use of undefined constant male - assumed 'male' C:\empolder\WWW\yitong\Application\Runtime\Cache\Admin\b595b808c2ebeeeb0478ffc30bb4e87a.php 第 244 行.
NOTIC: [8] Use of undefined constant female - assumed 'female' C:\empolder\WWW\yitong\Application\Runtime\Cache\Admin\b595b808c2ebeeeb0478ffc30bb4e87a.php 第 245 行.
NOTIC: [8] Use of undefined constant male - assumed 'male' C:\empolder\WWW\yitong\Application\Runtime\Cache\Admin\b595b808c2ebeeeb0478ffc30bb4e87a.php 第 244 行.
NOTIC: [8] Use of undefined constant male - assumed 'male' C:\empolder\WWW\yitong\Application\Runtime\Cache\Admin\b595b808c2ebeeeb0478ffc30bb4e87a.php 第 244 行.
NOTIC: [8] Use of undefined constant male - assumed 'male' C:\empolder\WWW\yitong\Application\Runtime\Cache\Admin\b595b808c2ebeeeb0478ffc30bb4e87a.php 第 244 行.
NOTIC: [8] Use of undefined constant male - assumed 'male' C:\empolder\WWW\yitong\Application\Runtime\Cache\Admin\b595b808c2ebeeeb0478ffc30bb4e87a.php 第 244 行.
NOTIC: [8] Use of undefined constant male - assumed 'male' C:\empolder\WWW\yitong\Application\Runtime\Cache\Admin\b595b808c2ebeeeb0478ffc30bb4e87a.php 第 244 行.
NOTIC: [8] Use of undefined constant male - assumed 'male' C:\empolder\WWW\yitong\Application\Runtime\Cache\Admin\b595b808c2ebeeeb0478ffc30bb4e87a.php 第 244 行.
NOTIC: [8] Use of undefined constant male - assumed 'male' C:\empolder\WWW\yitong\Application\Runtime\Cache\Admin\b595b808c2ebeeeb0478ffc30bb4e87a.php 第 244 行.
INFO: Run Behavior\ParseTemplateBehavior [ RunTime:0.123554s ]
INFO: [ view_parse ] --END-- [ RunTime:0.123675s ]
INFO: [ view_filter ] --START--
INFO: Run Behavior\WriteHtmlCacheBehavior [ RunTime:0.000739s ]
INFO: [ view_filter ] --END-- [ RunTime:0.000833s ]
INFO: [ app_end ] --START--
INFO: Run Behavior\ShowPageTraceBehavior [ RunTime:0.004035s ]
INFO: [ app_end ] --END-- [ RunTime:0.004219s ]

